0# Evaluating trace simulator with parameters:
> Users: 8
> Towers: 16
> Velocity: (0.01, 0.01)

Took 0.03706026077270508 to generate all
Took 0.0006868839263916016 to create build distribution matrix
Took 0.07517790794372559 to create recover traces from aggregated data
Took 0.26102399826049805 to map traces recovered traces to real ones
Overall accuracy: 0.8145833333333332
Overall error: 1.9251325807265125
Overall accuracy std: 0.006249999999999956
Overall error std: 2.2387815362372483
Took 0.376889705657959 to complete evaluation


1# Evaluating trace simulator with parameters:
> Users: 8
> Towers: 36
> Velocity: (0.01, 0.01)

Took 0.010979652404785156 to generate all
Took 0.001184701919555664 to create build distribution matrix
Took 0.022946834564208984 to create recover traces from aggregated data
Took 0.2391490936279297 to map traces recovered traces to real ones
Overall accuracy: 0.7562499999999999
Overall error: 2.041416748659075
Overall accuracy std: 0.022916666666666655
Overall error std: 1.9492999335378767
Took 0.2780029773712158 to complete evaluation


2# Evaluating trace simulator with parameters:
> Users: 8
> Towers: 100
> Velocity: (0.01, 0.01)

Took 0.01275014877319336 to generate all
Took 0.002705097198486328 to create build distribution matrix
Took 0.029174089431762695 to create recover traces from aggregated data
Took 0.2395172119140625 to map traces recovered traces to real ones
Overall accuracy: 1.0
Overall error: 0.0
Overall accuracy std: 0.0
Overall error std: 0.0
Took 0.28970909118652344 to complete evaluation


3# Evaluating trace simulator with parameters:
> Users: 8
> Towers: 400
> Velocity: (0.01, 0.01)

Took 0.031674861907958984 to generate all
Took 0.01879096031188965 to create build distribution matrix
Took 0.03337383270263672 to create recover traces from aggregated data
Took 0.3433668613433838 to map traces recovered traces to real ones
Overall accuracy: 0.8645833333333334
Overall error: 0.3405586330619391
Overall accuracy std: 0.0
Overall error std: 0.4946434865237883
Took 0.4679679870605469 to complete evaluation


4# Evaluating trace simulator with parameters:
> Users: 8
> Towers: 900
> Velocity: (0.01, 0.01)

Took 0.10620474815368652 to generate all
Took 0.05167102813720703 to create build distribution matrix
Took 0.04373788833618164 to create recover traces from aggregated data
Took 0.5939247608184814 to map traces recovered traces to real ones
Overall accuracy: 1.0
Overall error: 0.0
Overall accuracy std: 0.0
Overall error std: 0.0
Took 0.9109809398651123 to complete evaluation


5# Evaluating trace simulator with parameters:
> Users: 8
> Towers: 1600
> Velocity: (0.01, 0.01)

Took 0.26535511016845703 to generate all
Took 0.1311490535736084 to create build distribution matrix
Took 0.11168098449707031 to create recover traces from aggregated data
Took 1.794795036315918 to map traces recovered traces to real ones
Overall accuracy: 0.9895833333333334
Overall error: 0.006410256410256415
Overall accuracy std: 0.0
Overall error std: 0.011102889792108196
Took 2.5552000999450684 to complete evaluation


6# Evaluating trace simulator with parameters:
> Users: 16
> Towers: 16
> Velocity: (0.01, 0.01)

Took 0.01691579818725586 to generate all
Took 0.0008158683776855469 to create build distribution matrix
Took 0.04555702209472656 to create recover traces from aggregated data
Took 0.18869829177856445 to map traces recovered traces to real ones
Overall accuracy: 0.7541666666666668
Overall error: 2.8441948631466945
Overall accuracy std: 0.034375
Overall error std: 3.652183414792338
Took 0.25881123542785645 to complete evaluation


7# Evaluating trace simulator with parameters:
> Users: 16
> Towers: 36
> Velocity: (0.01, 0.01)

Took 0.017901897430419922 to generate all
Took 0.0012590885162353516 to create build distribution matrix
Took 0.1312088966369629 to create recover traces from aggregated data
Took 0.2459700107574463 to map traces recovered traces to real ones
Overall accuracy: 0.6588541666666667
Overall error: 3.9596474134153468
Overall accuracy std: 0.0
Overall error std: 2.1304291791648637
Took 0.40114927291870117 to complete evaluation


8# Evaluating trace simulator with parameters:
> Users: 16
> Towers: 100
> Velocity: (0.01, 0.01)

Took 0.020294904708862305 to generate all
Took 0.014673709869384766 to create build distribution matrix
Took 0.0764930248260498 to create recover traces from aggregated data
Took 0.22949695587158203 to map traces recovered traces to real ones
Overall accuracy: 0.9739583333333334
Overall error: 0.06944444444444446
Overall accuracy std: 1.1102230246251565e-16
Overall error std: 0.12344714468493877
Took 0.3479170799255371 to complete evaluation


9# Evaluating trace simulator with parameters:
> Users: 16
> Towers: 400
> Velocity: (0.01, 0.01)

Took 0.07161808013916016 to generate all
Took 0.023609161376953125 to create build distribution matrix
Took 0.09497499465942383 to create recover traces from aggregated data
Took 0.44641613960266113 to map traces recovered traces to real ones
Overall accuracy: 0.9140625
Overall error: 0.167599725055192
Overall accuracy std: 0.0
Overall error std: 0.1996546684183149
Took 0.6634337902069092 to complete evaluation


10# Evaluating trace simulator with parameters:
> Users: 16
> Towers: 900
> Velocity: (0.01, 0.01)

Took 0.0807960033416748 to generate all
Took 0.05389976501464844 to create build distribution matrix
Took 0.10097789764404297 to create recover traces from aggregated data
Took 0.6879370212554932 to map traces recovered traces to real ones
Overall accuracy: 0.8697916666666666
Overall error: 0.2578543907581928
Overall accuracy std: 4.965068306494546e-17
Overall error std: 0.44782716146837886
Took 1.0225658416748047 to complete evaluation


11# Evaluating trace simulator with parameters:
> Users: 16
> Towers: 1600
> Velocity: (0.01, 0.01)

Took 0.23314189910888672 to generate all
Took 0.099761962890625 to create build distribution matrix
Took 0.12784504890441895 to create recover traces from aggregated data
Took 1.602180004119873 to map traces recovered traces to real ones
Overall accuracy: 0.8385416666666666
Overall error: 0.26365550704825985
Overall accuracy std: 0.0
Overall error std: 0.33326559172947284
Took 2.311410903930664 to complete evaluation


12# Evaluating trace simulator with parameters:
> Users: 32
> Towers: 16
> Velocity: (0.01, 0.01)

Took 0.031255245208740234 to generate all
Took 0.0008609294891357422 to create build distribution matrix
Took 0.16559505462646484 to create recover traces from aggregated data
Took 0.3056178092956543 to map traces recovered traces to real ones
Overall accuracy: 0.55546875
Overall error: 5.785680234155583
Overall accuracy std: 0.011458333333333346
Overall error std: 4.43073516966756
Took 0.5106933116912842 to complete evaluation


13# Evaluating trace simulator with parameters:
> Users: 32
> Towers: 36
> Velocity: (0.01, 0.01)

Took 0.031794071197509766 to generate all
Took 0.001252889633178711 to create build distribution matrix
Took 0.18008971214294434 to create recover traces from aggregated data
Took 0.31247711181640625 to map traces recovered traces to real ones
Overall accuracy: 0.6752604166666666
Overall error: 2.36105514459496
Overall accuracy std: 0.016666666666666653
Overall error std: 1.6840731688758228
Took 0.530954122543335 to complete evaluation


14# Evaluating trace simulator with parameters:
> Users: 32
> Towers: 100
> Velocity: (0.01, 0.01)

Took 0.03586626052856445 to generate all
Took 0.0029230117797851562 to create build distribution matrix
Took 0.1390669345855713 to create recover traces from aggregated data
Took 0.3023099899291992 to map traces recovered traces to real ones
Overall accuracy: 0.7244791666666666
Overall error: 1.7550624393887837
Overall accuracy std: 0.024479166666666694
Overall error std: 2.957447084835972
Took 0.4872398376464844 to complete evaluation


15# Evaluating trace simulator with parameters:
> Users: 32
> Towers: 400
> Velocity: (0.01, 0.01)

Took 0.06630229949951172 to generate all
Took 0.015971899032592773 to create build distribution matrix
Took 0.21240687370300293 to create recover traces from aggregated data
Took 0.6248369216918945 to map traces recovered traces to real ones
Overall accuracy: 0.7325520833333332
Overall error: 0.6686493711575526
Overall accuracy std: 0.009375
Overall error std: 0.8948216233073558
Took 0.9513850212097168 to complete evaluation


16# Evaluating trace simulator with parameters:
> Users: 32
> Towers: 900
> Velocity: (0.01, 0.01)

Took 0.10371804237365723 to generate all
Took 0.043190956115722656 to create build distribution matrix
Took 0.200059175491333 to create recover traces from aggregated data
Took 0.8567841053009033 to map traces recovered traces to real ones
Overall accuracy: 0.7565104166666667
Overall error: 0.48727996934628254
Overall accuracy std: 1.1102230246251565e-16
Overall error std: 0.48251421369309383
Took 1.2694437503814697 to complete evaluation


17# Evaluating trace simulator with parameters:
> Users: 32
> Towers: 1600
> Velocity: (0.01, 0.01)

Took 0.25005602836608887 to generate all
Took 0.058030128479003906 to create build distribution matrix
Took 0.12337017059326172 to create recover traces from aggregated data
Took 1.1837542057037354 to map traces recovered traces to real ones
Overall accuracy: 0.8591145833333332
Overall error: 0.2292963134052183
Overall accuracy std: 0.0031249999999999555
Overall error std: 0.36343165568810337
Took 1.7970869541168213 to complete evaluation


18# Evaluating trace simulator with parameters:
> Users: 64
> Towers: 16
> Velocity: (0.01, 0.01)

Took 0.04609513282775879 to generate all
Took 0.0010750293731689453 to create build distribution matrix
Took 0.4274637699127197 to create recover traces from aggregated data
Took 0.7868058681488037 to map traces recovered traces to real ones
Overall accuracy: 0.6305989583333333
Overall error: 4.42142472651347
Overall accuracy std: 0.0005208333333333481
Overall error std: 3.953844354549946
Took 1.2702219486236572 to complete evaluation


19# Evaluating trace simulator with parameters:
> Users: 64
> Towers: 36
> Velocity: (0.01, 0.01)

Took 0.05534696578979492 to generate all
Took 0.0028820037841796875 to create build distribution matrix
Took 0.4784820079803467 to create recover traces from aggregated data
Took 0.8769130706787109 to map traces recovered traces to real ones
Overall accuracy: 0.4684895833333333
Overall error: 5.227876261053986
Overall accuracy std: 0.001822916666666652
Overall error std: 3.4744040765797224
Took 1.4193673133850098 to complete evaluation


20# Evaluating trace simulator with parameters:
> Users: 64
> Towers: 100
> Velocity: (0.01, 0.01)

Took 0.04047203063964844 to generate all
Took 0.0014920234680175781 to create build distribution matrix
Took 0.4243659973144531 to create recover traces from aggregated data
Took 0.9797840118408203 to map traces recovered traces to real ones
Overall accuracy: 0.4438802083333333
Overall error: 3.8722814596947925
Overall accuracy std: 0.01197916666666665
Overall error std: 2.6136654040703546
Took 1.4521739482879639 to complete evaluation


21# Evaluating trace simulator with parameters:
> Users: 64
> Towers: 400
> Velocity: (0.01, 0.01)

Took 0.058732032775878906 to generate all
Took 0.008383989334106445 to create build distribution matrix
Took 0.3229250907897949 to create recover traces from aggregated data
Took 1.5275137424468994 to map traces recovered traces to real ones
Overall accuracy: 0.49765625
Overall error: 2.13515643379132
Overall accuracy std: 0.014843750000000001
Overall error std: 2.1605627961758835
Took 1.9282257556915283 to complete evaluation


22# Evaluating trace simulator with parameters:
> Users: 64
> Towers: 900
> Velocity: (0.01, 0.01)

Took 0.11310267448425293 to generate all
Took 0.013943910598754883 to create build distribution matrix
Took 0.2714498043060303 to create recover traces from aggregated data
Took 2.4105629920959473 to map traces recovered traces to real ones
Overall accuracy: 0.6760416666666667
Overall error: 0.8052356582395988
Overall accuracy std: 0.001822916666666652
Overall error std: 1.0234967424106254
Took 2.8546199798583984 to complete evaluation


23# Evaluating trace simulator with parameters:
> Users: 64
> Towers: 1600
> Velocity: (0.01, 0.01)

Took 0.31041598320007324 to generate all
Took 0.0700531005859375 to create build distribution matrix
Took 0.4688701629638672 to create recover traces from aggregated data
Took 3.2192881107330322 to map traces recovered traces to real ones
Overall accuracy: 0.7375
Overall error: 0.49972193719912206
Overall accuracy std: 0.0015625
Overall error std: 0.5550139914906359
Took 4.2384912967681885 to complete evaluation


24# Evaluating trace simulator with parameters:
> Users: 256
> Towers: 16
> Velocity: (0.01, 0.01)

Took 0.34698009490966797 to generate all
Took 0.0018146038055419922 to create build distribution matrix
Took 13.807103157043457 to create recover traces from aggregated data
Took 19.91669464111328 to map traces recovered traces to real ones
Overall accuracy: 0.72861328125
Overall error: 3.027871816617052
Overall accuracy std: 0.0014322916666666518
Overall error std: 3.1152913992749247
Took 34.08053183555603 to complete evaluation


25# Evaluating trace simulator with parameters:
> Users: 256
> Towers: 36
> Velocity: (0.01, 0.01)

Took 0.6869261264801025 to generate all
Took 0.0020799636840820312 to create build distribution matrix
Took 16.983408212661743 to create recover traces from aggregated data
Took 16.742799997329712 to map traces recovered traces to real ones
Overall accuracy: 0.5573567708333333
Overall error: 4.201837873355353
Overall accuracy std: 0.0021484375000000444
Overall error std: 3.429208978793707
Took 34.421685218811035 to complete evaluation


26# Evaluating trace simulator with parameters:
> Users: 256
> Towers: 100
> Velocity: (0.01, 0.01)

Took 0.3742787837982178 to generate all
Took 0.004630088806152344 to create build distribution matrix
Took 30.946827173233032 to create recover traces from aggregated data
Took 16.214409828186035 to map traces recovered traces to real ones
Overall accuracy: 0.32138671875
Overall error: 6.225458949513042
Overall accuracy std: 0.0018229166666666964
Overall error std: 3.2799226184911365
Took 47.56611108779907 to complete evaluation


27# Evaluating trace simulator with parameters:
> Users: 256
> Towers: 400
> Velocity: (0.01, 0.01)

Took 0.33652281761169434 to generate all
Took 0.014670848846435547 to create build distribution matrix
Took 30.517496824264526 to create recover traces from aggregated data
Took 23.21602773666382 to map traces recovered traces to real ones
Overall accuracy: 0.2139322916666667
Overall error: 5.996377616677947
Overall accuracy std: 0.0024088541666666633
Overall error std: 2.853429265418633
Took 54.11442470550537 to complete evaluation


28# Evaluating trace simulator with parameters:
> Users: 256
> Towers: 900
> Velocity: (0.01, 0.01)

Took 0.30998778343200684 to generate all
Took 0.025482892990112305 to create build distribution matrix
Took 25.43768310546875 to create recover traces from aggregated data
Took 35.47434115409851 to map traces recovered traces to real ones
Overall accuracy: 0.2086263020833333
Overall error: 5.234422269760091
Overall accuracy std: 0.0005859375000000111
Overall error std: 2.6068703310514856
Took 61.29786491394043 to complete evaluation


29# Evaluating trace simulator with parameters:
> Users: 256
> Towers: 1600
> Velocity: (0.01, 0.01)

Took 0.7970120906829834 to generate all
Took 0.08078503608703613 to create build distribution matrix
Took 37.0996458530426 to create recover traces from aggregated data
Took 31.5666241645813 to map traces recovered traces to real ones
Overall accuracy: 0.2720703125
Overall error: 4.010219173280303
Overall accuracy std: 0.003059895833333326
Overall error std: 2.978886235610763
Took 69.72501230239868 to complete evaluation


30# Evaluating trace simulator with parameters:
> Users: 512
> Towers: 16
> Velocity: (0.01, 0.01)

Took 0.3831331729888916 to generate all
Took 0.0026848316192626953 to create build distribution matrix
Took 45.44990420341492 to create recover traces from aggregated data
Took 84.64674878120422 to map traces recovered traces to real ones
Overall accuracy: 0.7620605468750001
Overall error: 2.514132790020695
Overall accuracy std: 0.00045572916666669627
Overall error std: 2.891804283633214
Took 130.50387406349182 to complete evaluation


31# Evaluating trace simulator with parameters:
> Users: 512
> Towers: 36
> Velocity: (0.01, 0.01)

Took 0.9950451850891113 to generate all
Took 0.0033347606658935547 to create build distribution matrix
Took 103.62455081939697 to create recover traces from aggregated data
Took 60.31913089752197 to map traces recovered traces to real ones
Overall accuracy: 0.5861653645833333
Overall error: 3.8760491902659835
Overall accuracy std: 0.0009440104166666963
Overall error std: 3.525412164464248
Took 164.95563197135925 to complete evaluation


32# Evaluating trace simulator with parameters:
> Users: 512
> Towers: 100
> Velocity: (0.01, 0.01)

Took 0.3729090690612793 to generate all
Took 0.005705118179321289 to create build distribution matrix
Took 180.82767391204834 to create recover traces from aggregated data
Took 57.61349105834961 to map traces recovered traces to real ones
Overall accuracy: 0.3604654947916667
Overall error: 5.577722591260413
Overall accuracy std: 0.0010742187500000222
Overall error std: 3.444215379271706
Took 238.83473920822144 to complete evaluation


33# Evaluating trace simulator with parameters:
> Users: 512
> Towers: 400
> Velocity: (0.01, 0.01)

Took 0.4247779846191406 to generate all
Took 0.009242057800292969 to create build distribution matrix
Took 261.4053621292114 to create recover traces from aggregated data
Took 102.45114421844482 to map traces recovered traces to real ones
Overall accuracy: 0.188818359375
Overall error: 6.639517261584686
Overall accuracy std: 0.0011718749999999887
Overall error std: 2.937127764086836
Took 364.31383991241455 to complete evaluation


34# Evaluating trace simulator with parameters:
> Users: 512
> Towers: 900
> Velocity: (0.01, 0.01)

Took 0.652047872543335 to generate all
Took 0.024929046630859375 to create build distribution matrix
Took 271.2919328212738 to create recover traces from aggregated data
Took 104.79939889907837 to map traces recovered traces to real ones
Overall accuracy: 0.1597981770833333
Overall error: 5.950822628413575
Overall accuracy std: 0.0008789062499999889
Overall error std: 2.7958404835998945
Took 376.8246908187866 to complete evaluation


35# Evaluating trace simulator with parameters:
> Users: 512
> Towers: 1600
> Velocity: (0.01, 0.01)

Took 0.8320682048797607 to generate all
Took 0.03972196578979492 to create build distribution matrix
Took 294.58864521980286 to create recover traces from aggregated data
Took 144.8163299560547 to map traces recovered traces to real ones
Overall accuracy: 0.16363932291666666
Overall error: 5.368222100964913
Overall accuracy std: 0.0001953124999999889
Overall error std: 2.789365536056604
Took 440.39841890335083 to complete evaluation


36# Evaluating trace simulator with parameters:
> Users: 8
> Towers: 16
> Velocity: (0.01, 0.02)

Took 0.010910987854003906 to generate all
Took 0.0008099079132080078 to create build distribution matrix
Took 0.013103008270263672 to create recover traces from aggregated data
Took 0.15906715393066406 to map traces recovered traces to real ones
Overall accuracy: 0.7708333333333333
Overall error: 2.333333333333333
Overall accuracy std: 0.0
Overall error std: 2.327373340628157
Took 0.18944478034973145 to complete evaluation


37# Evaluating trace simulator with parameters:
> Users: 8
> Towers: 36
> Velocity: (0.01, 0.02)

Took 0.011723995208740234 to generate all
Took 0.0008339881896972656 to create build distribution matrix
Took 0.01248788833618164 to create recover traces from aggregated data
Took 0.15816283226013184 to map traces recovered traces to real ones
Overall accuracy: 0.7916666666666667
Overall error: 1.7835023188854986
Overall accuracy std: 0.0
Overall error std: 1.7336778402219464
Took 0.18721699714660645 to complete evaluation


38# Evaluating trace simulator with parameters:
> Users: 8
> Towers: 100
> Velocity: (0.01, 0.02)

Took 0.009971857070922852 to generate all
Took 0.0020949840545654297 to create build distribution matrix
Took 0.017913103103637695 to create recover traces from aggregated data
Took 0.1504650115966797 to map traces recovered traces to real ones
Overall accuracy: 0.8645833333333334
Overall error: 0.524803395194227
Overall accuracy std: 0.0
Overall error std: 0.5284574149426732
Took 0.1880960464477539 to complete evaluation


39# Evaluating trace simulator with parameters:
> Users: 8
> Towers: 400
> Velocity: (0.01, 0.02)

Took 0.022032976150512695 to generate all
Took 0.005833864212036133 to create build distribution matrix
Took 0.017135143280029297 to create recover traces from aggregated data
Took 0.2666168212890625 to map traces recovered traces to real ones
Overall accuracy: 0.8125
Overall error: 0.43731668391447087
Overall accuracy std: 0.0
Overall error std: 0.6199232266889148
Took 0.32456326484680176 to complete evaluation


40# Evaluating trace simulator with parameters:
> Users: 8
> Towers: 900
> Velocity: (0.01, 0.02)

Took 0.05570483207702637 to generate all
Took 0.011847257614135742 to create build distribution matrix
Took 0.018859148025512695 to create recover traces from aggregated data
Took 0.3683757781982422 to map traces recovered traces to real ones
Overall accuracy: 0.9479166666666666
Overall error: 0.07303565478447908
Overall accuracy std: 0.0
Overall error std: 0.12650146485077876
Took 0.48783087730407715 to complete evaluation


41# Evaluating trace simulator with parameters:
> Users: 8
> Towers: 1600
> Velocity: (0.01, 0.02)

Took 0.13713288307189941 to generate all
Took 0.02758502960205078 to create build distribution matrix
Took 0.02045416831970215 to create recover traces from aggregated data
Took 0.8218019008636475 to map traces recovered traces to real ones
Overall accuracy: 0.8958333333333334
Overall error: 0.1679740700608308
Overall accuracy std: 0.0
Overall error std: 0.2909396236994932
Took 1.093169927597046 to complete evaluation


42# Evaluating trace simulator with parameters:
> Users: 16
> Towers: 16
> Velocity: (0.01, 0.02)

Took 0.011048078536987305 to generate all
Took 0.00043892860412597656 to create build distribution matrix
Took 0.03998684883117676 to create recover traces from aggregated data
Took 0.15711688995361328 to map traces recovered traces to real ones
Overall accuracy: 0.6619791666666668
Overall error: 3.484324882602271
Overall accuracy std: 0.009375
Overall error std: 2.686930706309678
Took 0.21628904342651367 to complete evaluation


43# Evaluating trace simulator with parameters:
> Users: 16
> Towers: 36
> Velocity: (0.01, 0.02)

Took 0.01181483268737793 to generate all
Took 0.0012469291687011719 to create build distribution matrix
Took 0.03567385673522949 to create recover traces from aggregated data
Took 0.15434813499450684 to map traces recovered traces to real ones
Overall accuracy: 0.6458333333333334
Overall error: 2.860234122279177
Overall accuracy std: 0.0364583333333333
Overall error std: 2.2548385589670987
Took 0.2087726593017578 to complete evaluation


44# Evaluating trace simulator with parameters:
> Users: 16
> Towers: 100
> Velocity: (0.01, 0.02)

Took 0.016993999481201172 to generate all
Took 0.0029299259185791016 to create build distribution matrix
Took 0.028961658477783203 to create recover traces from aggregated data
Took 0.15756702423095703 to map traces recovered traces to real ones
Overall accuracy: 0.6640625
Overall error: 1.7880844671130176
Overall accuracy std: 0.005208333333333348
Overall error std: 1.2990945051813088
Took 0.21364498138427734 to complete evaluation


45# Evaluating trace simulator with parameters:
> Users: 16
> Towers: 400
> Velocity: (0.01, 0.02)

Took 0.03538179397583008 to generate all
Took 0.004827737808227539 to create build distribution matrix
Took 0.02166008949279785 to create recover traces from aggregated data
Took 0.36281394958496094 to map traces recovered traces to real ones
Overall accuracy: 0.8166666666666667
Overall error: 0.5002049239957895
Overall accuracy std: 0.002083333333333304
Overall error std: 0.7751364319037227
Took 0.4372880458831787 to complete evaluation


46# Evaluating trace simulator with parameters:
> Users: 16
> Towers: 900
> Velocity: (0.01, 0.02)

Took 0.060256004333496094 to generate all
Took 0.019997835159301758 to create build distribution matrix
Took 0.031662940979003906 to create recover traces from aggregated data
Took 0.48456597328186035 to map traces recovered traces to real ones
Overall accuracy: 0.7890625
Overall error: 0.3860277286788329
Overall accuracy std: 0.0
Overall error std: 0.4221579185978979
Took 0.6337890625 to complete evaluation


47# Evaluating trace simulator with parameters:
> Users: 16
> Towers: 1600
> Velocity: (0.01, 0.02)

Took 0.12788105010986328 to generate all
Took 0.020102977752685547 to create build distribution matrix
Took 0.027595043182373047 to create recover traces from aggregated data
Took 1.170590877532959 to map traces recovered traces to real ones
Overall accuracy: 0.9739583333333334
Overall error: 0.08052760191505802
Overall accuracy std: 1.1102230246251565e-16
Overall error std: 0.2130560083436522
Took 1.4224328994750977 to complete evaluation


48# Evaluating trace simulator with parameters:
> Users: 32
> Towers: 16
> Velocity: (0.01, 0.02)

Took 0.031111955642700195 to generate all
Took 0.0008780956268310547 to create build distribution matrix
Took 0.21094465255737305 to create recover traces from aggregated data
Took 0.4348270893096924 to map traces recovered traces to real ones
Overall accuracy: 0.7013020833333332
Overall error: 3.3091334170998663
Overall accuracy std: 0.00625
Overall error std: 2.8363368313596498
Took 0.6882278919219971 to complete evaluation


49# Evaluating trace simulator with parameters:
> Users: 32
> Towers: 36
> Velocity: (0.01, 0.02)

Took 0.03159379959106445 to generate all
Took 0.0013928413391113281 to create build distribution matrix
Took 0.44902801513671875 to create recover traces from aggregated data
Took 0.436474084854126 to map traces recovered traces to real ones
Overall accuracy: 0.4026041666666667
Overall error: 6.120112014931676
Overall accuracy std: 0.007291666666666651
Overall error std: 2.8576278043655217
Took 0.9248631000518799 to complete evaluation


50# Evaluating trace simulator with parameters:
> Users: 32
> Towers: 100
> Velocity: (0.01, 0.02)

Took 0.03514719009399414 to generate all
Took 0.0026018619537353516 to create build distribution matrix
Took 0.4232208728790283 to create recover traces from aggregated data
Took 0.4567749500274658 to map traces recovered traces to real ones
Overall accuracy: 0.34453125
Overall error: 4.993742330688148
Overall accuracy std: 0.004166666666666696
Overall error std: 1.750608315399035
Took 0.9265439510345459 to complete evaluation


51# Evaluating trace simulator with parameters:
> Users: 32
> Towers: 400
> Velocity: (0.01, 0.02)

Took 0.058000802993774414 to generate all
Took 0.017307043075561523 to create build distribution matrix
Took 0.26607370376586914 to create recover traces from aggregated data
Took 0.8784608840942383 to map traces recovered traces to real ones
Overall accuracy: 0.6361979166666666
Overall error: 1.0041680169611946
Overall accuracy std: 0.0010416666666666964
Overall error std: 0.9106240038621896
Took 1.2479050159454346 to complete evaluation


52# Evaluating trace simulator with parameters:
> Users: 32
> Towers: 900
> Velocity: (0.01, 0.02)

Took 0.09900999069213867 to generate all
Took 0.0597529411315918 to create build distribution matrix
Took 0.2757151126861572 to create recover traces from aggregated data
Took 0.9957609176635742 to map traces recovered traces to real ones
Overall accuracy: 0.8528645833333333
Overall error: 0.2976137982642724
Overall accuracy std: 0.0
Overall error std: 0.41497774793373615
Took 1.548741102218628 to complete evaluation


53# Evaluating trace simulator with parameters:
> Users: 32
> Towers: 1600
> Velocity: (0.01, 0.02)

Took 0.3045639991760254 to generate all
Took 0.10606598854064941 to create build distribution matrix
Took 0.26523399353027344 to create recover traces from aggregated data
Took 2.0352959632873535 to map traces recovered traces to real ones
Overall accuracy: 0.8359375
Overall error: 0.32802135154739404
Overall accuracy std: 0.0
Overall error std: 0.49039992242765607
Took 2.985460042953491 to complete evaluation


54# Evaluating trace simulator with parameters:
> Users: 64
> Towers: 16
> Velocity: (0.01, 0.02)

Took 0.05495119094848633 to generate all
Took 0.0010378360748291016 to create build distribution matrix
Took 1.0614242553710938 to create recover traces from aggregated data
Took 1.8762421607971191 to map traces recovered traces to real ones
Overall accuracy: 0.6048177083333334
Overall error: 4.2248391605437945
Overall accuracy std: 0.0013020833333333038
Overall error std: 3.0614969366959572
Took 3.001312017440796 to complete evaluation


55# Evaluating trace simulator with parameters:
> Users: 64
> Towers: 36
> Velocity: (0.01, 0.02)

Took 0.0583958625793457 to generate all
Took 0.0016329288482666016 to create build distribution matrix
Took 1.9248838424682617 to create recover traces from aggregated data
Took 2.5604732036590576 to map traces recovered traces to real ones
Overall accuracy: 0.4020833333333333
Overall error: 5.936057048396476
Overall accuracy std: 0.011197916666666651
Overall error std: 3.058211822364568
Took 4.551201105117798 to complete evaluation


56# Evaluating trace simulator with parameters:
> Users: 64
> Towers: 100
> Velocity: (0.01, 0.02)

Took 0.09905719757080078 to generate all
Took 0.003129243850708008 to create build distribution matrix
Took 2.9200031757354736 to create recover traces from aggregated data
Took 2.478344202041626 to map traces recovered traces to real ones
Overall accuracy: 0.2966145833333333
Overall error: 5.842795964990897
Overall accuracy std: 0.0033854166666666516
Overall error std: 2.8686635819137734
Took 5.522655963897705 to complete evaluation


57# Evaluating trace simulator with parameters:
> Users: 64
> Towers: 400
> Velocity: (0.01, 0.02)

Took 0.2323319911956787 to generate all
Took 0.04958009719848633 to create build distribution matrix
Took 2.036133050918579 to create recover traces from aggregated data
Took 3.2733678817749023 to map traces recovered traces to real ones
Overall accuracy: 0.415625
Overall error: 2.9394138838901545
Overall accuracy std: 0.013802083333333326
Overall error std: 3.0338358192232397
Took 5.682311773300171 to complete evaluation


58# Evaluating trace simulator with parameters:
> Users: 64
> Towers: 900
> Velocity: (0.01, 0.02)

Took 0.1884007453918457 to generate all
Took 0.07998204231262207 to create build distribution matrix
Took 1.3001432418823242 to create recover traces from aggregated data
Took 2.7690911293029785 to map traces recovered traces to real ones
Overall accuracy: 0.6041666666666666
Overall error: 1.1837537465708343
Overall accuracy std: 0.006510416666666652
Overall error std: 1.3971573659659098
Took 4.457679748535156 to complete evaluation


59# Evaluating trace simulator with parameters:
> Users: 64
> Towers: 1600
> Velocity: (0.01, 0.02)

Took 0.3832130432128906 to generate all
Took 0.09108281135559082 to create build distribution matrix
Took 0.6331989765167236 to create recover traces from aggregated data
Took 3.059426784515381 to map traces recovered traces to real ones
Overall accuracy: 0.5889322916666666
Overall error: 1.5860908413550712
Overall accuracy std: 0.002083333333333348
Overall error std: 2.493687471366871
Took 4.369049072265625 to complete evaluation


60# Evaluating trace simulator with parameters:
> Users: 256
> Towers: 16
> Velocity: (0.01, 0.02)

Took 0.21014094352722168 to generate all
Took 0.0018610954284667969 to create build distribution matrix
Took 9.074345827102661 to create recover traces from aggregated data
Took 13.035813093185425 to map traces recovered traces to real ones
Overall accuracy: 0.68564453125
Overall error: 3.4286938880435605
Overall accuracy std: 0.0037109375000000003
Overall error std: 3.3131982085582172
Took 22.33137583732605 to complete evaluation


61# Evaluating trace simulator with parameters:
> Users: 256
> Towers: 36
> Velocity: (0.01, 0.02)

Took 0.21553993225097656 to generate all
Took 0.0020449161529541016 to create build distribution matrix
Took 30.970130920410156 to create recover traces from aggregated data
Took 15.05674695968628 to map traces recovered traces to real ones
Overall accuracy: 0.4697591145833334
Overall error: 5.020950778134066
Overall accuracy std: 0.002018229166666674
Overall error std: 3.199984982662524
Took 46.253174781799316 to complete evaluation


62# Evaluating trace simulator with parameters:
> Users: 256
> Towers: 100
> Velocity: (0.01, 0.02)

Took 0.22958111763000488 to generate all
Took 0.01101374626159668 to create build distribution matrix
Took 19.569350957870483 to create recover traces from aggregated data
Took 13.069001913070679 to map traces recovered traces to real ones
Overall accuracy: 0.29814453125
Overall error: 6.24869204151519
Overall accuracy std: 0.0028645833333333036
Overall error std: 2.849159722805267
Took 32.888893127441406 to complete evaluation


63# Evaluating trace simulator with parameters:
> Users: 256
> Towers: 400
> Velocity: (0.01, 0.02)

Took 0.3249809741973877 to generate all
Took 0.019465208053588867 to create build distribution matrix
Took 17.403740167617798 to create recover traces from aggregated data
Took 37.74109721183777 to map traces recovered traces to real ones
Overall accuracy: 0.18076171875
Overall error: 6.527240617834762
Overall accuracy std: 0.00078125
Overall error std: 2.7836014157168605
Took 55.51861929893494 to complete evaluation


64# Evaluating trace simulator with parameters:
> Users: 256
> Towers: 900
> Velocity: (0.01, 0.02)

Took 1.1753809452056885 to generate all
Took 0.10846614837646484 to create build distribution matrix
Took 51.88453722000122 to create recover traces from aggregated data
Took 32.21346998214722 to map traces recovered traces to real ones
Overall accuracy: 0.17766927083333334
Overall error: 5.751175296802994
Overall accuracy std: 0.0033854166666666737
Overall error std: 2.6503099369777043
Took 85.53741216659546 to complete evaluation


65# Evaluating trace simulator with parameters:
> Users: 256
> Towers: 1600
> Velocity: (0.01, 0.02)

Took 0.39386773109436035 to generate all
Took 0.027720928192138672 to create build distribution matrix
Took 13.681915044784546 to create recover traces from aggregated data
Took 22.710987091064453 to map traces recovered traces to real ones
Overall accuracy: 0.2282552083333333
Overall error: 4.2225273009868385
Overall accuracy std: 0.0008463541666666629
Overall error std: 2.6892837365604634
Took 36.89401912689209 to complete evaluation


66# Evaluating trace simulator with parameters:
> Users: 512
> Towers: 16
> Velocity: (0.01, 0.02)

Took 0.5362088680267334 to generate all
Took 0.00269317626953125 to create build distribution matrix
Took 61.1154420375824 to create recover traces from aggregated data
Took 105.36603379249573 to map traces recovered traces to real ones
Overall accuracy: 0.70087890625
Overall error: 3.00807610935163
Overall accuracy std: 0.0005533854166666075
Overall error std: 2.738374790431765
Took 167.04566979408264 to complete evaluation


67# Evaluating trace simulator with parameters:
> Users: 512
> Towers: 36
> Velocity: (0.01, 0.02)

Took 0.4263730049133301 to generate all
Took 0.003371000289916992 to create build distribution matrix
Took 84.2839081287384 to create recover traces from aggregated data
Took 56.91168165206909 to map traces recovered traces to real ones
Overall accuracy: 0.5227376302083332
Overall error: 4.190361606961034
Overall accuracy std: 0.0013671875000000001
Overall error std: 3.4325117248409716
Took 141.64144706726074 to complete evaluation


68# Evaluating trace simulator with parameters:
> Users: 512
> Towers: 100
> Velocity: (0.01, 0.02)

Took 0.3496830463409424 to generate all
Took 0.006233930587768555 to create build distribution matrix
Took 185.83841109275818 to create recover traces from aggregated data
Took 58.090089082717896 to map traces recovered traces to real ones
Overall accuracy: 0.31123046875
Overall error: 5.829508219163674
Overall accuracy std: 9.765625e-05
Overall error std: 3.208610379273619
Took 244.3007152080536 to complete evaluation


69# Evaluating trace simulator with parameters:
> Users: 512
> Towers: 400
> Velocity: (0.01, 0.02)

Took 0.48110008239746094 to generate all
Took 0.010831117630004883 to create build distribution matrix
Took 280.4666531085968 to create recover traces from aggregated data
Took 101.89161109924316 to map traces recovered traces to real ones
Overall accuracy: 0.16458333333333336
Overall error: 6.6361287211802935
Overall accuracy std: 0.00042317708333333703
Overall error std: 2.6659231171542976
Took 382.8751380443573 to complete evaluation


70# Evaluating trace simulator with parameters:
> Users: 512
> Towers: 900
> Velocity: (0.01, 0.02)

Took 0.5553653240203857 to generate all
Took 0.023465871810913086 to create build distribution matrix
Took 287.857262134552 to create recover traces from aggregated data
Took 103.35162115097046 to map traces recovered traces to real ones
Overall accuracy: 0.133349609375
Overall error: 6.58989646873008
Overall accuracy std: 0.0005859375
Overall error std: 2.724927524336234
Took 391.8522529602051 to complete evaluation


71# Evaluating trace simulator with parameters:
> Users: 512
> Towers: 1600
> Velocity: (0.01, 0.02)

Took 0.8796238899230957 to generate all
Took 0.03956198692321777 to create build distribution matrix
Took 306.1920750141144 to create recover traces from aggregated data
Took 143.33642578125 to map traces recovered traces to real ones
Overall accuracy: 0.14757486979166667
Overall error: 6.126929229254236
Overall accuracy std: 0.002018229166666663
Overall error std: 2.797175597351022
Took 450.5679340362549 to complete evaluation


72# Evaluating trace simulator with parameters:
> Users: 8
> Towers: 16
> Velocity: (0.02, 0.04)

Took 0.011871099472045898 to generate all
Took 0.0008091926574707031 to create build distribution matrix
Took 0.029757022857666016 to create recover traces from aggregated data
Took 0.16646099090576172 to map traces recovered traces to real ones
Overall accuracy: 0.7239583333333333
Overall error: 2.4612944921610618
Overall accuracy std: 0.0
Overall error std: 1.339077932443562
Took 0.21596121788024902 to complete evaluation


73# Evaluating trace simulator with parameters:
> Users: 8
> Towers: 36
> Velocity: (0.02, 0.04)

Took 0.012359857559204102 to generate all
Took 0.0013430118560791016 to create build distribution matrix
Took 0.025150060653686523 to create recover traces from aggregated data
Took 0.1837320327758789 to map traces recovered traces to real ones
Overall accuracy: 0.5760416666666666
Overall error: 4.340932566043067
Overall accuracy std: 0.027083333333333348
Overall error std: 3.3315330442034483
Took 0.23121309280395508 to complete evaluation


74# Evaluating trace simulator with parameters:
> Users: 8
> Towers: 100
> Velocity: (0.02, 0.04)

Took 0.015686988830566406 to generate all
Took 0.0028200149536132812 to create build distribution matrix
Took 0.02482008934020996 to create recover traces from aggregated data
Took 0.2012500762939453 to map traces recovered traces to real ones
Overall accuracy: 0.6479166666666667
Overall error: 2.1653580283740084
Overall accuracy std: 0.0062499999999999995
Overall error std: 1.666004160832147
Took 0.2513899803161621 to complete evaluation


75# Evaluating trace simulator with parameters:
> Users: 8
> Towers: 400
> Velocity: (0.02, 0.04)

Took 0.03142905235290527 to generate all
Took 0.0200350284576416 to create build distribution matrix
Took 0.040812015533447266 to create recover traces from aggregated data
Took 0.43167996406555176 to map traces recovered traces to real ones
Overall accuracy: 0.6666666666666667
Overall error: 1.5763138877635925
Overall accuracy std: 0.0
Overall error std: 0.7008653292489402
Took 0.5469601154327393 to complete evaluation


76# Evaluating trace simulator with parameters:
> Users: 8
> Towers: 900
> Velocity: (0.02, 0.04)

Took 0.0724949836730957 to generate all
Took 0.03758096694946289 to create build distribution matrix
Took 0.0438840389251709 to create recover traces from aggregated data
Took 0.4299807548522949 to map traces recovered traces to real ones
Overall accuracy: 0.9270833333333334
Overall error: 0.08829862661309736
Overall accuracy std: 0.0
Overall error std: 0.11657162072010357
Took 0.6314170360565186 to complete evaluation


77# Evaluating trace simulator with parameters:
> Users: 8
> Towers: 1600
> Velocity: (0.02, 0.04)

Took 0.21172499656677246 to generate all
Took 0.08755207061767578 to create build distribution matrix
Took 0.03067493438720703 to create recover traces from aggregated data
Took 1.302403211593628 to map traces recovered traces to real ones
Overall accuracy: 1.0
Overall error: 0.0
Overall accuracy std: 0.0
Overall error std: 0.0
Took 1.813786268234253 to complete evaluation


78# Evaluating trace simulator with parameters:
> Users: 16
> Towers: 16
> Velocity: (0.02, 0.04)

Took 0.018185138702392578 to generate all
Took 0.0007891654968261719 to create build distribution matrix
Took 0.06169867515563965 to create recover traces from aggregated data
Took 0.1753699779510498 to map traces recovered traces to real ones
Overall accuracy: 0.6098958333333334
Overall error: 3.92115569685147
Overall accuracy std: 0.001041666666666652
Overall error std: 1.5907157460783883
Took 0.26366376876831055 to complete evaluation


79# Evaluating trace simulator with parameters:
> Users: 16
> Towers: 36
> Velocity: (0.02, 0.04)

Took 0.019704103469848633 to generate all
Took 0.0012478828430175781 to create build distribution matrix
Took 0.07230496406555176 to create recover traces from aggregated data
Took 0.22606492042541504 to map traces recovered traces to real ones
Overall accuracy: 0.4598958333333333
Overall error: 4.506926681651364
Overall accuracy std: 0.003125
Overall error std: 1.5429120446192262
Took 0.32746124267578125 to complete evaluation


80# Evaluating trace simulator with parameters:
> Users: 16
> Towers: 100
> Velocity: (0.02, 0.04)

Took 0.0222928524017334 to generate all
Took 0.0027768611907958984 to create build distribution matrix
Took 0.10304689407348633 to create recover traces from aggregated data
Took 0.2102949619293213 to map traces recovered traces to real ones
Overall accuracy: 0.4375
Overall error: 4.745350176016484
Overall accuracy std: 0.015625
Overall error std: 3.4341616345050263
Took 0.3460252285003662 to complete evaluation


81# Evaluating trace simulator with parameters:
> Users: 16
> Towers: 400
> Velocity: (0.02, 0.04)

Took 0.04640483856201172 to generate all
Took 0.017997026443481445 to create build distribution matrix
Took 0.08916616439819336 to create recover traces from aggregated data
Took 0.4516019821166992 to map traces recovered traces to real ones
Overall accuracy: 0.6734375
Overall error: 2.019313859484824
Overall accuracy std: 0.003125
Overall error std: 2.259621304100888
Took 0.6321830749511719 to complete evaluation


82# Evaluating trace simulator with parameters:
> Users: 16
> Towers: 900
> Velocity: (0.02, 0.04)

Took 0.07991194725036621 to generate all
Took 0.029579877853393555 to create build distribution matrix
Took 0.07350683212280273 to create recover traces from aggregated data
Took 0.5213282108306885 to map traces recovered traces to real ones
Overall accuracy: 0.9322916666666666
Overall error: 0.11132942726183703
Overall accuracy std: 1.1102230246251565e-16
Overall error std: 0.18119689565243705
Took 0.7665328979492188 to complete evaluation


83# Evaluating trace simulator with parameters:
> Users: 16
> Towers: 1600
> Velocity: (0.02, 0.04)

Took 0.1790001392364502 to generate all
Took 0.07367968559265137 to create build distribution matrix
Took 0.07164287567138672 to create recover traces from aggregated data
Took 1.2140870094299316 to map traces recovered traces to real ones
Overall accuracy: 0.9166666666666666
Overall error: 0.21262353748157148
Overall accuracy std: 1.1102230246251565e-16
Overall error std: 0.5162729353612407
Took 1.7151989936828613 to complete evaluation


84# Evaluating trace simulator with parameters:
> Users: 32
> Towers: 16
> Velocity: (0.02, 0.04)

Took 0.031529903411865234 to generate all
Took 0.0009438991546630859 to create build distribution matrix
Took 0.19568085670471191 to create recover traces from aggregated data
Took 0.29796791076660156 to map traces recovered traces to real ones
Overall accuracy: 0.4151041666666667
Overall error: 7.580756283316677
Overall accuracy std: 0.0005208333333333481
Overall error std: 3.2793516972704952
Took 0.5336511135101318 to complete evaluation


85# Evaluating trace simulator with parameters:
> Users: 32
> Towers: 36
> Velocity: (0.02, 0.04)

Took 0.03281521797180176 to generate all
Took 0.001466989517211914 to create build distribution matrix
Took 0.30421018600463867 to create recover traces from aggregated data
Took 0.30374717712402344 to map traces recovered traces to real ones
Overall accuracy: 0.3223958333333333
Overall error: 6.76104285193469
Overall accuracy std: 0.00625
Overall error std: 2.689936491517145
Took 0.6479549407958984 to complete evaluation


86# Evaluating trace simulator with parameters:
> Users: 32
> Towers: 100
> Velocity: (0.02, 0.04)

Took 0.03619813919067383 to generate all
Took 0.0029370784759521484 to create build distribution matrix
Took 0.34540700912475586 to create recover traces from aggregated data
Took 0.31571388244628906 to map traces recovered traces to real ones
Overall accuracy: 0.3192708333333334
Overall error: 4.9381242798091876
Overall accuracy std: 0.0046875
Overall error std: 2.087138552474032
Took 0.7088289260864258 to complete evaluation


87# Evaluating trace simulator with parameters:
> Users: 32
> Towers: 400
> Velocity: (0.02, 0.04)

Took 0.0666496753692627 to generate all
Took 0.010118961334228516 to create build distribution matrix
Took 0.22319483757019043 to create recover traces from aggregated data
Took 0.5264060497283936 to map traces recovered traces to real ones
Overall accuracy: 0.4718750000000001
Overall error: 2.7173067276754055
Overall accuracy std: 0.011979166666666695
Overall error std: 1.989334348027619
Took 0.8444530963897705 to complete evaluation


88# Evaluating trace simulator with parameters:
> Users: 32
> Towers: 900
> Velocity: (0.02, 0.04)

Took 0.09866499900817871 to generate all
Took 0.028697729110717773 to create build distribution matrix
Took 0.23775601387023926 to create recover traces from aggregated data
Took 0.7441480159759521 to map traces recovered traces to real ones
Overall accuracy: 0.5315104166666667
Overall error: 2.3216091794272664
Overall accuracy std: 0.013541666666666697
Overall error std: 2.168645269259119
Took 1.1604089736938477 to complete evaluation


89# Evaluating trace simulator with parameters:
> Users: 32
> Towers: 1600
> Velocity: (0.02, 0.04)

Took 0.19914889335632324 to generate all
Took 0.07118606567382812 to create build distribution matrix
Took 0.1991419792175293 to create recover traces from aggregated data
Took 1.6544671058654785 to map traces recovered traces to real ones
Overall accuracy: 0.7841145833333333
Overall error: 0.9513674923657429
Overall accuracy std: 0.003125
Overall error std: 1.5355893331197046
Took 2.305119037628174 to complete evaluation


90# Evaluating trace simulator with parameters:
> Users: 64
> Towers: 16
> Velocity: (0.02, 0.04)

Took 0.06408500671386719 to generate all
Took 0.0010631084442138672 to create build distribution matrix
Took 0.973240852355957 to create recover traces from aggregated data
Took 1.249993085861206 to map traces recovered traces to real ones
Overall accuracy: 0.486328125
Overall error: 5.929505986181518
Overall accuracy std: 0.003906250000000022
Overall error std: 3.3130743888526895
Took 2.296610116958618 to complete evaluation


91# Evaluating trace simulator with parameters:
> Users: 64
> Towers: 36
> Velocity: (0.02, 0.04)

Took 0.062065839767456055 to generate all
Took 0.0014662742614746094 to create build distribution matrix
Took 1.6037421226501465 to create recover traces from aggregated data
Took 1.6892211437225342 to map traces recovered traces to real ones
Overall accuracy: 0.3328125
Overall error: 6.492760859726255
Overall accuracy std: 0.00026041666666667404
Overall error std: 2.499475225512141
Took 3.3619039058685303 to complete evaluation


92# Evaluating trace simulator with parameters:
> Users: 64
> Towers: 100
> Velocity: (0.02, 0.04)

Took 0.06693506240844727 to generate all
Took 0.002997875213623047 to create build distribution matrix
Took 2.0022029876708984 to create recover traces from aggregated data
Took 1.8361420631408691 to map traces recovered traces to real ones
Overall accuracy: 0.2231770833333333
Overall error: 6.675589011166234
Overall accuracy std: 0.001041666666666663
Overall error std: 1.980028635358515
Took 3.9187161922454834 to complete evaluation


93# Evaluating trace simulator with parameters:
> Users: 64
> Towers: 400
> Velocity: (0.02, 0.04)

Took 0.14496397972106934 to generate all
Took 0.029808998107910156 to create build distribution matrix
Took 2.129739999771118 to create recover traces from aggregated data
Took 2.985053062438965 to map traces recovered traces to real ones
Overall accuracy: 0.209375
Overall error: 6.313061103585644
Overall accuracy std: 0.003125
Overall error std: 2.392701894295918
Took 5.351585865020752 to complete evaluation


94# Evaluating trace simulator with parameters:
> Users: 64
> Towers: 900
> Velocity: (0.02, 0.04)

Took 0.19288396835327148 to generate all
Took 0.0685579776763916 to create build distribution matrix
Took 1.5046820640563965 to create recover traces from aggregated data
Took 3.301486015319824 to map traces recovered traces to real ones
Overall accuracy: 0.4248697916666666
Overall error: 2.9656934611329526
Overall accuracy std: 0.00859375
Overall error std: 2.435488061976442
Took 5.281434059143066 to complete evaluation


95# Evaluating trace simulator with parameters:
> Users: 64
> Towers: 1600
> Velocity: (0.02, 0.04)

Took 0.33683109283447266 to generate all
Took 0.07163119316101074 to create build distribution matrix
Took 0.6443829536437988 to create recover traces from aggregated data
Took 2.6933069229125977 to map traces recovered traces to real ones
Overall accuracy: 0.6053385416666668
Overall error: 1.4471301686415186
Overall accuracy std: 0.006249999999999956
Overall error std: 1.363138455020077
Took 3.9102730751037598 to complete evaluation


96# Evaluating trace simulator with parameters:
> Users: 256
> Towers: 16
> Velocity: (0.02, 0.04)

Took 0.20934391021728516 to generate all
Took 0.0019080638885498047 to create build distribution matrix
Took 13.814727306365967 to create recover traces from aggregated data
Took 14.23095989227295 to map traces recovered traces to real ones
Overall accuracy: 0.5320963541666668
Overall error: 4.890971277116965
Overall accuracy std: 0.000390625
Overall error std: 2.727417936241395
Took 28.26689314842224 to complete evaluation


97# Evaluating trace simulator with parameters:
> Users: 256
> Towers: 36
> Velocity: (0.02, 0.04)

Took 0.3531630039215088 to generate all
Took 0.002309083938598633 to create build distribution matrix
Took 31.468976974487305 to create recover traces from aggregated data
Took 16.166985988616943 to map traces recovered traces to real ones
Overall accuracy: 0.3632486979166667
Overall error: 5.916127351282437
Overall accuracy std: 0.0005859375000000444
Overall error std: 2.907083115374636
Took 48.000911712646484 to complete evaluation


98# Evaluating trace simulator with parameters:
> Users: 256
> Towers: 100
> Velocity: (0.02, 0.04)

Took 0.24388694763183594 to generate all
Took 0.0037581920623779297 to create build distribution matrix
Took 18.125345945358276 to create recover traces from aggregated data
Took 18.02648687362671 to map traces recovered traces to real ones
Overall accuracy: 0.19947916666666668
Overall error: 6.9060828528511395
Overall accuracy std: 0.0008463541666666629
Overall error std: 2.4296502415261942
Took 36.4101927280426 to complete evaluation


99# Evaluating trace simulator with parameters:
> Users: 256
> Towers: 400
> Velocity: (0.02, 0.04)

Took 0.28292298316955566 to generate all
Took 0.011518001556396484 to create build distribution matrix
Took 19.177324056625366 to create recover traces from aggregated data
Took 33.133097887039185 to map traces recovered traces to real ones
Overall accuracy: 0.13753255208333334
Overall error: 6.903235452796652
Overall accuracy std: 0.00032552083333332594
Overall error std: 2.4116086674972217
Took 52.62669014930725 to complete evaluation


100# Evaluating trace simulator with parameters:
> Users: 256
> Towers: 900
> Velocity: (0.02, 0.04)

Took 0.5505461692810059 to generate all
Took 0.044602155685424805 to create build distribution matrix
Took 50.89187979698181 to create recover traces from aggregated data
Took 40.87130808830261 to map traces recovered traces to real ones
Overall accuracy: 0.17063802083333335
Overall error: 5.92477480409317
Overall accuracy std: 0.004036458333333326
Overall error std: 2.656648309422328
Took 92.44464993476868 to complete evaluation


101# Evaluating trace simulator with parameters:
> Users: 256
> Towers: 1600
> Velocity: (0.02, 0.04)

Took 0.516740083694458 to generate all
Took 0.0501248836517334 to create build distribution matrix
Took 17.215046167373657 to create recover traces from aggregated data
Took 24.98878836631775 to map traces recovered traces to real ones
Overall accuracy: 0.23291015625
Overall error: 5.1309807019005
Overall accuracy std: 0.0009765625
Overall error std: 2.819903722113403
Took 42.880717754364014 to complete evaluation


102# Evaluating trace simulator with parameters:
> Users: 512
> Towers: 16
> Velocity: (0.02, 0.04)

Took 0.27902817726135254 to generate all
Took 0.0015561580657958984 to create build distribution matrix
Took 90.23460817337036 to create recover traces from aggregated data
Took 98.79391694068909 to map traces recovered traces to real ones
Overall accuracy: 0.5641764322916666
Overall error: 4.413596890343245
Overall accuracy std: 0.0009114583333333482
Overall error std: 2.3667011330576138
Took 189.32476019859314 to complete evaluation


103# Evaluating trace simulator with parameters:
> Users: 512
> Towers: 36
> Velocity: (0.02, 0.04)

Took 0.2460789680480957 to generate all
Took 0.002994060516357422 to create build distribution matrix
Took 119.02731084823608 to create recover traces from aggregated data
Took 46.008931159973145 to map traces recovered traces to real ones
Overall accuracy: 0.377490234375
Overall error: 5.474091112555753
Overall accuracy std: 9.765625e-05
Overall error std: 2.6766086147219155
Took 165.299467086792 to complete evaluation


104# Evaluating trace simulator with parameters:
> Users: 512
> Towers: 100
> Velocity: (0.02, 0.04)

Took 0.30715107917785645 to generate all
Took 0.0045850276947021484 to create build distribution matrix
Took 210.60658526420593 to create recover traces from aggregated data
Took 52.033958196640015 to map traces recovered traces to real ones
Overall accuracy: 0.2201009114583333
Overall error: 6.532705250821541
Overall accuracy std: 0.00087890625
Overall error std: 2.774050526457303
Took 262.9692738056183 to complete evaluation


105# Evaluating trace simulator with parameters:
> Users: 512
> Towers: 400
> Velocity: (0.02, 0.04)

Took 0.3967857360839844 to generate all
Took 0.011960268020629883 to create build distribution matrix
Took 303.73582696914673 to create recover traces from aggregated data
Took 95.13183307647705 to map traces recovered traces to real ones
Overall accuracy: 0.12482096354166665
Overall error: 6.780584309692332
Overall accuracy std: 0.00013020833333332593
Overall error std: 2.4764723149789636
Took 399.30369567871094 to complete evaluation


106# Evaluating trace simulator with parameters:
> Users: 512
> Towers: 900
> Velocity: (0.02, 0.04)

Took 0.520658016204834 to generate all
Took 0.024068117141723633 to create build distribution matrix
Took 319.8499929904938 to create recover traces from aggregated data
Took 89.6368761062622 to map traces recovered traces to real ones
Overall accuracy: 0.127490234375
Overall error: 6.396294942077307
Overall accuracy std: 0.00026041666666665186
Overall error std: 2.511930942311741
Took 410.0884108543396 to complete evaluation


107# Evaluating trace simulator with parameters:
> Users: 512
> Towers: 1600
> Velocity: (0.02, 0.04)

Took 0.7709851264953613 to generate all
Took 0.03666496276855469 to create build distribution matrix
Took 243.2293152809143 to create recover traces from aggregated data
Took 69.98239183425903 to map traces recovered traces to real ones
Overall accuracy: 0.1443033854166667
Overall error: 5.929590398801099
Overall accuracy std: 0.0007812500000000111
Overall error std: 2.705717919725877
Took 314.1131970882416 to complete evaluation


