(.env) lpMacbook:tscf leo$ python -m tracer.evaluate run random_direction
0# Evaluating trace simulator with parameters:
> Users: 8
> Towers: 16
> Velocity: (0.01, 0.01)

Took 0.0035200119018554688 to generate all
Took 0.0002918243408203125 to create build distribution matrix
Recovering: 100%|███████████████████████████████████████████████████████████████████████████████████████████████████████████████████████████████| 24/24 [00:00<00:00, 2799.55it/s]
Took 0.010352134704589844 to create recover traces from aggregated data
Mapping: 100%|████████████████████████████████████████████████████████████████████████████████████████████████████████████████████████████████████| 8/8 [00:00<00:00, 3308.46it/s]
Mapping: 100%|████████████████████████████████████████████████████████████████████████████████████████████████████████████████████████████████████| 8/8 [00:00<00:00, 2944.40it/s]
Mapping: 100%|████████████████████████████████████████████████████████████████████████████████████████████████████████████████████████████████████| 8/8 [00:00<00:00, 2758.50it/s]
Mapping: 100%|████████████████████████████████████████████████████████████████████████████████████████████████████████████████████████████████████| 8/8 [00:00<00:00, 2328.88it/s]
Mapping: 100%|████████████████████████████████████████████████████████████████████████████████████████████████████████████████████████████████████| 8/8 [00:00<00:00, 3177.20it/s]
Mapping: 100%|████████████████████████████████████████████████████████████████████████████████████████████████████████████████████████████████████| 8/8 [00:00<00:00, 2966.27it/s]
Mapping: 100%|████████████████████████████████████████████████████████████████████████████████████████████████████████████████████████████████████| 8/8 [00:00<00:00, 2831.84it/s]
Mapping: 100%|████████████████████████████████████████████████████████████████████████████████████████████████████████████████████████████████████| 8/8 [00:00<00:00, 3297.73it/s]
Mapping: 100%|████████████████████████████████████████████████████████████████████████████████████████████████████████████████████████████████████| 8/8 [00:00<00:00, 3022.65it/s]
Mapping: 100%|████████████████████████████████████████████████████████████████████████████████████████████████████████████████████████████████████| 8/8 [00:00<00:00, 2450.12it/s]
Took 0.14723610877990723 to map traces recovered traces to real ones
Overall accuracy: 0.9583333333333334
Overall error: 0.33333333333333337
Overall accuracy std: 0.0
Overall error std: 0.5773502691896257
Took 0.16390514373779297 to complete evaluation


1# Evaluating trace simulator with parameters:
> Users: 8
> Towers: 36
> Velocity: (0.01, 0.01)

Took 0.004907131195068359 to generate all
Took 0.0005230903625488281 to create build distribution matrix
Recovering: 100%|███████████████████████████████████████████████████████████████████████████████████████████████████████████████████████████████| 24/24 [00:00<00:00, 3144.16it/s]
Took 0.0084381103515625 to create recover traces from aggregated data
Mapping: 100%|████████████████████████████████████████████████████████████████████████████████████████████████████████████████████████████████████| 8/8 [00:00<00:00, 3320.91it/s]
Mapping: 100%|████████████████████████████████████████████████████████████████████████████████████████████████████████████████████████████████████| 8/8 [00:00<00:00, 2143.09it/s]
Mapping: 100%|████████████████████████████████████████████████████████████████████████████████████████████████████████████████████████████████████| 8/8 [00:00<00:00, 2115.40it/s]
Mapping: 100%|████████████████████████████████████████████████████████████████████████████████████████████████████████████████████████████████████| 8/8 [00:00<00:00, 2123.16it/s]
Mapping: 100%|████████████████████████████████████████████████████████████████████████████████████████████████████████████████████████████████████| 8/8 [00:00<00:00, 2042.76it/s]
Mapping: 100%|████████████████████████████████████████████████████████████████████████████████████████████████████████████████████████████████████| 8/8 [00:00<00:00, 1897.12it/s]
Mapping: 100%|█████████████████████████████████████████████████████████████████████████████████████████████████████████████████████████████████████| 8/8 [00:00<00:00, 515.33it/s]
Mapping: 100%|█████████████████████████████████████████████████████████████████████████████████████████████████████████████████████████████████████| 8/8 [00:00<00:00, 528.22it/s]
Mapping: 100%|█████████████████████████████████████████████████████████████████████████████████████████████████████████████████████████████████████| 8/8 [00:00<00:00, 549.98it/s]
Mapping: 100%|█████████████████████████████████████████████████████████████████████████████████████████████████████████████████████████████████████| 8/8 [00:00<00:00, 550.61it/s]
Took 0.14243578910827637 to map traces recovered traces to real ones
Overall accuracy: 0.9583333333333334
Overall error: 0.19999999999999993
Overall accuracy std: 0.0
Overall error std: 0.24494897427831774
Took 0.15881609916687012 to complete evaluation


2# Evaluating trace simulator with parameters:
> Users: 16
> Towers: 16
> Velocity: (0.01, 0.01)

Took 0.006613016128540039 to generate all
Took 0.00039076805114746094 to create build distribution matrix
Recovering: 100%|███████████████████████████████████████████████████████████████████████████████████████████████████████████████████████████████| 24/24 [00:00<00:00, 1082.73it/s]
Took 0.02294301986694336 to create recover traces from aggregated data
Mapping: 100%|██████████████████████████████████████████████████████████████████████████████████████████████████████████████████████████████████| 16/16 [00:00<00:00, 1021.85it/s]
Mapping: 100%|██████████████████████████████████████████████████████████████████████████████████████████████████████████████████████████████████| 16/16 [00:00<00:00, 1071.10it/s]
Mapping: 100%|███████████████████████████████████████████████████████████████████████████████████████████████████████████████████████████████████| 16/16 [00:00<00:00, 969.46it/s]
Mapping: 100%|██████████████████████████████████████████████████████████████████████████████████████████████████████████████████████████████████| 16/16 [00:00<00:00, 1008.38it/s]
Mapping: 100%|███████████████████████████████████████████████████████████████████████████████████████████████████████████████████████████████████| 16/16 [00:00<00:00, 959.18it/s]
Mapping: 100%|███████████████████████████████████████████████████████████████████████████████████████████████████████████████████████████████████| 16/16 [00:00<00:00, 964.72it/s]
Mapping: 100%|██████████████████████████████████████████████████████████████████████████████████████████████████████████████████████████████████| 16/16 [00:00<00:00, 1147.71it/s]
Mapping: 100%|██████████████████████████████████████████████████████████████████████████████████████████████████████████████████████████████████| 16/16 [00:00<00:00, 1003.26it/s]
Mapping: 100%|██████████████████████████████████████████████████████████████████████████████████████████████████████████████████████████████████| 16/16 [00:00<00:00, 1597.60it/s]
Mapping: 100%|██████████████████████████████████████████████████████████████████████████████████████████████████████████████████████████████████| 16/16 [00:00<00:00, 1559.47it/s]
Took 0.14502501487731934 to map traces recovered traces to real ones
Overall accuracy: 0.8588541666666666
Overall error: 1.568056029268159
Overall accuracy std: 0.004166666666666696
Overall error std: 1.5637471833319079
Took 0.17752814292907715 to complete evaluation


3# Evaluating trace simulator with parameters:
> Users: 16
> Towers: 36
> Velocity: (0.01, 0.01)

Took 0.0072650909423828125 to generate all
Took 0.0005979537963867188 to create build distribution matrix
Recovering: 100%|████████████████████████████████████████████████████████████████████████████████████████████████████████████████████████████████| 24/24 [00:00<00:00, 993.55it/s]
Took 0.024746179580688477 to create recover traces from aggregated data
Mapping: 100%|██████████████████████████████████████████████████████████████████████████████████████████████████████████████████████████████████| 16/16 [00:00<00:00, 1077.59it/s]
Mapping: 100%|██████████████████████████████████████████████████████████████████████████████████████████████████████████████████████████████████| 16/16 [00:00<00:00, 1002.63it/s]
Mapping: 100%|███████████████████████████████████████████████████████████████████████████████████████████████████████████████████████████████████| 16/16 [00:00<00:00, 975.02it/s]
Mapping: 100%|███████████████████████████████████████████████████████████████████████████████████████████████████████████████████████████████████| 16/16 [00:00<00:00, 973.66it/s]
Mapping: 100%|██████████████████████████████████████████████████████████████████████████████████████████████████████████████████████████████████| 16/16 [00:00<00:00, 1054.42it/s]
Mapping: 100%|██████████████████████████████████████████████████████████████████████████████████████████████████████████████████████████████████| 16/16 [00:00<00:00, 1034.74it/s]
Mapping: 100%|██████████████████████████████████████████████████████████████████████████████████████████████████████████████████████████████████| 16/16 [00:00<00:00, 1185.29it/s]
Mapping: 100%|██████████████████████████████████████████████████████████████████████████████████████████████████████████████████████████████████| 16/16 [00:00<00:00, 1262.30it/s]
Mapping: 100%|██████████████████████████████████████████████████████████████████████████████████████████████████████████████████████████████████| 16/16 [00:00<00:00, 1799.55it/s]
Mapping: 100%|██████████████████████████████████████████████████████████████████████████████████████████████████████████████████████████████████| 16/16 [00:00<00:00, 1664.94it/s]
Took 0.14236092567443848 to map traces recovered traces to real ones
Overall accuracy: 0.6473958333333333
Overall error: 3.216153953527372
Overall accuracy std: 0.0031249999999999555
Overall error std: 2.8225375777278683
Took 0.17741966247558594 to complete evaluation


4# Evaluating trace simulator with parameters:
> Users: 32
> Towers: 16
> Velocity: (0.01, 0.01)

Took 0.011874198913574219 to generate all
Took 0.0005300045013427734 to create build distribution matrix
Recovering: 100%|████████████████████████████████████████████████████████████████████████████████████████████████████████████████████████████████| 24/24 [00:00<00:00, 355.39it/s]
Took 0.0689997673034668 to create recover traces from aggregated data
Mapping: 100%|███████████████████████████████████████████████████████████████████████████████████████████████████████████████████████████████████| 32/32 [00:00<00:00, 489.63it/s]
Mapping: 100%|███████████████████████████████████████████████████████████████████████████████████████████████████████████████████████████████████| 32/32 [00:00<00:00, 495.33it/s]
Mapping: 100%|███████████████████████████████████████████████████████████████████████████████████████████████████████████████████████████████████| 32/32 [00:00<00:00, 445.45it/s]
Mapping: 100%|███████████████████████████████████████████████████████████████████████████████████████████████████████████████████████████████████| 32/32 [00:00<00:00, 452.76it/s]
Mapping: 100%|███████████████████████████████████████████████████████████████████████████████████████████████████████████████████████████████████| 32/32 [00:00<00:00, 515.98it/s]
Mapping: 100%|███████████████████████████████████████████████████████████████████████████████████████████████████████████████████████████████████| 32/32 [00:00<00:00, 492.39it/s]
Mapping: 100%|███████████████████████████████████████████████████████████████████████████████████████████████████████████████████████████████████| 32/32 [00:00<00:00, 524.11it/s]
Mapping: 100%|███████████████████████████████████████████████████████████████████████████████████████████████████████████████████████████████████| 32/32 [00:00<00:00, 344.65it/s]
Mapping: 100%|███████████████████████████████████████████████████████████████████████████████████████████████████████████████████████████████████| 32/32 [00:00<00:00, 933.79it/s]
Mapping: 100%|███████████████████████████████████████████████████████████████████████████████████████████████████████████████████████████████████| 32/32 [00:00<00:00, 751.88it/s]
Took 0.24842405319213867 to map traces recovered traces to real ones
Overall accuracy: 0.6986979166666667
Overall error: 3.876297620126367
Overall accuracy std: 0.019270833333333348
Overall error std: 3.218029929108471
Took 0.3331639766693115 to complete evaluation


5# Evaluating trace simulator with parameters:
> Users: 32
> Towers: 36
> Velocity: (0.01, 0.01)

Took 0.011542081832885742 to generate all
Took 0.0006167888641357422 to create build distribution matrix
Recovering: 100%|████████████████████████████████████████████████████████████████████████████████████████████████████████████████████████████████| 24/24 [00:00<00:00, 334.01it/s]
Took 0.07248806953430176 to create recover traces from aggregated data
Mapping: 100%|███████████████████████████████████████████████████████████████████████████████████████████████████████████████████████████████████| 32/32 [00:00<00:00, 567.32it/s]
Mapping: 100%|███████████████████████████████████████████████████████████████████████████████████████████████████████████████████████████████████| 32/32 [00:00<00:00, 538.92it/s]
Mapping: 100%|███████████████████████████████████████████████████████████████████████████████████████████████████████████████████████████████████| 32/32 [00:00<00:00, 522.64it/s]
Mapping: 100%|███████████████████████████████████████████████████████████████████████████████████████████████████████████████████████████████████| 32/32 [00:00<00:00, 542.80it/s]
Mapping: 100%|███████████████████████████████████████████████████████████████████████████████████████████████████████████████████████████████████| 32/32 [00:00<00:00, 497.32it/s]
Mapping: 100%|███████████████████████████████████████████████████████████████████████████████████████████████████████████████████████████████████| 32/32 [00:00<00:00, 548.75it/s]
Mapping: 100%|███████████████████████████████████████████████████████████████████████████████████████████████████████████████████████████████████| 32/32 [00:00<00:00, 503.59it/s]
Mapping: 100%|███████████████████████████████████████████████████████████████████████████████████████████████████████████████████████████████████| 32/32 [00:00<00:00, 523.09it/s]
Mapping: 100%|███████████████████████████████████████████████████████████████████████████████████████████████████████████████████████████████████| 32/32 [00:00<00:00, 952.72it/s]
Mapping: 100%|██████████████████████████████████████████████████████████████████████████████████████████████████████████████████████████████████| 32/32 [00:00<00:00, 1081.44it/s]
Took 0.24823307991027832 to map traces recovered traces to real ones
Overall accuracy: 0.53984375
Overall error: 4.955104983530735
Overall accuracy std: 0.0140625
Overall error std: 2.9394949214335204
Took 0.33608078956604004 to complete evaluation


6# Evaluating trace simulator with parameters:
> Users: 64
> Towers: 16
> Velocity: (0.01, 0.01)

Took 0.021283864974975586 to generate all
Took 0.0005099773406982422 to create build distribution matrix
Recovering: 100%|████████████████████████████████████████████████████████████████████████████████████████████████████████████████████████████████| 24/24 [00:00<00:00, 121.87it/s]
Took 0.1976180076599121 to create recover traces from aggregated data
Mapping: 100%|███████████████████████████████████████████████████████████████████████████████████████████████████████████████████████████████████| 64/64 [00:00<00:00, 288.74it/s]
Mapping: 100%|███████████████████████████████████████████████████████████████████████████████████████████████████████████████████████████████████| 64/64 [00:00<00:00, 278.82it/s]
Mapping: 100%|███████████████████████████████████████████████████████████████████████████████████████████████████████████████████████████████████| 64/64 [00:00<00:00, 284.31it/s]
Mapping: 100%|███████████████████████████████████████████████████████████████████████████████████████████████████████████████████████████████████| 64/64 [00:00<00:00, 278.74it/s]
Mapping: 100%|███████████████████████████████████████████████████████████████████████████████████████████████████████████████████████████████████| 64/64 [00:00<00:00, 277.19it/s]
Mapping: 100%|███████████████████████████████████████████████████████████████████████████████████████████████████████████████████████████████████| 64/64 [00:00<00:00, 270.99it/s]
Mapping: 100%|███████████████████████████████████████████████████████████████████████████████████████████████████████████████████████████████████| 64/64 [00:00<00:00, 280.18it/s]
Mapping: 100%|███████████████████████████████████████████████████████████████████████████████████████████████████████████████████████████████████| 64/64 [00:00<00:00, 291.50it/s]
Mapping: 100%|███████████████████████████████████████████████████████████████████████████████████████████████████████████████████████████████████| 64/64 [00:00<00:00, 543.61it/s]
Mapping: 100%|███████████████████████████████████████████████████████████████████████████████████████████████████████████████████████████████████| 64/64 [00:00<00:00, 583.75it/s]
Took 0.4474060535430908 to map traces recovered traces to real ones
Overall accuracy: 0.608203125
Overall error: 5.139384121283378
Overall accuracy std: 0.00026041666666660747
Overall error std: 4.63806896190641
Took 0.6695868968963623 to complete evaluation


7# Evaluating trace simulator with parameters:
> Users: 64
> Towers: 36
> Velocity: (0.01, 0.01)

Took 0.022552013397216797 to generate all
Took 0.0007829666137695312 to create build distribution matrix
Recovering: 100%|█████████████████████████████████████████████████████████████████████████████████████████████████████████████████████████████████| 24/24 [00:00<00:00, 87.00it/s]
Took 0.27655816078186035 to create recover traces from aggregated data
Mapping: 100%|███████████████████████████████████████████████████████████████████████████████████████████████████████████████████████████████████| 64/64 [00:00<00:00, 291.13it/s]
Mapping: 100%|███████████████████████████████████████████████████████████████████████████████████████████████████████████████████████████████████| 64/64 [00:00<00:00, 280.46it/s]
Mapping: 100%|███████████████████████████████████████████████████████████████████████████████████████████████████████████████████████████████████| 64/64 [00:00<00:00, 271.36it/s]
Mapping: 100%|███████████████████████████████████████████████████████████████████████████████████████████████████████████████████████████████████| 64/64 [00:00<00:00, 272.81it/s]
Mapping: 100%|███████████████████████████████████████████████████████████████████████████████████████████████████████████████████████████████████| 64/64 [00:00<00:00, 270.59it/s]
Mapping: 100%|███████████████████████████████████████████████████████████████████████████████████████████████████████████████████████████████████| 64/64 [00:00<00:00, 268.59it/s]
Mapping: 100%|███████████████████████████████████████████████████████████████████████████████████████████████████████████████████████████████████| 64/64 [00:00<00:00, 268.04it/s]
Mapping: 100%|███████████████████████████████████████████████████████████████████████████████████████████████████████████████████████████████████| 64/64 [00:00<00:00, 255.75it/s]
Mapping: 100%|███████████████████████████████████████████████████████████████████████████████████████████████████████████████████████████████████| 64/64 [00:00<00:00, 490.12it/s]
Mapping: 100%|███████████████████████████████████████████████████████████████████████████████████████████████████████████████████████████████████| 64/64 [00:00<00:00, 526.38it/s]
Took 0.4467802047729492 to map traces recovered traces to real ones
Overall accuracy: 0.4151041666666667
Overall error: 6.890572885352856
Overall accuracy std: 0.007031250000000023
Overall error std: 3.722323836025662
Took 0.7500739097595215 to complete evaluation


8# Evaluating trace simulator with parameters:
> Users: 256
> Towers: 16
> Velocity: (0.01, 0.01)

Took 0.08254003524780273 to generate all
Took 0.0009217262268066406 to create build distribution matrix
Recovering: 100%|█████████████████████████████████████████████████████████████████████████████████████████████████████████████████████████████████| 24/24 [00:04<00:00,  5.68it/s]
Took 4.228981971740723 to create recover traces from aggregated data
Mapping: 100%|██████████████████████████████████████████████████████████████████████████████████████████████████████████████████████████████████| 256/256 [00:03<00:00, 74.75it/s]
Mapping: 100%|██████████████████████████████████████████████████████████████████████████████████████████████████████████████████████████████████| 256/256 [00:03<00:00, 72.68it/s]
Mapping: 100%|██████████████████████████████████████████████████████████████████████████████████████████████████████████████████████████████████| 256/256 [00:03<00:00, 71.13it/s]
Mapping: 100%|██████████████████████████████████████████████████████████████████████████████████████████████████████████████████████████████████| 256/256 [00:03<00:00, 70.78it/s]
Mapping: 100%|██████████████████████████████████████████████████████████████████████████████████████████████████████████████████████████████████| 256/256 [00:03<00:00, 70.87it/s]
Mapping: 100%|██████████████████████████████████████████████████████████████████████████████████████████████████████████████████████████████████| 256/256 [00:03<00:00, 70.31it/s]
Mapping: 100%|██████████████████████████████████████████████████████████████████████████████████████████████████████████████████████████████████| 256/256 [00:03<00:00, 70.76it/s]
Mapping: 100%|██████████████████████████████████████████████████████████████████████████████████████████████████████████████████████████████████| 256/256 [00:03<00:00, 71.87it/s]
Mapping: 100%|█████████████████████████████████████████████████████████████████████████████████████████████████████████████████████████████████| 256/256 [00:01<00:00, 141.42it/s]
Mapping: 100%|█████████████████████████████████████████████████████████████████████████████████████████████████████████████████████████████████| 256/256 [00:01<00:00, 150.92it/s]
Took 5.621679306030273 to map traces recovered traces to real ones
Overall accuracy: 0.6977539062500001
Overall error: 3.665902336685234
Overall accuracy std: 0.0022786458333333482
Overall error std: 3.979768460210549
Took 9.937967777252197 to complete evaluation


9# Evaluating trace simulator with parameters:
> Users: 256
> Towers: 36
> Velocity: (0.01, 0.01)

Took 0.08128929138183594 to generate all
Took 0.0010371208190917969 to create build distribution matrix
Recovering: 100%|█████████████████████████████████████████████████████████████████████████████████████████████████████████████████████████████████| 24/24 [00:06<00:00,  3.70it/s]
Took 6.480514764785767 to create recover traces from aggregated data
Mapping: 100%|██████████████████████████████████████████████████████████████████████████████████████████████████████████████████████████████████| 256/256 [00:03<00:00, 74.01it/s]
Mapping: 100%|██████████████████████████████████████████████████████████████████████████████████████████████████████████████████████████████████| 256/256 [00:03<00:00, 72.25it/s]
Mapping: 100%|██████████████████████████████████████████████████████████████████████████████████████████████████████████████████████████████████| 256/256 [00:03<00:00, 71.69it/s]
Mapping: 100%|██████████████████████████████████████████████████████████████████████████████████████████████████████████████████████████████████| 256/256 [00:03<00:00, 69.90it/s]
Mapping: 100%|██████████████████████████████████████████████████████████████████████████████████████████████████████████████████████████████████| 256/256 [00:03<00:00, 69.43it/s]
Mapping: 100%|██████████████████████████████████████████████████████████████████████████████████████████████████████████████████████████████████| 256/256 [00:03<00:00, 69.70it/s]
Mapping: 100%|██████████████████████████████████████████████████████████████████████████████████████████████████████████████████████████████████| 256/256 [00:03<00:00, 70.48it/s]
Mapping: 100%|██████████████████████████████████████████████████████████████████████████████████████████████████████████████████████████████████| 256/256 [00:03<00:00, 71.83it/s]
Mapping: 100%|█████████████████████████████████████████████████████████████████████████████████████████████████████████████████████████████████| 256/256 [00:01<00:00, 141.01it/s]
Mapping: 100%|█████████████████████████████████████████████████████████████████████████████████████████████████████████████████████████████████| 256/256 [00:01<00:00, 148.10it/s]
Took 5.658262014389038 to map traces recovered traces to real ones
Overall accuracy: 0.4868815104166666
Overall error: 5.736014850671232
Overall accuracy std: 0.0014322916666666742
Overall error std: 3.922491045008876
Took 12.225429058074951 to complete evaluation


10# Evaluating trace simulator with parameters:
> Users: 512
> Towers: 16
> Velocity: (0.01, 0.01)

Took 0.1507711410522461 to generate all
Took 0.0013539791107177734 to create build distribution matrix
Recovering: 100%|█████████████████████████████████████████████████████████████████████████████████████████████████████████████████████████████████| 24/24 [00:28<00:00,  1.18s/it]
Took 28.237279176712036 to create recover traces from aggregated data
Mapping: 100%|██████████████████████████████████████████████████████████████████████████████████████████████████████████████████████████████████| 512/512 [00:13<00:00, 38.57it/s]
Mapping: 100%|██████████████████████████████████████████████████████████████████████████████████████████████████████████████████████████████████| 512/512 [00:13<00:00, 37.26it/s]
Mapping: 100%|██████████████████████████████████████████████████████████████████████████████████████████████████████████████████████████████████| 512/512 [00:13<00:00, 36.83it/s]
Mapping: 100%|██████████████████████████████████████████████████████████████████████████████████████████████████████████████████████████████████| 512/512 [00:14<00:00, 35.66it/s]
Mapping: 100%|██████████████████████████████████████████████████████████████████████████████████████████████████████████████████████████████████| 512/512 [00:14<00:00, 35.42it/s]
Mapping: 100%|██████████████████████████████████████████████████████████████████████████████████████████████████████████████████████████████████| 512/512 [00:14<00:00, 35.26it/s]
Mapping: 100%|██████████████████████████████████████████████████████████████████████████████████████████████████████████████████████████████████| 512/512 [00:14<00:00, 35.95it/s]
Mapping: 100%|██████████████████████████████████████████████████████████████████████████████████████████████████████████████████████████████████| 512/512 [00:13<00:00, 36.94it/s]
Mapping: 100%|██████████████████████████████████████████████████████████████████████████████████████████████████████████████████████████████████| 512/512 [00:07<00:00, 70.68it/s]
Mapping: 100%|██████████████████████████████████████████████████████████████████████████████████████████████████████████████████████████████████| 512/512 [00:06<00:00, 79.27it/s]
Took 23.61575222015381 to map traces recovered traces to real ones
Overall accuracy: 0.77060546875
Overall error: 2.401713185286794
Overall accuracy std: 0.0006184895833333482
Overall error std: 2.6764256120185714
Took 52.01373791694641 to complete evaluation


11# Evaluating trace simulator with parameters:
> Users: 512
> Towers: 36
> Velocity: (0.01, 0.01)

Took 0.15372681617736816 to generate all
Took 0.0016520023345947266 to create build distribution matrix
Recovering: 100%|█████████████████████████████████████████████████████████████████████████████████████████████████████████████████████████████████| 24/24 [00:41<00:00,  1.74s/it]
Took 41.84203314781189 to create recover traces from aggregated data
Mapping: 100%|██████████████████████████████████████████████████████████████████████████████████████████████████████████████████████████████████| 512/512 [00:12<00:00, 40.30it/s]
Mapping: 100%|██████████████████████████████████████████████████████████████████████████████████████████████████████████████████████████████████| 512/512 [00:13<00:00, 38.58it/s]
Mapping: 100%|██████████████████████████████████████████████████████████████████████████████████████████████████████████████████████████████████| 512/512 [00:13<00:00, 37.60it/s]
Mapping: 100%|██████████████████████████████████████████████████████████████████████████████████████████████████████████████████████████████████| 512/512 [00:13<00:00, 36.65it/s]
Mapping: 100%|██████████████████████████████████████████████████████████████████████████████████████████████████████████████████████████████████| 512/512 [00:14<00:00, 36.38it/s]
Mapping: 100%|██████████████████████████████████████████████████████████████████████████████████████████████████████████████████████████████████| 512/512 [00:13<00:00, 36.59it/s]
Mapping: 100%|██████████████████████████████████████████████████████████████████████████████████████████████████████████████████████████████████| 512/512 [00:13<00:00, 37.56it/s]
Mapping: 100%|██████████████████████████████████████████████████████████████████████████████████████████████████████████████████████████████████| 512/512 [00:13<00:00, 38.53it/s]
Mapping: 100%|██████████████████████████████████████████████████████████████████████████████████████████████████████████████████████████████████| 512/512 [00:07<00:00, 69.64it/s]
Mapping: 100%|██████████████████████████████████████████████████████████████████████████████████████████████████████████████████████████████████| 512/512 [00:06<00:00, 77.12it/s]
Took 23.11991024017334 to map traces recovered traces to real ones
Overall accuracy: 0.5778645833333333
Overall error: 4.1444634007711425
Overall accuracy std: 3.255208333330373e-05
Overall error std: 3.5414832671355656
Took 65.12784814834595 to complete evaluation


12# Evaluating trace simulator with parameters:
> Users: 1024
> Towers: 16
> Velocity: (0.01, 0.01)

Took 0.2903618812561035 to generate all
Took 0.0022809505462646484 to create build distribution matrix
Recovering: 100%|█████████████████████████████████████████████████████████████████████████████████████████████████████████████████████████████████| 24/24 [03:54<00:00,  9.76s/it]
Took 234.35504293441772 to create recover traces from aggregated data
Mapping: 100%|████████████████████████████████████████████████████████████████████████████████████████████████████████████████████████████████| 1024/1024 [00:51<00:00, 19.70it/s]
Mapping: 100%|████████████████████████████████████████████████████████████████████████████████████████████████████████████████████████████████| 1024/1024 [00:54<00:00, 18.67it/s]
Mapping: 100%|████████████████████████████████████████████████████████████████████████████████████████████████████████████████████████████████| 1024/1024 [00:58<00:00, 17.57it/s]
Mapping: 100%|████████████████████████████████████████████████████████████████████████████████████████████████████████████████████████████████| 1024/1024 [01:00<00:00, 17.02it/s]
Mapping: 100%|████████████████████████████████████████████████████████████████████████████████████████████████████████████████████████████████| 1024/1024 [01:00<00:00, 16.93it/s]
Mapping: 100%|████████████████████████████████████████████████████████████████████████████████████████████████████████████████████████████████| 1024/1024 [01:00<00:00, 17.02it/s]
Mapping: 100%|████████████████████████████████████████████████████████████████████████████████████████████████████████████████████████████████| 1024/1024 [00:58<00:00, 17.44it/s]
Mapping: 100%|████████████████████████████████████████████████████████████████████████████████████████████████████████████████████████████████| 1024/1024 [00:56<00:00, 18.24it/s]
Mapping: 100%|████████████████████████████████████████████████████████████████████████████████████████████████████████████████████████████████| 1024/1024 [00:35<00:00, 29.25it/s]
Mapping: 100%|████████████████████████████████████████████████████████████████████████████████████████████████████████████████████████████████| 1024/1024 [00:31<00:00, 32.01it/s]
Took 96.4198808670044 to map traces recovered traces to real ones
Overall accuracy: 0.787646484375
Overall error: 2.10824479093936
Overall accuracy std: 0.00087890625
Overall error std: 2.4413697909719843
Took 331.092001914978 to complete evaluation


13# Evaluating trace simulator with parameters:
> Users: 1024
> Towers: 36
> Velocity: (0.01, 0.01)

Took 0.2938392162322998 to generate all
Took 0.002624988555908203 to create build distribution matrix
Recovering: 100%|█████████████████████████████████████████████████████████████████████████████████████████████████████████████████████████████████| 24/24 [07:20<00:00, 18.36s/it]
Took 440.72568702697754 to create recover traces from aggregated data
Mapping: 100%|████████████████████████████████████████████████████████████████████████████████████████████████████████████████████████████████| 1024/1024 [00:49<00:00, 20.53it/s]
Mapping: 100%|████████████████████████████████████████████████████████████████████████████████████████████████████████████████████████████████| 1024/1024 [00:52<00:00, 19.37it/s]
Mapping: 100%|████████████████████████████████████████████████████████████████████████████████████████████████████████████████████████████████| 1024/1024 [00:55<00:00, 18.41it/s]
Mapping: 100%|████████████████████████████████████████████████████████████████████████████████████████████████████████████████████████████████| 1024/1024 [00:59<00:00, 17.27it/s]
Mapping: 100%|████████████████████████████████████████████████████████████████████████████████████████████████████████████████████████████████| 1024/1024 [00:59<00:00, 17.19it/s]
Mapping: 100%|████████████████████████████████████████████████████████████████████████████████████████████████████████████████████████████████| 1024/1024 [00:58<00:00, 17.47it/s]
Mapping: 100%|████████████████████████████████████████████████████████████████████████████████████████████████████████████████████████████████| 1024/1024 [00:56<00:00, 18.04it/s]
Mapping: 100%|████████████████████████████████████████████████████████████████████████████████████████████████████████████████████████████████| 1024/1024 [00:54<00:00, 18.78it/s]
Mapping: 100%|████████████████████████████████████████████████████████████████████████████████████████████████████████████████████████████████| 1024/1024 [00:36<00:00, 27.86it/s]
Mapping: 100%|████████████████████████████████████████████████████████████████████████████████████████████████████████████████████████████████| 1024/1024 [00:33<00:00, 30.87it/s]
Took 95.90161800384521 to map traces recovered traces to real ones
Overall accuracy: 0.6205810546875
Overall error: 3.3804942231455875
Overall accuracy std: 0.00035807291666660744
Overall error std: 3.193958000107466
Took 536.9470822811127 to complete evaluation


14# Evaluating trace simulator with parameters:
> Users: 2048
> Towers: 16
> Velocity: (0.01, 0.01)

Took 0.5792849063873291 to generate all
Took 0.004057168960571289 to create build distribution matrix
Recovering: 100%|████████████████████████████████████████████████████████████████████████████████████████████████████████████████████████████████| 24/24 [46:23<00:00, 115.97s/it]
Took 2783.1896228790283 to create recover traces from aggregated data
Mapping: 100%|████████████████████████████████████████████████████████████████████████████████████████████████████████████████████████████████| 2048/2048 [03:40<00:00,  9.27it/s]
Mapping: 100%|████████████████████████████████████████████████████████████████████████████████████████████████████████████████████████████████| 2048/2048 [03:50<00:00,  8.88it/s]
Mapping: 100%|████████████████████████████████████████████████████████████████████████████████████████████████████████████████████████████████| 2048/2048 [03:55<00:00,  8.68it/s]
Mapping: 100%|████████████████████████████████████████████████████████████████████████████████████████████████████████████████████████████████| 2048/2048 [04:00<00:00,  8.51it/s]
Mapping: 100%|████████████████████████████████████████████████████████████████████████████████████████████████████████████████████████████████| 2048/2048 [04:00<00:00,  8.51it/s]
Mapping: 100%|████████████████████████████████████████████████████████████████████████████████████████████████████████████████████████████████| 2048/2048 [03:58<00:00,  8.59it/s]
Mapping: 100%|████████████████████████████████████████████████████████████████████████████████████████████████████████████████████████████████| 2048/2048 [03:53<00:00,  8.78it/s]
Mapping: 100%|████████████████████████████████████████████████████████████████████████████████████████████████████████████████████████████████| 2048/2048 [03:45<00:00,  9.07it/s]
Mapping: 100%|████████████████████████████████████████████████████████████████████████████████████████████████████████████████████████████████| 2048/2048 [02:08<00:00, 15.93it/s]
Mapping: 100%|████████████████████████████████████████████████████████████████████████████████████████████████████████████████████████████████| 2048/2048 [01:55<00:00, 17.77it/s]
Took 375.91642808914185 to map traces recovered traces to real ones
Overall accuracy: 0.7871256510416667
Overall error: 2.0121706832321733
Overall accuracy std: 0.00013020833333330373
Overall error std: 2.3944576744497565
Took 3159.7825820446014 to complete evaluation


15# Evaluating trace simulator with parameters:
> Users: 2048
> Towers: 36
> Velocity: (0.01, 0.01)

Took 0.5573318004608154 to generate all
Took 0.004419803619384766 to create build distribution matrix
Recovering: 100%|██████████████████████████████████████████████████████████████████████████████████████████████████████████████████████████████| 24/24 [1:14:45<00:00, 186.91s/it]
Took 4485.754992008209 to create recover traces from aggregated data
Mapping: 100%|████████████████████████████████████████████████████████████████████████████████████████████████████████████████████████████████| 2048/2048 [03:45<00:00,  9.07it/s]
Mapping: 100%|████████████████████████████████████████████████████████████████████████████████████████████████████████████████████████████████| 2048/2048 [03:54<00:00,  8.73it/s]
Mapping: 100%|████████████████████████████████████████████████████████████████████████████████████████████████████████████████████████████████| 2048/2048 [04:00<00:00,  8.52it/s]
Mapping: 100%|████████████████████████████████████████████████████████████████████████████████████████████████████████████████████████████████| 2048/2048 [04:04<00:00,  8.39it/s]
Mapping: 100%|████████████████████████████████████████████████████████████████████████████████████████████████████████████████████████████████| 2048/2048 [04:04<00:00,  8.37it/s]
Mapping: 100%|████████████████████████████████████████████████████████████████████████████████████████████████████████████████████████████████| 2048/2048 [04:02<00:00,  8.45it/s]
Mapping: 100%|████████████████████████████████████████████████████████████████████████████████████████████████████████████████████████████████| 2048/2048 [03:57<00:00,  8.63it/s]
Mapping: 100%|████████████████████████████████████████████████████████████████████████████████████████████████████████████████████████████████| 2048/2048 [03:51<00:00,  8.85it/s]
Mapping: 100%|████████████████████████████████████████████████████████████████████████████████████████████████████████████████████████████████| 2048/2048 [02:03<00:00, 16.52it/s]
Mapping: 100%|████████████████████████████████████████████████████████████████████████████████████████████████████████████████████████████████| 2048/2048 [01:56<00:00, 17.54it/s]
Took 373.26164412498474 to map traces recovered traces to real ones
Overall accuracy: 0.64642333984375
Overall error: 2.6983553717460476
Overall accuracy std: 0.0
Overall error std: 2.7462745299870437
Took 4859.67115521431 to complete evaluation


16# Evaluating trace simulator with parameters:
> Users: 4096
> Towers: 16
> Velocity: (0.01, 0.01)

Took 1.1042029857635498 to generate all
Took 0.007394075393676758 to create build distribution matrix
Recovering: 100%|█████████████████████████████████████████████████████████████████████████████████████████████████████████████████████████████| 24/24 [8:57:29<00:00, 1343.72s/it]
Took 32249.23547887802 to create recover traces from aggregated data
Traceback (most recent call last):
  File "/Library/Frameworks/Python.framework/Versions/3.6/lib/python3.6/runpy.py", line 193, in _run_module_as_main
    "__main__", mod_spec)
  File "/Library/Frameworks/Python.framework/Versions/3.6/lib/python3.6/runpy.py", line 85, in _run_code
    exec(code, run_globals)
  File "/Users/leo/Documents/tscf/tracer/evaluate.py", line 118, in <module>
    fire.Fire(Evaluator)
  File "/Users/leo/Documents/tscf/.env/lib/python3.6/site-packages/fire/core.py", line 127, in Fire
    component_trace = _Fire(component, args, context, name)
  File "/Users/leo/Documents/tscf/.env/lib/python3.6/site-packages/fire/core.py", line 366, in _Fire
    component, remaining_args)
  File "/Users/leo/Documents/tscf/.env/lib/python3.6/site-packages/fire/core.py", line 542, in _CallCallable
    result = fn(*varargs, **kwargs)
  File "/Users/leo/Documents/tscf/tracer/evaluate.py", line 114, in run
    evaluate_simulations(mobility_model)
  File "/Users/leo/Documents/tscf/tracer/evaluate.py", line 103, in evaluate_simulations
    sigma=sigma
  File "/Users/leo/Documents/tscf/tracer/evaluate.py", line 35, in evaluate_simulator
    simulator.traces, mapping_style='accuracy', n_jobs=-1)
  File "/Users/leo/Documents/tscf/tracer/recover.py", line 221, in map_traces_analysis
    for _ in range(k)
  File "/Users/leo/Documents/tscf/.env/lib/python3.6/site-packages/joblib/parallel.py", line 789, in __call__
    self.retrieve()
  File "/Users/leo/Documents/tscf/.env/lib/python3.6/site-packages/joblib/parallel.py", line 699, in retrieve
    self._output.extend(job.get(timeout=self.timeout))
  File "/Library/Frameworks/Python.framework/Versions/3.6/lib/python3.6/multiprocessing/pool.py", line 608, in get
    raise self._value
  File "/Library/Frameworks/Python.framework/Versions/3.6/lib/python3.6/multiprocessing/pool.py", line 385, in _handle_tasks
    put(task)
  File "/Users/leo/Documents/tscf/.env/lib/python3.6/site-packages/joblib/pool.py", line 372, in send
    self._writer.send_bytes(buffer.getvalue())
  File "/Library/Frameworks/Python.framework/Versions/3.6/lib/python3.6/multiprocessing/connection.py", line 200, in send_bytes
    self._send_bytes(m[offset:offset + size])
  File "/Library/Frameworks/Python.framework/Versions/3.6/lib/python3.6/multiprocessing/connection.py", line 393, in _send_bytes
    header = struct.pack("!i", n)
struct.error: 'i' format requires -2147483648 <= number <= 2147483647
(.env) lpMacbook:tscf leo$
