0# Evaluating trace simulator with parameters:
> Users: 16
> Towers: 16
> Velocity: (0.01, 0.01)

Took 0.047273874282836914 to generate all
Took 0.0006909370422363281 to create build distribution matrix
Took 0.457366943359375 to create recover traces from aggregated data
Took 0.8117029666900635 to map traces recovered traces to real ones
Overall accuracy: 0.8744791666666666
Overall error: 1.0083333333333333
Overall accuracy std: 0.0010416666666666964
Overall error std: 1.9039250393740705
Took 1.3201558589935303 to complete evaluation


1# Evaluating trace simulator with parameters:
> Users: 16
> Towers: 64
> Velocity: (0.01, 0.01)

Took 0.016407012939453125 to generate all
Took 0.02696704864501953 to create build distribution matrix
Took 0.2802269458770752 to create recover traces from aggregated data
Took 0.4666628837585449 to map traces recovered traces to real ones
Overall accuracy: 0.9114583333333334
Overall error: 0.3571428571428571
Overall accuracy std: 1.1102230246251565e-16
Overall error std: 0.5601566836199329
Took 0.7949512004852295 to complete evaluation


2# Evaluating trace simulator with parameters:
> Users: 16
> Towers: 144
> Velocity: (0.01, 0.01)

Took 0.18008804321289062 to generate all
Took 0.003648042678833008 to create build distribution matrix
Took 0.2592020034790039 to create recover traces from aggregated data
Took 0.5212569236755371 to map traces recovered traces to real ones
Overall accuracy: 0.8307291666666667
Overall error: 0.664760330281285
Overall accuracy std: 0.0
Overall error std: 0.9930903032178033
Took 0.9781739711761475 to complete evaluation


3# Evaluating trace simulator with parameters:
> Users: 16
> Towers: 256
> Velocity: (0.01, 0.01)

Took 0.26859307289123535 to generate all
Took 0.06027793884277344 to create build distribution matrix
Took 0.23232793807983398 to create recover traces from aggregated data
Took 0.5693800449371338 to map traces recovered traces to real ones
Overall accuracy: 0.9322916666666666
Overall error: 0.15398923887182564
Overall accuracy std: 0.0
Overall error std: 0.21808800954078456
Took 1.1439659595489502 to complete evaluation


4# Evaluating trace simulator with parameters:
> Users: 16
> Towers: 400
> Velocity: (0.01, 0.01)

Took 0.2602560520172119 to generate all
Took 0.047083139419555664 to create build distribution matrix
Took 0.24146509170532227 to create recover traces from aggregated data
Took 1.0577259063720703 to map traces recovered traces to real ones
Overall accuracy: 0.8958333333333334
Overall error: 0.13157894736842105
Overall accuracy std: 1.1102230246251565e-16
Overall error std: 0.17054580785283846
Took 1.702728033065796 to complete evaluation


5# Evaluating trace simulator with parameters:
> Users: 16
> Towers: 576
> Velocity: (0.01, 0.01)

Took 0.15058112144470215 to generate all
Took 0.04698991775512695 to create build distribution matrix
Took 0.13628101348876953 to create recover traces from aggregated data
Took 1.448005199432373 to map traces recovered traces to real ones
Overall accuracy: 0.8802083333333333
Overall error: 0.17231239905996426
Overall accuracy std: 0.0
Overall error std: 0.2724389307130607
Took 1.9041500091552734 to complete evaluation


6# Evaluating trace simulator with parameters:
> Users: 16
> Towers: 784
> Velocity: (0.01, 0.01)

Took 0.13743376731872559 to generate all
Took 0.06652283668518066 to create build distribution matrix
Took 0.23396706581115723 to create recover traces from aggregated data
Took 1.5824928283691406 to map traces recovered traces to real ones
Overall accuracy: 0.9036458333333334
Overall error: 0.16823057729311913
Overall accuracy std: 0.0
Overall error std: 0.27478681145060246
Took 2.1330130100250244 to complete evaluation


7# Evaluating trace simulator with parameters:
> Users: 16
> Towers: 1024
> Velocity: (0.01, 0.01)

Took 0.21407794952392578 to generate all
Took 0.10835003852844238 to create build distribution matrix
Took 0.19205403327941895 to create recover traces from aggregated data
Took 2.0073039531707764 to map traces recovered traces to real ones
Overall accuracy: 0.8333333333333333
Overall error: 0.447229540885351
Overall accuracy std: 0.0
Overall error std: 0.6220153399317192
Took 2.6637158393859863 to complete evaluation


8# Evaluating trace simulator with parameters:
> Users: 64
> Towers: 16
> Velocity: (0.01, 0.01)

Took 0.12150192260742188 to generate all
Took 0.0009679794311523438 to create build distribution matrix
Took 1.8568239212036133 to create recover traces from aggregated data
Took 5.616683721542358 to map traces recovered traces to real ones
Overall accuracy: 0.6236979166666666
Overall error: 4.99940379501838
Overall accuracy std: 0.0026041666666666964
Overall error std: 4.270345989766239
Took 7.602128028869629 to complete evaluation


9# Evaluating trace simulator with parameters:
> Users: 64
> Towers: 64
> Velocity: (0.01, 0.01)

Took 0.050440073013305664 to generate all
Took 0.0023119449615478516 to create build distribution matrix
Took 3.3008220195770264 to create recover traces from aggregated data
Took 4.799623966217041 to map traces recovered traces to real ones
Overall accuracy: 0.36497395833333335
Overall error: 6.688059029838146
Overall accuracy std: 0.005729166666666673
Overall error std: 3.455549908567702
Took 8.159111022949219 to complete evaluation


10# Evaluating trace simulator with parameters:
> Users: 64
> Towers: 144
> Velocity: (0.01, 0.01)

Took 0.05518388748168945 to generate all
Took 0.003983974456787109 to create build distribution matrix
Took 2.7090859413146973 to create recover traces from aggregated data
Took 4.932318925857544 to map traces recovered traces to real ones
Overall accuracy: 0.4703125
Overall error: 3.134388947930025
Overall accuracy std: 0.0020833333333333923
Overall error std: 2.235842357257544
Took 7.708626985549927 to complete evaluation


11# Evaluating trace simulator with parameters:
> Users: 64
> Towers: 256
> Velocity: (0.01, 0.01)

Took 0.08019304275512695 to generate all
Took 0.04114794731140137 to create build distribution matrix
Took 2.0882160663604736 to create recover traces from aggregated data
Took 5.248603820800781 to map traces recovered traces to real ones
Overall accuracy: 0.6294270833333333
Overall error: 1.715399536123559
Overall accuracy std: 0.011458333333333346
Overall error std: 3.287093239327896
Took 7.50307297706604 to complete evaluation


12# Evaluating trace simulator with parameters:
> Users: 64
> Towers: 400
> Velocity: (0.01, 0.01)

Took 0.3563802242279053 to generate all
Took 0.04901576042175293 to create build distribution matrix
Took 2.440330982208252 to create recover traces from aggregated data
Took 9.760663270950317 to map traces recovered traces to real ones
Overall accuracy: 0.635546875
Overall error: 1.1865828244605328
Overall accuracy std: 0.00234375
Overall error std: 1.121035267894872
Took 12.658048152923584 to complete evaluation


13# Evaluating trace simulator with parameters:
> Users: 64
> Towers: 576
> Velocity: (0.01, 0.01)

Took 0.24618887901306152 to generate all
Took 0.15025615692138672 to create build distribution matrix
Took 2.2328970432281494 to create recover traces from aggregated data
Took 10.05410385131836 to map traces recovered traces to real ones
Overall accuracy: 0.6869791666666665
Overall error: 0.7607745686128349
Overall accuracy std: 0.0015625
Overall error std: 0.716549638411871
Took 12.808767080307007 to complete evaluation


14# Evaluating trace simulator with parameters:
> Users: 64
> Towers: 784
> Velocity: (0.01, 0.01)

Took 0.4401741027832031 to generate all
Took 0.17402386665344238 to create build distribution matrix
Took 2.3205208778381348 to create recover traces from aggregated data
Took 9.893657207489014 to map traces recovered traces to real ones
Overall accuracy: 0.6852864583333333
Overall error: 0.7563567650117659
Overall accuracy std: 0.012239583333333304
Overall error std: 1.6364283937269555
Took 13.027796030044556 to complete evaluation


15# Evaluating trace simulator with parameters:
> Users: 64
> Towers: 1024
> Velocity: (0.01, 0.01)

Took 0.6622481346130371 to generate all
Took 0.15890264511108398 to create build distribution matrix
Took 2.1181108951568604 to create recover traces from aggregated data
Took 10.006025791168213 to map traces recovered traces to real ones
Overall accuracy: 0.7625
Overall error: 0.98624207138407
Overall accuracy std: 0.0171875
Overall error std: 2.8361253791084953
Took 13.198113918304443 to complete evaluation


16# Evaluating trace simulator with parameters:
> Users: 144
> Towers: 16
> Velocity: (0.01, 0.01)

Took 0.5542678833007812 to generate all
Took 0.0012941360473632812 to create build distribution matrix
Took 8.193886041641235 to create recover traces from aggregated data
Took 28.040587186813354 to map traces recovered traces to real ones
Overall accuracy: 0.6480902777777777
Overall error: 4.3932662410743
Overall accuracy std: 0.005671296296296324
Overall error std: 4.119791009345517
Took 36.79544377326965 to complete evaluation


17# Evaluating trace simulator with parameters:
> Users: 144
> Towers: 64
> Velocity: (0.01, 0.01)

Took 0.30848002433776855 to generate all
Took 0.002511262893676758 to create build distribution matrix
Took 10.165143966674805 to create recover traces from aggregated data
Took 28.271113872528076 to map traces recovered traces to real ones
Overall accuracy: 0.319849537037037
Overall error: 7.735876301264059
Overall accuracy std: 0.0037037037037036978
Overall error std: 4.04437873732918
Took 38.75598382949829 to complete evaluation


18# Evaluating trace simulator with parameters:
> Users: 144
> Towers: 144
> Velocity: (0.01, 0.01)

Took 0.3342018127441406 to generate all
Took 0.03808283805847168 to create build distribution matrix
Took 12.087880849838257 to create recover traces from aggregated data
Took 27.765135765075684 to map traces recovered traces to real ones
Overall accuracy: 0.2873263888888889
Overall error: 6.820745582053347
Overall accuracy std: 0.0011574074074074182
Overall error std: 3.660250865646127
Took 40.23256015777588 to complete evaluation


19# Evaluating trace simulator with parameters:
> Users: 144
> Towers: 256
> Velocity: (0.01, 0.01)

Took 0.3758578300476074 to generate all
Took 0.04537487030029297 to create build distribution matrix
Took 10.716794729232788 to create recover traces from aggregated data
Took 27.55416989326477 to map traces recovered traces to real ones
Overall accuracy: 0.30358796296296287
Overall error: 5.752468578218201
Overall accuracy std: 0.0018518518518518823
Overall error std: 3.595647850621609
Took 38.7036190032959 to complete evaluation


20# Evaluating trace simulator with parameters:
> Users: 144
> Towers: 400
> Velocity: (0.01, 0.01)

Took 0.49500012397766113 to generate all
Took 0.03432273864746094 to create build distribution matrix
Took 10.625828981399536 to create recover traces from aggregated data
Took 48.22288680076599 to map traces recovered traces to real ones
Overall accuracy: 0.3477430555555555
Overall error: 4.0077260111879225
Overall accuracy std: 0.005902777777777768
Overall error std: 3.0664220250072636
Took 59.45337700843811 to complete evaluation


21# Evaluating trace simulator with parameters:
> Users: 144
> Towers: 576
> Velocity: (0.01, 0.01)

Took 0.6048839092254639 to generate all
Took 0.0690150260925293 to create build distribution matrix
Took 11.178741931915283 to create recover traces from aggregated data
Took 45.20267987251282 to map traces recovered traces to real ones
Overall accuracy: 0.38692129629629635
Overall error: 2.9797211489807083
Overall accuracy std: 0.003935185185185208
Overall error std: 3.4345485238668916
Took 57.196820974349976 to complete evaluation


22# Evaluating trace simulator with parameters:
> Users: 144
> Towers: 784
> Velocity: (0.01, 0.01)

Took 1.524656057357788 to generate all
Took 0.14190888404846191 to create build distribution matrix
Took 9.638192176818848 to create recover traces from aggregated data
Took 41.2391791343689 to map traces recovered traces to real ones
Overall accuracy: 0.4672453703703704
Overall error: 2.099862713384496
Overall accuracy std: 0.007407407407407418
Overall error std: 2.73385511249549
Took 52.763688802719116 to complete evaluation


23# Evaluating trace simulator with parameters:
> Users: 144
> Towers: 1024
> Velocity: (0.01, 0.01)

Took 2.310359001159668 to generate all
Took 0.22394704818725586 to create build distribution matrix
Took 11.437122106552124 to create recover traces from aggregated data
Took 37.59740686416626 to map traces recovered traces to real ones
Overall accuracy: 0.5762152777777778
Overall error: 1.0275163791707924
Overall accuracy std: 0.004976851851851904
Overall error std: 1.6759033479511414
Took 52.10877513885498 to complete evaluation


24# Evaluating trace simulator with parameters:
> Users: 256
> Towers: 16
> Velocity: (0.01, 0.01)

Took 1.3981916904449463 to generate all
Took 0.052591800689697266 to create build distribution matrix
Took 33.31780481338501 to create recover traces from aggregated data
Took 77.93008589744568 to map traces recovered traces to real ones
Overall accuracy: 0.7291341145833332
Overall error: 3.0564640434308843
Overall accuracy std: 0.0005859375000000444
Overall error std: 3.4157203755244825
Took 112.70455598831177 to complete evaluation


25# Evaluating trace simulator with parameters:
> Users: 256
> Towers: 64
> Velocity: (0.01, 0.01)

Took 1.6034271717071533 to generate all
Took 0.002930879592895508 to create build distribution matrix
Took 48.442708015441895 to create recover traces from aggregated data
Took 74.77271509170532 to map traces recovered traces to real ones
Overall accuracy: 0.3922526041666667
Overall error: 6.36348919144628
Overall accuracy std: 0.0009765625000000221
Overall error std: 3.714731349488319
Took 124.83106589317322 to complete evaluation


26# Evaluating trace simulator with parameters:
> Users: 256
> Towers: 144
> Velocity: (0.01, 0.01)

Took 2.045607089996338 to generate all
Took 0.10373210906982422 to create build distribution matrix
Took 59.690553188323975 to create recover traces from aggregated data
Took 67.64622282981873 to map traces recovered traces to real ones
Overall accuracy: 0.2533203125
Overall error: 7.608266975284022
Overall accuracy std: 0.003776041666666652
Overall error std: 3.650347239101877
Took 129.4954948425293 to complete evaluation


27# Evaluating trace simulator with parameters:
> Users: 256
> Towers: 256
> Velocity: (0.01, 0.01)

Took 2.5448923110961914 to generate all
Took 0.12474489212036133 to create build distribution matrix
Took 69.69207501411438 to create recover traces from aggregated data
Took 66.1029839515686 to map traces recovered traces to real ones
Overall accuracy: 0.23645833333333335
Overall error: 7.216820937614338
Overall accuracy std: 0.001041666666666674
Overall error std: 3.3859886077043027
Took 138.47859811782837 to complete evaluation


28# Evaluating trace simulator with parameters:
> Users: 256
> Towers: 400
> Velocity: (0.01, 0.01)

Took 2.4565508365631104 to generate all
Took 0.11061310768127441 to create build distribution matrix
Took 67.53906416893005 to create recover traces from aggregated data
Took 137.303071975708 to map traces recovered traces to real ones
Overall accuracy: 0.21197916666666666
Overall error: 6.7774947044222955
Overall accuracy std: 0.001106770833333326
Overall error std: 3.385948369734328
Took 207.52204394340515 to complete evaluation


29# Evaluating trace simulator with parameters:
> Users: 256
> Towers: 576
> Velocity: (0.01, 0.01)

Took 2.866503953933716 to generate all
Took 0.22367501258850098 to create build distribution matrix
Took 70.41599798202515 to create recover traces from aggregated data
Took 133.75768303871155 to map traces recovered traces to real ones
Overall accuracy: 0.22001953125
Overall error: 6.279205178096029
Overall accuracy std: 0.0007161458333333259
Overall error std: 3.751761362663085
Took 207.50001502037048 to complete evaluation


30# Evaluating trace simulator with parameters:
> Users: 256
> Towers: 784
> Velocity: (0.01, 0.01)

Took 3.2522947788238525 to generate all
Took 0.2212810516357422 to create build distribution matrix
Took 67.34672999382019 to create recover traces from aggregated data
Took 119.17140483856201 to map traces recovered traces to real ones
Overall accuracy: 0.24140625
Overall error: 5.571255423345622
Overall accuracy std: 0.007877604166666686
Overall error std: 3.6557237474178432
Took 190.3339228630066 to complete evaluation


31# Evaluating trace simulator with parameters:
> Users: 256
> Towers: 1024
> Velocity: (0.01, 0.01)

Took 3.6873879432678223 to generate all
Took 0.3347487449645996 to create build distribution matrix
Took 71.94591784477234 to create recover traces from aggregated data
Took 97.89477300643921 to map traces recovered traces to real ones
Overall accuracy: 0.29277343749999996
Overall error: 3.631575485219251
Overall accuracy std: 0.0028645833333333483
Overall error std: 3.4015002474937717
Took 174.41865491867065 to complete evaluation


32# Evaluating trace simulator with parameters:
> Users: 400
> Towers: 16
> Velocity: (0.01, 0.01)

Took 1.0010013580322266 to generate all
Took 0.002405881881713867 to create build distribution matrix
Took 137.7085497379303 to create recover traces from aggregated data
Took 187.7628297805786 to map traces recovered traces to real ones
Overall accuracy: 0.7463958333333333
Overall error: 2.8687916675315854
Overall accuracy std: 0.0038749999999999397
Overall error std: 3.1075650315350196
Took 326.48365592956543 to complete evaluation


33# Evaluating trace simulator with parameters:
> Users: 400
> Towers: 64
> Velocity: (0.01, 0.01)

Took 2.696606159210205 to generate all
Took 0.09570193290710449 to create build distribution matrix
Took 174.97948002815247 to create recover traces from aggregated data
Took 184.49751114845276 to map traces recovered traces to real ones
Overall accuracy: 0.42445833333333327
Overall error: 5.7384396821828485
Overall accuracy std: 0.0033749999999999726
Overall error std: 3.8553383673386885
Took 362.2864897251129 to complete evaluation


34# Evaluating trace simulator with parameters:
> Users: 400
> Towers: 144
> Velocity: (0.01, 0.01)

Took 3.1388659477233887 to generate all
Took 0.005040884017944336 to create build distribution matrix
Took 219.390634059906 to create recover traces from aggregated data
Took 161.97314286231995 to map traces recovered traces to real ones
Overall accuracy: 0.2703125
Overall error: 7.167471018257062
Overall accuracy std: 0.002500000000000013
Overall error std: 3.5875547606075
Took 384.6201140880585 to complete evaluation


35# Evaluating trace simulator with parameters:
> Users: 400
> Towers: 256
> Velocity: (0.01, 0.01)

Took 2.9836349487304688 to generate all
Took 0.09535694122314453 to create build distribution matrix
Took 272.93250012397766 to create recover traces from aggregated data
Took 139.80695509910583 to map traces recovered traces to real ones
Overall accuracy: 0.21054166666666668
Overall error: 7.403657930069658
Overall accuracy std: 0.0019166666666666776
Overall error std: 3.2627149343163375
Took 415.9251637458801 to complete evaluation


36# Evaluating trace simulator with parameters:
> Users: 400
> Towers: 400
> Velocity: (0.01, 0.01)

Took 1.9236679077148438 to generate all
Took 0.11697912216186523 to create build distribution matrix
Took 289.8508710861206 to create recover traces from aggregated data
Took 279.84883403778076 to map traces recovered traces to real ones
Overall accuracy: 0.1934375
Overall error: 7.078465533554924
Overall accuracy std: 0.0002083333333333215
Overall error std: 3.362300908935699
Took 571.820109128952 to complete evaluation


37# Evaluating trace simulator with parameters:
> Users: 400
> Towers: 576
> Velocity: (0.01, 0.01)

Took 4.278371095657349 to generate all
Took 0.22003817558288574 to create build distribution matrix
Took 323.76894903182983 to create recover traces from aggregated data
Took 246.8521740436554 to map traces recovered traces to real ones
Overall accuracy: 0.1848125
Overall error: 6.897583106479227
Overall accuracy std: 0.0003750000000000031
Overall error std: 3.474312949220879
Took 575.3522398471832 to complete evaluation


38# Evaluating trace simulator with parameters:
> Users: 400
> Towers: 784
> Velocity: (0.01, 0.01)

Took 3.3188910484313965 to generate all
Took 0.1644270420074463 to create build distribution matrix
Took 349.2974429130554 to create recover traces from aggregated data
Took 237.26243805885315 to map traces recovered traces to real ones
Overall accuracy: 0.176
Overall error: 6.747639190054203
Overall accuracy std: 0.0007083333333333108
Overall error std: 3.741685768913053
Took 590.3546056747437 to complete evaluation


39# Evaluating trace simulator with parameters:
> Users: 400
> Towers: 1024
> Velocity: (0.01, 0.01)

Took 1.878519058227539 to generate all
Took 0.1261730194091797 to create build distribution matrix
Took 361.7907450199127 to create recover traces from aggregated data
Took 231.69368696212769 to map traces recovered traces to real ones
Overall accuracy: 0.185375
Overall error: 5.962828344805399
Overall accuracy std: 0.0005416666666666846
Overall error std: 3.449742149817284
Took 595.7131531238556 to complete evaluation


40# Evaluating trace simulator with parameters:
> Users: 576
> Towers: 16
> Velocity: (0.01, 0.01)

Took 0.996056079864502 to generate all
Took 0.023241281509399414 to create build distribution matrix
Took 352.71003103256226 to create recover traces from aggregated data
Took 285.40609192848206 to map traces recovered traces to real ones
Overall accuracy: 0.7560474537037037
Overall error: 2.6493254267150785
Overall accuracy std: 0.0006365740740740921
Overall error std: 3.022784894123196
Took 639.1548399925232 to complete evaluation


41# Evaluating trace simulator with parameters:
> Users: 576
> Towers: 64
> Velocity: (0.01, 0.01)

Took 1.4424798488616943 to generate all
Took 0.03521609306335449 to create build distribution matrix
Took 747.7554211616516 to create recover traces from aggregated data
Took 271.73016119003296 to map traces recovered traces to real ones
Overall accuracy: 0.42498553240740744
Overall error: 5.694143173361315
Overall accuracy std: 0.0010127314814814658
Overall error std: 3.8563634099832145
Took 1020.9841380119324 to complete evaluation


42# Evaluating trace simulator with parameters:
> Users: 576
> Towers: 144
> Velocity: (0.01, 0.01)

Took 2.480578899383545 to generate all
Took 0.060986995697021484 to create build distribution matrix
Took 877.0906641483307 to create recover traces from aggregated data
Took 269.8744521141052 to map traces recovered traces to real ones
Overall accuracy: 0.2809606481481482
Overall error: 6.8977150917222865
Overall accuracy std: 0.0020254629629629763
Overall error std: 3.566078198913815
Took 1149.536556005478 to complete evaluation


43# Evaluating trace simulator with parameters:
> Users: 576
> Towers: 256
> Velocity: (0.01, 0.01)

Took 2.243344783782959 to generate all
Took 0.05440092086791992 to create build distribution matrix
Took 1100.1743597984314 to create recover traces from aggregated data
Took 263.60626888275146 to map traces recovered traces to real ones
Overall accuracy: 0.21493055555555557
Overall error: 7.409030274381131
Overall accuracy std: 0.00026041666666667404
Overall error std: 3.4312490866673575
Took 1366.1785337924957 to complete evaluation


44# Evaluating trace simulator with parameters:
> Users: 576
> Towers: 400
> Velocity: (0.01, 0.01)

Took 2.119513988494873 to generate all
Took 0.09200692176818848 to create build distribution matrix
Took 1096.5876278877258 to create recover traces from aggregated data
Took 481.47175312042236 to map traces recovered traces to real ones
Overall accuracy: 0.1823784722222222
Overall error: 7.17670556801361
Overall accuracy std: 0.000260416666666663
Overall error std: 3.234534930436086
Took 1580.3042628765106 to complete evaluation


45# Evaluating trace simulator with parameters:
> Users: 576
> Towers: 576
> Velocity: (0.01, 0.01)

Took 2.1371591091156006 to generate all
Took 0.1045680046081543 to create build distribution matrix
Took 1206.9272918701172 to create recover traces from aggregated data
Took 483.0972800254822 to map traces recovered traces to real ones
Overall accuracy: 0.16875
Overall error: 7.034682446119443
Overall accuracy std: 0.001041666666666674
Overall error std: 3.2917049659653883
Took 1692.3689839839935 to complete evaluation


46# Evaluating trace simulator with parameters:
> Users: 576
> Towers: 784
> Velocity: (0.01, 0.01)

Took 2.4441089630126953 to generate all
Took 0.08222723007202148 to create build distribution matrix
Took 1176.242005109787 to create recover traces from aggregated data
Took 522.5699970722198 to map traces recovered traces to real ones
Overall accuracy: 0.1554976851851852
Overall error: 6.947239421859757
Overall accuracy std: 0.002372685185185186
Overall error std: 3.6440646884391197
Took 1701.4928209781647 to complete evaluation


47# Evaluating trace simulator with parameters:
> Users: 576
> Towers: 1024
> Velocity: (0.01, 0.01)

Took 2.9092509746551514 to generate all
Took 0.12362170219421387 to create build distribution matrix
Took 1247.308580160141 to create recover traces from aggregated data
Took 563.5541949272156 to map traces recovered traces to real ones
Overall accuracy: 0.1551070601851852
Overall error: 6.618131796729786
Overall accuracy std: 0.00011574074074074402
Overall error std: 3.5076610519785087
Took 1814.0850110054016 to complete evaluation


48# Evaluating trace simulator with parameters:
> Users: 16
> Towers: 16
> Velocity: (0.05, 0.05)

Took 0.021013975143432617 to generate all
Took 0.0008609294891357422 to create build distribution matrix
Took 0.4340672492980957 to create recover traces from aggregated data
Took 0.4622159004211426 to map traces recovered traces to real ones
Overall accuracy: 0.3182291666666667
Overall error: 9.760041525291609
Overall accuracy std: 0.004166666666666652
Overall error std: 2.181470561517748
Took 0.9258120059967041 to complete evaluation


49# Evaluating trace simulator with parameters:
> Users: 16
> Towers: 64
> Velocity: (0.05, 0.05)

Took 0.1313610076904297 to generate all
Took 0.001689910888671875 to create build distribution matrix
Took 0.28533387184143066 to create recover traces from aggregated data
Took 0.3227651119232178 to map traces recovered traces to real ones
Overall accuracy: 0.3364583333333333
Overall error: 6.130541583580485
Overall accuracy std: 0.011458333333333346
Overall error std: 3.005273555438594
Took 0.7459139823913574 to complete evaluation


50# Evaluating trace simulator with parameters:
> Users: 16
> Towers: 144
> Velocity: (0.05, 0.05)

Took 0.10483098030090332 to generate all
Took 0.00333404541015625 to create build distribution matrix
Took 0.25417494773864746 to create recover traces from aggregated data
Took 0.2724611759185791 to map traces recovered traces to real ones
Overall accuracy: 0.5114583333333333
Overall error: 3.316782112305796
Overall accuracy std: 0.007291666666666696
Overall error std: 1.9775294608398348
Took 0.675631046295166 to complete evaluation


51# Evaluating trace simulator with parameters:
> Users: 16
> Towers: 256
> Velocity: (0.05, 0.05)

Took 0.14403605461120605 to generate all
Took 0.006445169448852539 to create build distribution matrix
Took 0.18311190605163574 to create recover traces from aggregated data
Took 0.3304431438446045 to map traces recovered traces to real ones
Overall accuracy: 0.6979166666666667
Overall error: 1.4097658390147654
Overall accuracy std: 0.0
Overall error std: 1.1218812141134633
Took 0.713507890701294 to complete evaluation


52# Evaluating trace simulator with parameters:
> Users: 16
> Towers: 400
> Velocity: (0.05, 0.05)

Took 0.2167191505432129 to generate all
Took 0.040435791015625 to create build distribution matrix
Took 0.18939900398254395 to create recover traces from aggregated data
Took 0.6807401180267334 to map traces recovered traces to real ones
Overall accuracy: 0.7299479166666666
Overall error: 1.3130613223444816
Overall accuracy std: 0.014170591521263324
Overall error std: 1.573337530834508
Took 1.212048053741455 to complete evaluation


53# Evaluating trace simulator with parameters:
> Users: 16
> Towers: 576
> Velocity: (0.05, 0.05)

Took 0.08141613006591797 to generate all
Took 0.04258298873901367 to create build distribution matrix
Took 0.2140207290649414 to create recover traces from aggregated data
Took 0.6101770401000977 to map traces recovered traces to real ones
Overall accuracy: 0.8020833333333333
Overall error: 0.4818362632299175
Overall accuracy std: 0.0
Overall error std: 0.6000868152569471
Took 1.0319187641143799 to complete evaluation


54# Evaluating trace simulator with parameters:
> Users: 16
> Towers: 784
> Velocity: (0.05, 0.05)

Took 0.18381309509277344 to generate all
Took 0.13417696952819824 to create build distribution matrix
Took 0.17607593536376953 to create recover traces from aggregated data
Took 0.9353463649749756 to map traces recovered traces to real ones
Overall accuracy: 0.8723958333333333
Overall error: 0.4255026975648132
Overall accuracy std: 0.0
Overall error std: 0.6691166414502544
Took 1.6546711921691895 to complete evaluation


55# Evaluating trace simulator with parameters:
> Users: 16
> Towers: 1024
> Velocity: (0.05, 0.05)

Took 0.273421049118042 to generate all
Took 0.08083200454711914 to create build distribution matrix
Took 0.18534493446350098 to create recover traces from aggregated data
Took 0.9210050106048584 to map traces recovered traces to real ones
Overall accuracy: 0.9244791666666666
Overall error: 0.18633318031381726
Overall accuracy std: 0.0
Overall error std: 0.37977055225171047
Took 1.7080857753753662 to complete evaluation


56# Evaluating trace simulator with parameters:
> Users: 64
> Towers: 16
> Velocity: (0.05, 0.05)

Took 0.05010104179382324 to generate all
Took 0.0009799003601074219 to create build distribution matrix
Took 2.4286510944366455 to create recover traces from aggregated data
Took 2.6259877681732178 to map traces recovered traces to real ones
Overall accuracy: 0.3506510416666667
Overall error: 8.55656373194681
Overall accuracy std: 0.002083333333333326
Overall error std: 3.2126976942669896
Took 5.111496925354004 to complete evaluation


57# Evaluating trace simulator with parameters:
> Users: 64
> Towers: 64
> Velocity: (0.05, 0.05)

Took 0.05977582931518555 to generate all
Took 0.002006053924560547 to create build distribution matrix
Took 3.2152156829833984 to create recover traces from aggregated data
Took 2.544019937515259 to map traces recovered traces to real ones
Overall accuracy: 0.187109375
Overall error: 8.939176237507047
Overall accuracy std: 0.00078125
Overall error std: 2.5195425397392817
Took 5.838251113891602 to complete evaluation


58# Evaluating trace simulator with parameters:
> Users: 64
> Towers: 144
> Velocity: (0.05, 0.05)

Took 0.11092877388000488 to generate all
Took 0.0038306713104248047 to create build distribution matrix
Took 3.0041048526763916 to create recover traces from aggregated data
Took 2.925715923309326 to map traces recovered traces to real ones
Overall accuracy: 0.1604166666666667
Overall error: 8.175698838981912
Overall accuracy std: 0.003124999999999989
Overall error std: 2.6328070373526753
Took 6.051845073699951 to complete evaluation


59# Evaluating trace simulator with parameters:
> Users: 64
> Towers: 256
> Velocity: (0.05, 0.05)

Took 0.13431191444396973 to generate all
Took 0.030475854873657227 to create build distribution matrix
Took 2.7279460430145264 to create recover traces from aggregated data
Took 3.2449231147766113 to map traces recovered traces to real ones
Overall accuracy: 0.19947916666666665
Overall error: 7.32661756363643
Overall accuracy std: 0.001822916666666674
Overall error std: 3.3271827196050565
Took 6.1782872676849365 to complete evaluation


60# Evaluating trace simulator with parameters:
> Users: 64
> Towers: 400
> Velocity: (0.05, 0.05)

Took 0.18910479545593262 to generate all
Took 0.031080245971679688 to create build distribution matrix
Took 2.005095958709717 to create recover traces from aggregated data
Took 5.066611051559448 to map traces recovered traces to real ones
Overall accuracy: 0.346484375
Overall error: 5.4265636070558045
Overall accuracy std: 0.0015625
Overall error std: 3.415339356850892
Took 7.346291780471802 to complete evaluation


61# Evaluating trace simulator with parameters:
> Users: 64
> Towers: 576
> Velocity: (0.05, 0.05)

Took 0.16400599479675293 to generate all
Took 0.03952383995056152 to create build distribution matrix
Took 1.4849028587341309 to create recover traces from aggregated data
Took 4.30866003036499 to map traces recovered traces to real ones
Overall accuracy: 0.428125
Overall error: 4.17929580992429
Overall accuracy std: 0.004427083333333326
Overall error std: 3.356928135204759
Took 6.09623908996582 to complete evaluation


62# Evaluating trace simulator with parameters:
> Users: 64
> Towers: 784
> Velocity: (0.05, 0.05)

Took 0.20624399185180664 to generate all
Took 0.06463503837585449 to create build distribution matrix
Took 1.8193438053131104 to create recover traces from aggregated data
Took 4.580311059951782 to map traces recovered traces to real ones
Overall accuracy: 0.494140625
Overall error: 3.7340085329167834
Overall accuracy std: 0.0013020833333333259
Overall error std: 3.17288294610445
Took 6.793075323104858 to complete evaluation


63# Evaluating trace simulator with parameters:
> Users: 64
> Towers: 1024
> Velocity: (0.05, 0.05)

Took 0.356046199798584 to generate all
Took 0.0783538818359375 to create build distribution matrix
Took 1.7413058280944824 to create recover traces from aggregated data
Took 5.828060865402222 to map traces recovered traces to real ones
Overall accuracy: 0.5643229166666667
Overall error: 2.691285708523943
Overall accuracy std: 0.018489583333333347
Overall error std: 2.731669128676532
Took 8.120194673538208 to complete evaluation


64# Evaluating trace simulator with parameters:
> Users: 144
> Towers: 16
> Velocity: (0.05, 0.05)

Took 0.30493617057800293 to generate all
Took 0.0015370845794677734 to create build distribution matrix
Took 12.539001226425171 to create recover traces from aggregated data
Took 10.6565523147583 to map traces recovered traces to real ones
Overall accuracy: 0.39143518518518516
Overall error: 7.1886625259041255
Overall accuracy std: 0.00127314814814814
Overall error std: 2.7575646016103588
Took 23.50800108909607 to complete evaluation


65# Evaluating trace simulator with parameters:
> Users: 144
> Towers: 64
> Velocity: (0.05, 0.05)

Took 0.22624993324279785 to generate all
Took 0.03263401985168457 to create build distribution matrix
Took 20.612602949142456 to create recover traces from aggregated data
Took 10.822875022888184 to map traces recovered traces to real ones
Overall accuracy: 0.17690972222222223
Overall error: 9.050679962545884
Overall accuracy std: 0.003125
Overall error std: 2.6189153917263206
Took 31.7011501789093 to complete evaluation


66# Evaluating trace simulator with parameters:
> Users: 144
> Towers: 144
> Velocity: (0.05, 0.05)

Took 0.25 to generate all
Took 0.004369020462036133 to create build distribution matrix
Took 22.048302173614502 to create recover traces from aggregated data
Took 10.240533113479614 to map traces recovered traces to real ones
Overall accuracy: 0.13715277777777776
Overall error: 8.596208808783482
Overall accuracy std: 0.0005787037037037091
Overall error std: 2.503808096134287
Took 32.55116415023804 to complete evaluation


67# Evaluating trace simulator with parameters:
> Users: 144
> Towers: 256
> Velocity: (0.05, 0.05)

Took 0.2824742794036865 to generate all
Took 0.031250953674316406 to create build distribution matrix
Took 20.355597972869873 to create recover traces from aggregated data
Took 9.574026107788086 to map traces recovered traces to real ones
Overall accuracy: 0.13229166666666667
Overall error: 8.38729445428598
Overall accuracy std: 0.002777777777777779
Overall error std: 2.6758659058105976
Took 30.291353225708008 to complete evaluation


68# Evaluating trace simulator with parameters:
> Users: 144
> Towers: 400
> Velocity: (0.05, 0.05)

Took 0.34752607345581055 to generate all
Took 0.04139089584350586 to create build distribution matrix
Took 22.022207021713257 to create recover traces from aggregated data
Took 20.548194646835327 to map traces recovered traces to real ones
Overall accuracy: 0.16822916666666668
Overall error: 7.899525461658324
Overall accuracy std: 0.0015046296296296392
Overall error std: 3.1082300871109756
Took 43.004337787628174 to complete evaluation


69# Evaluating trace simulator with parameters:
> Users: 144
> Towers: 576
> Velocity: (0.05, 0.05)

Took 0.9372239112854004 to generate all
Took 0.1268930435180664 to create build distribution matrix
Took 20.38017725944519 to create recover traces from aggregated data
Took 22.365591764450073 to map traces recovered traces to real ones
Overall accuracy: 0.20376157407407408
Overall error: 7.0239186136631995
Overall accuracy std: 0.004745370370370361
Overall error std: 3.192544235148387
Took 43.921496868133545 to complete evaluation


70# Evaluating trace simulator with parameters:
> Users: 144
> Towers: 784
> Velocity: (0.05, 0.05)

Took 0.8793661594390869 to generate all
Took 0.10319113731384277 to create build distribution matrix
Took 16.395761013031006 to create recover traces from aggregated data
Took 25.039461851119995 to map traces recovered traces to real ones
Overall accuracy: 0.24137731481481484
Overall error: 6.03608661588306
Overall accuracy std: 0.00011574074074073293
Overall error std: 3.016246620885474
Took 42.64465093612671 to complete evaluation


71# Evaluating trace simulator with parameters:
> Users: 144
> Towers: 1024
> Velocity: (0.05, 0.05)

Took 1.0698261260986328 to generate all
Took 0.10998296737670898 to create build distribution matrix
Took 16.63201093673706 to create recover traces from aggregated data
Took 26.64685893058777 to map traces recovered traces to real ones
Overall accuracy: 0.2482638888888889
Overall error: 6.072780706817912
Overall accuracy std: 0.002314814814814825
Overall error std: 3.3952208229345118
Took 44.67466926574707 to complete evaluation


72# Evaluating trace simulator with parameters:
> Users: 256
> Towers: 16
> Velocity: (0.05, 0.05)

Took 0.4896230697631836 to generate all
Took 0.0017659664154052734 to create build distribution matrix
Took 42.90929698944092 to create recover traces from aggregated data
Took 44.412758111953735 to map traces recovered traces to real ones
Overall accuracy: 0.4169921875
Overall error: 6.470914023945528
Overall accuracy std: 0.001627604166666674
Overall error std: 2.1841788256935106
Took 87.82002019882202 to complete evaluation


73# Evaluating trace simulator with parameters:
> Users: 256
> Towers: 64
> Velocity: (0.05, 0.05)

Took 0.662100076675415 to generate all
Took 0.0030121803283691406 to create build distribution matrix
Took 112.63191509246826 to create recover traces from aggregated data
Took 88.18778610229492 to map traces recovered traces to real ones
Overall accuracy: 0.1822591145833333
Overall error: 8.449344422750215
Overall accuracy std: 0.0005859375000000111
Overall error std: 2.54524290039633
Took 201.50164413452148 to complete evaluation


74# Evaluating trace simulator with parameters:
> Users: 256
> Towers: 144
> Velocity: (0.05, 0.05)

Took 2.0111238956451416 to generate all
Took 0.005221128463745117 to create build distribution matrix
Took 221.5994167327881 to create recover traces from aggregated data
Took 84.22367596626282 to map traces recovered traces to real ones
Overall accuracy: 0.1299479166666667
Overall error: 8.667059082937286
Overall accuracy std: 0.001171875000000011
Overall error std: 2.654668421516229
Took 307.9504997730255 to complete evaluation


75# Evaluating trace simulator with parameters:
> Users: 256
> Towers: 256
> Velocity: (0.05, 0.05)

Took 1.6544160842895508 to generate all
Took 0.08017802238464355 to create build distribution matrix
Took 140.86449575424194 to create recover traces from aggregated data
Took 57.507323026657104 to map traces recovered traces to real ones
Overall accuracy: 0.12581380208333331
Overall error: 8.255495757568747
Overall accuracy std: 0.0006510416666666685
Overall error std: 2.558859231948438
Took 200.19250011444092 to complete evaluation


76# Evaluating trace simulator with parameters:
> Users: 256
> Towers: 400
> Velocity: (0.05, 0.05)

Took 1.203991174697876 to generate all
Took 0.10019707679748535 to create build distribution matrix
Took 113.00781893730164 to create recover traces from aggregated data
Took 100.69842290878296 to map traces recovered traces to real ones
Overall accuracy: 0.13557942708333334
Overall error: 8.17666223028574
Overall accuracy std: 0.0016276041666666741
Overall error std: 2.792692100259167
Took 215.07802271842957 to complete evaluation


77# Evaluating trace simulator with parameters:
> Users: 256
> Towers: 576
> Velocity: (0.05, 0.05)

Took 2.4138998985290527 to generate all
Took 0.2032639980316162 to create build distribution matrix
Took 123.85990309715271 to create recover traces from aggregated data
Took 116.20179009437561 to map traces recovered traces to real ones
Overall accuracy: 0.15045572916666666
Overall error: 7.529356660462088
Overall accuracy std: 0.001822916666666674
Overall error std: 2.9244574227522726
Took 242.78662610054016 to complete evaluation


78# Evaluating trace simulator with parameters:
> Users: 256
> Towers: 784
> Velocity: (0.05, 0.05)

Took 1.8685860633850098 to generate all
Took 0.1176309585571289 to create build distribution matrix
Took 117.72563314437866 to create recover traces from aggregated data
Took 103.80842971801758 to map traces recovered traces to real ones
Overall accuracy: 0.1594401041666667
Overall error: 7.31320534367803
Overall accuracy std: 0.001171874999999989
Overall error std: 3.192957568995817
Took 223.79269003868103 to complete evaluation


79# Evaluating trace simulator with parameters:
> Users: 256
> Towers: 1024
> Velocity: (0.05, 0.05)

Took 1.8872928619384766 to generate all
Took 0.16492319107055664 to create build distribution matrix
Took 113.28101181983948 to create recover traces from aggregated data
Took 107.02053999900818 to map traces recovered traces to real ones
Overall accuracy: 0.15172526041666667
Overall error: 7.194647216117689
Overall accuracy std: 0.001888020833333337
Overall error std: 3.1812715944040657
Took 222.65410900115967 to complete evaluation


80# Evaluating trace simulator with parameters:
> Users: 400
> Towers: 16
> Velocity: (0.05, 0.05)

Took 1.4654791355133057 to generate all
Took 0.0025599002838134766 to create build distribution matrix
Took 163.54179787635803 to create recover traces from aggregated data
Took 134.99755024909973 to map traces recovered traces to real ones
Overall accuracy: 0.42543749999999997
Overall error: 6.435825177547891
Overall accuracy std: 0.0001666666666666261
Overall error std: 2.3384788846079263
Took 300.0184590816498 to complete evaluation


81# Evaluating trace simulator with parameters:
> Users: 400
> Towers: 64
> Velocity: (0.05, 0.05)

Took 2.0078349113464355 to generate all
Took 0.0034372806549072266 to create build distribution matrix
Took 332.50008964538574 to create recover traces from aggregated data
Took 139.60810804367065 to map traces recovered traces to real ones
Overall accuracy: 0.1912916666666667
Overall error: 8.145043932906338
Overall accuracy std: 0.0009166666666666546
Overall error std: 2.5169098228053977
Took 474.1359088420868 to complete evaluation


82# Evaluating trace simulator with parameters:
> Users: 400
> Towers: 144
> Velocity: (0.05, 0.05)

Took 1.852708101272583 to generate all
Took 0.05794787406921387 to create build distribution matrix
Took 380.22983407974243 to create recover traces from aggregated data
Took 150.1518669128418 to map traces recovered traces to real ones
Overall accuracy: 0.1341875
Overall error: 8.321829167172174
Overall accuracy std: 0.0009999999999999898
Overall error std: 2.580723248985642
Took 532.3072347640991 to complete evaluation


83# Evaluating trace simulator with parameters:
> Users: 400
> Towers: 256
> Velocity: (0.05, 0.05)

Took 2.551882028579712 to generate all
Took 0.008119821548461914 to create build distribution matrix
Took 394.01494884490967 to create recover traces from aggregated data
Took 140.44479894638062 to map traces recovered traces to real ones
Overall accuracy: 0.11699999999999999
Overall error: 8.458034811145229
Overall accuracy std: 4.166666666665652e-05
Overall error std: 2.657904292015149
Took 537.1122288703918 to complete evaluation


84# Evaluating trace simulator with parameters:
> Users: 400
> Towers: 400
> Velocity: (0.05, 0.05)

Took 2.0660791397094727 to generate all
Took 0.06860589981079102 to create build distribution matrix
Took 346.186026096344 to create recover traces from aggregated data
Took 255.49338698387146 to map traces recovered traces to real ones
Overall accuracy: 0.12593750000000004
Overall error: 7.794280065665763
Overall accuracy std: 0.0002083333333333215
Overall error std: 2.816111028316135
Took 603.8903212547302 to complete evaluation


85# Evaluating trace simulator with parameters:
> Users: 400
> Towers: 576
> Velocity: (0.05, 0.05)

Took 2.492137908935547 to generate all
Took 0.1275489330291748 to create build distribution matrix
Took 347.8861246109009 to create recover traces from aggregated data
Took 264.8623390197754 to map traces recovered traces to real ones
Overall accuracy: 0.12377083333333332
Overall error: 7.682815723510211
Overall accuracy std: 0.0003750000000000031
Overall error std: 2.8002264038050027
Took 615.4839880466461 to complete evaluation


86# Evaluating trace simulator with parameters:
> Users: 400
> Towers: 784
> Velocity: (0.05, 0.05)

Took 2.933643102645874 to generate all
Took 0.18808722496032715 to create build distribution matrix
Took 367.85748982429504 to create recover traces from aggregated data
Took 286.6529531478882 to map traces recovered traces to real ones
Overall accuracy: 0.12729166666666666
Overall error: 7.400929039685621
Overall accuracy std: 0.00041666666666666523
Overall error std: 2.9829838020448656
Took 657.8526027202606 to complete evaluation


87# Evaluating trace simulator with parameters:
> Users: 400
> Towers: 1024
> Velocity: (0.05, 0.05)

Took 3.915022850036621 to generate all
Took 0.2938220500946045 to create build distribution matrix
Took 374.353572845459 to create recover traces from aggregated data
Took 297.23992824554443 to map traces recovered traces to real ones
Overall accuracy: 0.11752083333333334
Overall error: 7.381991323846436
Overall accuracy std: 0.0019166666666666666
Overall error std: 3.1003496999694105
Took 676.088684797287 to complete evaluation


88# Evaluating trace simulator with parameters:
> Users: 576
> Towers: 16
> Velocity: (0.05, 0.05)

Took 2.769205093383789 to generate all
Took 0.06790924072265625 to create build distribution matrix
Took 619.1609501838684 to create recover traces from aggregated data
Took 284.35826301574707 to map traces recovered traces to real ones
Overall accuracy: 0.42824074074074076
Overall error: 6.278207869815612
Overall accuracy std: 0.000868055555555558
Overall error std: 2.068735272787471
Took 906.376590013504 to complete evaluation


89# Evaluating trace simulator with parameters:
> Users: 576
> Towers: 64
> Velocity: (0.05, 0.05)

Took 1.4321279525756836 to generate all
Took 0.0038869380950927734 to create build distribution matrix
Took 1038.8418300151825 to create recover traces from aggregated data
Took 339.0715799331665 to map traces recovered traces to real ones
Overall accuracy: 0.20645254629629628
Overall error: 7.559958760415803
Overall accuracy std: 0.00043402777777776794
Overall error std: 2.4751033989638556
Took 1379.3715858459473 to complete evaluation


90# Evaluating trace simulator with parameters:
> Users: 576
> Towers: 144
> Velocity: (0.05, 0.05)

Took 1.8897969722747803 to generate all
Took 0.03748297691345215 to create build distribution matrix
Took 1152.9696502685547 to create recover traces from aggregated data
Took 301.021595954895 to map traces recovered traces to real ones
Overall accuracy: 0.13612557870370373
Overall error: 8.090138698943276
Overall accuracy std: 0.000607638888888884
Overall error std: 2.6044107457392784
Took 1455.940437078476 to complete evaluation


91# Evaluating trace simulator with parameters:
> Users: 576
> Towers: 256
> Velocity: (0.05, 0.05)

Took 1.7077858448028564 to generate all
Took 0.031983137130737305 to create build distribution matrix
Took 1320.732782125473 to create recover traces from aggregated data
Took 284.06950092315674 to map traces recovered traces to real ones
Overall accuracy: 0.12115162037037037
Overall error: 7.9844958725741915
Overall accuracy std: 0.0007523148148148196
Overall error std: 2.752567725873844
Took 1606.5929548740387 to complete evaluation


92# Evaluating trace simulator with parameters:
> Users: 576
> Towers: 400
> Velocity: (0.05, 0.05)

Took 3.0694220066070557 to generate all
Took 0.061544179916381836 to create build distribution matrix
Took 1226.4633951187134 to create recover traces from aggregated data
Took 516.8576431274414 to map traces recovered traces to real ones
Overall accuracy: 0.12022569444444445
Overall error: 7.8187827356683295
Overall accuracy std: 0.0008680555555555525
Overall error std: 2.8310484444679695
Took 1746.5316107273102 to complete evaluation


93# Evaluating trace simulator with parameters:
> Users: 576
> Towers: 576
> Velocity: (0.05, 0.05)

Took 3.0332369804382324 to generate all
Took 0.060276031494140625 to create build distribution matrix
Took 1309.1963510513306 to create recover traces from aggregated data
Took 549.4897501468658 to map traces recovered traces to real ones
Overall accuracy: 0.1204861111111111
Overall error: 7.759005634059079
Overall accuracy std: 0.0005208333333333315
Overall error std: 2.9340994777151623
Took 1861.9548738002777 to complete evaluation


94# Evaluating trace simulator with parameters:
> Users: 576
> Towers: 784
> Velocity: (0.05, 0.05)

Took 3.380952835083008 to generate all
Took 0.11193180084228516 to create build distribution matrix
Took 1099.3197238445282 to create recover traces from aggregated data
Took 678.8944811820984 to map traces recovered traces to real ones
Overall accuracy: 0.11699942129629629
Overall error: 7.434736555902244
Overall accuracy std: 5.787037037037201e-05
Overall error std: 2.994478276685718
Took 1781.9428720474243 to complete evaluation


95# Evaluating trace simulator with parameters:
> Users: 576
> Towers: 1024
> Velocity: (0.05, 0.05)

Took 4.540174961090088 to generate all
Took 0.2627377510070801 to create build distribution matrix
Took 1139.2998979091644 to create recover traces from aggregated data
Took 697.5808198451996 to map traces recovered traces to real ones
Overall accuracy: 0.11639178240740741
Overall error: 7.38600536361626
Overall accuracy std: 0.0005787037037037091
Overall error std: 3.268081936353237
Took 1841.8970029354095 to complete evaluation


96# Evaluating trace simulator with parameters:
> Users: 16
> Towers: 16
> Velocity: (0.1, 0.1)

Took 0.12906694412231445 to generate all
Took 0.0008668899536132812 to create build distribution matrix
Took 0.8567090034484863 to create recover traces from aggregated data
Took 1.3435189723968506 to map traces recovered traces to real ones
Overall accuracy: 0.2651041666666667
Overall error: 9.88358038635445
Overall accuracy std: 0.014583333333333325
Overall error std: 2.2905270389294006
Took 2.3415939807891846 to complete evaluation


97# Evaluating trace simulator with parameters:
> Users: 16
> Towers: 64
> Velocity: (0.1, 0.1)

Took 0.10422515869140625 to generate all
Took 0.0018770694732666016 to create build distribution matrix
Took 0.7423079013824463 to create recover traces from aggregated data
Took 0.7350130081176758 to map traces recovered traces to real ones
Overall accuracy: 0.3223958333333333
Overall error: 7.460137356475828
Overall accuracy std: 0.00625
Overall error std: 2.882358892819225
Took 1.5892601013183594 to complete evaluation


98# Evaluating trace simulator with parameters:
> Users: 16
> Towers: 144
> Velocity: (0.1, 0.1)

Took 0.1839749813079834 to generate all
Took 0.0037260055541992188 to create build distribution matrix
Took 0.6207847595214844 to create recover traces from aggregated data
Took 0.722646951675415 to map traces recovered traces to real ones
Overall accuracy: 0.4260416666666666
Overall error: 5.026901021078828
Overall accuracy std: 0.0031250000000000223
Overall error std: 3.5659748963388993
Took 1.5390610694885254 to complete evaluation


99# Evaluating trace simulator with parameters:
> Users: 16
> Towers: 256
> Velocity: (0.1, 0.1)

Took 0.2192671298980713 to generate all
Took 0.09248781204223633 to create build distribution matrix
Took 0.5107381343841553 to create recover traces from aggregated data
Took 0.6108410358428955 to map traces recovered traces to real ones
Overall accuracy: 0.6166666666666666
Overall error: 3.298158194099888
Overall accuracy std: 0.004166666666666696
Overall error std: 2.960056696842415
Took 1.5329880714416504 to complete evaluation


100# Evaluating trace simulator with parameters:
> Users: 16
> Towers: 400
> Velocity: (0.1, 0.1)

Took 0.24673104286193848 to generate all
Took 0.09428000450134277 to create build distribution matrix
Took 0.5336430072784424 to create recover traces from aggregated data
Took 0.9008529186248779 to map traces recovered traces to real ones
Overall accuracy: 0.5895833333333333
Overall error: 2.910159017625687
Overall accuracy std: 0.01770833333333335
Overall error std: 2.852858186545972
Took 1.9145641326904297 to complete evaluation


101# Evaluating trace simulator with parameters:
> Users: 16
> Towers: 576
> Velocity: (0.1, 0.1)

Took 0.39187192916870117 to generate all
Took 0.09711408615112305 to create build distribution matrix
Took 0.45615506172180176 to create recover traces from aggregated data
Took 1.2951288223266602 to map traces recovered traces to real ones
Overall accuracy: 0.6953125
Overall error: 2.939135140452076
Overall accuracy std: 0.0
Overall error std: 3.1507501642832128
Took 2.448803663253784 to complete evaluation


102# Evaluating trace simulator with parameters:
> Users: 16
> Towers: 784
> Velocity: (0.1, 0.1)

Took 0.49567675590515137 to generate all
Took 0.21627116203308105 to create build distribution matrix
Took 0.5302772521972656 to create recover traces from aggregated data
Took 1.7804651260375977 to map traces recovered traces to real ones
Overall accuracy: 0.7682291666666667
Overall error: 1.5114329972686684
Overall accuracy std: 0.0
Overall error std: 1.877493639184736
Took 3.3326239585876465 to complete evaluation


103# Evaluating trace simulator with parameters:
> Users: 16
> Towers: 1024
> Velocity: (0.1, 0.1)

Took 0.6308848857879639 to generate all
Took 0.2780168056488037 to create build distribution matrix
Took 0.395704984664917 to create recover traces from aggregated data
Took 2.397845983505249 to map traces recovered traces to real ones
Overall accuracy: 0.796875
Overall error: 1.5886977766149528
Overall accuracy std: 0.0
Overall error std: 2.306129365704695
Took 4.10829496383667 to complete evaluation


104# Evaluating trace simulator with parameters:
> Users: 64
> Towers: 16
> Velocity: (0.1, 0.1)

Took 0.3263130187988281 to generate all
Took 0.0009338855743408203 to create build distribution matrix
Took 6.378491163253784 to create recover traces from aggregated data
Took 5.055436611175537 to map traces recovered traces to real ones
Overall accuracy: 0.28359375
Overall error: 9.268805095640197
Overall accuracy std: 0.001822916666666674
Overall error std: 2.368726782059794
Took 11.767064094543457 to complete evaluation


105# Evaluating trace simulator with parameters:
> Users: 64
> Towers: 64
> Velocity: (0.1, 0.1)

Took 0.29178595542907715 to generate all
Took 0.002160310745239258 to create build distribution matrix
Took 7.444623231887817 to create recover traces from aggregated data
Took 5.354094743728638 to map traces recovered traces to real ones
Overall accuracy: 0.15520833333333334
Overall error: 9.239846193779957
Overall accuracy std: 0.003385416666666663
Overall error std: 2.0575013490182217
Took 13.099137783050537 to complete evaluation


106# Evaluating trace simulator with parameters:
> Users: 64
> Towers: 144
> Velocity: (0.1, 0.1)

Took 0.31798362731933594 to generate all
Took 0.14748191833496094 to create build distribution matrix
Took 7.3773512840271 to create recover traces from aggregated data
Took 4.943711042404175 to map traces recovered traces to real ones
Overall accuracy: 0.17356770833333335
Overall error: 8.635149592231665
Overall accuracy std: 0.003385416666666674
Overall error std: 2.785400321088451
Took 12.79465913772583 to complete evaluation


107# Evaluating trace simulator with parameters:
> Users: 64
> Towers: 256
> Velocity: (0.1, 0.1)

Took 0.3347320556640625 to generate all
Took 0.07982325553894043 to create build distribution matrix
Took 7.06089186668396 to create recover traces from aggregated data
Took 4.780428171157837 to map traces recovered traces to real ones
Overall accuracy: 0.20442708333333331
Overall error: 7.926244982576105
Overall accuracy std: 0.0
Overall error std: 2.5731689370523227
Took 12.3439359664917 to complete evaluation


108# Evaluating trace simulator with parameters:
> Users: 64
> Towers: 400
> Velocity: (0.1, 0.1)

Took 0.4007139205932617 to generate all
Took 0.08755803108215332 to create build distribution matrix
Took 6.079214811325073 to create recover traces from aggregated data
Took 7.461997985839844 to map traces recovered traces to real ones
Overall accuracy: 0.19583333333333336
Overall error: 8.379586382606883
Overall accuracy std: 0.001041666666666663
Overall error std: 3.271188225572705
Took 14.140560865402222 to complete evaluation


109# Evaluating trace simulator with parameters:
> Users: 64
> Towers: 576
> Velocity: (0.1, 0.1)

Took 0.6903469562530518 to generate all
Took 0.11726522445678711 to create build distribution matrix
Took 7.01194429397583 to create recover traces from aggregated data
Took 7.798872947692871 to map traces recovered traces to real ones
Overall accuracy: 0.19609375
Overall error: 8.019004458063659
Overall accuracy std: 0.008854166666666653
Overall error std: 2.802298774339825
Took 15.765428066253662 to complete evaluation


110# Evaluating trace simulator with parameters:
> Users: 64
> Towers: 784
> Velocity: (0.1, 0.1)

Took 0.6857402324676514 to generate all
Took 0.13614892959594727 to create build distribution matrix
Took 6.454792022705078 to create recover traces from aggregated data
Took 7.692780017852783 to map traces recovered traces to real ones
Overall accuracy: 0.18346354166666665
Overall error: 7.846354251870283
Overall accuracy std: 0.008072916666666674
Overall error std: 2.9642492550341144
Took 15.178142786026001 to complete evaluation


111# Evaluating trace simulator with parameters:
> Users: 64
> Towers: 1024
> Velocity: (0.1, 0.1)

Took 0.883734941482544 to generate all
Took 0.22756600379943848 to create build distribution matrix
Took 5.804845094680786 to create recover traces from aggregated data
Took 7.260180950164795 to map traces recovered traces to real ones
Overall accuracy: 0.256640625
Overall error: 6.946285549909793
Overall accuracy std: 0.0036458333333333256
Overall error std: 2.8889072078336224
Took 14.51534914970398 to complete evaluation


112# Evaluating trace simulator with parameters:
> Users: 144
> Towers: 16
> Velocity: (0.1, 0.1)

Took 0.5329160690307617 to generate all
Took 0.001302957534790039 to create build distribution matrix
Took 21.138593912124634 to create recover traces from aggregated data
Took 15.824790000915527 to map traces recovered traces to real ones
Overall accuracy: 0.31174768518518514
Overall error: 8.703827177031268
Overall accuracy std: 0.004976851851851838
Overall error std: 2.730781134697723
Took 37.508745193481445 to complete evaluation


113# Evaluating trace simulator with parameters:
> Users: 144
> Towers: 64
> Velocity: (0.1, 0.1)

Took 0.39188289642333984 to generate all
Took 0.047814130783081055 to create build distribution matrix
Took 23.61511492729187 to create recover traces from aggregated data
Took 14.921401739120483 to map traces recovered traces to real ones
Overall accuracy: 0.15341435185185184
Overall error: 8.958623551702043
Overall accuracy std: 0.00011574074074074402
Overall error std: 2.236145224772455
Took 38.982877016067505 to complete evaluation


114# Evaluating trace simulator with parameters:
> Users: 144
> Towers: 144
> Velocity: (0.1, 0.1)

Took 0.668220043182373 to generate all
Took 0.07509827613830566 to create build distribution matrix
Took 25.749879121780396 to create recover traces from aggregated data
Took 14.217657804489136 to map traces recovered traces to real ones
Overall accuracy: 0.1398148148148148
Overall error: 8.83412328338883
Overall accuracy std: 0.00046296296296296504
Overall error std: 2.9656818251403663
Took 40.720020055770874 to complete evaluation


115# Evaluating trace simulator with parameters:
> Users: 144
> Towers: 256
> Velocity: (0.1, 0.1)

Took 0.8167760372161865 to generate all
Took 0.10075616836547852 to create build distribution matrix
Took 25.32892084121704 to create recover traces from aggregated data
Took 14.41290020942688 to map traces recovered traces to real ones
Overall accuracy: 0.13310185185185186
Overall error: 8.730433583319469
Overall accuracy std: 0.002314814814814825
Overall error std: 2.666303982259775
Took 40.742714166641235 to complete evaluation


116# Evaluating trace simulator with parameters:
> Users: 144
> Towers: 400
> Velocity: (0.1, 0.1)

Took 0.9277820587158203 to generate all
Took 0.10612702369689941 to create build distribution matrix
Took 25.62330412864685 to create recover traces from aggregated data
Took 25.88205623626709 to map traces recovered traces to real ones
Overall accuracy: 0.13327546296296294
Overall error: 8.278996720088157
Overall accuracy std: 0.002546296296296302
Overall error std: 2.716310250329853
Took 52.556546211242676 to complete evaluation


117# Evaluating trace simulator with parameters:
> Users: 144
> Towers: 576
> Velocity: (0.1, 0.1)

Took 0.6654510498046875 to generate all
Took 0.05523681640625 to create build distribution matrix
Took 24.329224824905396 to create recover traces from aggregated data
Took 26.182382822036743 to map traces recovered traces to real ones
Overall accuracy: 0.12690972222222222
Overall error: 8.750290489039653
Overall accuracy std: 0.00023148148148146585
Overall error std: 2.590216393286931
Took 51.3102171421051 to complete evaluation


118# Evaluating trace simulator with parameters:
> Users: 144
> Towers: 784
> Velocity: (0.1, 0.1)

Took 0.7967910766601562 to generate all
Took 0.08892488479614258 to create build distribution matrix
Took 23.703657865524292 to create recover traces from aggregated data
Took 23.10787081718445 to map traces recovered traces to real ones
Overall accuracy: 0.13391203703703702
Overall error: 8.385300333259739
Overall accuracy std: 0.0018518518518518489
Overall error std: 2.7263766334217294
Took 47.863723039627075 to complete evaluation


119# Evaluating trace simulator with parameters:
> Users: 144
> Towers: 1024
> Velocity: (0.1, 0.1)

Took 0.6979730129241943 to generate all
Took 0.10329198837280273 to create build distribution matrix
Took 23.7435359954834 to create recover traces from aggregated data
Took 21.210286855697632 to map traces recovered traces to real ones
Overall accuracy: 0.1252893518518518
Overall error: 8.594085110161764
Overall accuracy std: 0.001736111111111116
Overall error std: 2.930062927231017
Took 45.95004081726074 to complete evaluation


120# Evaluating trace simulator with parameters:
> Users: 256
> Towers: 16
> Velocity: (0.1, 0.1)

Took 0.4278268814086914 to generate all
Took 0.0017349720001220703 to create build distribution matrix
Took 54.61825895309448 to create recover traces from aggregated data
Took 37.59468603134155 to map traces recovered traces to real ones
Overall accuracy: 0.3171549479166666
Overall error: 8.40568556132917
Overall accuracy std: 0.0007812499999999778
Overall error std: 2.31410779189627
Took 92.64955806732178 to complete evaluation


121# Evaluating trace simulator with parameters:
> Users: 256
> Towers: 64
> Velocity: (0.1, 0.1)

Took 0.8480739593505859 to generate all
Took 0.0029358863830566406 to create build distribution matrix
Took 78.95472073554993 to create recover traces from aggregated data
Took 33.76949501037598 to map traces recovered traces to real ones
Overall accuracy: 0.15908203125
Overall error: 8.656957053280488
Overall accuracy std: 0.00013020833333333702
Overall error std: 2.138340787498562
Took 113.6250422000885 to complete evaluation


122# Evaluating trace simulator with parameters:
> Users: 256
> Towers: 144
> Velocity: (0.1, 0.1)

Took 0.8211240768432617 to generate all
Took 0.048712968826293945 to create build distribution matrix
Took 80.9224009513855 to create recover traces from aggregated data
Took 35.347594022750854 to map traces recovered traces to real ones
Overall accuracy: 0.13147786458333335
Overall error: 8.726238518885859
Overall accuracy std: 0.002864583333333326
Overall error std: 2.2966905832827207
Took 117.14900827407837 to complete evaluation


123# Evaluating trace simulator with parameters:
> Users: 256
> Towers: 256
> Velocity: (0.1, 0.1)

Took 0.8948471546173096 to generate all
Took 0.04919075965881348 to create build distribution matrix
Took 80.25276970863342 to create recover traces from aggregated data
Took 37.48643183708191 to map traces recovered traces to real ones
Overall accuracy: 0.11962890625
Overall error: 8.483986503993512
Overall accuracy std: 0.0009765625
Overall error std: 2.537575463623487
Took 118.73718500137329 to complete evaluation


124# Evaluating trace simulator with parameters:
> Users: 256
> Towers: 400
> Velocity: (0.1, 0.1)

Took 1.154426097869873 to generate all
Took 0.055016279220581055 to create build distribution matrix
Took 79.41147422790527 to create recover traces from aggregated data
Took 73.73384189605713 to map traces recovered traces to real ones
Overall accuracy: 0.10364583333333333
Overall error: 8.899618837578974
Overall accuracy std: 0.000911458333333337
Overall error std: 2.5506281615013062
Took 154.45965003967285 to complete evaluation


125# Evaluating trace simulator with parameters:
> Users: 256
> Towers: 576
> Velocity: (0.1, 0.1)

Took 1.2784497737884521 to generate all
Took 0.1231691837310791 to create build distribution matrix
Took 87.91407179832458 to create recover traces from aggregated data
Took 72.66904592514038 to map traces recovered traces to real ones
Overall accuracy: 0.10393880208333332
Overall error: 9.154114635561436
Overall accuracy std: 0.001106770833333337
Overall error std: 2.79174697678446
Took 162.09753108024597 to complete evaluation


126# Evaluating trace simulator with parameters:
> Users: 256
> Towers: 784
> Velocity: (0.1, 0.1)

Took 1.6100800037384033 to generate all
Took 0.12724709510803223 to create build distribution matrix
Took 91.73832488059998 to create recover traces from aggregated data
Took 74.31999897956848 to map traces recovered traces to real ones
Overall accuracy: 0.10260416666666665
Overall error: 8.550645504683796
Overall accuracy std: 0.0001953125
Overall error std: 2.7358191622313255
Took 168.0473918914795 to complete evaluation


127# Evaluating trace simulator with parameters:
> Users: 256
> Towers: 1024
> Velocity: (0.1, 0.1)

Took 2.1207354068756104 to generate all
Took 0.1849076747894287 to create build distribution matrix
Took 100.30428886413574 to create recover traces from aggregated data
Took 77.50093007087708 to map traces recovered traces to real ones
Overall accuracy: 0.09733072916666666
Overall error: 8.716085796104547
Overall accuracy std: 0.0009765625
Overall error std: 2.844115867406798
Took 180.39381194114685 to complete evaluation


128# Evaluating trace simulator with parameters:
> Users: 400
> Towers: 16
> Velocity: (0.1, 0.1)

Took 1.490272045135498 to generate all
Took 0.0025949478149414062 to create build distribution matrix
Took 253.40531396865845 to create recover traces from aggregated data
Took 161.45037198066711 to map traces recovered traces to real ones
Overall accuracy: 0.3278958333333334
Overall error: 8.216329254582087
Overall accuracy std: 0.0008750000000000035
Overall error std: 2.267659912522979
Took 416.35818099975586 to complete evaluation


129# Evaluating trace simulator with parameters:
> Users: 400
> Towers: 64
> Velocity: (0.1, 0.1)

Took 2.0516409873962402 to generate all
Took 0.07469701766967773 to create build distribution matrix
Took 468.84841084480286 to create recover traces from aggregated data
Took 168.6751229763031 to map traces recovered traces to real ones
Overall accuracy: 0.16441666666666666
Overall error: 8.689367481915673
Overall accuracy std: 0.0007500000000000062
Overall error std: 2.3466630350105464
Took 639.6672549247742 to complete evaluation


130# Evaluating trace simulator with parameters:
> Users: 400
> Towers: 144
> Velocity: (0.1, 0.1)

Took 1.2721028327941895 to generate all
Took 0.0057790279388427734 to create build distribution matrix
Took 367.77710700035095 to create recover traces from aggregated data
Took 157.3592438697815 to map traces recovered traces to real ones
Overall accuracy: 0.1378125
Overall error: 8.440180278796749
Overall accuracy std: 0.001041666666666663
Overall error std: 2.639092634978041
Took 526.4605712890625 to complete evaluation


131# Evaluating trace simulator with parameters:
> Users: 400
> Towers: 256
> Velocity: (0.1, 0.1)

Took 1.2596068382263184 to generate all
Took 0.03650307655334473 to create build distribution matrix
Took 365.38931107521057 to create recover traces from aggregated data
Took 179.90752291679382 to map traces recovered traces to real ones
Overall accuracy: 0.11908333333333335
Overall error: 8.544053489340714
Overall accuracy std: 4.166666666666208e-05
Overall error std: 2.5692111415200425
Took 546.6114809513092 to complete evaluation


132# Evaluating trace simulator with parameters:
> Users: 400
> Towers: 400
> Velocity: (0.1, 0.1)

Took 1.6009979248046875 to generate all
Took 0.048417091369628906 to create build distribution matrix
Took 398.00367164611816 to create recover traces from aggregated data
Took 279.44076895713806 to map traces recovered traces to real ones
Overall accuracy: 0.10020833333333334
Overall error: 8.455765714101105
Overall accuracy std: 0.00041666666666667076
Overall error std: 2.719360142499194
Took 679.1902220249176 to complete evaluation


133# Evaluating trace simulator with parameters:
> Users: 400
> Towers: 576
> Velocity: (0.1, 0.1)

Took 1.8233389854431152 to generate all
Took 0.09360694885253906 to create build distribution matrix
Took 380.07447695732117 to create recover traces from aggregated data
Took 245.71119713783264 to map traces recovered traces to real ones
Overall accuracy: 0.09841666666666668
Overall error: 8.589265039104243
Overall accuracy std: 0.00045833333333333284
Overall error std: 2.8558449749591093
Took 627.8086562156677 to complete evaluation


134# Evaluating trace simulator with parameters:
> Users: 400
> Towers: 784
> Velocity: (0.1, 0.1)

Took 2.0458507537841797 to generate all
Took 0.13177895545959473 to create build distribution matrix
Took 356.8297641277313 to create recover traces from aggregated data
Took 258.07066798210144 to map traces recovered traces to real ones
Overall accuracy: 0.08735416666666665
Overall error: 8.724446386202006
Overall accuracy std: 0.0005416666666666736
Overall error std: 2.89993550534105
Took 617.2380228042603 to complete evaluation


135# Evaluating trace simulator with parameters:
> Users: 400
> Towers: 1024
> Velocity: (0.1, 0.1)

Took 3.028815984725952 to generate all
Took 0.18293404579162598 to create build distribution matrix
Took 381.46812200546265 to create recover traces from aggregated data
Took 269.02719593048096 to map traces recovered traces to real ones
Overall accuracy: 0.09235416666666667
Overall error: 8.368436323792587
Overall accuracy std: 0.000708333333333333
Overall error std: 2.793092643178852
Took 654.0541498661041 to complete evaluation


136# Evaluating trace simulator with parameters:
> Users: 576
> Towers: 16
> Velocity: (0.1, 0.1)

Took 2.0888659954071045 to generate all
Took 0.05215907096862793 to create build distribution matrix
Took 646.9279580116272 to create recover traces from aggregated data
Took 290.3219699859619 to map traces recovered traces to real ones
Overall accuracy: 0.336255787037037
Overall error: 8.033619915676013
Overall accuracy std: 0.0012442129629629541
Overall error std: 2.3773890097220547
Took 939.4175701141357 to complete evaluation


137# Evaluating trace simulator with parameters:
> Users: 576
> Towers: 64
> Velocity: (0.1, 0.1)

Took 1.8615798950195312 to generate all
Took 0.0044248104095458984 to create build distribution matrix
Took 1091.5517621040344 to create recover traces from aggregated data
Took 280.69137597084045 to map traces recovered traces to real ones
Overall accuracy: 0.169140625
Overall error: 8.33158953638921
Overall accuracy std: 0.00040509259259259296
Overall error std: 2.22228176841676
Took 1374.130921125412 to complete evaluation


138# Evaluating trace simulator with parameters:
> Users: 576
> Towers: 144
> Velocity: (0.1, 0.1)

Took 2.572618007659912 to generate all
Took 0.06471705436706543 to create build distribution matrix
Took 1243.7532322406769 to create recover traces from aggregated data
Took 267.5501091480255 to map traces recovered traces to real ones
Overall accuracy: 0.14098668981481483
Overall error: 8.090315286947991
Overall accuracy std: 0.0004340277777777901
Overall error std: 2.47712192983575
Took 1513.9642341136932 to complete evaluation


139# Evaluating trace simulator with parameters:
> Users: 576
> Towers: 256
> Velocity: (0.1, 0.1)

Took 2.172797918319702 to generate all
Took 0.04880881309509277 to create build distribution matrix
Took 1271.9223229885101 to create recover traces from aggregated data
Took 260.5132999420166 to map traces recovered traces to real ones
Overall accuracy: 0.11549479166666665
Overall error: 8.432323082698066
Overall accuracy std: 0.0005208333333333315
Overall error std: 2.6509121049848554
Took 1534.7226791381836 to complete evaluation


140# Evaluating trace simulator with parameters:
> Users: 576
> Towers: 400
> Velocity: (0.1, 0.1)

Took 1.5953290462493896 to generate all
Took 0.036550045013427734 to create build distribution matrix
Took 1247.8968529701233 to create recover traces from aggregated data
Took 488.01900482177734 to map traces recovered traces to real ones
Overall accuracy: 0.10150462962962963
Overall error: 8.232253907221509
Overall accuracy std: 0.0007523148148148084
Overall error std: 2.6501191224287193
Took 1737.6377549171448 to complete evaluation


141# Evaluating trace simulator with parameters:
> Users: 576
> Towers: 576
> Velocity: (0.1, 0.1)

Took 2.289335012435913 to generate all
Took 0.0788719654083252 to create build distribution matrix
Took 1317.4918110370636 to create recover traces from aggregated data
Took 499.0220789909363 to map traces recovered traces to real ones
Overall accuracy: 0.09095775462962961
Overall error: 8.524349637921743
Overall accuracy std: 0.00020254629629630204
Overall error std: 2.771827130632733
Took 1818.9856913089752 to complete evaluation


142# Evaluating trace simulator with parameters:
> Users: 576
> Towers: 784
> Velocity: (0.1, 0.1)

Took 2.515942096710205 to generate all
Took 0.11390304565429688 to create build distribution matrix
Took 1384.0662598609924 to create recover traces from aggregated data
Took 519.8613388538361 to map traces recovered traces to real ones
Overall accuracy: 0.08424479166666665
Overall error: 8.504895932812714
Overall accuracy std: 0.0008101851851851859
Overall error std: 2.8681282731215454
Took 1906.7168822288513 to complete evaluation


143# Evaluating trace simulator with parameters:
> Users: 576
> Towers: 1024
> Velocity: (0.1, 0.1)

Took 3.114449977874756 to generate all
Took 0.13332486152648926 to create build distribution matrix
Took 1436.127364873886 to create recover traces from aggregated data
Took 564.1652548313141 to map traces recovered traces to real ones
Overall accuracy: 0.08556134259259258
Overall error: 8.500536863521765
Overall accuracy std: 2.8935185185180453e-05
Overall error std: 2.782491638564489
Took 2003.7532229423523 to complete evaluation


