0# Evaluating trace simulator with parameters:
> Users: 8
> Towers: 16
> Velocity: (0.04, 0.04)

Took 0.028316020965576172 to generate all
Took 0.0007059574127197266 to create build distribution matrix
Took 0.10181999206542969 to create recover traces from aggregated data
Took 0.27091002464294434 to map traces recovered traces to real ones
Overall accuracy: 0.5416666666666667
Overall error: 5.755700212763244
Overall accuracy std: 1.1102230246251565e-16
Overall error std: 1.567345461390622
Took 0.4048912525177002 to complete evaluation


1# Evaluating trace simulator with parameters:
> Users: 8
> Towers: 36
> Velocity: (0.04, 0.04)

Took 0.01882004737854004 to generate all
Took 0.0010178089141845703 to create build distribution matrix
Took 0.3102571964263916 to create recover traces from aggregated data
Took 0.2622349262237549 to map traces recovered traces to real ones
Overall accuracy: 0.6114583333333333
Overall error: 3.23563281176761
Overall accuracy std: 0.014583333333333347
Overall error std: 2.2198379962365684
Took 0.6005561351776123 to complete evaluation


2# Evaluating trace simulator with parameters:
> Users: 8
> Towers: 100
> Velocity: (0.04, 0.04)

Took 0.0712440013885498 to generate all
Took 0.002414703369140625 to create build distribution matrix
Took 0.22538495063781738 to create recover traces from aggregated data
Took 0.5554251670837402 to map traces recovered traces to real ones
Overall accuracy: 0.5927083333333334
Overall error: 2.2352132531035225
Overall accuracy std: 0.008333333333333304
Overall error std: 1.2684625357658648
Took 0.874488115310669 to complete evaluation


3# Evaluating trace simulator with parameters:
> Users: 8
> Towers: 400
> Velocity: (0.04, 0.04)

Took 0.09014678001403809 to generate all
Took 0.038210153579711914 to create build distribution matrix
Took 0.05301189422607422 to create recover traces from aggregated data
Took 0.8399989604949951 to map traces recovered traces to real ones
Overall accuracy: 0.8854166666666667
Overall error: 0.4812646582097517
Overall accuracy std: 0.0
Overall error std: 0.7830036856455139
Took 1.0590941905975342 to complete evaluation


4# Evaluating trace simulator with parameters:
> Users: 8
> Towers: 900
> Velocity: (0.04, 0.04)

Took 0.19071626663208008 to generate all
Took 0.05164003372192383 to create build distribution matrix
Took 0.04151773452758789 to create recover traces from aggregated data
Took 1.7557151317596436 to map traces recovered traces to real ones
Overall accuracy: 1.0
Overall error: 0.0
Overall accuracy std: 0.0
Overall error std: 0.0
Took 2.1625359058380127 to complete evaluation


5# Evaluating trace simulator with parameters:
> Users: 8
> Towers: 1600
> Velocity: (0.04, 0.04)

Took 0.3183159828186035 to generate all
Took 0.11139988899230957 to create build distribution matrix
Took 0.04512596130371094 to create recover traces from aggregated data
Took 3.0948879718780518 to map traces recovered traces to real ones
Overall accuracy: 1.0
Overall error: 0.0
Overall accuracy std: 0.0
Overall error std: 0.0
Took 3.7991950511932373 to complete evaluation


6# Evaluating trace simulator with parameters:
> Users: 16
> Towers: 16
> Velocity: (0.04, 0.04)

Took 0.014678001403808594 to generate all
Took 0.0007989406585693359 to create build distribution matrix
Took 0.42548465728759766 to create recover traces from aggregated data
Took 0.5395240783691406 to map traces recovered traces to real ones
Overall accuracy: 0.4151041666666667
Overall error: 7.742885097132875
Overall accuracy std: 0.008333333333333349
Overall error std: 3.812882731774211
Took 0.9952929019927979 to complete evaluation


7# Evaluating trace simulator with parameters:
> Users: 16
> Towers: 36
> Velocity: (0.04, 0.04)

Took 0.08022618293762207 to generate all
Took 0.001088857650756836 to create build distribution matrix
Took 0.5067319869995117 to create recover traces from aggregated data
Took 0.729032039642334 to map traces recovered traces to real ones
Overall accuracy: 0.371875
Overall error: 6.448023625641575
Overall accuracy std: 0.00625
Overall error std: 3.094535951330042
Took 1.3227131366729736 to complete evaluation


8# Evaluating trace simulator with parameters:
> Users: 16
> Towers: 100
> Velocity: (0.04, 0.04)

Took 0.10289525985717773 to generate all
Took 0.01612091064453125 to create build distribution matrix
Took 0.29970312118530273 to create recover traces from aggregated data
Took 0.5719449520111084 to map traces recovered traces to real ones
Overall accuracy: 0.4208333333333333
Overall error: 4.954631296644494
Overall accuracy std: 0.013541666666666652
Overall error std: 3.477818537194196
Took 1.0045948028564453 to complete evaluation


9# Evaluating trace simulator with parameters:
> Users: 16
> Towers: 400
> Velocity: (0.04, 0.04)

Took 0.14298796653747559 to generate all
Took 0.018623828887939453 to create build distribution matrix
Took 0.18407297134399414 to create recover traces from aggregated data
Took 0.7370791435241699 to map traces recovered traces to real ones
Overall accuracy: 0.7052083333333333
Overall error: 1.4659049158912318
Overall accuracy std: 0.001041666666666652
Overall error std: 1.5334479526367997
Took 1.230557918548584 to complete evaluation


10# Evaluating trace simulator with parameters:
> Users: 16
> Towers: 900
> Velocity: (0.04, 0.04)

Took 0.1686997413635254 to generate all
Took 0.17745518684387207 to create build distribution matrix
Took 0.20352721214294434 to create recover traces from aggregated data
Took 1.542922019958496 to map traces recovered traces to real ones
Overall accuracy: 0.9270833333333334
Overall error: 0.17123614116427247
Overall accuracy std: 0.0
Overall error std: 0.32771350596506127
Took 2.2329258918762207 to complete evaluation


11# Evaluating trace simulator with parameters:
> Users: 16
> Towers: 1600
> Velocity: (0.04, 0.04)

Took 0.39757394790649414 to generate all
Took 0.1017751693725586 to create build distribution matrix
Took 0.16831731796264648 to create recover traces from aggregated data
Took 3.1570210456848145 to map traces recovered traces to real ones
Overall accuracy: 0.90625
Overall error: 0.2780155978292309
Overall accuracy std: 0.0
Overall error std: 0.6412760871160443
Took 4.083070993423462 to complete evaluation


12# Evaluating trace simulator with parameters:
> Users: 32
> Towers: 16
> Velocity: (0.04, 0.04)

Took 0.027724742889404297 to generate all
Took 0.0008389949798583984 to create build distribution matrix
Took 1.0327248573303223 to create recover traces from aggregated data
Took 1.219710111618042 to map traces recovered traces to real ones
Overall accuracy: 0.33541666666666664
Overall error: 8.92135909013071
Overall accuracy std: 0.0015624999999999778
Overall error std: 2.728820943304016
Took 2.2880702018737793 to complete evaluation


13# Evaluating trace simulator with parameters:
> Users: 32
> Towers: 36
> Velocity: (0.04, 0.04)

Took 0.02928614616394043 to generate all
Took 0.0012819766998291016 to create build distribution matrix
Took 1.045893907546997 to create recover traces from aggregated data
Took 0.7851059436798096 to map traces recovered traces to real ones
Overall accuracy: 0.28255208333333337
Overall error: 7.5002260542513515
Overall accuracy std: 0.0078125
Overall error std: 2.8984415945574438
Took 1.869117021560669 to complete evaluation


14# Evaluating trace simulator with parameters:
> Users: 32
> Towers: 100
> Velocity: (0.04, 0.04)

Took 0.042037010192871094 to generate all
Took 0.0028967857360839844 to create build distribution matrix
Took 1.3022449016571045 to create recover traces from aggregated data
Took 1.1856770515441895 to map traces recovered traces to real ones
Overall accuracy: 0.2796875
Overall error: 6.797384504562885
Overall accuracy std: 0.007291666666666674
Overall error std: 3.3513686553345376
Took 2.5802578926086426 to complete evaluation


15# Evaluating trace simulator with parameters:
> Users: 32
> Towers: 400
> Velocity: (0.04, 0.04)

Took 0.1477808952331543 to generate all
Took 0.030070781707763672 to create build distribution matrix
Took 1.1844332218170166 to create recover traces from aggregated data
Took 2.416253089904785 to map traces recovered traces to real ones
Overall accuracy: 0.5174479166666668
Overall error: 2.5277557371607333
Overall accuracy std: 0.025000000000000022
Overall error std: 1.8342676817459347
Took 3.914968729019165 to complete evaluation


16# Evaluating trace simulator with parameters:
> Users: 32
> Towers: 900
> Velocity: (0.04, 0.04)

Took 0.3118557929992676 to generate all
Took 0.16412806510925293 to create build distribution matrix
Took 0.7608788013458252 to create recover traces from aggregated data
Took 3.0927720069885254 to map traces recovered traces to real ones
Overall accuracy: 0.8528645833333333
Overall error: 0.4359679853912235
Overall accuracy std: 0.0
Overall error std: 0.7115094016939214
Took 4.687169075012207 to complete evaluation


17# Evaluating trace simulator with parameters:
> Users: 32
> Towers: 1600
> Velocity: (0.04, 0.04)

Took 0.6440770626068115 to generate all
Took 0.18964791297912598 to create build distribution matrix
Took 0.633648157119751 to create recover traces from aggregated data
Took 4.367179870605469 to map traces recovered traces to real ones
Overall accuracy: 0.90625
Overall error: 0.3455831677827531
Overall accuracy std: 0.0
Overall error std: 0.6821130509943945
Took 6.220678806304932 to complete evaluation


18# Evaluating trace simulator with parameters:
> Users: 64
> Towers: 16
> Velocity: (0.04, 0.04)

Took 0.07717299461364746 to generate all
Took 0.018257856369018555 to create build distribution matrix
Took 3.650603771209717 to create recover traces from aggregated data
Took 4.151968002319336 to map traces recovered traces to real ones
Overall accuracy: 0.4024739583333334
Overall error: 7.509950201851173
Overall accuracy std: 0.002864583333333326
Overall error std: 3.188363669064484
Took 7.906455993652344 to complete evaluation


19# Evaluating trace simulator with parameters:
> Users: 64
> Towers: 36
> Velocity: (0.04, 0.04)

Took 0.053334712982177734 to generate all
Took 0.0015478134155273438 to create build distribution matrix
Took 4.142642974853516 to create recover traces from aggregated data
Took 3.743466854095459 to map traces recovered traces to real ones
Overall accuracy: 0.2561197916666666
Overall error: 8.713267619199286
Overall accuracy std: 0.004687499999999989
Overall error std: 2.6832567266127834
Took 7.945814847946167 to complete evaluation


20# Evaluating trace simulator with parameters:
> Users: 64
> Towers: 100
> Velocity: (0.04, 0.04)

Took 0.059500932693481445 to generate all
Took 0.0030922889709472656 to create build distribution matrix
Took 4.1703040599823 to create recover traces from aggregated data
Took 4.038029909133911 to map traces recovered traces to real ones
Overall accuracy: 0.18203125
Overall error: 8.593455370993752
Overall accuracy std: 0.002083333333333348
Overall error std: 2.5088296528636866
Took 8.277092933654785 to complete evaluation


21# Evaluating trace simulator with parameters:
> Users: 64
> Towers: 400
> Velocity: (0.04, 0.04)

Took 0.1134042739868164 to generate all
Took 0.03133082389831543 to create build distribution matrix
Took 4.51970100402832 to create recover traces from aggregated data
Took 8.39696478843689 to map traces recovered traces to real ones
Overall accuracy: 0.30078125
Overall error: 4.924207200219327
Overall accuracy std: 0.0078125
Overall error std: 2.817355014370969
Took 13.11267876625061 to complete evaluation


22# Evaluating trace simulator with parameters:
> Users: 64
> Towers: 900
> Velocity: (0.04, 0.04)

Took 0.5817627906799316 to generate all
Took 0.15200400352478027 to create build distribution matrix
Took 2.397109031677246 to create recover traces from aggregated data
Took 8.299965143203735 to map traces recovered traces to real ones
Overall accuracy: 0.641796875
Overall error: 1.7577102883038964
Overall accuracy std: 0.0054687500000000005
Overall error std: 2.7896603969494747
Took 11.721699953079224 to complete evaluation


23# Evaluating trace simulator with parameters:
> Users: 64
> Towers: 1600
> Velocity: (0.04, 0.04)

Took 0.9851317405700684 to generate all
Took 0.20610904693603516 to create build distribution matrix
Took 1.94805908203125 to create recover traces from aggregated data
Took 9.54765796661377 to map traces recovered traces to real ones
Overall accuracy: 0.6727864583333332
Overall error: 1.5218154483883932
Overall accuracy std: 0.00078125
Overall error std: 1.6563006018819402
Took 13.140480041503906 to complete evaluation


24# Evaluating trace simulator with parameters:
> Users: 256
> Towers: 16
> Velocity: (0.04, 0.04)

Took 0.33478689193725586 to generate all
Took 0.0018699169158935547 to create build distribution matrix
Took 24.633448123931885 to create recover traces from aggregated data
Took 77.38288497924805 to map traces recovered traces to real ones
Overall accuracy: 0.4494140625000001
Overall error: 6.2804915172982705
Overall accuracy std: 0.00026041666666669626
Overall error std: 2.7807396486858664
Took 102.36252093315125 to complete evaluation


25# Evaluating trace simulator with parameters:
> Users: 256
> Towers: 36
> Velocity: (0.04, 0.04)

Took 0.3764052391052246 to generate all
Took 0.0021948814392089844 to create build distribution matrix
Took 34.02802109718323 to create recover traces from aggregated data
Took 74.03296780586243 to map traces recovered traces to real ones
Overall accuracy: 0.28450520833333337
Overall error: 7.355368946072161
Overall accuracy std: 0.0009765625000000221
Overall error std: 2.6125502079212315
Took 108.44869661331177 to complete evaluation


26# Evaluating trace simulator with parameters:
> Users: 256
> Towers: 100
> Velocity: (0.04, 0.04)

Took 0.44979095458984375 to generate all
Took 0.030393123626708984 to create build distribution matrix
Took 49.09913897514343 to create recover traces from aggregated data
Took 71.28427195549011 to map traces recovered traces to real ones
Overall accuracy: 0.16236979166666665
Overall error: 8.247548325417986
Overall accuracy std: 0.000520833333333326
Overall error std: 2.586491952441947
Took 120.8725802898407 to complete evaluation


27# Evaluating trace simulator with parameters:
> Users: 256
> Towers: 400
> Velocity: (0.04, 0.04)

Took 0.642935037612915 to generate all
Took 0.03133583068847656 to create build distribution matrix
Took 50.496774196624756 to create recover traces from aggregated data
Took 127.98944616317749 to map traces recovered traces to real ones
Overall accuracy: 0.12923177083333331
Overall error: 7.805008276132422
Overall accuracy std: 0.0006510416666666629
Overall error std: 3.0442327332119397
Took 179.194678068161 to complete evaluation


28# Evaluating trace simulator with parameters:
> Users: 256
> Towers: 900
> Velocity: (0.04, 0.04)

Took 0.9271528720855713 to generate all
Took 0.0848548412322998 to create build distribution matrix
Took 49.694055795669556 to create recover traces from aggregated data
Took 130.59114289283752 to map traces recovered traces to real ones
Overall accuracy: 0.18219401041666666
Overall error: 6.795434324380065
Overall accuracy std: 0.001497395833333337
Overall error std: 2.9817822073985725
Took 181.42739629745483 to complete evaluation


29# Evaluating trace simulator with parameters:
> Users: 256
> Towers: 1600
> Velocity: (0.04, 0.04)

Took 1.7622768878936768 to generate all
Took 0.18312382698059082 to create build distribution matrix
Took 44.11236310005188 to create recover traces from aggregated data
Took 123.24827885627747 to map traces recovered traces to real ones
Overall accuracy: 0.21064453125
Overall error: 6.0949698981368
Overall accuracy std: 0.0015625
Overall error std: 3.5061685143958057
Took 169.64165806770325 to complete evaluation


30# Evaluating trace simulator with parameters:
> Users: 512
> Towers: 16
> Velocity: (0.04, 0.04)

Took 2.1979923248291016 to generate all
Took 0.0027599334716796875 to create build distribution matrix
Took 220.1860032081604 to create recover traces from aggregated data
Took 317.39660811424255 to map traces recovered traces to real ones
Overall accuracy: 0.4529459635416667
Overall error: 6.0632170710132565
Overall accuracy std: 0.0007812499999999778
Overall error std: 2.5012711879745675
Took 539.8083708286285 to complete evaluation


31# Evaluating trace simulator with parameters:
> Users: 512
> Towers: 36
> Velocity: (0.04, 0.04)

Took 1.1071228981018066 to generate all
Took 0.003385782241821289 to create build distribution matrix
Took 357.47738313674927 to create recover traces from aggregated data
Took 270.5025632381439 to map traces recovered traces to real ones
Overall accuracy: 0.30122070312500004
Overall error: 6.992876410136819
Overall accuracy std: 6.510416666667407e-05
Overall error std: 2.6898858304345143
Took 629.1076521873474 to complete evaluation


32# Evaluating trace simulator with parameters:
> Users: 512
> Towers: 100
> Velocity: (0.04, 0.04)

Took 0.9705748558044434 to generate all
Took 0.024913787841796875 to create build distribution matrix
Took 501.2070469856262 to create recover traces from aggregated data
Took 271.2999908924103 to map traces recovered traces to real ones
Overall accuracy: 0.1689127604166667
Overall error: 8.020527214703925
Overall accuracy std: 0.000390625
Overall error std: 2.673665299528144
Took 773.5212128162384 to complete evaluation


33# Evaluating trace simulator with parameters:
> Users: 512
> Towers: 400
> Velocity: (0.04, 0.04)

Took 1.6653659343719482 to generate all
Took 0.0504612922668457 to create build distribution matrix
Took 571.2781827449799 to create recover traces from aggregated data
Took 494.6465961933136 to map traces recovered traces to real ones
Overall accuracy: 0.116357421875
Overall error: 7.755264508137444
Overall accuracy std: 0.00035807291666666854
Overall error std: 2.874018345222603
Took 1067.7507059574127 to complete evaluation


34# Evaluating trace simulator with parameters:
> Users: 512
> Towers: 900
> Velocity: (0.04, 0.04)

Took 3.16707706451416 to generate all
Took 0.24513626098632812 to create build distribution matrix
Took 614.8496201038361 to create recover traces from aggregated data
Took 421.976389169693 to map traces recovered traces to real ones
Overall accuracy: 0.127880859375
Overall error: 7.360164658195498
Overall accuracy std: 0.000390625
Overall error std: 3.1665686039378427
Took 1040.3266880512238 to complete evaluation


35# Evaluating trace simulator with parameters:
> Users: 512
> Towers: 1600
> Velocity: (0.04, 0.04)

Took 6.993703126907349 to generate all
Took 0.3474462032318115 to create build distribution matrix
Took 683.9717290401459 to create recover traces from aggregated data
Took 303.95726895332336 to map traces recovered traces to real ones
Overall accuracy: 0.12355143229166668
Overall error: 7.141156221540167
Overall accuracy std: 0.0010091145833333204
Overall error std: 3.1053804814635977
Took 996.0062742233276 to complete evaluation


36# Evaluating trace simulator with parameters:
> Users: 8
> Towers: 16
> Velocity: (0.04, 0.08)

Took 0.010062694549560547 to generate all
Took 0.0007197856903076172 to create build distribution matrix
Took 0.07398509979248047 to create recover traces from aggregated data
Took 0.34565210342407227 to map traces recovered traces to real ones
Overall accuracy: 0.4885416666666667
Overall error: 6.769288096910832
Overall accuracy std: 0.0125
Overall error std: 1.8064908664268784
Took 0.4375128746032715 to complete evaluation


37# Evaluating trace simulator with parameters:
> Users: 8
> Towers: 36
> Velocity: (0.04, 0.08)

Took 0.0452730655670166 to generate all
Took 0.038810014724731445 to create build distribution matrix
Took 0.1604599952697754 to create recover traces from aggregated data
Took 0.3066568374633789 to map traces recovered traces to real ones
Overall accuracy: 0.5625
Overall error: 4.617422591961466
Overall accuracy std: 0.0
Overall error std: 2.1260084178841057
Took 0.5548439025878906 to complete evaluation


38# Evaluating trace simulator with parameters:
> Users: 8
> Towers: 100
> Velocity: (0.04, 0.08)

Took 0.053968191146850586 to generate all
Took 0.002756834030151367 to create build distribution matrix
Took 0.11876988410949707 to create recover traces from aggregated data
Took 0.36190009117126465 to map traces recovered traces to real ones
Overall accuracy: 0.8072916666666667
Overall error: 0.7681473275906247
Overall accuracy std: 0.0
Overall error std: 0.6598193551539181
Took 0.5827879905700684 to complete evaluation


39# Evaluating trace simulator with parameters:
> Users: 8
> Towers: 400
> Velocity: (0.04, 0.08)

Took 0.14523005485534668 to generate all
Took 0.044775962829589844 to create build distribution matrix
Took 0.11048603057861328 to create recover traces from aggregated data
Took 0.5578310489654541 to map traces recovered traces to real ones
Overall accuracy: 1.0
Overall error: 0.0
Overall accuracy std: 0.0
Overall error std: 0.0
Took 0.955786943435669 to complete evaluation


40# Evaluating trace simulator with parameters:
> Users: 8
> Towers: 900
> Velocity: (0.04, 0.08)

Took 0.3152308464050293 to generate all
Took 0.09438014030456543 to create build distribution matrix
Took 0.15505313873291016 to create recover traces from aggregated data
Took 0.7564351558685303 to map traces recovered traces to real ones
Overall accuracy: 0.9375
Overall error: 0.1725825726060557
Overall accuracy std: 0.0
Overall error std: 0.16749642182690638
Took 1.5318667888641357 to complete evaluation


41# Evaluating trace simulator with parameters:
> Users: 8
> Towers: 1600
> Velocity: (0.04, 0.08)

Took 0.8739771842956543 to generate all
Took 0.23594284057617188 to create build distribution matrix
Took 0.15702295303344727 to create recover traces from aggregated data
Took 3.251723051071167 to map traces recovered traces to real ones
Overall accuracy: 0.9895833333333334
Overall error: 0.01433376908653711
Overall accuracy std: 0.0
Overall error std: 0.024826816321842415
Took 5.218110799789429 to complete evaluation


42# Evaluating trace simulator with parameters:
> Users: 16
> Towers: 16
> Velocity: (0.04, 0.08)

Took 0.019359827041625977 to generate all
Took 0.0008137226104736328 to create build distribution matrix
Took 0.3509223461151123 to create recover traces from aggregated data
Took 0.339367151260376 to map traces recovered traces to real ones
Overall accuracy: 0.37187500000000007
Overall error: 7.7848988208107786
Overall accuracy std: 0.011458333333333348
Overall error std: 2.0732181449263916
Took 0.719674825668335 to complete evaluation


43# Evaluating trace simulator with parameters:
> Users: 16
> Towers: 36
> Velocity: (0.04, 0.08)

Took 0.10295701026916504 to generate all
Took 0.0012280941009521484 to create build distribution matrix
Took 0.43755483627319336 to create recover traces from aggregated data
Took 0.345721960067749 to map traces recovered traces to real ones
Overall accuracy: 0.3302083333333333
Overall error: 6.46407022243063
Overall accuracy std: 0.001041666666666652
Overall error std: 2.6024645686680428
Took 0.8941218852996826 to complete evaluation


44# Evaluating trace simulator with parameters:
> Users: 16
> Towers: 100
> Velocity: (0.04, 0.08)

Took 0.10486316680908203 to generate all
Took 0.0029900074005126953 to create build distribution matrix
Took 0.4119718074798584 to create recover traces from aggregated data
Took 0.4160771369934082 to map traces recovered traces to real ones
Overall accuracy: 0.4052083333333334
Overall error: 5.28603552467035
Overall accuracy std: 0.022916666666666675
Overall error std: 3.627801223079232
Took 0.9853498935699463 to complete evaluation


45# Evaluating trace simulator with parameters:
> Users: 16
> Towers: 400
> Velocity: (0.04, 0.08)

Took 0.3376169204711914 to generate all
Took 0.07941794395446777 to create build distribution matrix
Took 0.3726646900177002 to create recover traces from aggregated data
Took 0.786674976348877 to map traces recovered traces to real ones
Overall accuracy: 0.8151041666666667
Overall error: 1.0097041485435128
Overall accuracy std: 0.0
Overall error std: 1.280099982319099
Took 1.6535239219665527 to complete evaluation


46# Evaluating trace simulator with parameters:
> Users: 16
> Towers: 900
> Velocity: (0.04, 0.08)

Took 0.27550387382507324 to generate all
Took 0.1255331039428711 to create build distribution matrix
Took 0.355849027633667 to create recover traces from aggregated data
Took 1.1546339988708496 to map traces recovered traces to real ones
Overall accuracy: 0.8541666666666667
Overall error: 0.473171074303331
Overall accuracy std: 0.0
Overall error std: 0.7390039056906662
Took 2.216946840286255 to complete evaluation


47# Evaluating trace simulator with parameters:
> Users: 16
> Towers: 1600
> Velocity: (0.04, 0.08)

Took 0.5772547721862793 to generate all
Took 0.19199800491333008 to create build distribution matrix
Took 0.26787781715393066 to create recover traces from aggregated data
Took 3.1316301822662354 to map traces recovered traces to real ones
Overall accuracy: 0.9375
Overall error: 0.21345327577588194
Overall accuracy std: 0.0
Overall error std: 0.545619762382912
Took 4.617853879928589 to complete evaluation


48# Evaluating trace simulator with parameters:
> Users: 32
> Towers: 16
> Velocity: (0.04, 0.08)

Took 0.03153491020202637 to generate all
Took 0.000885009765625 to create build distribution matrix
Took 1.6831960678100586 to create recover traces from aggregated data
Took 1.0621116161346436 to map traces recovered traces to real ones
Overall accuracy: 0.32916666666666666
Overall error: 9.184025704974243
Overall accuracy std: 0.007291666666666674
Overall error std: 2.8695520194563082
Took 2.786879062652588 to complete evaluation


49# Evaluating trace simulator with parameters:
> Users: 32
> Towers: 36
> Velocity: (0.04, 0.08)

Took 0.029008150100708008 to generate all
Took 0.0013208389282226562 to create build distribution matrix
Took 1.2856462001800537 to create recover traces from aggregated data
Took 0.9660921096801758 to map traces recovered traces to real ones
Overall accuracy: 0.2890625
Overall error: 8.024247180718982
Overall accuracy std: 0.0052083333333333036
Overall error std: 2.829178250003693
Took 2.288001775741577 to complete evaluation


50# Evaluating trace simulator with parameters:
> Users: 32
> Towers: 100
> Velocity: (0.04, 0.08)

Took 0.032147884368896484 to generate all
Took 0.030887842178344727 to create build distribution matrix
Took 1.1849799156188965 to create recover traces from aggregated data
Took 0.8659658432006836 to map traces recovered traces to real ones
Overall accuracy: 0.21640625
Overall error: 7.571227747939007
Overall accuracy std: 0.000520833333333337
Overall error std: 2.820579226677814
Took 2.1330370903015137 to complete evaluation


51# Evaluating trace simulator with parameters:
> Users: 32
> Towers: 400
> Velocity: (0.04, 0.08)

Took 0.14521002769470215 to generate all
Took 0.050357818603515625 to create build distribution matrix
Took 0.7632551193237305 to create recover traces from aggregated data
Took 1.6925146579742432 to map traces recovered traces to real ones
Overall accuracy: 0.5044270833333334
Overall error: 3.679854414557302
Overall accuracy std: 0.014583333333333347
Overall error std: 4.290038781216393
Took 2.7629029750823975 to complete evaluation


52# Evaluating trace simulator with parameters:
> Users: 32
> Towers: 900
> Velocity: (0.04, 0.08)

Took 0.45351195335388184 to generate all
Took 0.17885589599609375 to create build distribution matrix
Took 0.8208060264587402 to create recover traces from aggregated data
Took 2.318643093109131 to map traces recovered traces to real ones
Overall accuracy: 0.7361979166666667
Overall error: 1.572936417882816
Overall accuracy std: 0.001041666666666652
Overall error std: 2.5925714762473966
Took 4.060532093048096 to complete evaluation


53# Evaluating trace simulator with parameters:
> Users: 32
> Towers: 1600
> Velocity: (0.04, 0.08)

Took 0.865189790725708 to generate all
Took 0.2430248260498047 to create build distribution matrix
Took 0.6412220001220703 to create recover traces from aggregated data
Took 4.456984043121338 to map traces recovered traces to real ones
Overall accuracy: 0.7411458333333334
Overall error: 1.6192863008885692
Overall accuracy std: 0.0005208333333333037
Overall error std: 1.6140912483666505
Took 6.899308204650879 to complete evaluation


54# Evaluating trace simulator with parameters:
> Users: 64
> Towers: 16
> Velocity: (0.04, 0.08)

Took 0.19213509559631348 to generate all
Took 0.0010328292846679688 to create build distribution matrix
Took 4.283321857452393 to create recover traces from aggregated data
Took 4.4500651359558105 to map traces recovered traces to real ones
Overall accuracy: 0.33424479166666665
Overall error: 8.919846420216947
Overall accuracy std: 0.0031249999999999997
Overall error std: 3.317143547482813
Took 8.933012962341309 to complete evaluation


55# Evaluating trace simulator with parameters:
> Users: 64
> Towers: 36
> Velocity: (0.04, 0.08)

Took 0.1208953857421875 to generate all
Took 0.06437563896179199 to create build distribution matrix
Took 5.513092994689941 to create recover traces from aggregated data
Took 4.5101518630981445 to map traces recovered traces to real ones
Overall accuracy: 0.21653645833333335
Overall error: 9.105958426500925
Overall accuracy std: 0.002083333333333326
Overall error std: 2.4230550827795336
Took 10.22511911392212 to complete evaluation


56# Evaluating trace simulator with parameters:
> Users: 64
> Towers: 100
> Velocity: (0.04, 0.08)

Took 0.2676873207092285 to generate all
Took 0.0030541419982910156 to create build distribution matrix
Took 7.081028699874878 to create recover traces from aggregated data
Took 4.617140054702759 to map traces recovered traces to real ones
Overall accuracy: 0.16575520833333335
Overall error: 8.280365239986816
Overall accuracy std: 0.001822916666666674
Overall error std: 2.576358059029781
Took 12.044739961624146 to complete evaluation


57# Evaluating trace simulator with parameters:
> Users: 64
> Towers: 400
> Velocity: (0.04, 0.08)

Took 0.44175100326538086 to generate all
Took 0.0863339900970459 to create build distribution matrix
Took 5.342172861099243 to create recover traces from aggregated data
Took 7.865900993347168 to map traces recovered traces to real ones
Overall accuracy: 0.301171875
Overall error: 6.022166859004454
Overall accuracy std: 0.00703125
Overall error std: 3.357597219606295
Took 13.817709684371948 to complete evaluation


58# Evaluating trace simulator with parameters:
> Users: 64
> Towers: 900
> Velocity: (0.04, 0.08)

Took 0.9100918769836426 to generate all
Took 0.1744089126586914 to create build distribution matrix
Took 3.5850110054016113 to create recover traces from aggregated data
Took 8.675862789154053 to map traces recovered traces to real ones
Overall accuracy: 0.551171875
Overall error: 2.487388591289814
Overall accuracy std: 0.004427083333333348
Overall error std: 2.4098064312679295
Took 13.743270874023438 to complete evaluation


59# Evaluating trace simulator with parameters:
> Users: 64
> Towers: 1600
> Velocity: (0.04, 0.08)

Took 1.7464001178741455 to generate all
Took 0.325855016708374 to create build distribution matrix
Took 2.9106340408325195 to create recover traces from aggregated data
Took 10.051638841629028 to map traces recovered traces to real ones
Overall accuracy: 0.61640625
Overall error: 2.4228904316657607
Overall accuracy std: 0.003645833333333348
Overall error std: 2.7587733735777893
Took 15.70791482925415 to complete evaluation


60# Evaluating trace simulator with parameters:
> Users: 256
> Towers: 16
> Velocity: (0.04, 0.08)

Took 1.2598330974578857 to generate all
Took 0.0018939971923828125 to create build distribution matrix
Took 102.4799907207489 to create recover traces from aggregated data
Took 75.71448922157288 to map traces recovered traces to real ones
Overall accuracy: 0.40517578125
Overall error: 6.778245237418662
Overall accuracy std: 0.0001953125
Overall error std: 2.3629563732669374
Took 179.46563005447388 to complete evaluation


61# Evaluating trace simulator with parameters:
> Users: 256
> Towers: 36
> Velocity: (0.04, 0.08)

Took 1.0677151679992676 to generate all
Took 0.002234935760498047 to create build distribution matrix
Took 84.04014706611633 to create recover traces from aggregated data
Took 41.63550519943237 to map traces recovered traces to real ones
Overall accuracy: 0.2510416666666667
Overall error: 7.927170770939915
Overall accuracy std: 0.0008463541666666741
Overall error std: 2.55436885370905
Took 126.75528287887573 to complete evaluation


62# Evaluating trace simulator with parameters:
> Users: 256
> Towers: 100
> Velocity: (0.04, 0.08)

Took 0.5090758800506592 to generate all
Took 0.003960132598876953 to create build distribution matrix
Took 86.6637077331543 to create recover traces from aggregated data
Took 46.56587481498718 to map traces recovered traces to real ones
Overall accuracy: 0.14563802083333333
Overall error: 8.607513840727332
Overall accuracy std: 0.00039062500000001113
Overall error std: 2.4124871204256406
Took 133.7827398777008 to complete evaluation


63# Evaluating trace simulator with parameters:
> Users: 256
> Towers: 400
> Velocity: (0.04, 0.08)

Took 0.979576826095581 to generate all
Took 0.09991025924682617 to create build distribution matrix
Took 94.47298097610474 to create recover traces from aggregated data
Took 84.84677195549011 to map traces recovered traces to real ones
Overall accuracy: 0.1357421875
Overall error: 8.16186419596487
Overall accuracy std: 0.0006510416666666629
Overall error std: 3.0941388322031385
Took 180.45225310325623 to complete evaluation


64# Evaluating trace simulator with parameters:
> Users: 256
> Towers: 900
> Velocity: (0.04, 0.08)

Took 1.1617178916931152 to generate all
Took 0.08580970764160156 to create build distribution matrix
Took 89.20809197425842 to create recover traces from aggregated data
Took 77.19082808494568 to map traces recovered traces to real ones
Overall accuracy: 0.134375
Overall error: 7.586348377272157
Overall accuracy std: 0.0021484375
Overall error std: 3.2265505446220697
Took 167.8125958442688 to complete evaluation


65# Evaluating trace simulator with parameters:
> Users: 256
> Towers: 1600
> Velocity: (0.04, 0.08)

Took 1.9333539009094238 to generate all
Took 0.17734909057617188 to create build distribution matrix
Took 110.20288515090942 to create recover traces from aggregated data
Took 62.410162925720215 to map traces recovered traces to real ones
Overall accuracy: 0.13694661458333335
Overall error: 7.5751263810560845
Overall accuracy std: 0.0008463541666666741
Overall error std: 3.2069089375019777
Took 175.14010524749756 to complete evaluation


66# Evaluating trace simulator with parameters:
> Users: 512
> Towers: 16
> Velocity: (0.04, 0.08)

Took 0.6653828620910645 to generate all
Took 0.002680063247680664 to create build distribution matrix
Took 396.19193291664124 to create recover traces from aggregated data
Took 116.54562282562256 to map traces recovered traces to real ones
Overall accuracy: 0.4024251302083333
Overall error: 6.76677322077898
Overall accuracy std: 0.00016276041666665189
Overall error std: 2.308805174393259
Took 513.4221138954163 to complete evaluation


67# Evaluating trace simulator with parameters:
> Users: 512
> Towers: 36
> Velocity: (0.04, 0.08)

Took 0.6728558540344238 to generate all
Took 0.014173269271850586 to create build distribution matrix
Took 497.3492259979248 to create recover traces from aggregated data
Took 105.17414093017578 to map traces recovered traces to real ones
Overall accuracy: 0.2659016927083333
Overall error: 7.389350246209091
Overall accuracy std: 0.0005533854166666741
Overall error std: 2.5470995648120995
Took 603.2301921844482 to complete evaluation


68# Evaluating trace simulator with parameters:
> Users: 512
> Towers: 100
> Velocity: (0.04, 0.08)

Took 0.6710910797119141 to generate all
Took 0.015087127685546875 to create build distribution matrix
Took 642.1428859233856 to create recover traces from aggregated data
Took 104.88521718978882 to map traces recovered traces to real ones
Overall accuracy: 0.15291341145833334
Overall error: 8.281373548015354
Overall accuracy std: 0.00032552083333333706
Overall error std: 2.715965273829878
Took 747.732752084732 to complete evaluation


69# Evaluating trace simulator with parameters:
> Users: 512
> Towers: 400
> Velocity: (0.04, 0.08)

Took 0.8787589073181152 to generate all
Took 0.020967960357666016 to create build distribution matrix
Took 741.0174288749695 to create recover traces from aggregated data
Took 214.39471006393433 to map traces recovered traces to real ones
Overall accuracy: 0.12154947916666665
Overall error: 8.06754059524512
Overall accuracy std: 0.0007486979166666685
Overall error std: 2.95422861108977
Took 956.3648989200592 to complete evaluation


70# Evaluating trace simulator with parameters:
> Users: 512
> Towers: 900
> Velocity: (0.04, 0.08)

Took 1.2190887928009033 to generate all
Took 0.046294212341308594 to create build distribution matrix
Took 854.8068017959595 to create recover traces from aggregated data
Took 233.6658239364624 to map traces recovered traces to real ones
Overall accuracy: 0.10908203125
Overall error: 7.750861448795211
Overall accuracy std: 0.0017252604166666742
Overall error std: 2.938551862755998
Took 1089.8565270900726 to complete evaluation


71# Evaluating trace simulator with parameters:
> Users: 512
> Towers: 1600
> Velocity: (0.04, 0.08)

Took 1.7123467922210693 to generate all
Took 0.08723807334899902 to create build distribution matrix
Took 852.9691760540009 to create recover traces from aggregated data
Took 282.9845290184021 to map traces recovered traces to real ones
Overall accuracy: 0.10379231770833333
Overall error: 7.531625247809487
Overall accuracy std: 0.0007161458333333371
Overall error std: 2.993658939359065
Took 1137.9922919273376 to complete evaluation


72# Evaluating trace simulator with parameters:
> Users: 8
> Towers: 16
> Velocity: (0.08, 0.1)

Took 0.011358022689819336 to generate all
Took 0.0007908344268798828 to create build distribution matrix
Took 0.04134702682495117 to create recover traces from aggregated data
Took 0.24890542030334473 to map traces recovered traces to real ones
Overall accuracy: 0.5052083333333333
Overall error: 6.14682593453218
Overall accuracy std: 0.0
Overall error std: 1.3401649345471998
Took 0.3101329803466797 to complete evaluation


73# Evaluating trace simulator with parameters:
> Users: 8
> Towers: 36
> Velocity: (0.08, 0.1)

Took 0.024688005447387695 to generate all
Took 0.0010921955108642578 to create build distribution matrix
Took 0.1900489330291748 to create recover traces from aggregated data
Took 0.27489209175109863 to map traces recovered traces to real ones
Overall accuracy: 0.4635416666666667
Overall error: 5.527556187068308
Overall accuracy std: 5.551115123125783e-17
Overall error std: 1.3508069073691709
Took 0.49430179595947266 to complete evaluation


74# Evaluating trace simulator with parameters:
> Users: 8
> Towers: 100
> Velocity: (0.08, 0.1)

Took 0.016623973846435547 to generate all
Took 0.0025517940521240234 to create build distribution matrix
Took 0.07687687873840332 to create recover traces from aggregated data
Took 0.26088595390319824 to map traces recovered traces to real ones
Overall accuracy: 0.6822916666666667
Overall error: 2.754362960415503
Overall accuracy std: 0.0
Overall error std: 2.021481564506161
Took 0.3827970027923584 to complete evaluation


75# Evaluating trace simulator with parameters:
> Users: 8
> Towers: 400
> Velocity: (0.08, 0.1)

Took 0.07821202278137207 to generate all
Took 0.03717303276062012 to create build distribution matrix
Took 0.07641196250915527 to create recover traces from aggregated data
Took 0.49070167541503906 to map traces recovered traces to real ones
Overall accuracy: 0.8125
Overall error: 2.2894626392291757
Overall accuracy std: 0.010416666666666607
Overall error std: 3.591709558354323
Took 0.7223868370056152 to complete evaluation


76# Evaluating trace simulator with parameters:
> Users: 8
> Towers: 900
> Velocity: (0.08, 0.1)

Took 0.28838014602661133 to generate all
Took 0.14714384078979492 to create build distribution matrix
Took 0.10805773735046387 to create recover traces from aggregated data
Took 0.6668379306793213 to map traces recovered traces to real ones
Overall accuracy: 0.921875
Overall error: 0.4945949420734667
Overall accuracy std: 0.0
Overall error std: 0.7970779031843169
Took 1.3798418045043945 to complete evaluation


77# Evaluating trace simulator with parameters:
> Users: 8
> Towers: 1600
> Velocity: (0.08, 0.1)

Took 0.433107852935791 to generate all
Took 0.09640383720397949 to create build distribution matrix
Took 0.06339359283447266 to create recover traces from aggregated data
Took 1.7423138618469238 to map traces recovered traces to real ones
Overall accuracy: 0.9583333333333334
Overall error: 0.056719179247328666
Overall accuracy std: 0.0
Overall error std: 0.06130840338709767
Took 2.6794309616088867 to complete evaluation


78# Evaluating trace simulator with parameters:
> Users: 16
> Towers: 16
> Velocity: (0.08, 0.1)

Took 0.01863241195678711 to generate all
Took 0.0007262229919433594 to create build distribution matrix
Took 0.0891110897064209 to create recover traces from aggregated data
Took 0.20447111129760742 to map traces recovered traces to real ones
Overall accuracy: 0.34895833333333337
Overall error: 8.612382360485707
Overall accuracy std: 0.005208333333333326
Overall error std: 2.6653074151877143
Took 0.3202638626098633 to complete evaluation


79# Evaluating trace simulator with parameters:
> Users: 16
> Towers: 36
> Velocity: (0.08, 0.1)

Took 0.019348859786987305 to generate all
Took 0.018265962600708008 to create build distribution matrix
Took 0.47097206115722656 to create recover traces from aggregated data
Took 0.23199725151062012 to map traces recovered traces to real ones
Overall accuracy: 0.25833333333333336
Overall error: 8.743364855549382
Overall accuracy std: 0.006250000000000022
Overall error std: 2.3884127643951825
Took 0.7451109886169434 to complete evaluation


80# Evaluating trace simulator with parameters:
> Users: 16
> Towers: 100
> Velocity: (0.08, 0.1)

Took 0.06296992301940918 to generate all
Took 0.0026700496673583984 to create build distribution matrix
Took 0.2445380687713623 to create recover traces from aggregated data
Took 0.24635601043701172 to map traces recovered traces to real ones
Overall accuracy: 0.4067708333333333
Overall error: 5.290019946010153
Overall accuracy std: 0.004166666666666652
Overall error std: 2.0216679865720635
Took 0.5871148109436035 to complete evaluation


81# Evaluating trace simulator with parameters:
> Users: 16
> Towers: 400
> Velocity: (0.08, 0.1)

Took 0.06584906578063965 to generate all
Took 0.024692058563232422 to create build distribution matrix
Took 0.13013505935668945 to create recover traces from aggregated data
Took 0.4456748962402344 to map traces recovered traces to real ones
Overall accuracy: 0.7916666666666667
Overall error: 0.9004810290637633
Overall accuracy std: 1.1102230246251565e-16
Overall error std: 1.151861700655784
Took 0.7139420509338379 to complete evaluation


82# Evaluating trace simulator with parameters:
> Users: 16
> Towers: 900
> Velocity: (0.08, 0.1)

Took 0.10864067077636719 to generate all
Took 0.05754208564758301 to create build distribution matrix
Took 0.10752391815185547 to create recover traces from aggregated data
Took 0.815730094909668 to map traces recovered traces to real ones
Overall accuracy: 0.9166666666666666
Overall error: 0.39151714589672365
Overall accuracy std: 1.1102230246251565e-16
Overall error std: 0.6224485517578421
Took 1.1954379081726074 to complete evaluation


83# Evaluating trace simulator with parameters:
> Users: 16
> Towers: 1600
> Velocity: (0.08, 0.1)

Took 0.46860694885253906 to generate all
Took 0.14681410789489746 to create build distribution matrix
Took 0.16897988319396973 to create recover traces from aggregated data
Took 1.7892138957977295 to map traces recovered traces to real ones
Overall accuracy: 0.753125
Overall error: 1.6179223064012196
Overall accuracy std: 0.009375
Overall error std: 2.1208571281571036
Took 2.9495718479156494 to complete evaluation


84# Evaluating trace simulator with parameters:
> Users: 32
> Towers: 16
> Velocity: (0.08, 0.1)

Took 0.0296170711517334 to generate all
Took 0.0008499622344970703 to create build distribution matrix
Took 0.46043896675109863 to create recover traces from aggregated data
Took 0.46059584617614746 to map traces recovered traces to real ones
Overall accuracy: 0.30572916666666666
Overall error: 8.710493702379946
Overall accuracy std: 0.000520833333333326
Overall error std: 2.427436687940524
Took 0.9616119861602783 to complete evaluation


85# Evaluating trace simulator with parameters:
> Users: 32
> Towers: 36
> Velocity: (0.08, 0.1)

Took 0.050020694732666016 to generate all
Took 0.0012841224670410156 to create build distribution matrix
Took 0.7619738578796387 to create recover traces from aggregated data
Took 0.4379591941833496 to map traces recovered traces to real ones
Overall accuracy: 0.20859375
Overall error: 9.07416456663966
Overall accuracy std: 0.008333333333333337
Overall error std: 2.543243884151005
Took 1.257375955581665 to complete evaluation


86# Evaluating trace simulator with parameters:
> Users: 32
> Towers: 100
> Velocity: (0.08, 0.1)

Took 0.037197113037109375 to generate all
Took 0.002962827682495117 to create build distribution matrix
Took 0.5243251323699951 to create recover traces from aggregated data
Took 0.33577704429626465 to map traces recovered traces to real ones
Overall accuracy: 0.21744791666666669
Overall error: 8.497773221302747
Overall accuracy std: 0.002604166666666663
Overall error std: 2.6351278991013922
Took 0.9080688953399658 to complete evaluation


87# Evaluating trace simulator with parameters:
> Users: 32
> Towers: 400
> Velocity: (0.08, 0.1)

Took 0.08125805854797363 to generate all
Took 0.019479036331176758 to create build distribution matrix
Took 0.438823938369751 to create recover traces from aggregated data
Took 0.8538892269134521 to map traces recovered traces to real ones
Overall accuracy: 0.31250000000000006
Overall error: 6.412437130969165
Overall accuracy std: 0.005208333333333348
Overall error std: 2.345707394756283
Took 1.4216041564941406 to complete evaluation


88# Evaluating trace simulator with parameters:
> Users: 32
> Towers: 900
> Velocity: (0.08, 0.1)

Took 0.24749970436096191 to generate all
Took 0.08373618125915527 to create build distribution matrix
Took 0.5050008296966553 to create recover traces from aggregated data
Took 0.9805152416229248 to map traces recovered traces to real ones
Overall accuracy: 0.59765625
Overall error: 2.526242836577979
Overall accuracy std: 0.010416666666666607
Overall error std: 2.207700270349944
Took 1.9810612201690674 to complete evaluation


89# Evaluating trace simulator with parameters:
> Users: 32
> Towers: 1600
> Velocity: (0.08, 0.1)

Took 0.27352190017700195 to generate all
Took 0.08019399642944336 to create build distribution matrix
Took 0.31316685676574707 to create recover traces from aggregated data
Took 1.8618078231811523 to map traces recovered traces to real ones
Overall accuracy: 0.7356770833333333
Overall error: 1.4504887558925526
Overall accuracy std: 0.0
Overall error std: 1.5530642135849857
Took 2.7455291748046875 to complete evaluation


90# Evaluating trace simulator with parameters:
> Users: 64
> Towers: 16
> Velocity: (0.08, 0.1)

Took 0.05447697639465332 to generate all
Took 0.0009517669677734375 to create build distribution matrix
Took 2.1017673015594482 to create recover traces from aggregated data
Took 2.0181519985198975 to map traces recovered traces to real ones
Overall accuracy: 0.2856770833333333
Overall error: 9.160815356448825
Overall accuracy std: 0.001041666666666652
Overall error std: 2.2646124852598875
Took 4.185106992721558 to complete evaluation


91# Evaluating trace simulator with parameters:
> Users: 64
> Towers: 36
> Velocity: (0.08, 0.1)

Took 0.05285286903381348 to generate all
Took 0.0015320777893066406 to create build distribution matrix
Took 2.8315141201019287 to create recover traces from aggregated data
Took 1.816206932067871 to map traces recovered traces to real ones
Overall accuracy: 0.19153645833333333
Overall error: 9.34439408961535
Overall accuracy std: 0.001041666666666663
Overall error std: 2.356404741725821
Took 4.708715200424194 to complete evaluation


92# Evaluating trace simulator with parameters:
> Users: 64
> Towers: 100
> Velocity: (0.08, 0.1)

Took 0.05681467056274414 to generate all
Took 0.0029997825622558594 to create build distribution matrix
Took 3.196098804473877 to create recover traces from aggregated data
Took 1.8328337669372559 to map traces recovered traces to real ones
Overall accuracy: 0.146484375
Overall error: 8.824276926913731
Overall accuracy std: 0.00390625
Overall error std: 2.0748508000702595
Took 5.096312999725342 to complete evaluation


93# Evaluating trace simulator with parameters:
> Users: 64
> Towers: 400
> Velocity: (0.08, 0.1)

Took 0.09170079231262207 to generate all
Took 0.030486106872558594 to create build distribution matrix
Took 2.3829970359802246 to create recover traces from aggregated data
Took 3.0830979347229004 to map traces recovered traces to real ones
Overall accuracy: 0.18098958333333334
Overall error: 7.782961166186593
Overall accuracy std: 0.0013020833333333259
Overall error std: 2.6278606652313914
Took 5.62620997428894 to complete evaluation


94# Evaluating trace simulator with parameters:
> Users: 64
> Towers: 900
> Velocity: (0.08, 0.1)

Took 0.22184014320373535 to generate all
Took 0.06275391578674316 to create build distribution matrix
Took 3.2908918857574463 to create recover traces from aggregated data
Took 4.199023962020874 to map traces recovered traces to real ones
Overall accuracy: 0.19609375
Overall error: 8.291812271912994
Overall accuracy std: 0.0015625
Overall error std: 3.265311400248413
Took 7.894796133041382 to complete evaluation


95# Evaluating trace simulator with parameters:
> Users: 64
> Towers: 1600
> Velocity: (0.08, 0.1)

Took 0.6982901096343994 to generate all
Took 0.18499183654785156 to create build distribution matrix
Took 3.2026710510253906 to create recover traces from aggregated data
Took 4.722800254821777 to map traces recovered traces to real ones
Overall accuracy: 0.20924479166666665
Overall error: 8.120102168599265
Overall accuracy std: 0.008333333333333326
Overall error std: 3.1446830764050993
Took 9.167756080627441 to complete evaluation


96# Evaluating trace simulator with parameters:
> Users: 256
> Towers: 16
> Velocity: (0.08, 0.1)

Took 0.5781829357147217 to generate all
Took 0.0016677379608154297 to create build distribution matrix
Took 38.622342109680176 to create recover traces from aggregated data
Took 26.947676181793213 to map traces recovered traces to real ones
Overall accuracy: 0.3361979166666667
Overall error: 8.052042425672639
Overall accuracy std: 0.0001953125000000222
Overall error std: 2.5537078108866913
Took 66.15840697288513 to complete evaluation


97# Evaluating trace simulator with parameters:
> Users: 256
> Towers: 36
> Velocity: (0.08, 0.1)

Took 0.3767433166503906 to generate all
Took 0.002260923385620117 to create build distribution matrix
Took 53.49357008934021 to create recover traces from aggregated data
Took 29.306445837020874 to map traces recovered traces to real ones
Overall accuracy: 0.21500651041666666
Overall error: 8.514644395130674
Overall accuracy std: 0.0006510416666666629
Overall error std: 2.2981769486553856
Took 83.2081618309021 to complete evaluation


98# Evaluating trace simulator with parameters:
> Users: 256
> Towers: 100
> Velocity: (0.08, 0.1)

Took 0.49171996116638184 to generate all
Took 0.025294780731201172 to create build distribution matrix
Took 73.72693300247192 to create recover traces from aggregated data
Took 29.638514280319214 to map traces recovered traces to real ones
Overall accuracy: 0.14352213541666664
Overall error: 8.729110039153232
Overall accuracy std: 0.000911458333333337
Overall error std: 2.390439088685805
Took 103.89134979248047 to complete evaluation


99# Evaluating trace simulator with parameters:
> Users: 256
> Towers: 400
> Velocity: (0.08, 0.1)

Took 0.8507280349731445 to generate all
Took 0.023706912994384766 to create build distribution matrix
Took 156.94489693641663 to create recover traces from aggregated data
Took 110.7530951499939 to map traces recovered traces to real ones
Overall accuracy: 0.10869140625
Overall error: 8.680103355842007
Overall accuracy std: 0.0013671875000000056
Overall error std: 2.7634783831008427
Took 268.6465196609497 to complete evaluation


100# Evaluating trace simulator with parameters:
> Users: 256
> Towers: 900
> Velocity: (0.08, 0.1)

Took 1.7324659824371338 to generate all
Took 0.1597151756286621 to create build distribution matrix
Took 149.14812588691711 to create recover traces from aggregated data
Took 72.21077799797058 to map traces recovered traces to real ones
Overall accuracy: 0.10289713541666665
Overall error: 8.45354889596266
Overall accuracy std: 0.00234375
Overall error std: 2.6420389595380214
Took 223.46646809577942 to complete evaluation


101# Evaluating trace simulator with parameters:
> Users: 256
> Towers: 1600
> Velocity: (0.08, 0.1)

Took 1.8662340641021729 to generate all
Took 0.13001608848571777 to create build distribution matrix
Took 118.64394807815552 to create recover traces from aggregated data
Took 51.20129203796387 to map traces recovered traces to real ones
Overall accuracy: 0.10699869791666665
Overall error: 8.457679311008135
Overall accuracy std: 0.000455729166666663
Overall error std: 2.7889734098350005
Took 172.17272996902466 to complete evaluation


102# Evaluating trace simulator with parameters:
> Users: 512
> Towers: 16
> Velocity: (0.08, 0.1)

Took 1.0954480171203613 to generate all
Took 0.0028600692749023438 to create build distribution matrix
Took 407.42504692077637 to create recover traces from aggregated data
Took 171.24247312545776 to map traces recovered traces to real ones
Overall accuracy: 0.3476888020833334
Overall error: 7.727438808815542
Overall accuracy std: 0.000390625
Overall error std: 2.271264584171856
Took 579.7823302745819 to complete evaluation


103# Evaluating trace simulator with parameters:
> Users: 512
> Towers: 36
> Velocity: (0.08, 0.1)

Took 0.9680392742156982 to generate all
Took 0.02605891227722168 to create build distribution matrix
Took 464.2882328033447 to create recover traces from aggregated data
Took 201.29921412467957 to map traces recovered traces to real ones
Overall accuracy: 0.2257161458333333
Overall error: 7.981870080973972
Overall accuracy std: 0.000911458333333337
Overall error std: 2.250344470765278
Took 666.6001882553101 to complete evaluation


104# Evaluating trace simulator with parameters:
> Users: 512
> Towers: 100
> Velocity: (0.08, 0.1)

Took 0.8192999362945557 to generate all
Took 0.004828929901123047 to create build distribution matrix
Took 652.6429440975189 to create recover traces from aggregated data
Took 115.98756074905396 to map traces recovered traces to real ones
Overall accuracy: 0.14783528645833335
Overall error: 8.358404963599058
Overall accuracy std: 0.00022786458333332594
Overall error std: 2.4029296740135613
Took 769.4883449077606 to complete evaluation


105# Evaluating trace simulator with parameters:
> Users: 512
> Towers: 400
> Velocity: (0.08, 0.1)

Took 0.9078760147094727 to generate all
Took 0.02317523956298828 to create build distribution matrix
Took 780.1691470146179 to create recover traces from aggregated data
Took 194.83361506462097 to map traces recovered traces to real ones
Overall accuracy: 0.10314127604166665
Overall error: 8.217590843119059
Overall accuracy std: 0.0002604166666666741
Overall error std: 2.6827255520023225
Took 975.988137960434 to complete evaluation


106# Evaluating trace simulator with parameters:
> Users: 512
> Towers: 900
> Velocity: (0.08, 0.1)

Took 1.2760348320007324 to generate all
Took 0.04529690742492676 to create build distribution matrix
Took 898.2596416473389 to create recover traces from aggregated data
Took 221.96108388900757 to map traces recovered traces to real ones
Overall accuracy: 0.0892578125
Overall error: 8.268687564551204
Overall accuracy std: 0.0005208333333333315
Overall error std: 2.9444359265990827
Took 1121.659373998642 to complete evaluation


107# Evaluating trace simulator with parameters:
> Users: 512
> Towers: 1600
> Velocity: (0.08, 0.1)

Took 1.7352080345153809 to generate all
Took 0.08457398414611816 to create build distribution matrix
Took 940.3964879512787 to create recover traces from aggregated data
Took 298.00899600982666 to map traces recovered traces to real ones
Overall accuracy: 0.08671875
Overall error: 8.342491876615798
Overall accuracy std: 0.00022786458333332594
Overall error std: 2.95309342686564
Took 1240.494924068451 to complete evaluation


108# Evaluating trace simulator with parameters:
> Users: 8
> Towers: 16
> Velocity: (0.1, 0.1)

Took 0.011677026748657227 to generate all
Took 0.0007328987121582031 to create build distribution matrix
Took 0.06448006629943848 to create recover traces from aggregated data
Took 0.27829408645629883 to map traces recovered traces to real ones
Overall accuracy: 0.3510416666666667
Overall error: 8.364127717622853
Overall accuracy std: 0.014583333333333325
Overall error std: 1.2881789341787229
Took 0.3625600337982178 to complete evaluation


109# Evaluating trace simulator with parameters:
> Users: 8
> Towers: 36
> Velocity: (0.1, 0.1)

Took 0.0127410888671875 to generate all
Took 0.0011019706726074219 to create build distribution matrix
Took 0.10706615447998047 to create recover traces from aggregated data
Took 0.2628781795501709 to map traces recovered traces to real ones
Overall accuracy: 0.41875
Overall error: 5.9318170797780265
Overall accuracy std: 0.004166666666666674
Overall error std: 2.462630994804055
Took 0.3879392147064209 to complete evaluation


110# Evaluating trace simulator with parameters:
> Users: 8
> Towers: 100
> Velocity: (0.1, 0.1)

Took 0.04204130172729492 to generate all
Took 0.002954244613647461 to create build distribution matrix
Took 0.09578275680541992 to create recover traces from aggregated data
Took 0.36093783378601074 to map traces recovered traces to real ones
Overall accuracy: 0.615625
Overall error: 3.2736078098588335
Overall accuracy std: 0.002083333333333348
Overall error std: 2.5089519598875776
Took 0.5075910091400146 to complete evaluation


111# Evaluating trace simulator with parameters:
> Users: 8
> Towers: 400
> Velocity: (0.1, 0.1)

Took 0.09372186660766602 to generate all
Took 0.038266897201538086 to create build distribution matrix
Took 0.09371805191040039 to create recover traces from aggregated data
Took 0.5457961559295654 to map traces recovered traces to real ones
Overall accuracy: 0.6562500000000001
Overall error: 2.421112957236495
Overall accuracy std: 0.015625
Overall error std: 1.8473502010082088
Took 0.8530871868133545 to complete evaluation


112# Evaluating trace simulator with parameters:
> Users: 8
> Towers: 900
> Velocity: (0.1, 0.1)

Took 0.24031519889831543 to generate all
Took 0.09090995788574219 to create build distribution matrix
Took 0.09328079223632812 to create recover traces from aggregated data
Took 0.7067210674285889 to map traces recovered traces to real ones
Overall accuracy: 0.9895833333333334
Overall error: 0.012191496227354272
Overall accuracy std: 0.0
Overall error std: 0.021116290886061886
Took 1.3195068836212158 to complete evaluation


113# Evaluating trace simulator with parameters:
> Users: 8
> Towers: 1600
> Velocity: (0.1, 0.1)

Took 0.47982215881347656 to generate all
Took 0.12880206108093262 to create build distribution matrix
Took 0.07910823822021484 to create recover traces from aggregated data
Took 1.9059529304504395 to map traces recovered traces to real ones
Overall accuracy: 0.96875
Overall error: 0.02188598437418652
Overall accuracy std: 0.0
Overall error std: 0.02027101064210501
Took 2.90698504447937 to complete evaluation


114# Evaluating trace simulator with parameters:
> Users: 16
> Towers: 16
> Velocity: (0.1, 0.1)

Took 0.021959781646728516 to generate all
Took 0.001028299331665039 to create build distribution matrix
Took 0.27446413040161133 to create recover traces from aggregated data
Took 0.2926018238067627 to map traces recovered traces to real ones
Overall accuracy: 0.3302083333333333
Overall error: 8.629245707239336
Overall accuracy std: 0.011458333333333327
Overall error std: 2.0045950126779615
Took 0.5989093780517578 to complete evaluation


115# Evaluating trace simulator with parameters:
> Users: 16
> Towers: 36
> Velocity: (0.1, 0.1)

Took 0.06837892532348633 to generate all
Took 0.0012867450714111328 to create build distribution matrix
Took 0.42733168601989746 to create recover traces from aggregated data
Took 0.2503509521484375 to map traces recovered traces to real ones
Overall accuracy: 0.22239583333333335
Overall error: 9.461443443496444
Overall accuracy std: 0.0031249999999999997
Overall error std: 1.9451788633527762
Took 0.7527880668640137 to complete evaluation


116# Evaluating trace simulator with parameters:
> Users: 16
> Towers: 100
> Velocity: (0.1, 0.1)

Took 0.05463719367980957 to generate all
Took 0.002398252487182617 to create build distribution matrix
Took 0.26592421531677246 to create recover traces from aggregated data
Took 0.2632458209991455 to map traces recovered traces to real ones
Overall accuracy: 0.3161458333333334
Overall error: 7.237344820239594
Overall accuracy std: 0.012499999999999978
Overall error std: 3.041030256832198
Took 0.6059350967407227 to complete evaluation


117# Evaluating trace simulator with parameters:
> Users: 16
> Towers: 400
> Velocity: (0.1, 0.1)

Took 0.12720417976379395 to generate all
Took 0.030451059341430664 to create build distribution matrix
Took 0.1659560203552246 to create recover traces from aggregated data
Took 0.4505462646484375 to map traces recovered traces to real ones
Overall accuracy: 0.6239583333333334
Overall error: 3.014624455774304
Overall accuracy std: 0.013541666666666652
Overall error std: 2.277618407159101
Took 0.8317067623138428 to complete evaluation


118# Evaluating trace simulator with parameters:
> Users: 16
> Towers: 900
> Velocity: (0.1, 0.1)

Took 0.17457008361816406 to generate all
Took 0.07674407958984375 to create build distribution matrix
Took 0.16428685188293457 to create recover traces from aggregated data
Took 0.8424100875854492 to map traces recovered traces to real ones
Overall accuracy: 0.6166666666666666
Overall error: 2.6229576398229604
Overall accuracy std: 0.014583333333333347
Overall error std: 2.0687163004131817
Took 1.3915610313415527 to complete evaluation


119# Evaluating trace simulator with parameters:
> Users: 16
> Towers: 1600
> Velocity: (0.1, 0.1)

Took 0.5462419986724854 to generate all
Took 0.1644577980041504 to create build distribution matrix
Took 0.21469807624816895 to create recover traces from aggregated data
Took 2.397068738937378 to map traces recovered traces to real ones
Overall accuracy: 0.8005208333333332
Overall error: 1.650170123835079
Overall accuracy std: 0.003125
Overall error std: 2.318370865941086
Took 3.7058308124542236 to complete evaluation


120# Evaluating trace simulator with parameters:
> Users: 32
> Towers: 16
> Velocity: (0.1, 0.1)

Took 0.029347896575927734 to generate all
Took 0.0007836818695068359 to create build distribution matrix
Took 0.4943428039550781 to create recover traces from aggregated data
Took 0.42424488067626953 to map traces recovered traces to real ones
Overall accuracy: 0.2791666666666667
Overall error: 9.894024870356684
Overall accuracy std: 0.003645833333333348
Overall error std: 2.4557547489279763
Took 0.9571671485900879 to complete evaluation


121# Evaluating trace simulator with parameters:
> Users: 32
> Towers: 36
> Velocity: (0.1, 0.1)

Took 0.03680896759033203 to generate all
Took 0.0013527870178222656 to create build distribution matrix
Took 0.545536994934082 to create recover traces from aggregated data
Took 0.43273377418518066 to map traces recovered traces to real ones
Overall accuracy: 0.19244791666666666
Overall error: 10.072210118034178
Overall accuracy std: 0.005729166666666673
Overall error std: 2.162397939893024
Took 1.0234901905059814 to complete evaluation


122# Evaluating trace simulator with parameters:
> Users: 32
> Towers: 100
> Velocity: (0.1, 0.1)

Took 0.03712582588195801 to generate all
Took 0.0027010440826416016 to create build distribution matrix
Took 0.5642540454864502 to create recover traces from aggregated data
Took 0.4226970672607422 to map traces recovered traces to real ones
Overall accuracy: 0.21536458333333336
Overall error: 8.190618197676317
Overall accuracy std: 0.003645833333333326
Overall error std: 2.5128060560378804
Took 1.034393072128296 to complete evaluation


123# Evaluating trace simulator with parameters:
> Users: 32
> Towers: 400
> Velocity: (0.1, 0.1)

Took 0.05680274963378906 to generate all
Took 0.008677005767822266 to create build distribution matrix
Took 0.4730048179626465 to create recover traces from aggregated data
Took 1.0487089157104492 to map traces recovered traces to real ones
Overall accuracy: 0.2859375
Overall error: 6.5202677222754275
Overall accuracy std: 0.006770833333333303
Overall error std: 3.022200976131353
Took 1.606665849685669 to complete evaluation


124# Evaluating trace simulator with parameters:
> Users: 32
> Towers: 900
> Velocity: (0.1, 0.1)

Took 0.17420101165771484 to generate all
Took 0.060156822204589844 to create build distribution matrix
Took 0.46631503105163574 to create recover traces from aggregated data
Took 1.141502857208252 to map traces recovered traces to real ones
Overall accuracy: 0.4549479166666666
Overall error: 4.3507524519004175
Overall accuracy std: 0.016666666666666673
Overall error std: 3.642500591643159
Took 1.9819221496582031 to complete evaluation


125# Evaluating trace simulator with parameters:
> Users: 32
> Towers: 1600
> Velocity: (0.1, 0.1)

Took 0.48134398460388184 to generate all
Took 0.12460494041442871 to create build distribution matrix
Took 0.4595808982849121 to create recover traces from aggregated data
Took 2.2432398796081543 to map traces recovered traces to real ones
Overall accuracy: 0.6328124999999999
Overall error: 2.9623073896297747
Overall accuracy std: 0.005208333333333348
Overall error std: 2.9733971725090793
Took 3.6028690338134766 to complete evaluation


126# Evaluating trace simulator with parameters:
> Users: 64
> Towers: 16
> Velocity: (0.1, 0.1)

Took 0.051104068756103516 to generate all
Took 0.0010142326354980469 to create build distribution matrix
Took 2.4724631309509277 to create recover traces from aggregated data
Took 1.9737322330474854 to map traces recovered traces to real ones
Overall accuracy: 0.2868489583333334
Overall error: 9.441915500422533
Overall accuracy std: 0.002083333333333304
Overall error std: 1.9041064208031129
Took 4.506993770599365 to complete evaluation


127# Evaluating trace simulator with parameters:
> Users: 64
> Towers: 36
> Velocity: (0.1, 0.1)

Took 0.05600905418395996 to generate all
Took 0.001512289047241211 to create build distribution matrix
Took 2.380186080932617 to create recover traces from aggregated data
Took 1.823740005493164 to map traces recovered traces to real ones
Overall accuracy: 0.184375
Overall error: 9.232037489579216
Overall accuracy std: 0.0028645833333333366
Overall error std: 2.228952872681179
Took 4.269313097000122 to complete evaluation


128# Evaluating trace simulator with parameters:
> Users: 64
> Towers: 100
> Velocity: (0.1, 0.1)

Took 0.06227993965148926 to generate all
Took 0.0029938220977783203 to create build distribution matrix
Took 1.8675317764282227 to create recover traces from aggregated data
Took 1.3718180656433105 to map traces recovered traces to real ones
Overall accuracy: 0.1658854166666667
Overall error: 8.92926061557608
Overall accuracy std: 0.0015625000000000111
Overall error std: 2.42156545086424
Took 3.3118879795074463 to complete evaluation


129# Evaluating trace simulator with parameters:
> Users: 64
> Towers: 400
> Velocity: (0.1, 0.1)

Took 0.08768200874328613 to generate all
Took 0.013161897659301758 to create build distribution matrix
Took 1.9488539695739746 to create recover traces from aggregated data
Took 2.4124200344085693 to map traces recovered traces to real ones
Overall accuracy: 0.17408854166666665
Overall error: 7.839391349608425
Overall accuracy std: 0.001822916666666674
Overall error std: 2.6707190515119112
Took 4.481210947036743 to complete evaluation


130# Evaluating trace simulator with parameters:
> Users: 64
> Towers: 900
> Velocity: (0.1, 0.1)

Took 0.15906500816345215 to generate all
Took 0.04906511306762695 to create build distribution matrix
Took 1.7367010116577148 to create recover traces from aggregated data
Took 2.4527430534362793 to map traces recovered traces to real ones
Overall accuracy: 0.2630208333333333
Overall error: 6.8786395461337175
Overall accuracy std: 0.006510416666666652
Overall error std: 3.1202775846082975
Took 4.497851133346558 to complete evaluation


131# Evaluating trace simulator with parameters:
> Users: 64
> Towers: 1600
> Velocity: (0.1, 0.1)

Took 0.34398913383483887 to generate all
Took 0.12341499328613281 to create build distribution matrix
Took 2.5527260303497314 to create recover traces from aggregated data
Took 5.315258026123047 to map traces recovered traces to real ones
Overall accuracy: 0.272265625
Overall error: 6.584186505023415
Overall accuracy std: 0.00026041666666667404
Overall error std: 2.814670272734554
Took 8.589412927627563 to complete evaluation


132# Evaluating trace simulator with parameters:
> Users: 256
> Towers: 16
> Velocity: (0.1, 0.1)

Took 0.6961801052093506 to generate all
Took 0.002084016799926758 to create build distribution matrix
Took 46.99767804145813 to create recover traces from aggregated data
Took 24.957832098007202 to map traces recovered traces to real ones
Overall accuracy: 0.32379557291666666
Overall error: 8.401304779960745
Overall accuracy std: 0.0014973958333333258
Overall error std: 2.3729282172802675
Took 72.663898229599 to complete evaluation


133# Evaluating trace simulator with parameters:
> Users: 256
> Towers: 36
> Velocity: (0.1, 0.1)

Took 0.23465204238891602 to generate all
Took 0.002171039581298828 to create build distribution matrix
Took 57.971304178237915 to create recover traces from aggregated data
Took 28.57415509223938 to map traces recovered traces to real ones
Overall accuracy: 0.2026041666666667
Overall error: 8.65856444857998
Overall accuracy std: 0.0015625
Overall error std: 2.2449397500532178
Took 86.78863406181335 to complete evaluation


134# Evaluating trace simulator with parameters:
> Users: 256
> Towers: 100
> Velocity: (0.1, 0.1)

Took 0.4235680103302002 to generate all
Took 0.004172086715698242 to create build distribution matrix
Took 54.499232053756714 to create recover traces from aggregated data
Took 41.677828788757324 to map traces recovered traces to real ones
Overall accuracy: 0.14124348958333335
Overall error: 8.810505082522136
Overall accuracy std: 6.510416666667407e-05
Overall error std: 2.37922682002627
Took 96.63277697563171 to complete evaluation


135# Evaluating trace simulator with parameters:
> Users: 256
> Towers: 400
> Velocity: (0.1, 0.1)

Took 1.1850180625915527 to generate all
Took 0.05040097236633301 to create build distribution matrix
Took 70.7055070400238 to create recover traces from aggregated data
Took 48.055909156799316 to map traces recovered traces to real ones
Overall accuracy: 0.10657552083333333
Overall error: 8.703020447421542
Overall accuracy std: 0.001692708333333337
Overall error std: 2.7150739009946494
Took 120.05919313430786 to complete evaluation


136# Evaluating trace simulator with parameters:
> Users: 256
> Towers: 900
> Velocity: (0.1, 0.1)

Took 1.261049747467041 to generate all
Took 0.13534998893737793 to create build distribution matrix
Took 90.58060622215271 to create recover traces from aggregated data
Took 45.442193269729614 to map traces recovered traces to real ones
Overall accuracy: 0.10546875
Overall error: 8.393649030201711
Overall accuracy std: 0.0016276041666666687
Overall error std: 2.8578522157927315
Took 137.60690093040466 to complete evaluation


137# Evaluating trace simulator with parameters:
> Users: 256
> Towers: 1600
> Velocity: (0.1, 0.1)

Took 1.6519579887390137 to generate all
Took 0.1494140625 to create build distribution matrix
Took 85.04954099655151 to create recover traces from aggregated data
Took 49.72597694396973 to map traces recovered traces to real ones
Overall accuracy: 0.09944661458333333
Overall error: 8.470512792703241
Overall accuracy std: 0.0006510416666666629
Overall error std: 2.8584375331798717
Took 136.89267992973328 to complete evaluation


138# Evaluating trace simulator with parameters:
> Users: 512
> Towers: 16
> Velocity: (0.1, 0.1)

Took 0.9454529285430908 to generate all
Took 0.002724885940551758 to create build distribution matrix
Took 548.9369249343872 to create recover traces from aggregated data
Took 152.13586401939392 to map traces recovered traces to real ones
Overall accuracy: 0.3317545572916667
Overall error: 7.996326623825048
Overall accuracy std: 6.510416666667408e-05
Overall error std: 2.1884895161167024
Took 702.0389709472656 to complete evaluation


139# Evaluating trace simulator with parameters:
> Users: 512
> Towers: 36
> Velocity: (0.1, 0.1)

Took 1.292409896850586 to generate all
Took 0.0032958984375 to create build distribution matrix
Took 514.0087380409241 to create recover traces from aggregated data
Took 156.0172040462494 to map traces recovered traces to real ones
Overall accuracy: 0.22037760416666666
Overall error: 8.123178757321801
Overall accuracy std: 0.0006510416666666741
Overall error std: 2.266303259822012
Took 671.3372349739075 to complete evaluation


140# Evaluating trace simulator with parameters:
> Users: 512
> Towers: 100
> Velocity: (0.1, 0.1)

Took 0.7650508880615234 to generate all
Took 0.01838827133178711 to create build distribution matrix
Took 615.6293261051178 to create recover traces from aggregated data
Took 129.39683723449707 to map traces recovered traces to real ones
Overall accuracy: 0.14949544270833334
Overall error: 8.46758501953582
Overall accuracy std: 0.000813802083333326
Overall error std: 2.4253297704621404
Took 745.8305289745331 to complete evaluation


141# Evaluating trace simulator with parameters:
> Users: 512
> Towers: 400
> Velocity: (0.1, 0.1)

Took 0.9183211326599121 to generate all
Took 0.021684885025024414 to create build distribution matrix
Took 767.5833668708801 to create recover traces from aggregated data
Took 216.11112594604492 to map traces recovered traces to real ones
Overall accuracy: 0.09990234375
Overall error: 8.35749515167236
Overall accuracy std: 0.00107421875
Overall error std: 2.678313817984161
Took 984.6746649742126 to complete evaluation


142# Evaluating trace simulator with parameters:
> Users: 512
> Towers: 900
> Velocity: (0.1, 0.1)

Took 1.7712650299072266 to generate all
Took 0.06044793128967285 to create build distribution matrix
Took 827.3827049732208 to create recover traces from aggregated data
Took 245.94989490509033 to map traces recovered traces to real ones
Overall accuracy: 0.08735351562499998
Overall error: 8.444573995454917
Overall accuracy std: 0.0007161458333333371
Overall error std: 2.750341974495411
Took 1075.3140659332275 to complete evaluation


143# Evaluating trace simulator with parameters:
> Users: 512
> Towers: 1600
> Velocity: (0.1, 0.1)

Took 4.142893075942993 to generate all
Took 0.20289897918701172 to create build distribution matrix
Took 883.9662849903107 to create recover traces from aggregated data
Took 189.95329093933105 to map traces recovered traces to real ones
Overall accuracy: 0.08009440104166668
Overall error: 8.540511328106797
Overall accuracy std: 0.0008463541666666629
Overall error std: 2.8089652274858743
Took 1078.8096251487732 to complete evaluation


