0# Evaluating trace simulator with parameters:
> Users: 8
> Towers: 16
> Sigma: 0.00025

Took 0.0007822513580322266 to create distrances matrix
Took 0.03788495063781738 to create probabilities matrix
Took 0.12666773796081543 to create user traces
Took 0.0003139972686767578 to build aggregated data
Took 0.16570639610290527 to generate all
Took 0.0007021427154541016 to create build distribution matrix
Took 0.10346007347106934 to create recover traces from aggregated data
Took 0.40279722213745117 to map traces recovered traces to real ones
Overall accuracy: 1.0
Overall error: 0.0
Overall accuracy std: 0.0
Overall error std: 0.0
Took 0.6767239570617676 to complete evaluation


1# Evaluating trace simulator with parameters:
> Users: 8
> Towers: 36
> Sigma: 0.00025

Took 0.00128173828125 to create distrances matrix
Took 0.01692485809326172 to create probabilities matrix
Took 0.07523894309997559 to create user traces
Took 0.013675928115844727 to build aggregated data
Took 0.10718584060668945 to generate all
Took 0.0009729862213134766 to create build distribution matrix
Took 0.29601097106933594 to create recover traces from aggregated data
Took 0.20935606956481934 to map traces recovered traces to real ones
Overall accuracy: 1.0
Overall error: 0.0
Overall accuracy std: 0.0
Overall error std: 0.0
Took 0.6173477172851562 to complete evaluation


2# Evaluating trace simulator with parameters:
> Users: 8
> Towers: 100
> Sigma: 0.00025

Took 0.0025658607482910156 to create distrances matrix
Took 0.3431568145751953 to create probabilities matrix
Took 0.10472488403320312 to create user traces
Took 0.0021049976348876953 to build aggregated data
Took 0.4526228904724121 to generate all
Took 0.007679939270019531 to create build distribution matrix
Took 0.033232927322387695 to create recover traces from aggregated data
Took 0.4842569828033447 to map traces recovered traces to real ones
Overall accuracy: 1.0
Overall error: 0.0
Overall accuracy std: 0.0
Overall error std: 0.0
Took 0.9859540462493896 to complete evaluation


3# Evaluating trace simulator with parameters:
> Users: 8
> Towers: 400
> Sigma: 0.00025

Took 0.01877880096435547 to create distrances matrix
Took 5.887304067611694 to create probabilities matrix
Took 0.16321110725402832 to create user traces
Took 0.015124082565307617 to build aggregated data
Took 6.084499835968018 to generate all
Took 0.010133028030395508 to create build distribution matrix
Took 0.15442800521850586 to create recover traces from aggregated data
Took 0.619704008102417 to map traces recovered traces to real ones
Overall accuracy: 1.0
Overall error: 0.0
Overall accuracy std: 0.0
Overall error std: 0.0
Took 6.886661767959595 to complete evaluation


4# Evaluating trace simulator with parameters:
> Users: 8
> Towers: 900
> Sigma: 0.00025

Took 0.11210012435913086 to create distrances matrix
Took 37.67344903945923 to create probabilities matrix
Took 0.07915711402893066 to create user traces
Took 0.12552809715270996 to build aggregated data
Took 37.990318059921265 to generate all
Took 0.1035308837890625 to create build distribution matrix
Took 0.15833806991577148 to create recover traces from aggregated data
Took 1.2018470764160156 to map traces recovered traces to real ones
Overall accuracy: 1.0
Overall error: 0.0
Overall accuracy std: 0.0
Overall error std: 0.0
Took 39.598515033721924 to complete evaluation


5# Evaluating trace simulator with parameters:
> Users: 8
> Towers: 1600
> Sigma: 0.00025

Took 0.4844510555267334 to create distrances matrix
Took 101.00407075881958 to create probabilities matrix
Took 0.30489182472229004 to create user traces
Took 0.08872318267822266 to build aggregated data
Took 101.88223695755005 to generate all
Took 0.11191701889038086 to create build distribution matrix
Took 0.5355420112609863 to create recover traces from aggregated data
Took 3.074907064437866 to map traces recovered traces to real ones
Overall accuracy: 1.0
Overall error: 0.0
Overall accuracy std: 0.0
Overall error std: 0.0
Took 106.04397797584534 to complete evaluation


6# Evaluating trace simulator with parameters:
> Users: 16
> Towers: 16
> Sigma: 0.00025

Took 0.0008709430694580078 to create distrances matrix
Took 0.015308618545532227 to create probabilities matrix
Took 0.03557300567626953 to create user traces
Took 0.00020885467529296875 to build aggregated data
Took 0.05205106735229492 to generate all
Took 0.0008039474487304688 to create build distribution matrix
Took 0.6598284244537354 to create recover traces from aggregated data
Took 0.7869350910186768 to map traces recovered traces to real ones
Overall accuracy: 1.0
Overall error: 0.0
Overall accuracy std: 0.0
Overall error std: 0.0
Took 1.5093200206756592 to complete evaluation


7# Evaluating trace simulator with parameters:
> Users: 16
> Towers: 36
> Sigma: 0.00025

Took 0.0014967918395996094 to create distrances matrix
Took 0.0460667610168457 to create probabilities matrix
Took 0.07334303855895996 to create user traces
Took 0.0003261566162109375 to build aggregated data
Took 0.12128686904907227 to generate all
Took 0.0006153583526611328 to create build distribution matrix
Took 0.625952959060669 to create recover traces from aggregated data
Took 0.7504241466522217 to map traces recovered traces to real ones
Overall accuracy: 1.0
Overall error: 0.0
Overall accuracy std: 0.0
Overall error std: 0.0
Took 1.501572847366333 to complete evaluation


8# Evaluating trace simulator with parameters:
> Users: 16
> Towers: 100
> Sigma: 0.00025

Took 0.002783060073852539 to create distrances matrix
Took 0.337890625 to create probabilities matrix
Took 0.46964287757873535 to create user traces
Took 0.0016660690307617188 to build aggregated data
Took 0.8120460510253906 to generate all
Took 0.002490997314453125 to create build distribution matrix
Took 0.23580169677734375 to create recover traces from aggregated data
Took 0.7132270336151123 to map traces recovered traces to real ones
Overall accuracy: 1.0
Overall error: 0.0
Overall accuracy std: 0.0
Overall error std: 0.0
Took 1.7693421840667725 to complete evaluation


9# Evaluating trace simulator with parameters:
> Users: 16
> Towers: 400
> Sigma: 0.00025

Took 0.03665590286254883 to create distrances matrix
Took 13.283269166946411 to create probabilities matrix
Took 0.06208300590515137 to create user traces
Took 0.0031239986419677734 to build aggregated data
Took 13.385201930999756 to generate all
Took 0.004857778549194336 to create build distribution matrix
Took 0.7751991748809814 to create recover traces from aggregated data
Took 1.2038700580596924 to map traces recovered traces to real ones
Overall accuracy: 1.0
Overall error: 0.0
Overall accuracy std: 0.0
Overall error std: 0.0
Took 15.426254272460938 to complete evaluation


10# Evaluating trace simulator with parameters:
> Users: 16
> Towers: 900
> Sigma: 0.00025

Took 0.14636588096618652 to create distrances matrix
Took 29.53476309776306 to create probabilities matrix
Took 0.10365891456604004 to create user traces
Took 0.025825023651123047 to build aggregated data
Took 29.810696840286255 to generate all
Took 0.047341108322143555 to create build distribution matrix
Took 0.09493613243103027 to create recover traces from aggregated data
Took 0.5957517623901367 to map traces recovered traces to real ones
Overall accuracy: 0.9947916666666666
Overall error: 0.006095748113677136
Overall accuracy std: 1.1102230246251565e-16
Overall error std: 0.016127833563680787
Took 30.651322841644287 to complete evaluation


11# Evaluating trace simulator with parameters:
> Users: 16
> Towers: 1600
> Sigma: 0.00025

Took 0.17980194091796875 to create distrances matrix
Took 88.86320424079895 to create probabilities matrix
Took 0.15808486938476562 to create user traces
Took 0.0715336799621582 to build aggregated data
Took 89.27271580696106 to generate all
Took 0.19548678398132324 to create build distribution matrix
Took 0.10871195793151855 to create recover traces from aggregated data
Took 2.2758121490478516 to map traces recovered traces to real ones
Overall accuracy: 0.9635416666666666
Overall error: 0.11684689941987172
Overall accuracy std: 1.1102230246251565e-16
Overall error std: 0.309147837333958
Took 92.07386898994446 to complete evaluation


12# Evaluating trace simulator with parameters:
> Users: 32
> Towers: 16
> Sigma: 0.00025

Took 0.0010268688201904297 to create distrances matrix
Took 0.0037229061126708984 to create probabilities matrix
Took 0.07201170921325684 to create user traces
Took 0.0003600120544433594 to build aggregated data
Took 0.0771939754486084 to generate all
Took 0.0008080005645751953 to create build distribution matrix
Took 0.19697213172912598 to create recover traces from aggregated data
Took 0.6037502288818359 to map traces recovered traces to real ones
Overall accuracy: 1.0
Overall error: 0.0
Overall accuracy std: 0.0
Overall error std: 0.0
Took 0.8894660472869873 to complete evaluation


13# Evaluating trace simulator with parameters:
> Users: 32
> Towers: 36
> Sigma: 0.00025

Took 0.0015277862548828125 to create distrances matrix
Took 0.015444040298461914 to create probabilities matrix
Took 0.18190217018127441 to create user traces
Took 0.009824037551879883 to build aggregated data
Took 0.20877790451049805 to generate all
Took 0.0011980533599853516 to create build distribution matrix
Took 0.23061203956604004 to create recover traces from aggregated data
Took 0.41013407707214355 to map traces recovered traces to real ones
Overall accuracy: 1.0
Overall error: 0.0
Overall accuracy std: 0.0
Overall error std: 0.0
Took 0.8545520305633545 to complete evaluation


14# Evaluating trace simulator with parameters:
> Users: 32
> Towers: 100
> Sigma: 0.00025

Took 0.0027141571044921875 to create distrances matrix
Took 0.2307450771331787 to create probabilities matrix
Took 0.20932888984680176 to create user traces
Took 0.0018799304962158203 to build aggregated data
Took 0.4447360038757324 to generate all
Took 0.002871990203857422 to create build distribution matrix
Took 0.22007012367248535 to create recover traces from aggregated data
Took 0.3325672149658203 to map traces recovered traces to real ones
Overall accuracy: 1.0
Overall error: 0.0
Overall accuracy std: 0.0
Overall error std: 0.0
Took 1.0075771808624268 to complete evaluation


15# Evaluating trace simulator with parameters:
> Users: 32
> Towers: 400
> Sigma: 0.00025

Took 0.01374197006225586 to create distrances matrix
Took 4.381691932678223 to create probabilities matrix
Took 0.32694196701049805 to create user traces
Took 0.0070989131927490234 to build aggregated data
Took 4.72954797744751 to generate all
Took 0.029434919357299805 to create build distribution matrix
Took 0.31890296936035156 to create recover traces from aggregated data
Took 0.7025961875915527 to map traces recovered traces to real ones
Overall accuracy: 1.0
Overall error: 0.0
Overall accuracy std: 0.0
Overall error std: 0.0
Took 5.822745084762573 to complete evaluation


16# Evaluating trace simulator with parameters:
> Users: 32
> Towers: 900
> Sigma: 0.00025

Took 0.041494131088256836 to create distrances matrix
Took 46.20852875709534 to create probabilities matrix
Took 0.6358168125152588 to create user traces
Took 0.22771787643432617 to build aggregated data
Took 47.11364412307739 to generate all
Took 0.02611398696899414 to create build distribution matrix
Took 1.1563119888305664 to create recover traces from aggregated data
Took 3.2692012786865234 to map traces recovered traces to real ones
Overall accuracy: 0.9453125
Overall error: 0.08355135546472493
Overall accuracy std: 0.0
Overall error std: 0.19779552000292613
Took 51.819445848464966 to complete evaluation


17# Evaluating trace simulator with parameters:
> Users: 32
> Towers: 1600
> Sigma: 0.00025

Took 0.8165256977081299 to create distrances matrix
Took 99.44579601287842 to create probabilities matrix
Took 1.1148250102996826 to create user traces
Took 0.34743499755859375 to build aggregated data
Took 101.72466993331909 to generate all
Took 0.30449986457824707 to create build distribution matrix
Took 1.3475639820098877 to create recover traces from aggregated data
Took 5.608807325363159 to map traces recovered traces to real ones
Overall accuracy: 0.9713541666666666
Overall error: 0.026029872896024497
Overall accuracy std: 1.1102230246251565e-16
Overall error std: 0.04475886873450723
Took 109.51307225227356 to complete evaluation


18# Evaluating trace simulator with parameters:
> Users: 64
> Towers: 16
> Sigma: 0.00025

Took 0.0011661052703857422 to create distrances matrix
Took 0.0032520294189453125 to create probabilities matrix
Took 0.8620178699493408 to create user traces
Took 0.00025081634521484375 to build aggregated data
Took 0.8667361736297607 to generate all
Took 0.0005097389221191406 to create build distribution matrix
Took 2.2753491401672363 to create recover traces from aggregated data
Took 6.002923965454102 to map traces recovered traces to real ones
Overall accuracy: 1.0
Overall error: 0.0
Overall accuracy std: 0.0
Overall error std: 0.0
Took 9.154618740081787 to complete evaluation


19# Evaluating trace simulator with parameters:
> Users: 64
> Towers: 36
> Sigma: 0.00025

Took 0.001399993896484375 to create distrances matrix
Took 0.017810821533203125 to create probabilities matrix
Took 0.630033016204834 to create user traces
Took 0.0004432201385498047 to build aggregated data
Took 0.6497378349304199 to generate all
Took 0.0008032321929931641 to create build distribution matrix
Took 1.8661739826202393 to create recover traces from aggregated data
Took 6.289065837860107 to map traces recovered traces to real ones
Overall accuracy: 1.0
Overall error: 0.0
Overall accuracy std: 0.0
Overall error std: 0.0
Took 8.810390949249268 to complete evaluation


20# Evaluating trace simulator with parameters:
> Users: 64
> Towers: 100
> Sigma: 0.00025

Took 0.0032188892364501953 to create distrances matrix
Took 0.5783650875091553 to create probabilities matrix
Took 0.9719350337982178 to create user traces
Took 0.002149343490600586 to build aggregated data
Took 1.555732011795044 to generate all
Took 0.12546777725219727 to create build distribution matrix
Took 1.681373119354248 to create recover traces from aggregated data
Took 4.69931697845459 to map traces recovered traces to real ones
Overall accuracy: 1.0
Overall error: 0.0
Overall accuracy std: 0.0
Overall error std: 0.0
Took 8.06937026977539 to complete evaluation


21# Evaluating trace simulator with parameters:
> Users: 64
> Towers: 400
> Sigma: 0.00025

Took 0.012965917587280273 to create distrances matrix
Took 12.188869953155518 to create probabilities matrix
Took 1.206817865371704 to create user traces
Took 0.03333616256713867 to build aggregated data
Took 13.442076921463013 to generate all
Took 0.0069158077239990234 to create build distribution matrix
Took 1.9264328479766846 to create recover traces from aggregated data
Took 5.478032112121582 to map traces recovered traces to real ones
Overall accuracy: 0.97265625
Overall error: 0.12352200707691843
Overall accuracy std: 0.0
Overall error std: 0.5795098497216449
Took 20.87323808670044 to complete evaluation


22# Evaluating trace simulator with parameters:
> Users: 64
> Towers: 900
> Sigma: 0.00025

Took 0.045545101165771484 to create distrances matrix
Took 26.621434926986694 to create probabilities matrix
Took 0.7215280532836914 to create user traces
Took 0.0626380443572998 to build aggregated data
Took 27.451234102249146 to generate all
Took 0.1018369197845459 to create build distribution matrix
Took 1.0929358005523682 to create recover traces from aggregated data
Took 4.1777918338775635 to map traces recovered traces to real ones
Overall accuracy: 0.8951822916666666
Overall error: 0.575370793049512
Overall accuracy std: 0.0
Overall error std: 1.292296186382964
Took 32.952471017837524 to complete evaluation


23# Evaluating trace simulator with parameters:
> Users: 64
> Towers: 1600
> Sigma: 0.00025

Took 0.09994125366210938 to create distrances matrix
Took 115.49542021751404 to create probabilities matrix
Took 0.6325008869171143 to create user traces
Took 0.09019708633422852 to build aggregated data
Took 116.3181459903717 to generate all
Took 0.14276409149169922 to create build distribution matrix
Took 1.136173963546753 to create recover traces from aggregated data
Took 5.006664991378784 to map traces recovered traces to real ones
Overall accuracy: 0.739453125
Overall error: 1.4437801240331023
Overall accuracy std: 0.0054687500000000005
Overall error std: 2.1436684608850127
Took 122.83294081687927 to complete evaluation


24# Evaluating trace simulator with parameters:
> Users: 256
> Towers: 16
> Sigma: 0.00025

Took 0.0009369850158691406 to create distrances matrix
Took 0.003968954086303711 to create probabilities matrix
Took 1.202747106552124 to create user traces
Took 0.0006489753723144531 to build aggregated data
Took 1.2083702087402344 to generate all
Took 0.0016412734985351562 to create build distribution matrix
Took 6.273685932159424 to create recover traces from aggregated data
Took 44.22384524345398 to map traces recovered traces to real ones
Overall accuracy: 1.0
Overall error: 0.0
Overall accuracy std: 0.0
Overall error std: 0.0
Took 51.71885681152344 to complete evaluation


25# Evaluating trace simulator with parameters:
> Users: 256
> Towers: 36
> Sigma: 0.00025

Took 0.0024309158325195312 to create distrances matrix
Took 0.016508817672729492 to create probabilities matrix
Took 1.3299922943115234 to create user traces
Took 0.0014188289642333984 to build aggregated data
Took 1.3504259586334229 to generate all
Took 0.0021369457244873047 to create build distribution matrix
Took 6.190330982208252 to create recover traces from aggregated data
Took 44.1779887676239 to map traces recovered traces to real ones
Overall accuracy: 1.0
Overall error: 0.0
Overall accuracy std: 0.0
Overall error std: 0.0
Took 51.72684693336487 to complete evaluation


26# Evaluating trace simulator with parameters:
> Users: 256
> Towers: 100
> Sigma: 0.00025

Took 0.003267049789428711 to create distrances matrix
Took 0.12134695053100586 to create probabilities matrix
Took 1.4306161403656006 to create user traces
Took 0.0038390159606933594 to build aggregated data
Took 1.5591490268707275 to generate all
Took 0.0037360191345214844 to create build distribution matrix
Took 6.313445806503296 to create recover traces from aggregated data
Took 44.571436166763306 to map traces recovered traces to real ones
Overall accuracy: 1.0
Overall error: 0.0
Overall accuracy std: 0.0
Overall error std: 0.0
Took 52.45612716674805 to complete evaluation


27# Evaluating trace simulator with parameters:
> Users: 256
> Towers: 400
> Sigma: 0.00025

Took 0.018912076950073242 to create distrances matrix
Took 4.009254693984985 to create probabilities matrix
Took 1.92988920211792 to create user traces
Took 0.054628849029541016 to build aggregated data
Took 6.01277494430542 to generate all
Took 0.029046058654785156 to create build distribution matrix
Took 9.85425090789795 to create recover traces from aggregated data
Took 133.2871789932251 to map traces recovered traces to real ones
Overall accuracy: 0.8722981770833333
Overall error: 0.7117769725073447
Overall accuracy std: 0.0014973958333333037
Overall error std: 1.584904653570251
Took 149.22478795051575 to complete evaluation


28# Evaluating trace simulator with parameters:
> Users: 256
> Towers: 900
> Sigma: 0.00025

Took 0.1599900722503662 to create distrances matrix
Took 69.91398191452026 to create probabilities matrix
Took 5.039230823516846 to create user traces
Took 0.18745017051696777 to build aggregated data
Took 75.30074405670166 to generate all
Took 0.11737704277038574 to create build distribution matrix
Took 51.39782929420471 to create recover traces from aggregated data
Took 81.0699200630188 to map traces recovered traces to real ones
Overall accuracy: 0.2752604166666667
Overall error: 6.659557158130885
Overall accuracy std: 0.003645833333333326
Overall error std: 3.6024126615137755
Took 208.1370849609375 to complete evaluation


29# Evaluating trace simulator with parameters:
> Users: 256
> Towers: 1600
> Sigma: 0.00025

Took 0.10674381256103516 to create distrances matrix
Took 55.47495198249817 to create probabilities matrix
Took 2.0155680179595947 to create user traces
Took 0.12693285942077637 to build aggregated data
Took 57.72429895401001 to generate all
Took 0.0802609920501709 to create build distribution matrix
Took 41.785502910614014 to create recover traces from aggregated data
Took 96.34971690177917 to map traces recovered traces to real ones
Overall accuracy: 0.22734375
Overall error: 6.845877410293798
Overall accuracy std: 0.0013671875000000001
Overall error std: 3.31519644562721
Took 196.1143250465393 to complete evaluation


30# Evaluating trace simulator with parameters:
> Users: 512
> Towers: 16
> Sigma: 0.00025

Took 0.0010297298431396484 to create distrances matrix
Took 0.004044055938720703 to create probabilities matrix
Took 5.779864072799683 to create user traces
Took 0.0019099712371826172 to build aggregated data
Took 5.78692889213562 to generate all
Took 0.0028769969940185547 to create build distribution matrix
Took 40.750980854034424 to create recover traces from aggregated data
Took 276.8052496910095 to map traces recovered traces to real ones
Overall accuracy: 1.0
Overall error: 0.0
Overall accuracy std: 0.0
Overall error std: 0.0
Took 323.3700349330902 to complete evaluation


31# Evaluating trace simulator with parameters:
> Users: 512
> Towers: 36
> Sigma: 0.00025

Took 0.0015926361083984375 to create distrances matrix
Took 0.01610112190246582 to create probabilities matrix
Took 2.7317800521850586 to create user traces
Took 0.0024869441986083984 to build aggregated data
Took 2.7520508766174316 to generate all
Took 0.003409862518310547 to create build distribution matrix
Took 13.304067134857178 to create recover traces from aggregated data
Took 193.95950317382812 to map traces recovered traces to real ones
Overall accuracy: 1.0
Overall error: 0.0
Overall accuracy std: 0.0
Overall error std: 0.0
Took 210.0379078388214 to complete evaluation


32# Evaluating trace simulator with parameters:
> Users: 512
> Towers: 100
> Sigma: 0.00025

Took 0.0041961669921875 to create distrances matrix
Took 0.10666584968566895 to create probabilities matrix
Took 2.8898870944976807 to create user traces
Took 0.005882978439331055 to build aggregated data
Took 3.0067169666290283 to generate all
Took 0.00471806526184082 to create build distribution matrix
Took 13.178185939788818 to create recover traces from aggregated data
Took 194.41161513328552 to map traces recovered traces to real ones
Overall accuracy: 1.0
Overall error: 0.0
Overall accuracy std: 0.0
Overall error std: 0.0
Took 210.62819385528564 to complete evaluation


33# Evaluating trace simulator with parameters:
> Users: 512
> Towers: 400
> Sigma: 0.00025

Took 0.01467585563659668 to create distrances matrix
Took 3.5210800170898438 to create probabilities matrix
Took 3.034867763519287 to create user traces
Took 0.04504513740539551 to build aggregated data
Took 6.615762948989868 to generate all
Took 0.02060389518737793 to create build distribution matrix
Took 333.17542576789856 to create recover traces from aggregated data
Took 309.6735761165619 to map traces recovered traces to real ones
Overall accuracy: 0.5902506510416667
Overall error: 3.271258841804915
Overall accuracy std: 0.005859375000000044
Overall error std: 3.1602585321242005
Took 649.5362739562988 to complete evaluation


34# Evaluating trace simulator with parameters:
> Users: 512
> Towers: 900
> Sigma: 0.00025

Took 0.04838395118713379 to create distrances matrix
Took 17.872464895248413 to create probabilities matrix
Took 3.608570098876953 to create user traces
Took 0.11299824714660645 to build aggregated data
Took 21.642532110214233 to generate all
Took 0.04526329040527344 to create build distribution matrix
Took 641.7327401638031 to create recover traces from aggregated data
Took 339.8873920440674 to map traces recovered traces to real ones
Overall accuracy: 0.18916015625
Overall error: 7.400177881585606
Overall accuracy std: 0.0008789062500000001
Overall error std: 3.316234570007766
Took 1003.4200949668884 to complete evaluation


35# Evaluating trace simulator with parameters:
> Users: 512
> Towers: 1600
> Sigma: 0.00025

Took 0.17757701873779297 to create distrances matrix
Took 60.454347133636475 to create probabilities matrix
Took 3.867898941040039 to create user traces
Took 0.1895918846130371 to build aggregated data
Took 64.68952178955078 to generate all
Took 0.08321213722229004 to create build distribution matrix
Took 704.4187378883362 to create recover traces from aggregated data
Took 342.2438268661499 to map traces recovered traces to real ones
Overall accuracy: 0.14384765625
Overall error: 7.648721954837489
Overall accuracy std: 0.0007161458333333371
Overall error std: 3.3156618492967183
Took 1111.649563074112 to complete evaluation


36# Evaluating trace simulator with parameters:
> Users: 8
> Towers: 16
> Sigma: 0.0005

Took 0.0010042190551757812 to create distrances matrix
Took 0.0033788681030273438 to create probabilities matrix
Took 0.020823001861572266 to create user traces
Took 0.0002868175506591797 to build aggregated data
Took 0.0255889892578125 to generate all
Took 0.0007290840148925781 to create build distribution matrix
Took 0.018105030059814453 to create recover traces from aggregated data
Took 0.1815507411956787 to map traces recovered traces to real ones
Overall accuracy: 1.0
Overall error: 0.0
Overall accuracy std: 0.0
Overall error std: 0.0
Took 0.23388886451721191 to complete evaluation


37# Evaluating trace simulator with parameters:
> Users: 8
> Towers: 36
> Sigma: 0.0005

Took 0.0014438629150390625 to create distrances matrix
Took 0.03473997116088867 to create probabilities matrix
Took 0.046182870864868164 to create user traces
Took 0.0007469654083251953 to build aggregated data
Took 0.08318591117858887 to generate all
Took 0.0011591911315917969 to create build distribution matrix
Took 0.04512429237365723 to create recover traces from aggregated data
Took 0.2617039680480957 to map traces recovered traces to real ones
Overall accuracy: 1.0
Overall error: 0.0
Overall accuracy std: 0.0
Overall error std: 0.0
Took 0.39476513862609863 to complete evaluation


38# Evaluating trace simulator with parameters:
> Users: 8
> Towers: 100
> Sigma: 0.0005

Took 0.0030930042266845703 to create distrances matrix
Took 0.2634611129760742 to create probabilities matrix
Took 0.052606821060180664 to create user traces
Took 0.0014219284057617188 to build aggregated data
Took 0.3206467628479004 to generate all
Took 0.023559093475341797 to create build distribution matrix
Took 0.036151885986328125 to create recover traces from aggregated data
Took 0.24282383918762207 to map traces recovered traces to real ones
Overall accuracy: 1.0
Overall error: 0.0
Overall accuracy std: 0.0
Overall error std: 0.0
Took 0.6281590461730957 to complete evaluation


39# Evaluating trace simulator with parameters:
> Users: 8
> Towers: 400
> Sigma: 0.0005

Took 0.01447916030883789 to create distrances matrix
Took 4.703233003616333 to create probabilities matrix
Took 0.07872819900512695 to create user traces
Took 0.005715847015380859 to build aggregated data
Took 4.802234172821045 to generate all
Took 0.009402036666870117 to create build distribution matrix
Took 0.12048006057739258 to create recover traces from aggregated data
Took 0.40352582931518555 to map traces recovered traces to real ones
Overall accuracy: 0.9895833333333334
Overall error: 0.013157894736842105
Overall accuracy std: 0.0
Overall error std: 0.022790142204853647
Took 5.400328159332275 to complete evaluation


40# Evaluating trace simulator with parameters:
> Users: 8
> Towers: 900
> Sigma: 0.0005

Took 0.04912900924682617 to create distrances matrix
Took 18.884647846221924 to create probabilities matrix
Took 0.05647897720336914 to create user traces
Took 0.0232088565826416 to build aggregated data
Took 19.013543844223022 to generate all
Took 0.04478788375854492 to create build distribution matrix
Took 0.031987905502319336 to create recover traces from aggregated data
Took 0.4717671871185303 to map traces recovered traces to real ones
Overall accuracy: 1.0
Overall error: 0.0
Overall accuracy std: 0.0
Overall error std: 0.0
Took 19.642056941986084 to complete evaluation


41# Evaluating trace simulator with parameters:
> Users: 8
> Towers: 1600
> Sigma: 0.0005

Took 0.12356686592102051 to create distrances matrix
Took 56.59181809425354 to create probabilities matrix
Took 0.06200098991394043 to create user traces
Took 0.05542588233947754 to build aggregated data
Took 56.832907915115356 to generate all
Took 0.07939004898071289 to create build distribution matrix
Took 0.04665088653564453 to create recover traces from aggregated data
Took 1.375169038772583 to map traces recovered traces to real ones
Overall accuracy: 0.96875
Overall error: 0.032051282051282055
Overall accuracy std: 0.0
Overall error std: 0.05551444896054095
Took 58.50997281074524 to complete evaluation


42# Evaluating trace simulator with parameters:
> Users: 16
> Towers: 16
> Sigma: 0.0005

Took 0.0008876323699951172 to create distrances matrix
Took 0.00370025634765625 to create probabilities matrix
Took 0.03826475143432617 to create user traces
Took 0.0003299713134765625 to build aggregated data
Took 0.043320655822753906 to generate all
Took 0.0006997585296630859 to create build distribution matrix
Took 0.031345367431640625 to create recover traces from aggregated data
Took 0.17396903038024902 to map traces recovered traces to real ones
Overall accuracy: 1.0
Overall error: 0.0
Overall accuracy std: 0.0
Overall error std: 0.0
Took 0.2585330009460449 to complete evaluation


43# Evaluating trace simulator with parameters:
> Users: 16
> Towers: 36
> Sigma: 0.0005

Took 0.0013723373413085938 to create distrances matrix
Took 0.015905141830444336 to create probabilities matrix
Took 0.04389023780822754 to create user traces
Took 0.010682106018066406 to build aggregated data
Took 0.07192230224609375 to generate all
Took 0.0012178421020507812 to create build distribution matrix
Took 0.05217385292053223 to create recover traces from aggregated data
Took 0.21696805953979492 to map traces recovered traces to real ones
Overall accuracy: 1.0
Overall error: 0.0
Overall accuracy std: 0.0
Overall error std: 0.0
Took 0.34802675247192383 to complete evaluation


44# Evaluating trace simulator with parameters:
> Users: 16
> Towers: 100
> Sigma: 0.0005

Took 0.0032787322998046875 to create distrances matrix
Took 0.19671893119812012 to create probabilities matrix
Took 0.10094809532165527 to create user traces
Took 0.002131938934326172 to build aggregated data
Took 0.3031587600708008 to generate all
Took 0.003429889678955078 to create build distribution matrix
Took 0.06647992134094238 to create recover traces from aggregated data
Took 0.23390913009643555 to map traces recovered traces to real ones
Overall accuracy: 1.0
Overall error: 0.0
Overall accuracy std: 0.0
Overall error std: 0.0
Took 0.6138579845428467 to complete evaluation


45# Evaluating trace simulator with parameters:
> Users: 16
> Towers: 400
> Sigma: 0.0005

Took 0.014904975891113281 to create distrances matrix
Took 4.06851601600647 to create probabilities matrix
Took 0.12795495986938477 to create user traces
Took 0.015438079833984375 to build aggregated data
Took 4.226902723312378 to generate all
Took 0.027426719665527344 to create build distribution matrix
Took 0.0959160327911377 to create recover traces from aggregated data
Took 0.48500800132751465 to map traces recovered traces to real ones
Overall accuracy: 0.9895833333333334
Overall error: 0.015882983962980886
Overall accuracy std: 1.1102230246251565e-16
Overall error std: 0.04202242564367455
Took 4.8690712451934814 to complete evaluation


46# Evaluating trace simulator with parameters:
> Users: 16
> Towers: 900
> Sigma: 0.0005

Took 0.04890799522399902 to create distrances matrix
Took 26.28244400024414 to create probabilities matrix
Took 0.17704486846923828 to create user traces
Took 0.03589487075805664 to build aggregated data
Took 26.544387102127075 to generate all
Took 0.0608210563659668 to create build distribution matrix
Took 0.1398618221282959 to create recover traces from aggregated data
Took 0.7502951622009277 to map traces recovered traces to real ones
Overall accuracy: 0.9479166666666666
Overall error: 0.24357934773217452
Overall accuracy std: 0.0
Overall error std: 0.6081805648259996
Took 27.595542907714844 to complete evaluation


47# Evaluating trace simulator with parameters:
> Users: 16
> Towers: 1600
> Sigma: 0.0005

Took 0.19275403022766113 to create distrances matrix
Took 132.3406422138214 to create probabilities matrix
Took 0.25209903717041016 to create user traces
Took 0.14255285263061523 to build aggregated data
Took 132.92815017700195 to generate all
Took 0.20138311386108398 to create build distribution matrix
Took 0.23894810676574707 to create recover traces from aggregated data
Took 2.8088340759277344 to map traces recovered traces to real ones
Overall accuracy: 0.953125
Overall error: 0.07799979342866241
Overall accuracy std: 0.0
Overall error std: 0.17543904682702752
Took 136.5397551059723 to complete evaluation


48# Evaluating trace simulator with parameters:
> Users: 32
> Towers: 16
> Sigma: 0.0005

Took 0.0010051727294921875 to create distrances matrix
Took 0.0035619735717773438 to create probabilities matrix
Took 0.2597510814666748 to create user traces
Took 0.0003590583801269531 to build aggregated data
Took 0.2647380828857422 to generate all
Took 0.0008261203765869141 to create build distribution matrix
Took 0.3398420810699463 to create recover traces from aggregated data
Took 0.7181320190429688 to map traces recovered traces to real ones
Overall accuracy: 1.0
Overall error: 0.0
Overall accuracy std: 0.0
Overall error std: 0.0
Took 1.333672046661377 to complete evaluation


49# Evaluating trace simulator with parameters:
> Users: 32
> Towers: 36
> Sigma: 0.0005

Took 0.0012469291687011719 to create distrances matrix
Took 0.015243053436279297 to create probabilities matrix
Took 0.2991979122161865 to create user traces
Took 0.0008640289306640625 to build aggregated data
Took 0.3166179656982422 to generate all
Took 0.039430856704711914 to create build distribution matrix
Took 0.31740593910217285 to create recover traces from aggregated data
Took 0.8435640335083008 to map traces recovered traces to real ones
Overall accuracy: 1.0
Overall error: 0.0
Overall accuracy std: 0.0
Overall error std: 0.0
Took 1.5240001678466797 to complete evaluation


50# Evaluating trace simulator with parameters:
> Users: 32
> Towers: 100
> Sigma: 0.0005

Took 0.0030660629272460938 to create distrances matrix
Took 0.4118373394012451 to create probabilities matrix
Took 0.43544888496398926 to create user traces
Took 0.0018129348754882812 to build aggregated data
Took 0.8522388935089111 to generate all
Took 0.002849102020263672 to create build distribution matrix
Took 0.32189011573791504 to create recover traces from aggregated data
Took 0.8082890510559082 to map traces recovered traces to real ones
Overall accuracy: 1.0
Overall error: 0.0
Overall accuracy std: 0.0
Overall error std: 0.0
Took 1.9910228252410889 to complete evaluation


51# Evaluating trace simulator with parameters:
> Users: 32
> Towers: 400
> Sigma: 0.0005

Took 0.013798952102661133 to create distrances matrix
Took 9.219417810440063 to create probabilities matrix
Took 0.4935479164123535 to create user traces
Took 0.03564119338989258 to build aggregated data
Took 9.762494087219238 to generate all
Took 0.07483077049255371 to create build distribution matrix
Took 0.422335147857666 to create recover traces from aggregated data
Took 1.8791019916534424 to map traces recovered traces to real ones
Overall accuracy: 0.9049479166666666
Overall error: 0.484248219649999
Overall accuracy std: 0.0
Overall error std: 1.0078972233631196
Took 12.185541868209839 to complete evaluation


52# Evaluating trace simulator with parameters:
> Users: 32
> Towers: 900
> Sigma: 0.0005

Took 0.043905019760131836 to create distrances matrix
Took 35.24958801269531 to create probabilities matrix
Took 0.29992103576660156 to create user traces
Took 0.05426812171936035 to build aggregated data
Took 35.647757053375244 to generate all
Took 0.07987594604492188 to create build distribution matrix
Took 0.2847707271575928 to create recover traces from aggregated data
Took 1.1641201972961426 to map traces recovered traces to real ones
Overall accuracy: 0.8263020833333334
Overall error: 0.807866115736988
Overall accuracy std: 0.004166666666666696
Overall error std: 1.2593719190064405
Took 37.279438734054565 to complete evaluation


53# Evaluating trace simulator with parameters:
> Users: 32
> Towers: 1600
> Sigma: 0.0005

Took 0.17614102363586426 to create distrances matrix
Took 148.9483139514923 to create probabilities matrix
Took 0.7137660980224609 to create user traces
Took 0.24633097648620605 to build aggregated data
Took 150.08464884757996 to generate all
Took 0.30248498916625977 to create build distribution matrix
Took 0.6607520580291748 to create recover traces from aggregated data
Took 4.725091934204102 to map traces recovered traces to real ones
Overall accuracy: 0.7890625
Overall error: 1.103583424121321
Overall accuracy std: 0.0
Overall error std: 1.4669063574718153
Took 156.21018314361572 to complete evaluation


54# Evaluating trace simulator with parameters:
> Users: 64
> Towers: 16
> Sigma: 0.0005

Took 0.0009391307830810547 to create distrances matrix
Took 0.003442049026489258 to create probabilities matrix
Took 0.9326109886169434 to create user traces
Took 0.0013229846954345703 to build aggregated data
Took 0.9383742809295654 to generate all
Took 0.0010180473327636719 to create build distribution matrix
Took 1.3963961601257324 to create recover traces from aggregated data
Took 4.707141876220703 to map traces recovered traces to real ones
Overall accuracy: 1.0
Overall error: 0.0
Overall accuracy std: 0.0
Overall error std: 0.0
Took 7.064443826675415 to complete evaluation


55# Evaluating trace simulator with parameters:
> Users: 64
> Towers: 36
> Sigma: 0.0005

Took 0.0015118122100830078 to create distrances matrix
Took 0.017241716384887695 to create probabilities matrix
Took 0.9223709106445312 to create user traces
Took 0.04297494888305664 to build aggregated data
Took 0.9841699600219727 to generate all
Took 0.0012507438659667969 to create build distribution matrix
Took 1.3121352195739746 to create recover traces from aggregated data
Took 4.461021900177002 to map traces recovered traces to real ones
Overall accuracy: 1.0
Overall error: 0.0
Overall accuracy std: 0.0
Overall error std: 0.0
Took 6.7643351554870605 to complete evaluation


56# Evaluating trace simulator with parameters:
> Users: 64
> Towers: 100
> Sigma: 0.0005

Took 0.0030069351196289062 to create distrances matrix
Took 0.564079761505127 to create probabilities matrix
Took 0.935046911239624 to create user traces
Took 0.0020301342010498047 to build aggregated data
Took 1.5042407512664795 to generate all
Took 0.002928018569946289 to create build distribution matrix
Took 1.6983599662780762 to create recover traces from aggregated data
Took 6.301146984100342 to map traces recovered traces to real ones
Overall accuracy: 1.0
Overall error: 0.0
Overall accuracy std: 0.0
Overall error std: 0.0
Took 9.537905216217041 to complete evaluation


57# Evaluating trace simulator with parameters:
> Users: 64
> Towers: 400
> Sigma: 0.0005

Took 0.012924909591674805 to create distrances matrix
Took 9.843262910842896 to create probabilities matrix
Took 1.007127046585083 to create user traces
Took 0.015695810317993164 to build aggregated data
Took 10.879118919372559 to generate all
Took 0.010058403015136719 to create build distribution matrix
Took 2.3856120109558105 to create recover traces from aggregated data
Took 5.521595001220703 to map traces recovered traces to real ones
Overall accuracy: 0.7266927083333334
Overall error: 2.1308007901125725
Overall accuracy std: 0.011458333333333305
Overall error std: 2.79895860431473
Took 18.814518928527832 to complete evaluation


58# Evaluating trace simulator with parameters:
> Users: 64
> Towers: 900
> Sigma: 0.0005

Took 0.11016297340393066 to create distrances matrix
Took 42.486040115356445 to create probabilities matrix
Took 0.7070341110229492 to create user traces
Took 0.046102046966552734 to build aggregated data
Took 43.3494291305542 to generate all
Took 0.07226085662841797 to create build distribution matrix
Took 1.121703863143921 to create recover traces from aggregated data
Took 2.977909803390503 to map traces recovered traces to real ones
Overall accuracy: 0.5868489583333332
Overall error: 2.992413347309671
Overall accuracy std: 0.01875
Overall error std: 3.009301646694217
Took 47.67691493034363 to complete evaluation


59# Evaluating trace simulator with parameters:
> Users: 64
> Towers: 1600
> Sigma: 0.0005

Took 0.11874818801879883 to create distrances matrix
Took 110.6213710308075 to create probabilities matrix
Took 0.7503538131713867 to create user traces
Took 0.11833810806274414 to build aggregated data
Took 111.60891222953796 to generate all
Took 0.13979005813598633 to create build distribution matrix
Took 1.792543888092041 to create recover traces from aggregated data
Took 4.531401872634888 to map traces recovered traces to real ones
Overall accuracy: 0.4670572916666667
Overall error: 4.361353011224334
Overall accuracy std: 0.03828125
Overall error std: 4.067743244999847
Took 118.34795689582825 to complete evaluation


60# Evaluating trace simulator with parameters:
> Users: 256
> Towers: 16
> Sigma: 0.0005

Took 0.0008990764617919922 to create distrances matrix
Took 0.0036308765411376953 to create probabilities matrix
Took 2.209929943084717 to create user traces
Took 0.0007100105285644531 to build aggregated data
Took 2.2152349948883057 to generate all
Took 0.0016789436340332031 to create build distribution matrix
Took 6.7031309604644775 to create recover traces from aggregated data
Took 62.22398591041565 to map traces recovered traces to real ones
Overall accuracy: 1.0
Overall error: 0.0
Overall accuracy std: 0.0
Overall error std: 0.0
Took 71.15414381027222 to complete evaluation


61# Evaluating trace simulator with parameters:
> Users: 256
> Towers: 36
> Sigma: 0.0005

Took 0.0013399124145507812 to create distrances matrix
Took 0.016316890716552734 to create probabilities matrix
Took 2.6125898361206055 to create user traces
Took 0.0020029544830322266 to build aggregated data
Took 2.6323158740997314 to generate all
Took 0.01118326187133789 to create build distribution matrix
Took 6.3381500244140625 to create recover traces from aggregated data
Took 58.831433057785034 to map traces recovered traces to real ones
Overall accuracy: 1.0
Overall error: 0.0
Overall accuracy std: 0.0
Overall error std: 0.0
Took 67.81869101524353 to complete evaluation


62# Evaluating trace simulator with parameters:
> Users: 256
> Towers: 100
> Sigma: 0.0005

Took 0.002962827682495117 to create distrances matrix
Took 0.4244558811187744 to create probabilities matrix
Took 3.1638100147247314 to create user traces
Took 0.004355192184448242 to build aggregated data
Took 3.5956568717956543 to generate all
Took 0.0038270950317382812 to create build distribution matrix
Took 9.164673089981079 to create recover traces from aggregated data
Took 53.582876205444336 to map traces recovered traces to real ones
Overall accuracy: 1.0
Overall error: 0.0
Overall accuracy std: 0.0
Overall error std: 0.0
Took 66.39383506774902 to complete evaluation


63# Evaluating trace simulator with parameters:
> Users: 256
> Towers: 400
> Sigma: 0.0005

Took 0.013586044311523438 to create distrances matrix
Took 7.501710891723633 to create probabilities matrix
Took 3.4654250144958496 to create user traces
Took 0.08271598815917969 to build aggregated data
Took 11.063524007797241 to generate all
Took 0.040863990783691406 to create build distribution matrix
Took 74.41856503486633 to create recover traces from aggregated data
Took 90.19883179664612 to map traces recovered traces to real ones
Overall accuracy: 0.2214192708333333
Overall error: 7.686669035785715
Overall accuracy std: 0.00013020833333333702
Overall error std: 3.472494862527993
Took 175.77072191238403 to complete evaluation


64# Evaluating trace simulator with parameters:
> Users: 256
> Towers: 900
> Sigma: 0.0005

Took 0.04221963882446289 to create distrances matrix
Took 31.926826000213623 to create probabilities matrix
Took 4.782052755355835 to create user traces
Took 0.17686867713928223 to build aggregated data
Took 36.92806577682495 to generate all
Took 0.11985111236572266 to create build distribution matrix
Took 92.84729409217834 to create recover traces from aggregated data
Took 97.24993705749512 to map traces recovered traces to real ones
Overall accuracy: 0.15013020833333332
Overall error: 8.393269078350595
Overall accuracy std: 0.0001953125000000111
Overall error std: 3.162502446323906
Took 227.38760805130005 to complete evaluation


65# Evaluating trace simulator with parameters:
> Users: 256
> Towers: 1600
> Sigma: 0.0005

Took 0.35421299934387207 to create distrances matrix
Took 85.97826099395752 to create probabilities matrix
Took 1.9554617404937744 to create user traces
Took 0.1638932228088379 to build aggregated data
Took 88.45193004608154 to generate all
Took 0.09858107566833496 to create build distribution matrix
Took 80.69363498687744 to create recover traces from aggregated data
Took 93.91123580932617 to map traces recovered traces to real ones
Overall accuracy: 0.1396809895833333
Overall error: 8.305368308571584
Overall accuracy std: 0.004296875
Overall error std: 3.43260092093953
Took 263.3822658061981 to complete evaluation


66# Evaluating trace simulator with parameters:
> Users: 512
> Towers: 16
> Sigma: 0.0005

Took 0.0010428428649902344 to create distrances matrix
Took 0.0035119056701660156 to create probabilities matrix
Took 5.809200763702393 to create user traces
Took 0.04431414604187012 to build aggregated data
Took 5.8581438064575195 to generate all
Took 0.002702951431274414 to create build distribution matrix
Took 35.81803512573242 to create recover traces from aggregated data
Took 217.4114191532135 to map traces recovered traces to real ones
Overall accuracy: 1.0
Overall error: 0.0
Overall accuracy std: 0.0
Overall error std: 0.0
Took 259.1131420135498 to complete evaluation


67# Evaluating trace simulator with parameters:
> Users: 512
> Towers: 36
> Sigma: 0.0005

Took 0.001615762710571289 to create distrances matrix
Took 0.01622915267944336 to create probabilities matrix
Took 6.82343602180481 to create user traces
Took 0.023608922958374023 to build aggregated data
Took 6.864969968795776 to generate all
Took 0.030466079711914062 to create build distribution matrix
Took 41.19340395927429 to create recover traces from aggregated data
Took 220.9684910774231 to map traces recovered traces to real ones
Overall accuracy: 1.0
Overall error: 0.0
Overall accuracy std: 0.0
Overall error std: 0.0
Took 269.07560300827026 to complete evaluation


68# Evaluating trace simulator with parameters:
> Users: 512
> Towers: 100
> Sigma: 0.0005

Took 0.003618955612182617 to create distrances matrix
Took 0.18887591361999512 to create probabilities matrix
Took 4.124016046524048 to create user traces
Took 0.0061969757080078125 to build aggregated data
Took 4.3227880001068115 to generate all
Took 0.004506826400756836 to create build distribution matrix
Took 20.436301946640015 to create recover traces from aggregated data
Took 218.731871843338 to map traces recovered traces to real ones
Overall accuracy: 1.0
Overall error: 0.0
Overall accuracy std: 0.0
Overall error std: 0.0
Took 243.54095077514648 to complete evaluation


69# Evaluating trace simulator with parameters:
> Users: 512
> Towers: 400
> Sigma: 0.0005

Took 0.013441085815429688 to create distrances matrix
Took 8.184943914413452 to create probabilities matrix
Took 6.896992206573486 to create user traces
Took 0.11589670181274414 to build aggregated data
Took 15.211353063583374 to generate all
Took 0.04745984077453613 to create build distribution matrix
Took 586.3447170257568 to create recover traces from aggregated data
Took 408.0208020210266 to map traces recovered traces to real ones
Overall accuracy: 0.18756510416666666
Overall error: 7.859769825869165
Overall accuracy std: 0.0006184895833333259
Overall error std: 3.062829494619352
Took 1009.6890699863434 to complete evaluation


70# Evaluating trace simulator with parameters:
> Users: 512
> Towers: 900
> Sigma: 0.0005

Took 0.04916095733642578 to create distrances matrix
Took 24.51119112968445 to create probabilities matrix
Took 3.3652780055999756 to create user traces
Took 0.11688899993896484 to build aggregated data
Took 28.042614936828613 to generate all
Took 0.05416131019592285 to create build distribution matrix
Took 678.9979467391968 to create recover traces from aggregated data
Took 399.2930188179016 to map traces recovered traces to real ones
Overall accuracy: 0.12008463541666667
Overall error: 8.411794260646834
Overall accuracy std: 0.0007486979166666629
Overall error std: 3.1561906727482762
Took 1106.470496892929 to complete evaluation


71# Evaluating trace simulator with parameters:
> Users: 512
> Towers: 1600
> Sigma: 0.0005

Took 0.15960121154785156 to create distrances matrix
Took 61.09283208847046 to create probabilities matrix
Took 3.856222152709961 to create user traces
Took 0.2011401653289795 to build aggregated data
Took 65.30990219116211 to generate all
Took 0.08324003219604492 to create build distribution matrix
Took 747.6899409294128 to create recover traces from aggregated data
Took 333.6434109210968 to map traces recovered traces to real ones
Overall accuracy: 0.10216471354166667
Overall error: 8.330539432792866
Overall accuracy std: 0.0007486979166666629
Overall error std: 3.283805766744729
Took 1146.922350883484 to complete evaluation


72# Evaluating trace simulator with parameters:
> Users: 8
> Towers: 16
> Sigma: 0.005

Took 0.0009441375732421875 to create distrances matrix
Took 0.0034589767456054688 to create probabilities matrix
Took 0.01996898651123047 to create user traces
Took 0.0003590583801269531 to build aggregated data
Took 0.024840116500854492 to generate all
Took 0.0007488727569580078 to create build distribution matrix
Took 0.019105911254882812 to create recover traces from aggregated data
Took 0.19890809059143066 to map traces recovered traces to real ones
Overall accuracy: 1.0
Overall error: 0.0
Overall accuracy std: 0.0
Overall error std: 0.0
Took 0.2533409595489502 to complete evaluation


73# Evaluating trace simulator with parameters:
> Users: 8
> Towers: 36
> Sigma: 0.005

Took 0.0015838146209716797 to create distrances matrix
Took 0.015562057495117188 to create probabilities matrix
Took 0.04432797431945801 to create user traces
Took 0.0006210803985595703 to build aggregated data
Took 0.0621638298034668 to generate all
Took 0.0011401176452636719 to create build distribution matrix
Took 0.04092597961425781 to create recover traces from aggregated data
Took 0.24910783767700195 to map traces recovered traces to real ones
Overall accuracy: 0.8489583333333334
Overall error: 1.9950110591823478
Overall accuracy std: 0.0
Overall error std: 2.7058454559843237
Took 0.3573169708251953 to complete evaluation


74# Evaluating trace simulator with parameters:
> Users: 8
> Towers: 100
> Sigma: 0.005

Took 0.0035860538482666016 to create distrances matrix
Took 0.25595712661743164 to create probabilities matrix
Took 0.06115984916687012 to create user traces
Took 0.0015621185302734375 to build aggregated data
Took 0.3223409652709961 to generate all
Took 0.002707958221435547 to create build distribution matrix
Took 0.08118295669555664 to create recover traces from aggregated data
Took 0.2054760456085205 to map traces recovered traces to real ones
Overall accuracy: 0.71875
Overall error: 3.4219893130642496
Overall accuracy std: 0.0
Overall error std: 2.5596764780008923
Took 0.6303539276123047 to complete evaluation


75# Evaluating trace simulator with parameters:
> Users: 8
> Towers: 400
> Sigma: 0.005

Took 0.01592278480529785 to create distrances matrix
Took 4.657703161239624 to create probabilities matrix
Took 0.054190635681152344 to create user traces
Took 0.022809267044067383 to build aggregated data
Took 4.750701904296875 to generate all
Took 0.024382829666137695 to create build distribution matrix
Took 0.07235479354858398 to create recover traces from aggregated data
Took 0.46453309059143066 to map traces recovered traces to real ones
Overall accuracy: 0.703125
Overall error: 2.624337699939925
Overall accuracy std: 0.0
Overall error std: 2.2559844205875716
Took 5.34363865852356 to complete evaluation


76# Evaluating trace simulator with parameters:
> Users: 8
> Towers: 900
> Sigma: 0.005

Took 0.050147056579589844 to create distrances matrix
Took 22.15308403968811 to create probabilities matrix
Took 0.06039094924926758 to create user traces
Took 0.026731014251708984 to build aggregated data
Took 22.290433883666992 to generate all
Took 0.04837298393249512 to create build distribution matrix
Took 0.07076191902160645 to create recover traces from aggregated data
Took 0.5224721431732178 to map traces recovered traces to real ones
Overall accuracy: 0.7239583333333333
Overall error: 2.5142158375125736
Overall accuracy std: 1.1102230246251565e-16
Overall error std: 1.7611191184015722
Took 23.02488112449646 to complete evaluation


77# Evaluating trace simulator with parameters:
> Users: 8
> Towers: 1600
> Sigma: 0.005

Took 0.1679680347442627 to create distrances matrix
Took 57.6379656791687 to create probabilities matrix
Took 0.06458497047424316 to create user traces
Took 0.06055402755737305 to build aggregated data
Took 57.93117380142212 to generate all
Took 0.08518028259277344 to create build distribution matrix
Took 0.06805014610290527 to create recover traces from aggregated data
Took 1.427433967590332 to map traces recovered traces to real ones
Overall accuracy: 0.5364583333333334
Overall error: 5.269441372551064
Overall accuracy std: 0.020833333333333325
Overall error std: 3.889169052319077
Took 59.68977904319763 to complete evaluation


78# Evaluating trace simulator with parameters:
> Users: 16
> Towers: 16
> Sigma: 0.005

Took 0.0010297298431396484 to create distrances matrix
Took 0.0035839080810546875 to create probabilities matrix
Took 0.04225921630859375 to create user traces
Took 0.0003440380096435547 to build aggregated data
Took 0.04732370376586914 to generate all
Took 0.0007798671722412109 to create build distribution matrix
Took 0.031919002532958984 to create recover traces from aggregated data
Took 0.17917323112487793 to map traces recovered traces to real ones
Overall accuracy: 1.0
Overall error: 0.0
Overall accuracy std: 0.0
Overall error std: 0.0
Took 0.2673490047454834 to complete evaluation


79# Evaluating trace simulator with parameters:
> Users: 16
> Towers: 36
> Sigma: 0.005

Took 0.001422882080078125 to create distrances matrix
Took 0.016986846923828125 to create probabilities matrix
Took 0.058171987533569336 to create user traces
Took 0.010788917541503906 to build aggregated data
Took 0.08745193481445312 to generate all
Took 0.0012671947479248047 to create build distribution matrix
Took 0.09787225723266602 to create recover traces from aggregated data
Took 0.2262570858001709 to map traces recovered traces to real ones
Overall accuracy: 0.8385416666666667
Overall error: 1.9565873770324074
Overall accuracy std: 0.0
Overall error std: 1.9613970925410782
Took 0.41785407066345215 to complete evaluation


80# Evaluating trace simulator with parameters:
> Users: 16
> Towers: 100
> Sigma: 0.005

Took 0.003104686737060547 to create distrances matrix
Took 0.2322862148284912 to create probabilities matrix
Took 0.08325409889221191 to create user traces
Took 0.0016779899597167969 to build aggregated data
Took 0.32039570808410645 to generate all
Took 0.012809276580810547 to create build distribution matrix
Took 0.15570402145385742 to create recover traces from aggregated data
Took 0.22275209426879883 to map traces recovered traces to real ones
Overall accuracy: 0.42708333333333337
Overall error: 6.537212820934104
Overall accuracy std: 0.0
Overall error std: 3.090032761616743
Took 0.7192299365997314 to complete evaluation


81# Evaluating trace simulator with parameters:
> Users: 16
> Towers: 400
> Sigma: 0.005

Took 0.015288114547729492 to create distrances matrix
Took 3.6800878047943115 to create probabilities matrix
Took 0.11695694923400879 to create user traces
Took 0.016587018966674805 to build aggregated data
Took 3.829000949859619 to generate all
Took 0.019446134567260742 to create build distribution matrix
Took 0.2061779499053955 to create recover traces from aggregated data
Took 0.45459723472595215 to map traces recovered traces to real ones
Overall accuracy: 0.4442708333333334
Overall error: 5.689982416796822
Overall accuracy std: 0.003125
Overall error std: 3.4191738370121487
Took 4.53783106803894 to complete evaluation


82# Evaluating trace simulator with parameters:
> Users: 16
> Towers: 900
> Sigma: 0.005

Took 0.043646812438964844 to create distrances matrix
Took 20.825048208236694 to create probabilities matrix
Took 0.1886601448059082 to create user traces
Took 0.03396797180175781 to build aggregated data
Took 21.091410875320435 to generate all
Took 0.06698393821716309 to create build distribution matrix
Took 0.24910473823547363 to create recover traces from aggregated data
Took 0.8474838733673096 to map traces recovered traces to real ones
Overall accuracy: 0.36875
Overall error: 7.1373933449287295
Overall accuracy std: 0.013541666666666674
Overall error std: 3.2009192595001106
Took 22.364222049713135 to complete evaluation


83# Evaluating trace simulator with parameters:
> Users: 16
> Towers: 1600
> Sigma: 0.005

Took 0.23420214653015137 to create distrances matrix
Took 112.83849620819092 to create probabilities matrix
Took 0.2428269386291504 to create user traces
Took 0.08684301376342773 to build aggregated data
Took 113.40245509147644 to generate all
Took 0.1644120216369629 to create build distribution matrix
Took 0.39264678955078125 to create recover traces from aggregated data
Took 2.4106690883636475 to map traces recovered traces to real ones
Overall accuracy: 0.3989583333333334
Overall error: 6.431560401798824
Overall accuracy std: 0.006249999999999978
Overall error std: 3.7872824159670775
Took 116.69645500183105 to complete evaluation


84# Evaluating trace simulator with parameters:
> Users: 32
> Towers: 16
> Sigma: 0.005

Took 0.001081228256225586 to create distrances matrix
Took 0.0035398006439208984 to create probabilities matrix
Took 0.2390577793121338 to create user traces
Took 0.0012509822845458984 to build aggregated data
Took 0.2449951171875 to generate all
Took 0.0008819103240966797 to create build distribution matrix
Took 0.2832629680633545 to create recover traces from aggregated data
Took 0.604564905166626 to map traces recovered traces to real ones
Overall accuracy: 1.0
Overall error: 0.0
Overall accuracy std: 0.0
Overall error std: 0.0
Took 1.142331838607788 to complete evaluation


85# Evaluating trace simulator with parameters:
> Users: 32
> Towers: 36
> Sigma: 0.005

Took 0.001402139663696289 to create distrances matrix
Took 0.015420198440551758 to create probabilities matrix
Took 0.25136303901672363 to create user traces
Took 0.031423091888427734 to build aggregated data
Took 0.2996821403503418 to generate all
Took 0.0013837814331054688 to create build distribution matrix
Took 0.5943770408630371 to create recover traces from aggregated data
Took 0.6164190769195557 to map traces recovered traces to real ones
Overall accuracy: 0.4606770833333334
Overall error: 7.324389595540299
Overall accuracy std: 0.033333333333333326
Overall error std: 4.535809113511533
Took 1.5181341171264648 to complete evaluation


86# Evaluating trace simulator with parameters:
> Users: 32
> Towers: 100
> Sigma: 0.005

Took 0.005751132965087891 to create distrances matrix
Took 0.3661530017852783 to create probabilities matrix
Took 0.3256230354309082 to create user traces
Took 0.031954050064086914 to build aggregated data
Took 0.7295529842376709 to generate all
Took 0.0027849674224853516 to create build distribution matrix
Took 1.038912057876587 to create recover traces from aggregated data
Took 0.5980799198150635 to map traces recovered traces to real ones
Overall accuracy: 0.19869791666666667
Overall error: 9.731392791979285
Overall accuracy std: 0.0015625
Overall error std: 2.8483936991572665
Took 2.3756279945373535 to complete evaluation


87# Evaluating trace simulator with parameters:
> Users: 32
> Towers: 400
> Sigma: 0.005

Took 0.017941951751708984 to create distrances matrix
Took 7.888139009475708 to create probabilities matrix
Took 0.4550330638885498 to create user traces
Took 0.007097005844116211 to build aggregated data
Took 8.36829400062561 to generate all
Took 0.00847482681274414 to create build distribution matrix
Took 1.3268780708312988 to create recover traces from aggregated data
Took 1.3564331531524658 to map traces recovered traces to real ones
Overall accuracy: 0.19791666666666669
Overall error: 9.299082992927755
Overall accuracy std: 1.2412670766236365e-17
Overall error std: 1.989278912405272
Took 11.155635833740234 to complete evaluation


88# Evaluating trace simulator with parameters:
> Users: 32
> Towers: 900
> Sigma: 0.005

Took 0.04290509223937988 to create distrances matrix
Took 40.19225716590881 to create probabilities matrix
Took 0.41306400299072266 to create user traces
Took 0.0817270278930664 to build aggregated data
Took 40.730043172836304 to generate all
Took 0.12075328826904297 to create build distribution matrix
Took 1.2724509239196777 to create recover traces from aggregated data
Took 1.5743579864501953 to map traces recovered traces to real ones
Overall accuracy: 0.20546875
Overall error: 9.027525947241905
Overall accuracy std: 0.010937500000000001
Overall error std: 2.8304113905270225
Took 43.83587884902954 to complete evaluation


89# Evaluating trace simulator with parameters:
> Users: 32
> Towers: 1600
> Sigma: 0.005

Took 0.2874588966369629 to create distrances matrix
Took 94.37811398506165 to create probabilities matrix
Took 0.36127805709838867 to create user traces
Took 0.06708693504333496 to build aggregated data
Took 95.0940330028534 to generate all
Took 0.10096096992492676 to create build distribution matrix
Took 0.9575872421264648 to create recover traces from aggregated data
Took 2.2322471141815186 to map traces recovered traces to real ones
Overall accuracy: 0.17447916666666666
Overall error: 9.51913627912297
Overall accuracy std: 0.013020833333333325
Overall error std: 2.8274282802046495
Took 98.59030294418335 to complete evaluation


90# Evaluating trace simulator with parameters:
> Users: 64
> Towers: 16
> Sigma: 0.005

Took 0.0009121894836425781 to create distrances matrix
Took 0.0035169124603271484 to create probabilities matrix
Took 0.26101207733154297 to create user traces
Took 0.000453948974609375 to build aggregated data
Took 0.26596808433532715 to generate all
Took 0.001049041748046875 to create build distribution matrix
Took 0.3958609104156494 to create recover traces from aggregated data
Took 1.5907700061798096 to map traces recovered traces to real ones
Overall accuracy: 1.0
Overall error: 0.0
Overall accuracy std: 0.0
Overall error std: 0.0
Took 2.262148857116699 to complete evaluation


91# Evaluating trace simulator with parameters:
> Users: 64
> Towers: 36
> Sigma: 0.005

Took 0.002101898193359375 to create distrances matrix
Took 0.015913009643554688 to create probabilities matrix
Took 0.2015550136566162 to create user traces
Took 0.0009019374847412109 to build aggregated data
Took 0.22054386138916016 to generate all
Took 0.0014781951904296875 to create build distribution matrix
Took 1.782425880432129 to create recover traces from aggregated data
Took 1.7853209972381592 to map traces recovered traces to real ones
Overall accuracy: 0.359375
Overall error: 8.023692915638051
Overall accuracy std: 0.005208333333333326
Overall error std: 3.3760308529849112
Took 3.793931722640991 to complete evaluation


92# Evaluating trace simulator with parameters:
> Users: 64
> Towers: 100
> Sigma: 0.005

Took 0.00316619873046875 to create distrances matrix
Took 0.2298440933227539 to create probabilities matrix
Took 0.6958010196685791 to create user traces
Took 0.0025348663330078125 to build aggregated data
Took 0.931427001953125 to generate all
Took 0.023128271102905273 to create build distribution matrix
Took 2.803279161453247 to create recover traces from aggregated data
Took 1.9706532955169678 to map traces recovered traces to real ones
Overall accuracy: 0.17838541666666666
Overall error: 9.545642992018637
Overall accuracy std: 0.0013020833333333259
Overall error std: 2.0789492611170353
Took 5.742932081222534 to complete evaluation


93# Evaluating trace simulator with parameters:
> Users: 64
> Towers: 400
> Sigma: 0.005

Took 0.013410091400146484 to create distrances matrix
Took 5.414028882980347 to create probabilities matrix
Took 1.2024199962615967 to create user traces
Took 0.010667085647583008 to build aggregated data
Took 6.640601873397827 to generate all
Took 0.09419488906860352 to create build distribution matrix
Took 4.193299770355225 to create recover traces from aggregated data
Took 4.123687028884888 to map traces recovered traces to real ones
Overall accuracy: 0.135546875
Overall error: 9.765091940918484
Overall accuracy std: 0.006770833333333337
Overall error std: 2.9293170442001757
Took 15.151190757751465 to complete evaluation


94# Evaluating trace simulator with parameters:
> Users: 64
> Towers: 900
> Sigma: 0.005

Took 0.04395914077758789 to create distrances matrix
Took 29.237473011016846 to create probabilities matrix
Took 0.9160919189453125 to create user traces
Took 0.10579490661621094 to build aggregated data
Took 30.30340313911438 to generate all
Took 0.10279297828674316 to create build distribution matrix
Took 3.8718578815460205 to create recover traces from aggregated data
Took 5.203694105148315 to map traces recovered traces to real ones
Overall accuracy: 0.13815104166666664
Overall error: 9.754192039643986
Overall accuracy std: 0.001041666666666674
Overall error std: 2.7810878469186058
Took 39.718557834625244 to complete evaluation


95# Evaluating trace simulator with parameters:
> Users: 64
> Towers: 1600
> Sigma: 0.005

Took 0.26260995864868164 to create distrances matrix
Took 150.6784269809723 to create probabilities matrix
Took 1.39689302444458 to create user traces
Took 0.25814008712768555 to build aggregated data
Took 152.59616494178772 to generate all
Took 0.2830982208251953 to create build distribution matrix
Took 6.616050958633423 to create recover traces from aggregated data
Took 6.600779056549072 to map traces recovered traces to real ones
Overall accuracy: 0.12669270833333332
Overall error: 10.123023823786843
Overall accuracy std: 0.001822916666666663
Overall error std: 2.634254584483914
Took 166.58283305168152 to complete evaluation


96# Evaluating trace simulator with parameters:
> Users: 256
> Towers: 16
> Sigma: 0.005

Took 0.0014319419860839844 to create distrances matrix
Took 0.003804922103881836 to create probabilities matrix
Took 3.234273910522461 to create user traces
Took 0.0007431507110595703 to build aggregated data
Took 3.240368127822876 to generate all
Took 0.0017199516296386719 to create build distribution matrix
Took 10.620006322860718 to create recover traces from aggregated data
Took 52.31662631034851 to map traces recovered traces to real ones
Overall accuracy: 1.0
Overall error: 0.0
Overall accuracy std: 0.0
Overall error std: 0.0
Took 66.18913269042969 to complete evaluation


97# Evaluating trace simulator with parameters:
> Users: 256
> Towers: 36
> Sigma: 0.005

Took 0.0014929771423339844 to create distrances matrix
Took 0.015408992767333984 to create probabilities matrix
Took 4.390724182128906 to create user traces
Took 0.07105302810668945 to build aggregated data
Took 4.478747129440308 to generate all
Took 0.0030660629272460938 to create build distribution matrix
Took 59.82432699203491 to create recover traces from aggregated data
Took 37.06951403617859 to map traces recovered traces to real ones
Overall accuracy: 0.4380533854166667
Overall error: 6.80408242125619
Overall accuracy std: 0.0008463541666666518
Overall error std: 3.274186707167035
Took 101.38262224197388 to complete evaluation


98# Evaluating trace simulator with parameters:
> Users: 256
> Towers: 100
> Sigma: 0.005

Took 0.002904176712036133 to create distrances matrix
Took 0.29614710807800293 to create probabilities matrix
Took 3.2365469932556152 to create user traces
Took 0.03812980651855469 to build aggregated data
Took 3.5737972259521484 to generate all
Took 0.003840923309326172 to create build distribution matrix
Took 93.95818185806274 to create recover traces from aggregated data
Took 35.49999713897705 to map traces recovered traces to real ones
Overall accuracy: 0.13587239583333333
Overall error: 9.677250849169102
Overall accuracy std: 0.0015624999999999888
Overall error std: 2.15015622330603
Took 133.04491186141968 to complete evaluation


99# Evaluating trace simulator with parameters:
> Users: 256
> Towers: 400
> Sigma: 0.005

Took 0.014464139938354492 to create distrances matrix
Took 9.017380952835083 to create probabilities matrix
Took 4.4875218868255615 to create user traces
Took 0.11876511573791504 to build aggregated data
Took 13.638221025466919 to generate all
Took 0.07549500465393066 to create build distribution matrix
Took 109.50022721290588 to create recover traces from aggregated data
Took 73.76969408988953 to map traces recovered traces to real ones
Overall accuracy: 0.08968098958333334
Overall error: 10.113607921191335
Overall accuracy std: 1.3877787807814457e-17
Overall error std: 2.413456617992523
Took 197.0041892528534 to complete evaluation


100# Evaluating trace simulator with parameters:
> Users: 256
> Towers: 900
> Sigma: 0.005

Took 0.10967588424682617 to create distrances matrix
Took 45.3004789352417 to create probabilities matrix
Took 5.618911027908325 to create user traces
Took 0.22489309310913086 to build aggregated data
Took 51.25404691696167 to generate all
Took 0.1964559555053711 to create build distribution matrix
Took 96.08998680114746 to create recover traces from aggregated data
Took 81.62141108512878 to map traces recovered traces to real ones
Overall accuracy: 0.07835286458333332
Overall error: 10.350739168159235
Overall accuracy std: 0.000455729166666663
Overall error std: 2.5908307606820014
Took 229.41561603546143 to complete evaluation


101# Evaluating trace simulator with parameters:
> Users: 256
> Towers: 1600
> Sigma: 0.005

Took 0.45186901092529297 to create distrances matrix
Took 98.54178380966187 to create probabilities matrix
Took 2.494737148284912 to create user traces
Took 0.1605229377746582 to build aggregated data
Took 101.64900302886963 to generate all
Took 0.10044598579406738 to create build distribution matrix
Took 133.44960498809814 to create recover traces from aggregated data
Took 79.41728091239929 to map traces recovered traces to real ones
Overall accuracy: 0.07724609375
Overall error: 10.096267176776013
Overall accuracy std: 0.0014322916666666683
Overall error std: 2.61971750427686
Took 314.8110280036926 to complete evaluation


102# Evaluating trace simulator with parameters:
> Users: 512
> Towers: 16
> Sigma: 0.005

Took 0.0010318756103515625 to create distrances matrix
Took 0.006291389465332031 to create probabilities matrix
Took 8.064539194107056 to create user traces
Took 0.0011310577392578125 to build aggregated data
Took 8.073065042495728 to generate all
Took 0.05129408836364746 to create build distribution matrix
Took 30.955631971359253 to create recover traces from aggregated data
Took 202.50173020362854 to map traces recovered traces to real ones
Overall accuracy: 0.9986165364583334
Overall error: 0.02112445997944516
Overall accuracy std: 0.0
Overall error std: 0.24521775204237578
Took 241.60325717926025 to complete evaluation


103# Evaluating trace simulator with parameters:
> Users: 512
> Towers: 36
> Sigma: 0.005

Took 0.001249074935913086 to create distrances matrix
Took 0.014847040176391602 to create probabilities matrix
Took 4.253850936889648 to create user traces
Took 0.002496004104614258 to build aggregated data
Took 4.272512197494507 to generate all
Took 0.0033049583435058594 to create build distribution matrix
Took 325.1653459072113 to create recover traces from aggregated data
Took 204.2620620727539 to map traces recovered traces to real ones
Overall accuracy: 0.4602213541666666
Overall error: 6.554388232778479
Overall accuracy std: 0.0019856770833333037
Overall error std: 3.415704703943783
Took 533.7206048965454 to complete evaluation


104# Evaluating trace simulator with parameters:
> Users: 512
> Towers: 100
> Sigma: 0.005

Took 0.003287076950073242 to create distrances matrix
Took 0.2318098545074463 to create probabilities matrix
Took 4.571551084518433 to create user traces
Took 0.006562232971191406 to build aggregated data
Took 4.813294172286987 to generate all
Took 0.004911899566650391 to create build distribution matrix
Took 582.0980279445648 to create recover traces from aggregated data
Took 205.72830986976624 to map traces recovered traces to real ones
Overall accuracy: 0.14321289062499998
Overall error: 9.728221463808023
Overall accuracy std: 3.255208333332593e-05
Overall error std: 2.2732764847572713
Took 792.6865949630737 to complete evaluation


105# Evaluating trace simulator with parameters:
> Users: 512
> Towers: 400
> Sigma: 0.005

Took 0.015247821807861328 to create distrances matrix
Took 5.955204725265503 to create probabilities matrix
Took 5.27400803565979 to create user traces
Took 0.07415580749511719 to build aggregated data
Took 11.318690061569214 to generate all
Took 0.03558492660522461 to create build distribution matrix
Took 725.5815799236298 to create recover traces from aggregated data
Took 409.6389820575714 to map traces recovered traces to real ones
Overall accuracy: 0.0858235677083333
Overall error: 10.194711116416315
Overall accuracy std: 9.765625e-05
Overall error std: 2.4571763341366464
Took 1146.6530010700226 to complete evaluation


106# Evaluating trace simulator with parameters:
> Users: 512
> Towers: 900
> Sigma: 0.005

Took 0.044435977935791016 to create distrances matrix
Took 31.851181030273438 to create probabilities matrix
Took 5.919406175613403 to create user traces
Took 0.1821131706237793 to build aggregated data
Took 37.99722599983215 to generate all
Took 0.09333300590515137 to create build distribution matrix
Took 853.1543328762054 to create recover traces from aggregated data
Took 354.854905128479 to map traces recovered traces to real ones
Overall accuracy: 0.072119140625
Overall error: 10.233172319113448
Overall accuracy std: 0.00029296875
Overall error std: 2.5221542304545785
Took 1246.2545778751373 to complete evaluation


107# Evaluating trace simulator with parameters:
> Users: 512
> Towers: 1600
> Sigma: 0.005

Took 0.14029908180236816 to create distrances matrix
Took 103.0749728679657 to create probabilities matrix
Took 9.043229818344116 to create user traces
Took 0.4799630641937256 to build aggregated data
Took 112.7385561466217 to generate all
Took 0.23768377304077148 to create build distribution matrix
Took 677.6318762302399 to create recover traces from aggregated data
Took 270.3481168746948 to map traces recovered traces to real ones
Overall accuracy: 0.06611328125
Overall error: 10.389336431181114
Overall accuracy std: 0.0005533854166666685
Overall error std: 2.62362203882567
Took 1061.356022119522 to complete evaluation


