(.env) lpmacbook-tryo:tscf leo$ python -m tracer.evaluate run
Generating simulator data...
Took 0.5381619930267334 to generate all
0# Evaluating simulation with parameters:
> Sampling: 1
Aggregated data with shape (48, 576) turned into (48, 576)
Traces with shape (576, 48) turned into (576, 48)
Took 0.016857147216796875 to create build distribution matrix
Recovering: 100%|█████████████████████████████████████████████████████████████████████████████████████████████████████████████████████████████████| 48/48 [05:21<00:00,  6.70s/it]
Took 321.72693395614624 to create recover traces from aggregated data
Mapping recovered traces with parameters:
> Accuracy: 1

Mapping: 100%|██████████████████████████████████████████████████████████████████████████████████████████████████████████████████████████████████| 576/576 [08:47<00:00,  1.09it/s]
Mapping: 100%|██████████████████████████████████████████████████████████████████████████████████████████████████████████████████████████████████| 576/576 [08:49<00:00,  1.09it/s]
Mapping: 100%|██████████████████████████████████████████████████████████████████████████████████████████████████████████████████████████████████| 576/576 [08:51<00:00,  1.08it/s]
Mapping: 100%|██████████████████████████████████████████████████████████████████████████████████████████████████████████████████████████████████| 576/576 [08:50<00:00,  1.09it/s]
Mapping: 100%|██████████████████████████████████████████████████████████████████████████████████████████████████████████████████████████████████| 576/576 [08:49<00:00,  1.09it/s]
Mapping: 100%|██████████████████████████████████████████████████████████████████████████████████████████████████████████████████████████████████| 576/576 [08:50<00:00,  1.09it/s]
Mapping: 100%|██████████████████████████████████████████████████████████████████████████████████████████████████████████████████████████████████| 576/576 [08:46<00:00,  1.09it/s]
Mapping: 100%|██████████████████████████████████████████████████████████████████████████████████████████████████████████████████████████████████| 576/576 [08:50<00:00,  1.09it/s]
Took 546.0435290336609 to map traces recovered traces to real ones
Overall accuracy: 0.10199652777777778
Overall error: 17.73598740346762
Overall accuracy std: 0.0
Overall error std: 5.451473793972025
Took 546.3925812244415 to complete evaluation


Mapping recovered traces with parameters:
> Accuracy: 2

Mapping: 100%|██████████████████████████████████████████████████████████████████████████████████████████████████████████████████████████████████| 576/576 [08:51<00:00,  1.08it/s]
Mapping: 100%|██████████████████████████████████████████████████████████████████████████████████████████████████████████████████████████████████| 576/576 [08:51<00:00,  1.08it/s]
Mapping: 100%|██████████████████████████████████████████████████████████████████████████████████████████████████████████████████████████████████| 576/576 [08:52<00:00,  1.08it/s]
Mapping: 100%|██████████████████████████████████████████████████████████████████████████████████████████████████████████████████████████████████| 576/576 [08:54<00:00,  1.08it/s]
Mapping: 100%|██████████████████████████████████████████████████████████████████████████████████████████████████████████████████████████████████| 576/576 [08:53<00:00,  1.08it/s]
Mapping: 100%|██████████████████████████████████████████████████████████████████████████████████████████████████████████████████████████████████| 576/576 [08:52<00:00,  1.08it/s]
Mapping: 100%|██████████████████████████████████████████████████████████████████████████████████████████████████████████████████████████████████| 576/576 [08:51<00:00,  1.08it/s]
Mapping: 100%|██████████████████████████████████████████████████████████████████████████████████████████████████████████████████████████████████| 576/576 [08:49<00:00,  1.09it/s]
Took 550.1293737888336 to map traces recovered traces to real ones
Overall accuracy: 0.1615668402777778
Overall error: 17.418456814519008
Overall accuracy std: 0.0
Overall error std: 5.258130620219103
Took 550.4120948314667 to complete evaluation


Mapping recovered traces with parameters:
> Accuracy: 4

Mapping: 100%|██████████████████████████████████████████████████████████████████████████████████████████████████████████████████████████████████| 576/576 [08:55<00:00,  1.08it/s]
Mapping: 100%|██████████████████████████████████████████████████████████████████████████████████████████████████████████████████████████████████| 576/576 [08:57<00:00,  1.07it/s]
Mapping: 100%|██████████████████████████████████████████████████████████████████████████████████████████████████████████████████████████████████| 576/576 [08:58<00:00,  1.07it/s]
Mapping: 100%|██████████████████████████████████████████████████████████████████████████████████████████████████████████████████████████████████| 576/576 [09:00<00:00,  1.07it/s]
Mapping: 100%|██████████████████████████████████████████████████████████████████████████████████████████████████████████████████████████████████| 576/576 [08:58<00:00,  1.07it/s]
Mapping: 100%|██████████████████████████████████████████████████████████████████████████████████████████████████████████████████████████████████| 576/576 [08:58<00:00,  1.07it/s]
Mapping: 100%|██████████████████████████████████████████████████████████████████████████████████████████████████████████████████████████████████| 576/576 [08:56<00:00,  1.07it/s]
Mapping: 100%|██████████████████████████████████████████████████████████████████████████████████████████████████████████████████████████████████| 576/576 [08:54<00:00,  1.08it/s]
Took 553.5354676246643 to map traces recovered traces to real ones
Overall accuracy: 0.27596932870370366
Overall error: 16.750742968704476
Overall accuracy std: 0.0
Overall error std: 4.9787460843009015
Took 553.835282087326 to complete evaluation


Mapping recovered traces with parameters:
> Accuracy: 8

Mapping: 100%|██████████████████████████████████████████████████████████████████████████████████████████████████████████████████████████████████| 576/576 [09:00<00:00,  1.07it/s]
Mapping: 100%|██████████████████████████████████████████████████████████████████████████████████████████████████████████████████████████████████| 576/576 [09:01<00:00,  1.06it/s]
Mapping: 100%|██████████████████████████████████████████████████████████████████████████████████████████████████████████████████████████████████| 576/576 [09:02<00:00,  1.06it/s]
Mapping: 100%|██████████████████████████████████████████████████████████████████████████████████████████████████████████████████████████████████| 576/576 [09:04<00:00,  1.06it/s]
Mapping: 100%|██████████████████████████████████████████████████████████████████████████████████████████████████████████████████████████████████| 576/576 [09:03<00:00,  1.06it/s]
Mapping: 100%|██████████████████████████████████████████████████████████████████████████████████████████████████████████████████████████████████| 576/576 [09:01<00:00,  1.06it/s]
Mapping: 100%|██████████████████████████████████████████████████████████████████████████████████████████████████████████████████████████████████| 576/576 [09:00<00:00,  1.07it/s]
Mapping: 100%|██████████████████████████████████████████████████████████████████████████████████████████████████████████████████████████████████| 576/576 [08:58<00:00,  1.07it/s]
Took 556.2586998939514 to map traces recovered traces to real ones
Overall accuracy: 0.4676287615740741
Overall error: 16.84593443133026
Overall accuracy std: 0.0
Overall error std: 4.852939956466286
Took 556.5289649963379 to complete evaluation


Took 2528.9258468151093 to complete all evaluations


4# Evaluating simulation with parameters:
> Sampling: 2
Aggregated data with shape (48, 576) turned into (24, 576)
Traces with shape (576, 48) turned into (576, 24)
Took 0.00877523422241211 to create build distribution matrix
Recovering: 100%|█████████████████████████████████████████████████████████████████████████████████████████████████████████████████████████████████| 24/24 [02:39<00:00,  6.66s/it]
Took 159.74578213691711 to create recover traces from aggregated data
Mapping recovered traces with parameters:
> Accuracy: 1

Mapping: 100%|██████████████████████████████████████████████████████████████████████████████████████████████████████████████████████████████████| 576/576 [04:40<00:00,  2.05it/s]
Mapping: 100%|██████████████████████████████████████████████████████████████████████████████████████████████████████████████████████████████████| 576/576 [04:41<00:00,  2.05it/s]
Mapping: 100%|██████████████████████████████████████████████████████████████████████████████████████████████████████████████████████████████████| 576/576 [04:42<00:00,  2.04it/s]
Mapping: 100%|██████████████████████████████████████████████████████████████████████████████████████████████████████████████████████████████████| 576/576 [04:42<00:00,  2.04it/s]
Mapping: 100%|██████████████████████████████████████████████████████████████████████████████████████████████████████████████████████████████████| 576/576 [04:41<00:00,  2.04it/s]
Mapping: 100%|██████████████████████████████████████████████████████████████████████████████████████████████████████████████████████████████████| 576/576 [04:42<00:00,  2.04it/s]
Mapping: 100%|██████████████████████████████████████████████████████████████████████████████████████████████████████████████████████████████████| 576/576 [04:41<00:00,  2.05it/s]
Mapping: 100%|██████████████████████████████████████████████████████████████████████████████████████████████████████████████████████████████████| 576/576 [04:41<00:00,  2.05it/s]
Took 286.64564990997314 to map traces recovered traces to real ones
Overall accuracy: 0.126953125
Overall error: 7.342456278668221
Overall accuracy std: 0.0
Overall error std: 3.1374472538210134
Took 286.80308079719543 to complete evaluation


Mapping recovered traces with parameters:
> Accuracy: 2

Mapping: 100%|██████████████████████████████████████████████████████████████████████████████████████████████████████████████████████████████████| 576/576 [04:40<00:00,  2.06it/s]
Mapping: 100%|██████████████████████████████████████████████████████████████████████████████████████████████████████████████████████████████████| 576/576 [04:40<00:00,  2.05it/s]
Mapping: 100%|██████████████████████████████████████████████████████████████████████████████████████████████████████████████████████████████████| 576/576 [04:40<00:00,  2.05it/s]
Mapping: 100%|██████████████████████████████████████████████████████████████████████████████████████████████████████████████████████████████████| 576/576 [04:41<00:00,  2.04it/s]
Mapping: 100%|██████████████████████████████████████████████████████████████████████████████████████████████████████████████████████████████████| 576/576 [04:40<00:00,  2.05it/s]
Mapping: 100%|██████████████████████████████████████████████████████████████████████████████████████████████████████████████████████████████████| 576/576 [04:41<00:00,  2.05it/s]
Mapping: 100%|██████████████████████████████████████████████████████████████████████████████████████████████████████████████████████████████████| 576/576 [04:42<00:00,  2.04it/s]
Mapping: 100%|██████████████████████████████████████████████████████████████████████████████████████████████████████████████████████████████████| 576/576 [04:40<00:00,  2.06it/s]
Took 286.039589881897 to map traces recovered traces to real ones
Overall accuracy: 0.208984375
Overall error: 7.100131635596184
Overall accuracy std: 0.0
Overall error std: 3.085724740985131
Took 286.17927622795105 to complete evaluation


Mapping recovered traces with parameters:
> Accuracy: 4

Mapping: 100%|██████████████████████████████████████████████████████████████████████████████████████████████████████████████████████████████████| 576/576 [04:41<00:00,  2.04it/s]
Mapping: 100%|██████████████████████████████████████████████████████████████████████████████████████████████████████████████████████████████████| 576/576 [04:41<00:00,  2.04it/s]
Mapping: 100%|██████████████████████████████████████████████████████████████████████████████████████████████████████████████████████████████████| 576/576 [04:42<00:00,  2.04it/s]
Mapping: 100%|██████████████████████████████████████████████████████████████████████████████████████████████████████████████████████████████████| 576/576 [04:42<00:00,  2.04it/s]
Mapping: 100%|██████████████████████████████████████████████████████████████████████████████████████████████████████████████████████████████████| 576/576 [04:43<00:00,  2.03it/s]
Mapping: 100%|██████████████████████████████████████████████████████████████████████████████████████████████████████████████████████████████████| 576/576 [04:42<00:00,  2.04it/s]
Mapping: 100%|██████████████████████████████████████████████████████████████████████████████████████████████████████████████████████████████████| 576/576 [04:41<00:00,  2.04it/s]
Mapping: 100%|██████████████████████████████████████████████████████████████████████████████████████████████████████████████████████████████████| 576/576 [04:41<00:00,  2.04it/s]
Took 287.0164532661438 to map traces recovered traces to real ones
Overall accuracy: 0.3665364583333333
Overall error: 6.736477510542961
Overall accuracy std: 0.0
Overall error std: 2.999519891830713
Took 287.1423616409302 to complete evaluation


Mapping recovered traces with parameters:
> Accuracy: 8

Mapping: 100%|██████████████████████████████████████████████████████████████████████████████████████████████████████████████████████████████████| 576/576 [04:42<00:00,  2.04it/s]
Mapping: 100%|██████████████████████████████████████████████████████████████████████████████████████████████████████████████████████████████████| 576/576 [04:43<00:00,  2.03it/s]
Mapping: 100%|██████████████████████████████████████████████████████████████████████████████████████████████████████████████████████████████████| 576/576 [04:44<00:00,  2.03it/s]
Mapping: 100%|██████████████████████████████████████████████████████████████████████████████████████████████████████████████████████████████████| 576/576 [04:44<00:00,  2.03it/s]
Mapping: 100%|██████████████████████████████████████████████████████████████████████████████████████████████████████████████████████████████████| 576/576 [04:44<00:00,  2.02it/s]
Mapping: 100%|██████████████████████████████████████████████████████████████████████████████████████████████████████████████████████████████████| 576/576 [04:43<00:00,  2.03it/s]
Mapping: 100%|██████████████████████████████████████████████████████████████████████████████████████████████████████████████████████████████████| 576/576 [04:44<00:00,  2.03it/s]
Mapping: 100%|██████████████████████████████████████████████████████████████████████████████████████████████████████████████████████████████████| 576/576 [04:43<00:00,  2.04it/s]
Took 288.496218919754 to map traces recovered traces to real ones
Overall accuracy: 0.5769675925925926
Overall error: 6.883403282438427
Overall accuracy std: 0.0
Overall error std: 2.9611646885317766
Took 288.62590408325195 to complete evaluation


Took 1308.5299441814423 to complete all evaluations


8# Evaluating simulation with parameters:
> Sampling: 3
Aggregated data with shape (48, 576) turned into (16, 576)
Traces with shape (576, 48) turned into (576, 16)
Took 0.00869607925415039 to create build distribution matrix
Recovering: 100%|█████████████████████████████████████████████████████████████████████████████████████████████████████████████████████████████████| 16/16 [01:45<00:00,  6.58s/it]
Took 105.21506786346436 to create recover traces from aggregated data
Mapping recovered traces with parameters:
> Accuracy: 1

Mapping: 100%|██████████████████████████████████████████████████████████████████████████████████████████████████████████████████████████████████| 576/576 [03:14<00:00,  2.96it/s]
Mapping: 100%|██████████████████████████████████████████████████████████████████████████████████████████████████████████████████████████████████| 576/576 [03:14<00:00,  2.96it/s]
Mapping: 100%|██████████████████████████████████████████████████████████████████████████████████████████████████████████████████████████████████| 576/576 [03:14<00:00,  2.96it/s]
Mapping: 100%|██████████████████████████████████████████████████████████████████████████████████████████████████████████████████████████████████| 576/576 [03:15<00:00,  2.95it/s]
Mapping: 100%|██████████████████████████████████████████████████████████████████████████████████████████████████████████████████████████████████| 576/576 [03:14<00:00,  2.95it/s]
Mapping: 100%|██████████████████████████████████████████████████████████████████████████████████████████████████████████████████████████████████| 576/576 [03:14<00:00,  2.96it/s]
Mapping: 100%|██████████████████████████████████████████████████████████████████████████████████████████████████████████████████████████████████| 576/576 [03:15<00:00,  2.95it/s]
Mapping: 100%|██████████████████████████████████████████████████████████████████████████████████████████████████████████████████████████████████| 576/576 [03:14<00:00,  2.96it/s]
Took 197.42201113700867 to map traces recovered traces to real ones
Overall accuracy: 0.1648220486111111
Overall error: 3.771332386567538
Overall accuracy std: 0.0
Overall error std: 2.1309535749188906
Took 197.52279710769653 to complete evaluation


Mapping recovered traces with parameters:
> Accuracy: 2

Mapping: 100%|██████████████████████████████████████████████████████████████████████████████████████████████████████████████████████████████████| 576/576 [03:14<00:00,  2.96it/s]
Mapping: 100%|██████████████████████████████████████████████████████████████████████████████████████████████████████████████████████████████████| 576/576 [03:15<00:00,  2.95it/s]
Mapping: 100%|██████████████████████████████████████████████████████████████████████████████████████████████████████████████████████████████████| 576/576 [03:14<00:00,  2.96it/s]
Mapping: 100%|██████████████████████████████████████████████████████████████████████████████████████████████████████████████████████████████████| 576/576 [03:15<00:00,  2.95it/s]
Mapping: 100%|██████████████████████████████████████████████████████████████████████████████████████████████████████████████████████████████████| 576/576 [03:15<00:00,  2.95it/s]
Mapping: 100%|██████████████████████████████████████████████████████████████████████████████████████████████████████████████████████████████████| 576/576 [03:14<00:00,  2.96it/s]
Mapping: 100%|██████████████████████████████████████████████████████████████████████████████████████████████████████████████████████████████████| 576/576 [03:14<00:00,  2.96it/s]
Mapping: 100%|██████████████████████████████████████████████████████████████████████████████████████████████████████████████████████████████████| 576/576 [03:15<00:00,  2.95it/s]
Took 197.58829164505005 to map traces recovered traces to real ones
Overall accuracy: 0.2659505208333333
Overall error: 3.5263864575042154
Overall accuracy std: 0.0
Overall error std: 2.0454264699053963
Took 197.66787004470825 to complete evaluation


Mapping recovered traces with parameters:
> Accuracy: 4

Mapping: 100%|██████████████████████████████████████████████████████████████████████████████████████████████████████████████████████████████████| 576/576 [03:16<00:00,  2.93it/s]
Mapping: 100%|██████████████████████████████████████████████████████████████████████████████████████████████████████████████████████████████████| 576/576 [03:16<00:00,  2.92it/s]
Mapping: 100%|██████████████████████████████████████████████████████████████████████████████████████████████████████████████████████████████████| 576/576 [03:17<00:00,  2.92it/s]
Mapping: 100%|██████████████████████████████████████████████████████████████████████████████████████████████████████████████████████████████████| 576/576 [03:16<00:00,  2.93it/s]
Mapping: 100%|██████████████████████████████████████████████████████████████████████████████████████████████████████████████████████████████████| 576/576 [03:16<00:00,  2.93it/s]
Mapping: 100%|██████████████████████████████████████████████████████████████████████████████████████████████████████████████████████████████████| 576/576 [03:17<00:00,  2.92it/s]
Mapping: 100%|██████████████████████████████████████████████████████████████████████████████████████████████████████████████████████████████████| 576/576 [03:17<00:00,  2.91it/s]
Mapping: 100%|██████████████████████████████████████████████████████████████████████████████████████████████████████████████████████████████████| 576/576 [03:17<00:00,  2.92it/s]
Took 199.29820585250854 to map traces recovered traces to real ones
Overall accuracy: 0.4539930555555556
Overall error: 3.2669943618759754
Overall accuracy std: 0.0
Overall error std: 1.8131470653900306
Took 199.3786220550537 to complete evaluation


Mapping recovered traces with parameters:
> Accuracy: 8

Mapping: 100%|██████████████████████████████████████████████████████████████████████████████████████████████████████████████████████████████████| 576/576 [03:17<00:00,  2.92it/s]
Mapping: 100%|██████████████████████████████████████████████████████████████████████████████████████████████████████████████████████████████████| 576/576 [03:17<00:00,  2.92it/s]
Mapping: 100%|██████████████████████████████████████████████████████████████████████████████████████████████████████████████████████████████████| 576/576 [03:17<00:00,  2.91it/s]
Mapping: 100%|██████████████████████████████████████████████████████████████████████████████████████████████████████████████████████████████████| 576/576 [03:18<00:00,  2.91it/s]
Mapping: 100%|██████████████████████████████████████████████████████████████████████████████████████████████████████████████████████████████████| 576/576 [03:17<00:00,  2.91it/s]
Mapping: 100%|██████████████████████████████████████████████████████████████████████████████████████████████████████████████████████████████████| 576/576 [03:17<00:00,  2.92it/s]
Mapping: 100%|██████████████████████████████████████████████████████████████████████████████████████████████████████████████████████████████████| 576/576 [03:17<00:00,  2.91it/s]
Mapping: 100%|██████████████████████████████████████████████████████████████████████████████████████████████████████████████████████████████████| 576/576 [03:17<00:00,  2.92it/s]
Took 200.40033388137817 to map traces recovered traces to real ones
Overall accuracy: 0.7094184027777778
Overall error: 3.517936830259867
Overall accuracy std: 0.0
Overall error std: 1.6837892842083564
Took 200.49052810668945 to complete evaluation


Took 900.3036799430847 to complete all evaluations


(.env) lpmacbook-tryo:tscf leo$
