0# Evaluating trace simulator with parameters:
> Users: 16
> Towers: 16
> Velocity: (0.01, 0.01)

Took 0.054075002670288086 to generate all
Took 0.0005791187286376953 to create build distribution matrix
Took 0.10212302207946777 to create recover traces from aggregated data
Took 0.9357008934020996 to map traces recovered traces to real ones
Overall accuracy: 0.7598958333333333
Overall error: 1.929188468174265
Overall accuracy std: 0.009375
Overall error std: 2.29410498103232
Took 1.0968172550201416 to complete evaluation


1# Evaluating trace simulator with parameters:
> Users: 16
> Towers: 64
> Velocity: (0.01, 0.01)

Took 0.025131940841674805 to generate all
Took 0.002063274383544922 to create build distribution matrix
Took 0.33820199966430664 to create recover traces from aggregated data
Took 0.7262001037597656 to map traces recovered traces to real ones
Overall accuracy: 0.7890625
Overall error: 0.8734939740830328
Overall accuracy std: 0.0
Overall error std: 0.9727421855806614
Took 1.1174871921539307 to complete evaluation


2# Evaluating trace simulator with parameters:
> Users: 16
> Towers: 144
> Velocity: (0.01, 0.01)

Took 0.050015926361083984 to generate all
Took 0.005957841873168945 to create build distribution matrix
Took 0.5211918354034424 to create recover traces from aggregated data
Took 0.2807631492614746 to map traces recovered traces to real ones
Overall accuracy: 0.8411458333333333
Overall error: 0.5180626383032881
Overall accuracy std: 0.0
Overall error std: 0.7861067073860833
Took 0.8655498027801514 to complete evaluation


3# Evaluating trace simulator with parameters:
> Users: 16
> Towers: 256
> Velocity: (0.01, 0.01)

Took 0.125715970993042 to generate all
Took 0.010422945022583008 to create build distribution matrix
Took 0.2559988498687744 to create recover traces from aggregated data
Took 0.9844250679016113 to map traces recovered traces to real ones
Overall accuracy: 0.9114583333333334
Overall error: 0.18069523597259343
Overall accuracy std: 0.0
Overall error std: 0.2888250303632662
Took 1.406538963317871 to complete evaluation


4# Evaluating trace simulator with parameters:
> Users: 16
> Towers: 400
> Velocity: (0.01, 0.01)

Took 0.19252395629882812 to generate all
Took 0.08792376518249512 to create build distribution matrix
Took 0.21150493621826172 to create recover traces from aggregated data
Took 1.3501157760620117 to map traces recovered traces to real ones
Overall accuracy: 0.8802083333333333
Overall error: 0.44085807236741414
Overall accuracy std: 0.0
Overall error std: 0.7944112054576282
Took 1.9301550388336182 to complete evaluation


5# Evaluating trace simulator with parameters:
> Users: 16
> Towers: 576
> Velocity: (0.01, 0.01)

Took 0.10505318641662598 to generate all
Took 0.039613962173461914 to create build distribution matrix
Took 0.3807847499847412 to create recover traces from aggregated data
Took 1.4952211380004883 to map traces recovered traces to real ones
Overall accuracy: 0.8958333333333334
Overall error: 0.1321781437564101
Overall accuracy std: 0.0
Overall error std: 0.21287353644955576
Took 2.2389912605285645 to complete evaluation


6# Evaluating trace simulator with parameters:
> Users: 16
> Towers: 784
> Velocity: (0.01, 0.01)

Took 0.2684011459350586 to generate all
Took 0.1045830249786377 to create build distribution matrix
Took 0.241807222366333 to create recover traces from aggregated data
Took 1.6611108779907227 to map traces recovered traces to real ones
Overall accuracy: 0.8723958333333333
Overall error: 0.20993799525046616
Overall accuracy std: 0.0
Overall error std: 0.26468862220164374
Took 2.4839389324188232 to complete evaluation


7# Evaluating trace simulator with parameters:
> Users: 16
> Towers: 1024
> Velocity: (0.01, 0.01)

Took 0.2679471969604492 to generate all
Took 0.09175324440002441 to create build distribution matrix
Took 0.32210588455200195 to create recover traces from aggregated data
Took 2.0872271060943604 to map traces recovered traces to real ones
Overall accuracy: 0.9375
Overall error: 0.1141858604773468
Overall accuracy std: 0.0
Overall error std: 0.3021073900629787
Took 3.0061070919036865 to complete evaluation


8# Evaluating trace simulator with parameters:
> Users: 64
> Towers: 16
> Velocity: (0.01, 0.01)

Took 0.05767703056335449 to generate all
Took 0.0010302066802978516 to create build distribution matrix
Took 2.591226816177368 to create recover traces from aggregated data
Took 5.890069007873535 to map traces recovered traces to real ones
Overall accuracy: 0.6369791666666667
Overall error: 3.983586740765857
Overall accuracy std: 0.00703125
Overall error std: 3.6693419821330755
Took 8.548842906951904 to complete evaluation


9# Evaluating trace simulator with parameters:
> Users: 64
> Towers: 64
> Velocity: (0.01, 0.01)

Took 0.08393311500549316 to generate all
Took 0.002138853073120117 to create build distribution matrix
Took 2.5408120155334473 to create recover traces from aggregated data
Took 5.64168906211853 to map traces recovered traces to real ones
Overall accuracy: 0.457421875
Overall error: 4.674359545276998
Overall accuracy std: 0.003125
Overall error std: 2.8521960704526648
Took 8.282551050186157 to complete evaluation


10# Evaluating trace simulator with parameters:
> Users: 64
> Towers: 144
> Velocity: (0.01, 0.01)

Took 0.16754889488220215 to generate all
Took 0.03776097297668457 to create build distribution matrix
Took 4.281961917877197 to create recover traces from aggregated data
Took 4.72098708152771 to map traces recovered traces to real ones
Overall accuracy: 0.3657552083333333
Overall error: 4.658794383778739
Overall accuracy std: 0.001041666666666652
Overall error std: 2.828403755856026
Took 9.220654010772705 to complete evaluation


11# Evaluating trace simulator with parameters:
> Users: 64
> Towers: 256
> Velocity: (0.01, 0.01)

Took 0.23292183876037598 to generate all
Took 0.0034513473510742188 to create build distribution matrix
Took 2.307788133621216 to create recover traces from aggregated data
Took 5.595478057861328 to map traces recovered traces to real ones
Overall accuracy: 0.5998697916666668
Overall error: 1.7249404291135602
Overall accuracy std: 0.0125
Overall error std: 2.620340423934473
Took 8.150477170944214 to complete evaluation


12# Evaluating trace simulator with parameters:
> Users: 64
> Towers: 400
> Velocity: (0.01, 0.01)

Took 0.15630197525024414 to generate all
Took 0.0778818130493164 to create build distribution matrix
Took 3.018967866897583 to create recover traces from aggregated data
Took 9.909557104110718 to map traces recovered traces to real ones
Overall accuracy: 0.6052083333333333
Overall error: 1.1117492687288777
Overall accuracy std: 0.008333333333333349
Overall error std: 1.1951633795977783
Took 13.209446907043457 to complete evaluation


13# Evaluating trace simulator with parameters:
> Users: 64
> Towers: 576
> Velocity: (0.01, 0.01)

Took 0.33971190452575684 to generate all
Took 0.12199282646179199 to create build distribution matrix
Took 3.294327735900879 to create recover traces from aggregated data
Took 11.01909589767456 to map traces recovered traces to real ones
Overall accuracy: 0.5208333333333334
Overall error: 1.4843922208871758
Overall accuracy std: 0.024739583333333346
Overall error std: 1.8403204045793826
Took 15.195470094680786 to complete evaluation


14# Evaluating trace simulator with parameters:
> Users: 64
> Towers: 784
> Velocity: (0.01, 0.01)

Took 0.4928469657897949 to generate all
Took 0.2554488182067871 to create build distribution matrix
Took 2.8871748447418213 to create recover traces from aggregated data
Took 11.329960823059082 to map traces recovered traces to real ones
Overall accuracy: 0.6404947916666668
Overall error: 0.8156374006886983
Overall accuracy std: 0.0015625
Overall error std: 0.7325417739142701
Took 15.38930368423462 to complete evaluation


15# Evaluating trace simulator with parameters:
> Users: 64
> Towers: 1024
> Velocity: (0.01, 0.01)

Took 0.7670719623565674 to generate all
Took 0.19538307189941406 to create build distribution matrix
Took 1.9805569648742676 to create recover traces from aggregated data
Took 8.715870141983032 to map traces recovered traces to real ones
Overall accuracy: 0.7092447916666667
Overall error: 0.6263121713645736
Overall accuracy std: 0.0031250000000000444
Overall error std: 0.7420665191078456
Took 11.72524905204773 to complete evaluation


16# Evaluating trace simulator with parameters:
> Users: 144
> Towers: 16
> Velocity: (0.01, 0.01)

Took 0.24906015396118164 to generate all
Took 0.0014882087707519531 to create build distribution matrix
Took 11.136977910995483 to create recover traces from aggregated data
Took 26.562371253967285 to map traces recovered traces to real ones
Overall accuracy: 0.6409143518518519
Overall error: 3.87769908860081
Overall accuracy std: 0.0017361111111110718
Overall error std: 3.1201826645383854
Took 37.9903450012207 to complete evaluation


17# Evaluating trace simulator with parameters:
> Users: 144
> Towers: 64
> Velocity: (0.01, 0.01)

Took 0.3286008834838867 to generate all
Took 0.0025899410247802734 to create build distribution matrix
Took 14.226356029510498 to create recover traces from aggregated data
Took 25.295105934143066 to map traces recovered traces to real ones
Overall accuracy: 0.38697916666666665
Overall error: 5.483657301896056
Overall accuracy std: 0.0009259259259259301
Overall error std: 3.0390836351828705
Took 39.867892026901245 to complete evaluation


18# Evaluating trace simulator with parameters:
> Users: 144
> Towers: 144
> Velocity: (0.01, 0.01)

Took 0.477064847946167 to generate all
Took 0.0043718814849853516 to create build distribution matrix
Took 16.797068119049072 to create recover traces from aggregated data
Took 27.233386039733887 to map traces recovered traces to real ones
Overall accuracy: 0.27025462962962965
Overall error: 6.377056066740148
Overall accuracy std: 0.005787037037037024
Overall error std: 3.0071874404545293
Took 44.566606760025024 to complete evaluation


19# Evaluating trace simulator with parameters:
> Users: 144
> Towers: 256
> Velocity: (0.01, 0.01)

Took 0.7445142269134521 to generate all
Took 0.056732892990112305 to create build distribution matrix
Took 15.826545000076294 to create recover traces from aggregated data
Took 26.826897144317627 to map traces recovered traces to real ones
Overall accuracy: 0.2583912037037037
Overall error: 5.515503940284401
Overall accuracy std: 0.0011574074074074182
Overall error std: 2.632370208118561
Took 43.5288028717041 to complete evaluation


20# Evaluating trace simulator with parameters:
> Users: 144
> Towers: 400
> Velocity: (0.01, 0.01)

Took 1.239197015762329 to generate all
Took 0.03964424133300781 to create build distribution matrix
Took 23.778735876083374 to create recover traces from aggregated data
Took 48.62315797805786 to map traces recovered traces to real ones
Overall accuracy: 0.2782986111111111
Overall error: 5.2021047037056505
Overall accuracy std: 0.0027777777777777905
Overall error std: 2.578100081874738
Took 73.79917287826538 to complete evaluation


21# Evaluating trace simulator with parameters:
> Users: 144
> Towers: 576
> Velocity: (0.01, 0.01)

Took 0.8178918361663818 to generate all
Took 0.14690780639648438 to create build distribution matrix
Took 16.914061784744263 to create recover traces from aggregated data
Took 51.17075991630554 to map traces recovered traces to real ones
Overall accuracy: 0.2780671296296296
Overall error: 4.199521262599456
Overall accuracy std: 0.002314814814814814
Overall error std: 3.0002030539645825
Took 69.4743299484253 to complete evaluation


22# Evaluating trace simulator with parameters:
> Users: 144
> Towers: 784
> Velocity: (0.01, 0.01)

Took 1.2073121070861816 to generate all
Took 0.1418900489807129 to create build distribution matrix
Took 9.309341192245483 to create recover traces from aggregated data
Took 52.34960198402405 to map traces recovered traces to real ones
Overall accuracy: 0.4234375
Overall error: 2.210457000075367
Overall accuracy std: 0.009606481481481488
Overall error std: 2.4294356705586577
Took 63.19817495346069 to complete evaluation


23# Evaluating trace simulator with parameters:
> Users: 144
> Towers: 1024
> Velocity: (0.01, 0.01)

Took 1.3610239028930664 to generate all
Took 0.1455230712890625 to create build distribution matrix
Took 8.41803526878357 to create recover traces from aggregated data
Took 34.861331939697266 to map traces recovered traces to real ones
Overall accuracy: 0.3813657407407407
Overall error: 2.311159909994789
Overall accuracy std: 0.004050925925925908
Overall error std: 1.877827461299152
Took 45.07292294502258 to complete evaluation


24# Evaluating trace simulator with parameters:
> Users: 256
> Towers: 16
> Velocity: (0.01, 0.01)

Took 0.9746308326721191 to generate all
Took 0.0020248889923095703 to create build distribution matrix
Took 53.50982093811035 to create recover traces from aggregated data
Took 61.54146599769592 to map traces recovered traces to real ones
Overall accuracy: 0.689453125
Overall error: 3.430913897304984
Overall accuracy std: 0.0009765625
Overall error std: 2.915724003253569
Took 116.06209325790405 to complete evaluation


25# Evaluating trace simulator with parameters:
> Users: 256
> Towers: 64
> Velocity: (0.01, 0.01)

Took 0.6166989803314209 to generate all
Took 0.029825210571289062 to create build distribution matrix
Took 81.66958570480347 to create recover traces from aggregated data
Took 53.4334020614624 to map traces recovered traces to real ones
Overall accuracy: 0.3897786458333333
Overall error: 5.401021376534783
Overall accuracy std: 0.001888020833333348
Overall error std: 2.990782003257356
Took 135.78394031524658 to complete evaluation


26# Evaluating trace simulator with parameters:
> Users: 256
> Towers: 144
> Velocity: (0.01, 0.01)

Took 0.5434339046478271 to generate all
Took 0.005076885223388672 to create build distribution matrix
Took 86.40439701080322 to create recover traces from aggregated data
Took 51.82426595687866 to map traces recovered traces to real ones
Overall accuracy: 0.26666666666666666
Overall error: 6.219083353934897
Overall accuracy std: 0.0021484375
Overall error std: 2.7190940094751492
Took 138.83160614967346 to complete evaluation


27# Evaluating trace simulator with parameters:
> Users: 256
> Towers: 256
> Velocity: (0.01, 0.01)

Took 0.5727190971374512 to generate all
Took 0.021845102310180664 to create build distribution matrix
Took 82.1824631690979 to create recover traces from aggregated data
Took 53.21548104286194 to map traces recovered traces to real ones
Overall accuracy: 0.21227213541666665
Overall error: 6.235521522276018
Overall accuracy std: 0.0007161458333333371
Overall error std: 2.7287199889401057
Took 136.04812812805176 to complete evaluation


28# Evaluating trace simulator with parameters:
> Users: 256
> Towers: 400
> Velocity: (0.01, 0.01)

Took 0.6528651714324951 to generate all
Took 0.025043964385986328 to create build distribution matrix
Took 118.63798975944519 to create recover traces from aggregated data
Took 93.42643404006958 to map traces recovered traces to real ones
Overall accuracy: 0.19664713541666667
Overall error: 6.2805050633242505
Overall accuracy std: 0.0002604166666666741
Overall error std: 2.628883743121648
Took 212.83077216148376 to complete evaluation


29# Evaluating trace simulator with parameters:
> Users: 256
> Towers: 576
> Velocity: (0.01, 0.01)

Took 0.6483535766601562 to generate all
Took 0.03314208984375 to create build distribution matrix
Took 123.52434206008911 to create recover traces from aggregated data
Took 100.25088167190552 to map traces recovered traces to real ones
Overall accuracy: 0.21370442708333331
Overall error: 5.544163755780799
Overall accuracy std: 0.005533854166666663
Overall error std: 2.8280829584617946
Took 224.5626380443573 to complete evaluation


30# Evaluating trace simulator with parameters:
> Users: 256
> Towers: 784
> Velocity: (0.01, 0.01)

Took 2.5326011180877686 to generate all
Took 0.16364717483520508 to create build distribution matrix
Took 100.03203201293945 to create recover traces from aggregated data
Took 141.91179776191711 to map traces recovered traces to real ones
Overall accuracy: 0.22802734374999994
Overall error: 4.910152488452065
Overall accuracy std: 0.002278645833333326
Overall error std: 2.8787151053014974
Took 244.93816995620728 to complete evaluation


31# Evaluating trace simulator with parameters:
> Users: 256
> Towers: 1024
> Velocity: (0.01, 0.01)

Took 2.557620048522949 to generate all
Took 0.20374488830566406 to create build distribution matrix
Took 55.35990881919861 to create recover traces from aggregated data
Took 93.7043879032135 to map traces recovered traces to real ones
Overall accuracy: 0.2416015625
Overall error: 4.777716527454333
Overall accuracy std: 0.0017578125
Overall error std: 3.3433510869996446
Took 152.20141100883484 to complete evaluation


32# Evaluating trace simulator with parameters:
> Users: 400
> Towers: 16
> Velocity: (0.01, 0.01)

Took 0.7654380798339844 to generate all
Took 0.002162933349609375 to create build distribution matrix
Took 148.50904870033264 to create recover traces from aggregated data
Took 142.6823079586029 to map traces recovered traces to real ones
Overall accuracy: 0.6932083333333334
Overall error: 3.1667681856216054
Overall accuracy std: 0.0003750000000000586
Overall error std: 2.960624081513724
Took 292.06574726104736 to complete evaluation


33# Evaluating trace simulator with parameters:
> Users: 400
> Towers: 64
> Velocity: (0.01, 0.01)

Took 0.9106528759002686 to generate all
Took 0.0033359527587890625 to create build distribution matrix
Took 251.02091336250305 to create recover traces from aggregated data
Took 133.06500387191772 to map traces recovered traces to real ones
Overall accuracy: 0.3973541666666667
Overall error: 5.198586536009226
Overall accuracy std: 0.0024166666666666672
Overall error std: 3.3042397381853186
Took 385.11858010292053 to complete evaluation


34# Evaluating trace simulator with parameters:
> Users: 400
> Towers: 144
> Velocity: (0.01, 0.01)

Took 0.9829401969909668 to generate all
Took 0.004964113235473633 to create build distribution matrix
Took 282.2424650192261 to create recover traces from aggregated data
Took 133.90060019493103 to map traces recovered traces to real ones
Overall accuracy: 0.2631875
Overall error: 6.500644080189486
Overall accuracy std: 0.0009583333333333276
Overall error std: 2.9686675040343884
Took 417.22806882858276 to complete evaluation


35# Evaluating trace simulator with parameters:
> Users: 400
> Towers: 256
> Velocity: (0.01, 0.01)

Took 1.107734203338623 to generate all
Took 0.0249631404876709 to create build distribution matrix
Took 315.7771739959717 to create recover traces from aggregated data
Took 126.39921808242798 to map traces recovered traces to real ones
Overall accuracy: 0.2172083333333333
Overall error: 6.339484192272207
Overall accuracy std: 0.0014166666666666548
Overall error std: 2.760912970281116
Took 443.41277027130127 to complete evaluation


36# Evaluating trace simulator with parameters:
> Users: 400
> Towers: 400
> Velocity: (0.01, 0.01)

Took 1.2169849872589111 to generate all
Took 0.032805681228637695 to create build distribution matrix
Took 376.7769100666046 to create recover traces from aggregated data
Took 234.27918076515198 to map traces recovered traces to real ones
Overall accuracy: 0.18662499999999999
Overall error: 6.478681424381944
Overall accuracy std: 0.0007499999999999951
Overall error std: 2.792751895764393
Took 612.4203562736511 to complete evaluation


37# Evaluating trace simulator with parameters:
> Users: 400
> Towers: 576
> Velocity: (0.01, 0.01)

Took 1.4728620052337646 to generate all
Took 0.03694891929626465 to create build distribution matrix
Took 381.7063527107239 to create recover traces from aggregated data
Took 237.63477182388306 to map traces recovered traces to real ones
Overall accuracy: 0.18166666666666664
Overall error: 6.174092354342825
Overall accuracy std: 0.0025000000000000022
Overall error std: 2.887839579682204
Took 621.0222158432007 to complete evaluation


38# Evaluating trace simulator with parameters:
> Users: 400
> Towers: 784
> Velocity: (0.01, 0.01)

Took 1.5682451725006104 to generate all
Took 0.061022043228149414 to create build distribution matrix
Took 361.51166582107544 to create recover traces from aggregated data
Took 242.66342997550964 to map traces recovered traces to real ones
Overall accuracy: 0.17766666666666667
Overall error: 5.793907917742283
Overall accuracy std: 0.0007500000000000062
Overall error std: 2.810420610806978
Took 606.0531718730927 to complete evaluation


39# Evaluating trace simulator with parameters:
> Users: 400
> Towers: 1024
> Velocity: (0.01, 0.01)

Took 2.2785770893096924 to generate all
Took 0.0897970199584961 to create build distribution matrix
Took 337.4735732078552 to create recover traces from aggregated data
Took 237.4528021812439 to map traces recovered traces to real ones
Overall accuracy: 0.166375
Overall error: 5.977200295787041
Overall accuracy std: 0.002749999999999997
Overall error std: 2.832979677903375
Took 577.5744640827179 to complete evaluation


40# Evaluating trace simulator with parameters:
> Users: 576
> Towers: 16
> Velocity: (0.01, 0.01)

Took 1.4489011764526367 to generate all
Took 0.002838134765625 to create build distribution matrix
Took 400.4313063621521 to create recover traces from aggregated data
Took 304.6587851047516 to map traces recovered traces to real ones
Overall accuracy: 0.6868344907407407
Overall error: 3.211618958516591
Overall accuracy std: 0.0011863425925925596
Overall error std: 2.8377370079188386
Took 706.8176519870758 to complete evaluation


41# Evaluating trace simulator with parameters:
> Users: 576
> Towers: 64
> Velocity: (0.01, 0.01)

Took 1.6447679996490479 to generate all
Took 0.0037720203399658203 to create build distribution matrix
Took 851.2040071487427 to create recover traces from aggregated data
Took 268.2581613063812 to map traces recovered traces to real ones
Overall accuracy: 0.4283130787037036
Overall error: 4.884672794835772
Overall accuracy std: 0.0024594907407407217
Overall error std: 3.1763020730725575
Took 1121.5353527069092 to complete evaluation


42# Evaluating trace simulator with parameters:
> Users: 576
> Towers: 144
> Velocity: (0.01, 0.01)

Took 1.9320759773254395 to generate all
Took 0.03022623062133789 to create build distribution matrix
Took 957.2970077991486 to create recover traces from aggregated data
Took 281.5168960094452 to map traces recovered traces to real ones
Overall accuracy: 0.2848668981481482
Overall error: 5.8578416527705786
Overall accuracy std: 0.0010127314814814658
Overall error std: 3.134010559718999
Took 1241.2242941856384 to complete evaluation


43# Evaluating trace simulator with parameters:
> Users: 576
> Towers: 256
> Velocity: (0.01, 0.01)

Took 2.4311399459838867 to generate all
Took 0.04241776466369629 to create build distribution matrix
Took 1195.4795730113983 to create recover traces from aggregated data
Took 278.10386896133423 to map traces recovered traces to real ones
Overall accuracy: 0.21644965277777778
Overall error: 6.556937145524106
Overall accuracy std: 0.00011574074074074402
Overall error std: 2.8176480770392174
Took 1476.518891096115 to complete evaluation


44# Evaluating trace simulator with parameters:
> Users: 576
> Towers: 400
> Velocity: (0.01, 0.01)

Took 2.4297142028808594 to generate all
Took 0.04176902770996094 to create build distribution matrix
Took 1293.5679459571838 to create recover traces from aggregated data
Took 474.3265290260315 to map traces recovered traces to real ones
Overall accuracy: 0.18722511574074077
Overall error: 6.5349235733128275
Overall accuracy std: 0.000752314814814814
Overall error std: 2.8142511896954145
Took 1770.7219421863556 to complete evaluation


45# Evaluating trace simulator with parameters:
> Users: 576
> Towers: 576
> Velocity: (0.01, 0.01)

Took 1.9984869956970215 to generate all
Took 0.0540311336517334 to create build distribution matrix
Took 1317.6949338912964 to create recover traces from aggregated data
Took 490.33140993118286 to map traces recovered traces to real ones
Overall accuracy: 0.16261574074074076
Overall error: 6.410459149147896
Overall accuracy std: 0.0027488425925925927
Overall error std: 2.9630585074681433
Took 1810.427251815796 to complete evaluation


46# Evaluating trace simulator with parameters:
> Users: 576
> Towers: 784
> Velocity: (0.01, 0.01)

Took 2.1969971656799316 to generate all
Took 0.07880401611328125 to create build distribution matrix
Took 1242.0175712108612 to create recover traces from aggregated data
Took 520.9773938655853 to map traces recovered traces to real ones
Overall accuracy: 0.162109375
Overall error: 6.034567591868955
Overall accuracy std: 0.00014467592592593004
Overall error std: 2.813744653926375
Took 1765.6726360321045 to complete evaluation


47# Evaluating trace simulator with parameters:
> Users: 576
> Towers: 1024
> Velocity: (0.01, 0.01)

Took 2.502871036529541 to generate all
Took 0.08213686943054199 to create build distribution matrix
Took 1326.644276857376 to create recover traces from aggregated data
Took 603.0115129947662 to map traces recovered traces to real ones
Overall accuracy: 0.15128761574074073
Overall error: 6.053824526287548
Overall accuracy std: 0.0010706018518518601
Overall error std: 2.5961690320067445
Took 1933.22523188591 to complete evaluation


48# Evaluating trace simulator with parameters:
> Users: 16
> Towers: 16
> Velocity: (0.05, 0.05)

Took 0.16335105895996094 to generate all
Took 0.0008089542388916016 to create build distribution matrix
Took 0.4801480770111084 to create recover traces from aggregated data
Took 0.4861030578613281 to map traces recovered traces to real ones
Overall accuracy: 0.4098958333333333
Overall error: 5.550363916812087
Overall accuracy std: 0.02395833333333335
Overall error std: 1.7297017672476251
Took 1.1376280784606934 to complete evaluation


49# Evaluating trace simulator with parameters:
> Users: 16
> Towers: 64
> Velocity: (0.05, 0.05)

Took 0.08410382270812988 to generate all
Took 0.0017769336700439453 to create build distribution matrix
Took 0.44126009941101074 to create recover traces from aggregated data
Took 0.5983929634094238 to map traces recovered traces to real ones
Overall accuracy: 0.3416666666666667
Overall error: 5.485788758530498
Overall accuracy std: 0.03229166666666667
Overall error std: 2.977903853836085
Took 1.1312851905822754 to complete evaluation


50# Evaluating trace simulator with parameters:
> Users: 16
> Towers: 144
> Velocity: (0.05, 0.05)

Took 0.0914299488067627 to generate all
Took 0.0663900375366211 to create build distribution matrix
Took 0.5658931732177734 to create recover traces from aggregated data
Took 0.41632795333862305 to map traces recovered traces to real ones
Overall accuracy: 0.42447916666666663
Overall error: 4.012525781778727
Overall accuracy std: 0.0
Overall error std: 2.315871949743341
Took 1.1493678092956543 to complete evaluation


51# Evaluating trace simulator with parameters:
> Users: 16
> Towers: 256
> Velocity: (0.05, 0.05)

Took 0.20409011840820312 to generate all
Took 0.06260514259338379 to create build distribution matrix
Took 0.26668381690979004 to create recover traces from aggregated data
Took 0.3989598751068115 to map traces recovered traces to real ones
Overall accuracy: 0.6901041666666667
Overall error: 1.7333402335896508
Overall accuracy std: 1.1102230246251565e-16
Overall error std: 1.1271135473857776
Took 0.994636058807373 to complete evaluation


52# Evaluating trace simulator with parameters:
> Users: 16
> Towers: 400
> Velocity: (0.05, 0.05)

Took 0.23295903205871582 to generate all
Took 0.08170890808105469 to create build distribution matrix
Took 0.37622499465942383 to create recover traces from aggregated data
Took 0.8843100070953369 to map traces recovered traces to real ones
Overall accuracy: 0.8098958333333333
Overall error: 0.9940472005140446
Overall accuracy std: 0.0
Overall error std: 1.3022399964435603
Took 1.7714486122131348 to complete evaluation


53# Evaluating trace simulator with parameters:
> Users: 16
> Towers: 576
> Velocity: (0.05, 0.05)

Took 0.27483296394348145 to generate all
Took 0.18423795700073242 to create build distribution matrix
Took 0.43949294090270996 to create recover traces from aggregated data
Took 1.1489081382751465 to map traces recovered traces to real ones
Overall accuracy: 0.8177083333333334
Overall error: 0.4895632519994589
Overall accuracy std: 0.0
Overall error std: 0.49718288266441935
Took 2.226781129837036 to complete evaluation


54# Evaluating trace simulator with parameters:
> Users: 16
> Towers: 784
> Velocity: (0.05, 0.05)

Took 0.45377683639526367 to generate all
Took 0.12347412109375 to create build distribution matrix
Took 0.29964590072631836 to create recover traces from aggregated data
Took 1.2125778198242188 to map traces recovered traces to real ones
Overall accuracy: 0.8151041666666666
Overall error: 1.0256070889963076
Overall accuracy std: 0.0
Overall error std: 1.3096635893068957
Took 2.332839250564575 to complete evaluation


55# Evaluating trace simulator with parameters:
> Users: 16
> Towers: 1024
> Velocity: (0.05, 0.05)

Took 0.4434337615966797 to generate all
Took 0.21846914291381836 to create build distribution matrix
Took 0.29555392265319824 to create recover traces from aggregated data
Took 1.7256598472595215 to map traces recovered traces to real ones
Overall accuracy: 0.9244791666666666
Overall error: 0.20241072244748723
Overall accuracy std: 1.1102230246251565e-16
Overall error std: 0.45304661232870197
Took 3.0871360301971436 to complete evaluation


56# Evaluating trace simulator with parameters:
> Users: 64
> Towers: 16
> Velocity: (0.05, 0.05)

Took 0.18324875831604004 to generate all
Took 0.0010938644409179688 to create build distribution matrix
Took 4.005415916442871 to create recover traces from aggregated data
Took 4.085755825042725 to map traces recovered traces to real ones
Overall accuracy: 0.356640625
Overall error: 6.2806747763228845
Overall accuracy std: 0.0010416666666666961
Overall error std: 2.18592598669973
Took 8.344063997268677 to complete evaluation


57# Evaluating trace simulator with parameters:
> Users: 64
> Towers: 64
> Velocity: (0.05, 0.05)

Took 0.09329986572265625 to generate all
Took 0.002148151397705078 to create build distribution matrix
Took 4.740941047668457 to create recover traces from aggregated data
Took 3.368623971939087 to map traces recovered traces to real ones
Overall accuracy: 0.17786458333333335
Overall error: 7.710923233333153
Overall accuracy std: 0.002864583333333326
Overall error std: 2.1170671863489665
Took 8.266539096832275 to complete evaluation


58# Evaluating trace simulator with parameters:
> Users: 64
> Towers: 144
> Velocity: (0.05, 0.05)

Took 0.37614989280700684 to generate all
Took 0.004271984100341797 to create build distribution matrix
Took 4.987736940383911 to create recover traces from aggregated data
Took 2.7193241119384766 to map traces recovered traces to real ones
Overall accuracy: 0.19036458333333334
Overall error: 6.626381501110906
Overall accuracy std: 0.0072916666666666624
Overall error std: 1.957944564994228
Took 8.09857988357544 to complete evaluation


59# Evaluating trace simulator with parameters:
> Users: 64
> Towers: 256
> Velocity: (0.05, 0.05)

Took 0.1608130931854248 to generate all
Took 0.006868839263916016 to create build distribution matrix
Took 2.99153208732605 to create recover traces from aggregated data
Took 3.309551954269409 to map traces recovered traces to real ones
Overall accuracy: 0.18684895833333331
Overall error: 6.406178720793042
Overall accuracy std: 2.482534153247273e-17
Overall error std: 2.1033184658725927
Took 6.518086194992065 to complete evaluation


60# Evaluating trace simulator with parameters:
> Users: 64
> Towers: 400
> Velocity: (0.05, 0.05)

Took 0.24350500106811523 to generate all
Took 0.030401945114135742 to create build distribution matrix
Took 3.583310842514038 to create recover traces from aggregated data
Took 7.6268322467803955 to map traces recovered traces to real ones
Overall accuracy: 0.32317708333333334
Overall error: 4.4519331656463255
Overall accuracy std: 0.007031250000000023
Overall error std: 2.2157373559305373
Took 11.565824747085571 to complete evaluation


61# Evaluating trace simulator with parameters:
> Users: 64
> Towers: 576
> Velocity: (0.05, 0.05)

Took 0.7949268817901611 to generate all
Took 0.09357213973999023 to create build distribution matrix
Took 4.859095096588135 to create recover traces from aggregated data
Took 5.57010293006897 to map traces recovered traces to real ones
Overall accuracy: 0.363671875
Overall error: 3.966316326473346
Overall accuracy std: 0.002083333333333326
Overall error std: 2.4421717897246933
Took 11.548906087875366 to complete evaluation


62# Evaluating trace simulator with parameters:
> Users: 64
> Towers: 784
> Velocity: (0.05, 0.05)

Took 0.5107219219207764 to generate all
Took 0.09963512420654297 to create build distribution matrix
Took 3.0103468894958496 to create recover traces from aggregated data
Took 5.322509765625 to map traces recovered traces to real ones
Overall accuracy: 0.32760416666666664
Overall error: 4.745372237725206
Overall accuracy std: 0.009375
Overall error std: 3.0642422824713584
Took 9.108293056488037 to complete evaluation


63# Evaluating trace simulator with parameters:
> Users: 64
> Towers: 1024
> Velocity: (0.05, 0.05)

Took 0.40659403800964355 to generate all
Took 0.11471295356750488 to create build distribution matrix
Took 1.87129807472229 to create recover traces from aggregated data
Took 4.091943979263306 to map traces recovered traces to real ones
Overall accuracy: 0.39453125
Overall error: 3.6122841452120786
Overall accuracy std: 0.009114583333333325
Overall error std: 2.5336239919858383
Took 6.655594110488892 to complete evaluation


64# Evaluating trace simulator with parameters:
> Users: 144
> Towers: 16
> Velocity: (0.05, 0.05)

Took 0.18202805519104004 to generate all
Took 0.0013570785522460938 to create build distribution matrix
Took 15.28550410270691 to create recover traces from aggregated data
Took 12.887858867645264 to map traces recovered traces to real ones
Overall accuracy: 0.3668981481481481
Overall error: 5.911071271799639
Overall accuracy std: 0.0005787037037037202
Overall error std: 2.0595103811667266
Took 28.372250080108643 to complete evaluation


65# Evaluating trace simulator with parameters:
> Users: 144
> Towers: 64
> Velocity: (0.05, 0.05)

Took 0.43465423583984375 to generate all
Took 0.002474069595336914 to create build distribution matrix
Took 23.541986227035522 to create recover traces from aggregated data
Took 14.936081886291504 to map traces recovered traces to real ones
Overall accuracy: 0.18119212962962963
Overall error: 7.127578832101883
Overall accuracy std: 0.001041666666666674
Overall error std: 2.2135702049263255
Took 38.9329400062561 to complete evaluation


66# Evaluating trace simulator with parameters:
> Users: 144
> Towers: 144
> Velocity: (0.05, 0.05)

Took 0.7107658386230469 to generate all
Took 0.004291057586669922 to create build distribution matrix
Took 36.111939907073975 to create recover traces from aggregated data
Took 17.96480107307434 to map traces recovered traces to real ones
Overall accuracy: 0.14328703703703702
Overall error: 7.178375543695665
Overall accuracy std: 0.00219907407407407
Overall error std: 2.176300077300841
Took 54.811907052993774 to complete evaluation


67# Evaluating trace simulator with parameters:
> Users: 144
> Towers: 256
> Velocity: (0.05, 0.05)

Took 0.8625221252441406 to generate all
Took 0.05767703056335449 to create build distribution matrix
Took 22.267893075942993 to create recover traces from aggregated data
Took 21.28526997566223 to map traces recovered traces to real ones
Overall accuracy: 0.15144675925925927
Overall error: 6.696247587288521
Overall accuracy std: 0.00034722222222220993
Overall error std: 2.0479775884260447
Took 44.54411721229553 to complete evaluation


68# Evaluating trace simulator with parameters:
> Users: 144
> Towers: 400
> Velocity: (0.05, 0.05)

Took 0.9545791149139404 to generate all
Took 0.07350516319274902 to create build distribution matrix
Took 24.72693109512329 to create recover traces from aggregated data
Took 36.22712302207947 to map traces recovered traces to real ones
Overall accuracy: 0.18848379629629627
Overall error: 6.341728977262012
Overall accuracy std: 0.004976851851851838
Overall error std: 2.3932623000397886
Took 62.12077808380127 to complete evaluation


69# Evaluating trace simulator with parameters:
> Users: 144
> Towers: 576
> Velocity: (0.05, 0.05)

Took 0.9238650798797607 to generate all
Took 0.05760931968688965 to create build distribution matrix
Took 20.165982961654663 to create recover traces from aggregated data
Took 33.647093057632446 to map traces recovered traces to real ones
Overall accuracy: 0.17824074074074076
Overall error: 6.316983165135734
Overall accuracy std: 0.0034722222222222207
Overall error std: 2.5236017886681728
Took 54.969156980514526 to complete evaluation


70# Evaluating trace simulator with parameters:
> Users: 144
> Towers: 784
> Velocity: (0.05, 0.05)

Took 1.0593509674072266 to generate all
Took 0.11513614654541016 to create build distribution matrix
Took 24.593815803527832 to create recover traces from aggregated data
Took 44.10471796989441 to map traces recovered traces to real ones
Overall accuracy: 0.17320601851851852
Overall error: 6.4453116107218165
Overall accuracy std: 0.0032407407407407437
Overall error std: 2.593687239802377
Took 70.06020998954773 to complete evaluation


71# Evaluating trace simulator with parameters:
> Users: 144
> Towers: 1024
> Velocity: (0.05, 0.05)

Took 1.7296929359436035 to generate all
Took 0.2162470817565918 to create build distribution matrix
Took 20.600786924362183 to create recover traces from aggregated data
Took 24.63138484954834 to map traces recovered traces to real ones
Overall accuracy: 0.16857638888888887
Overall error: 5.963803247452122
Overall accuracy std: 0.0009259259259259189
Overall error std: 2.295492220849972
Took 47.48807096481323 to complete evaluation


72# Evaluating trace simulator with parameters:
> Users: 256
> Towers: 16
> Velocity: (0.05, 0.05)

Took 0.9757440090179443 to generate all
Took 0.0018610954284667969 to create build distribution matrix
Took 79.7915940284729 to create recover traces from aggregated data
Took 38.37188720703125 to map traces recovered traces to real ones
Overall accuracy: 0.3845703125
Overall error: 5.666363041011434
Overall accuracy std: 0.0013671875000000001
Overall error std: 2.088050070135453
Took 119.17342805862427 to complete evaluation


73# Evaluating trace simulator with parameters:
> Users: 256
> Towers: 64
> Velocity: (0.05, 0.05)

Took 1.2264008522033691 to generate all
Took 0.05702805519104004 to create build distribution matrix
Took 135.7494649887085 to create recover traces from aggregated data
Took 29.269612073898315 to map traces recovered traces to real ones
Overall accuracy: 0.1826822916666667
Overall error: 6.775967861891954
Overall accuracy std: 0.0007812499999999889
Overall error std: 2.1783400336471628
Took 166.33786797523499 to complete evaluation


74# Evaluating trace simulator with parameters:
> Users: 256
> Towers: 144
> Velocity: (0.05, 0.05)

Took 0.6813187599182129 to generate all
Took 0.004682064056396484 to create build distribution matrix
Took 104.52085399627686 to create recover traces from aggregated data
Took 47.458155155181885 to map traces recovered traces to real ones
Overall accuracy: 0.13929036458333333
Overall error: 6.907786188502071
Overall accuracy std: 6.510416666666297e-05
Overall error std: 2.017969809195439
Took 152.7273232936859 to complete evaluation


75# Evaluating trace simulator with parameters:
> Users: 256
> Towers: 256
> Velocity: (0.05, 0.05)

Took 1.56569504737854 to generate all
Took 0.06709790229797363 to create build distribution matrix
Took 123.34691786766052 to create recover traces from aggregated data
Took 31.139679193496704 to map traces recovered traces to real ones
Overall accuracy: 0.133984375
Overall error: 6.786702590477672
Overall accuracy std: 0.001236979166666663
Overall error std: 2.0802216923772754
Took 156.21561002731323 to complete evaluation


76# Evaluating trace simulator with parameters:
> Users: 256
> Towers: 400
> Velocity: (0.05, 0.05)

Took 1.1044120788574219 to generate all
Took 0.04298901557922363 to create build distribution matrix
Took 111.46106791496277 to create recover traces from aggregated data
Took 65.19989514350891 to map traces recovered traces to real ones
Overall accuracy: 0.14752604166666666
Overall error: 6.642720035257324
Overall accuracy std: 0.0014973958333333258
Overall error std: 2.4339928834185605
Took 177.92032408714294 to complete evaluation


77# Evaluating trace simulator with parameters:
> Users: 256
> Towers: 576
> Velocity: (0.05, 0.05)

Took 0.9673171043395996 to generate all
Took 0.055101871490478516 to create build distribution matrix
Took 110.09855604171753 to create recover traces from aggregated data
Took 92.9296326637268 to map traces recovered traces to real ones
Overall accuracy: 0.13336588541666666
Overall error: 6.549356508691278
Overall accuracy std: 0.003385416666666674
Overall error std: 2.348204795313261
Took 204.14733600616455 to complete evaluation


78# Evaluating trace simulator with parameters:
> Users: 256
> Towers: 784
> Velocity: (0.05, 0.05)

Took 1.929163932800293 to generate all
Took 0.11591386795043945 to create build distribution matrix
Took 125.29597997665405 to create recover traces from aggregated data
Took 62.48432898521423 to map traces recovered traces to real ones
Overall accuracy: 0.13561197916666665
Overall error: 6.698939119210811
Overall accuracy std: 0.0012369791666666631
Overall error std: 2.3911762342048624
Took 190.09411191940308 to complete evaluation


79# Evaluating trace simulator with parameters:
> Users: 256
> Towers: 1024
> Velocity: (0.05, 0.05)

Took 0.9191460609436035 to generate all
Took 0.07684683799743652 to create build distribution matrix
Took 102.23694109916687 to create recover traces from aggregated data
Took 69.33312582969666 to map traces recovered traces to real ones
Overall accuracy: 0.1240234375
Overall error: 6.90787210854231
Overall accuracy std: 0.0006510416666666629
Overall error std: 2.4352421768590116
Took 172.7346179485321 to complete evaluation


80# Evaluating trace simulator with parameters:
> Users: 400
> Towers: 16
> Velocity: (0.05, 0.05)

Took 0.7504761219024658 to generate all
Took 0.002427816390991211 to create build distribution matrix
Took 188.2339928150177 to create recover traces from aggregated data
Took 129.68860006332397 to map traces recovered traces to real ones
Overall accuracy: 0.3922708333333333
Overall error: 5.3626740813671825
Overall accuracy std: 0.0014166666666666885
Overall error std: 1.9292135743426093
Took 318.7992699146271 to complete evaluation


81# Evaluating trace simulator with parameters:
> Users: 400
> Towers: 64
> Velocity: (0.05, 0.05)

Took 1.1608119010925293 to generate all
Took 0.03187823295593262 to create build distribution matrix
Took 343.272989988327 to create recover traces from aggregated data
Took 121.89863801002502 to map traces recovered traces to real ones
Overall accuracy: 0.19235416666666666
Overall error: 6.608413530243342
Overall accuracy std: 0.0015416666666666634
Overall error std: 2.154833329910819
Took 466.47874188423157 to complete evaluation


82# Evaluating trace simulator with parameters:
> Users: 400
> Towers: 144
> Velocity: (0.05, 0.05)

Took 1.2921419143676758 to generate all
Took 0.027599811553955078 to create build distribution matrix
Took 394.4459910392761 to create recover traces from aggregated data
Took 142.46790099143982 to map traces recovered traces to real ones
Overall accuracy: 0.1330625
Overall error: 6.890974510418383
Overall accuracy std: 0.00012499999999999735
Overall error std: 2.1463370349355886
Took 538.3433520793915 to complete evaluation


83# Evaluating trace simulator with parameters:
> Users: 400
> Towers: 256
> Velocity: (0.05, 0.05)

Took 1.5113420486450195 to generate all
Took 0.0074939727783203125 to create build distribution matrix
Took 344.7370858192444 to create recover traces from aggregated data
Took 180.12178897857666 to map traces recovered traces to real ones
Overall accuracy: 0.13545833333333332
Overall error: 6.858013679490825
Overall accuracy std: 0.0005000000000000004
Overall error std: 2.4031613978799786
Took 526.5794410705566 to complete evaluation


84# Evaluating trace simulator with parameters:
> Users: 400
> Towers: 400
> Velocity: (0.05, 0.05)

Took 2.2342610359191895 to generate all
Took 0.0632171630859375 to create build distribution matrix
Took 352.90391397476196 to create recover traces from aggregated data
Took 320.05768489837646 to map traces recovered traces to real ones
Overall accuracy: 0.1364375
Overall error: 6.483000722875746
Overall accuracy std: 0.0016249999999999986
Overall error std: 2.2997210356421087
Took 675.4819269180298 to complete evaluation


85# Evaluating trace simulator with parameters:
> Users: 400
> Towers: 576
> Velocity: (0.05, 0.05)

Took 1.999532699584961 to generate all
Took 0.08069872856140137 to create build distribution matrix
Took 447.55899310112 to create recover traces from aggregated data
Took 236.87146520614624 to map traces recovered traces to real ones
Overall accuracy: 0.1257083333333333
Overall error: 6.606602884821934
Overall accuracy std: 0.001916666666666661
Overall error std: 2.394837045947193
Took 686.7159090042114 to complete evaluation


86# Evaluating trace simulator with parameters:
> Users: 400
> Towers: 784
> Velocity: (0.05, 0.05)

Took 1.473891019821167 to generate all
Took 0.05980515480041504 to create build distribution matrix
Took 343.2246530056 to create recover traces from aggregated data
Took 285.92530608177185 to map traces recovered traces to real ones
Overall accuracy: 0.11679166666666667
Overall error: 6.6983065814559115
Overall accuracy std: 4.166666666667318e-05
Overall error std: 2.579936128260649
Took 630.9007339477539 to complete evaluation


87# Evaluating trace simulator with parameters:
> Users: 400
> Towers: 1024
> Velocity: (0.05, 0.05)

Took 2.7098240852355957 to generate all
Took 0.13819313049316406 to create build distribution matrix
Took 338.59846091270447 to create recover traces from aggregated data
Took 208.96658873558044 to map traces recovered traces to real ones
Overall accuracy: 0.10841666666666668
Overall error: 6.738511900370189
Overall accuracy std: 0.002041666666666664
Overall error std: 2.41739244779911
Took 550.7195727825165 to complete evaluation


88# Evaluating trace simulator with parameters:
> Users: 576
> Towers: 16
> Velocity: (0.05, 0.05)

Took 1.3270220756530762 to generate all
Took 0.02160191535949707 to create build distribution matrix
Took 507.25617003440857 to create recover traces from aggregated data
Took 327.1056251525879 to map traces recovered traces to real ones
Overall accuracy: 0.3897569444444445
Overall error: 5.176021059123056
Overall accuracy std: 0.0005787037037037202
Overall error std: 1.6571845266984995
Took 836.2509031295776 to complete evaluation


89# Evaluating trace simulator with parameters:
> Users: 576
> Towers: 64
> Velocity: (0.05, 0.05)

Took 2.5781948566436768 to generate all
Took 0.046376943588256836 to create build distribution matrix
Took 1105.292631149292 to create recover traces from aggregated data
Took 298.4825646877289 to map traces recovered traces to real ones
Overall accuracy: 0.1996238425925926
Overall error: 6.350228336062277
Overall accuracy std: 5.7870370370360906e-05
Overall error std: 2.193560829335206
Took 1407.0005917549133 to complete evaluation


90# Evaluating trace simulator with parameters:
> Users: 576
> Towers: 144
> Velocity: (0.05, 0.05)

Took 2.630376100540161 to generate all
Took 0.006991147994995117 to create build distribution matrix
Took 1184.5673530101776 to create recover traces from aggregated data
Took 278.84271216392517 to map traces recovered traces to real ones
Overall accuracy: 0.1441550925925926
Overall error: 6.651066605882534
Overall accuracy std: 0.0007523148148148251
Overall error std: 2.2185561475142355
Took 1466.5274028778076 to complete evaluation


91# Evaluating trace simulator with parameters:
> Users: 576
> Towers: 256
> Velocity: (0.05, 0.05)

Took 2.4821581840515137 to generate all
Took 0.04264187812805176 to create build distribution matrix
Took 1351.3356428146362 to create recover traces from aggregated data
Took 357.06653475761414 to map traces recovered traces to real ones
Overall accuracy: 0.13391203703703705
Overall error: 6.681573843830423
Overall accuracy std: 2.8935185185174907e-05
Overall error std: 2.3897289091505836
Took 1712.0509748458862 to complete evaluation


92# Evaluating trace simulator with parameters:
> Users: 576
> Towers: 400
> Velocity: (0.05, 0.05)

Took 5.318732023239136 to generate all
Took 0.09350872039794922 to create build distribution matrix
Took 1385.4896771907806 to create recover traces from aggregated data
Took 660.03271484375 to map traces recovered traces to real ones
Overall accuracy: 0.13113425925925926
Overall error: 6.61335479269071
Overall accuracy std: 0.002285879629629617
Overall error std: 2.3356524436203223
Took 2051.8904900550842 to complete evaluation


93# Evaluating trace simulator with parameters:
> Users: 576
> Towers: 576
> Velocity: (0.05, 0.05)

Took 4.424045085906982 to generate all
Took 0.18190622329711914 to create build distribution matrix
Took 1356.5878138542175 to create recover traces from aggregated data
Took 707.9611690044403 to map traces recovered traces to real ones
Overall accuracy: 0.11553819444444444
Overall error: 6.547988960797612
Overall accuracy std: 2.893518518519156e-05
Overall error std: 2.3887164087603554
Took 2069.903800010681 to complete evaluation


94# Evaluating trace simulator with parameters:
> Users: 576
> Towers: 784
> Velocity: (0.05, 0.05)

Took 3.6728408336639404 to generate all
Took 0.13872098922729492 to create build distribution matrix
Took 1500.242892742157 to create recover traces from aggregated data
Took 613.6280198097229 to map traces recovered traces to real ones
Overall accuracy: 0.10868055555555556
Overall error: 6.558235677817087
Overall accuracy std: 0.00023148148148148252
Overall error std: 2.5332602148740815
Took 2118.481852054596 to complete evaluation


95# Evaluating trace simulator with parameters:
> Users: 576
> Towers: 1024
> Velocity: (0.05, 0.05)

Took 5.145426988601685 to generate all
Took 0.1991889476776123 to create build distribution matrix
Took 1320.9757878780365 to create recover traces from aggregated data
Took 531.7714381217957 to map traces recovered traces to real ones
Overall accuracy: 0.10406539351851851
Overall error: 6.380952491539201
Overall accuracy std: 5.787037037036646e-05
Overall error std: 2.3684734709217667
Took 1859.2065479755402 to complete evaluation


96# Evaluating trace simulator with parameters:
> Users: 16
> Towers: 16
> Velocity: (0.1, 0.1)

Took 0.13801908493041992 to generate all
Took 0.0008041858673095703 to create build distribution matrix
Took 0.6554229259490967 to create recover traces from aggregated data
Took 0.502086877822876 to map traces recovered traces to real ones
Overall accuracy: 0.3005208333333333
Overall error: 7.279688302359614
Overall accuracy std: 0.013541666666666652
Overall error std: 1.7191417363274484
Took 1.3049390316009521 to complete evaluation


97# Evaluating trace simulator with parameters:
> Users: 16
> Towers: 64
> Velocity: (0.1, 0.1)

Took 0.14571499824523926 to generate all
Took 0.0017132759094238281 to create build distribution matrix
Took 0.6722409725189209 to create recover traces from aggregated data
Took 0.4449951648712158 to map traces recovered traces to real ones
Overall accuracy: 0.2588541666666667
Overall error: 6.62449546530515
Overall accuracy std: 0.002083333333333326
Overall error std: 1.724307039805907
Took 1.271176815032959 to complete evaluation


98# Evaluating trace simulator with parameters:
> Users: 16
> Towers: 144
> Velocity: (0.1, 0.1)

Took 0.1697688102722168 to generate all
Took 0.0037047863006591797 to create build distribution matrix
Took 0.523690938949585 to create recover traces from aggregated data
Took 0.42171716690063477 to map traces recovered traces to real ones
Overall accuracy: 0.31614583333333335
Overall error: 5.8571937246709584
Overall accuracy std: 0.017708333333333326
Overall error std: 2.4174479477201145
Took 1.126999855041504 to complete evaluation


99# Evaluating trace simulator with parameters:
> Users: 16
> Towers: 256
> Velocity: (0.1, 0.1)

Took 0.16128802299499512 to generate all
Took 0.053199052810668945 to create build distribution matrix
Took 0.4752538204193115 to create recover traces from aggregated data
Took 0.35315990447998047 to map traces recovered traces to real ones
Overall accuracy: 0.31979166666666664
Overall error: 5.595300474708796
Overall accuracy std: 0.004166666666666674
Overall error std: 2.1058206073879715
Took 1.1064550876617432 to complete evaluation


100# Evaluating trace simulator with parameters:
> Users: 16
> Towers: 400
> Velocity: (0.1, 0.1)

Took 0.20778298377990723 to generate all
Took 0.08849000930786133 to create build distribution matrix
Took 0.37042808532714844 to create recover traces from aggregated data
Took 0.7498421669006348 to map traces recovered traces to real ones
Overall accuracy: 0.3802083333333333
Overall error: 4.967493890286564
Overall accuracy std: 0.005208333333333348
Overall error std: 2.726525595624391
Took 1.4904389381408691 to complete evaluation


101# Evaluating trace simulator with parameters:
> Users: 16
> Towers: 576
> Velocity: (0.1, 0.1)

Took 0.2819862365722656 to generate all
Took 0.07143998146057129 to create build distribution matrix
Took 0.47957396507263184 to create recover traces from aggregated data
Took 0.8564729690551758 to map traces recovered traces to real ones
Overall accuracy: 0.4713541666666667
Overall error: 4.375440772902704
Overall accuracy std: 0.015625
Overall error std: 3.8547228847259634
Took 1.8321220874786377 to complete evaluation


102# Evaluating trace simulator with parameters:
> Users: 16
> Towers: 784
> Velocity: (0.1, 0.1)

Took 0.36667919158935547 to generate all
Took 0.12036299705505371 to create build distribution matrix
Took 0.4546470642089844 to create recover traces from aggregated data
Took 1.1803619861602783 to map traces recovered traces to real ones
Overall accuracy: 0.4802083333333334
Overall error: 3.6697157816636627
Overall accuracy std: 0.008333333333333326
Overall error std: 2.053203301785409
Took 2.361523151397705 to complete evaluation


103# Evaluating trace simulator with parameters:
> Users: 16
> Towers: 1024
> Velocity: (0.1, 0.1)

Took 0.39449000358581543 to generate all
Took 0.16816020011901855 to create build distribution matrix
Took 0.3233966827392578 to create recover traces from aggregated data
Took 1.2024991512298584 to map traces recovered traces to real ones
Overall accuracy: 0.5739583333333332
Overall error: 3.662064216692579
Overall accuracy std: 0.043750000000000004
Overall error std: 3.673709138094098
Took 2.3185322284698486 to complete evaluation


104# Evaluating trace simulator with parameters:
> Users: 64
> Towers: 16
> Velocity: (0.1, 0.1)

Took 0.10603189468383789 to generate all
Took 0.001024007797241211 to create build distribution matrix
Took 3.278618812561035 to create recover traces from aggregated data
Took 3.506706953048706 to map traces recovered traces to real ones
Overall accuracy: 0.27799479166666663
Overall error: 7.077487975611149
Overall accuracy std: 2.482534153247273e-17
Overall error std: 1.626252024248454
Took 6.898967981338501 to complete evaluation


105# Evaluating trace simulator with parameters:
> Users: 64
> Towers: 64
> Velocity: (0.1, 0.1)

Took 0.271132230758667 to generate all
Took 0.0022368431091308594 to create build distribution matrix
Took 4.056249141693115 to create recover traces from aggregated data
Took 2.815178155899048 to map traces recovered traces to real ones
Overall accuracy: 0.1796875
Overall error: 6.91358139030324
Overall accuracy std: 0.00390625
Overall error std: 1.6191889380815019
Took 7.153214931488037 to complete evaluation


106# Evaluating trace simulator with parameters:
> Users: 64
> Towers: 144
> Velocity: (0.1, 0.1)

Took 0.23398995399475098 to generate all
Took 0.004152774810791016 to create build distribution matrix
Took 4.599731922149658 to create recover traces from aggregated data
Took 2.534799814224243 to map traces recovered traces to real ones
Overall accuracy: 0.16731770833333331
Overall error: 7.550596323270296
Overall accuracy std: 0.002604166666666663
Overall error std: 1.8833612298498723
Took 7.38359808921814 to complete evaluation


107# Evaluating trace simulator with parameters:
> Users: 64
> Towers: 256
> Velocity: (0.1, 0.1)

Took 0.14682483673095703 to generate all
Took 0.006806850433349609 to create build distribution matrix
Took 4.189554929733276 to create recover traces from aggregated data
Took 3.370435953140259 to map traces recovered traces to real ones
Overall accuracy: 0.15807291666666665
Overall error: 6.91339540733212
Overall accuracy std: 0.001041666666666674
Overall error std: 2.3722739591883535
Took 7.758973121643066 to complete evaluation


108# Evaluating trace simulator with parameters:
> Users: 64
> Towers: 400
> Velocity: (0.1, 0.1)

Took 0.4131629467010498 to generate all
Took 0.0619049072265625 to create build distribution matrix
Took 5.421595096588135 to create recover traces from aggregated data
Took 4.769312858581543 to map traces recovered traces to real ones
Overall accuracy: 0.1640625
Overall error: 6.805737009833933
Overall accuracy std: 0.0
Overall error std: 1.9215822441712485
Took 10.750180959701538 to complete evaluation


109# Evaluating trace simulator with parameters:
> Users: 64
> Towers: 576
> Velocity: (0.1, 0.1)

Took 0.37703514099121094 to generate all
Took 0.050005197525024414 to create build distribution matrix
Took 4.255779027938843 to create recover traces from aggregated data
Took 4.539846897125244 to map traces recovered traces to real ones
Overall accuracy: 0.18177083333333333
Overall error: 6.5497623272997485
Overall accuracy std: 0.006250000000000011
Overall error std: 2.138181486072872
Took 9.318021059036255 to complete evaluation


110# Evaluating trace simulator with parameters:
> Users: 64
> Towers: 784
> Velocity: (0.1, 0.1)

Took 0.3326420783996582 to generate all
Took 0.11589407920837402 to create build distribution matrix
Took 4.9498069286346436 to create recover traces from aggregated data
Took 4.586359024047852 to map traces recovered traces to real ones
Overall accuracy: 0.1486979166666667
Overall error: 7.203351385469595
Overall accuracy std: 0.0007812500000000111
Overall error std: 1.846082742871712
Took 10.122793197631836 to complete evaluation


111# Evaluating trace simulator with parameters:
> Users: 64
> Towers: 1024
> Velocity: (0.1, 0.1)

Took 0.5910041332244873 to generate all
Took 0.1708831787109375 to create build distribution matrix
Took 5.04952597618103 to create recover traces from aggregated data
Took 7.286602973937988 to map traces recovered traces to real ones
Overall accuracy: 0.17083333333333334
Overall error: 7.1338049572939255
Overall accuracy std: 0.0044270833333333376
Overall error std: 1.8087702773398653
Took 13.327497959136963 to complete evaluation


112# Evaluating trace simulator with parameters:
> Users: 144
> Towers: 16
> Velocity: (0.1, 0.1)

Took 0.6387040615081787 to generate all
Took 0.0014019012451171875 to create build distribution matrix
Took 21.66092801094055 to create recover traces from aggregated data
Took 17.308015823364258 to map traces recovered traces to real ones
Overall accuracy: 0.2862847222222222
Overall error: 6.945992971489927
Overall accuracy std: 0.0003472222222222099
Overall error std: 1.7953787764228508
Took 39.62559413909912 to complete evaluation


113# Evaluating trace simulator with parameters:
> Users: 144
> Towers: 64
> Velocity: (0.1, 0.1)

Took 0.6833150386810303 to generate all
Took 0.002523183822631836 to create build distribution matrix
Took 27.571106672286987 to create recover traces from aggregated data
Took 13.06714129447937 to map traces recovered traces to real ones
Overall accuracy: 0.15127314814814813
Overall error: 7.821875417491257
Overall accuracy std: 0.0045138888888888945
Overall error std: 1.8141110418231141
Took 41.34064483642578 to complete evaluation


114# Evaluating trace simulator with parameters:
> Users: 144
> Towers: 144
> Velocity: (0.1, 0.1)

Took 0.5670349597930908 to generate all
Took 0.048218727111816406 to create build distribution matrix
Took 32.368666887283325 to create recover traces from aggregated data
Took 13.074362754821777 to map traces recovered traces to real ones
Overall accuracy: 0.137037037037037
Overall error: 7.151514475268781
Overall accuracy std: 0.0009259259259259301
Overall error std: 1.7566547607120475
Took 46.077351808547974 to complete evaluation


115# Evaluating trace simulator with parameters:
> Users: 144
> Towers: 256
> Velocity: (0.1, 0.1)

Took 0.5883462429046631 to generate all
Took 0.0066738128662109375 to create build distribution matrix
Took 24.290347576141357 to create recover traces from aggregated data
Took 14.864087104797363 to map traces recovered traces to real ones
Overall accuracy: 0.12123842592592593
Overall error: 7.187802919808357
Overall accuracy std: 0.0005787037037037091
Overall error std: 1.9247584679534966
Took 39.80520796775818 to complete evaluation


116# Evaluating trace simulator with parameters:
> Users: 144
> Towers: 400
> Velocity: (0.1, 0.1)

Took 0.61456298828125 to generate all
Took 0.0755300521850586 to create build distribution matrix
Took 29.742967128753662 to create recover traces from aggregated data
Took 27.662179708480835 to map traces recovered traces to real ones
Overall accuracy: 0.11354166666666665
Overall error: 7.237567522359571
Overall accuracy std: 0.00023148148148147696
Overall error std: 1.685818090952178
Took 58.20356798171997 to complete evaluation


117# Evaluating trace simulator with parameters:
> Users: 144
> Towers: 576
> Velocity: (0.1, 0.1)

Took 0.9940941333770752 to generate all
Took 0.0587460994720459 to create build distribution matrix
Took 31.713913202285767 to create recover traces from aggregated data
Took 22.181793212890625 to map traces recovered traces to real ones
Overall accuracy: 0.10572916666666665
Overall error: 7.3574484948787084
Overall accuracy std: 0.0019675925925925985
Overall error std: 2.089904749337
Took 55.08647298812866 to complete evaluation


118# Evaluating trace simulator with parameters:
> Users: 144
> Towers: 784
> Velocity: (0.1, 0.1)

Took 0.7470481395721436 to generate all
Took 0.08604121208190918 to create build distribution matrix
Took 26.226834058761597 to create recover traces from aggregated data
Took 19.327568769454956 to map traces recovered traces to real ones
Overall accuracy: 0.11909722222222223
Overall error: 6.962586650316675
Overall accuracy std: 0.00034722222222222657
Overall error std: 1.9429267654119773
Took 46.53057837486267 to complete evaluation


119# Evaluating trace simulator with parameters:
> Users: 144
> Towers: 1024
> Velocity: (0.1, 0.1)

Took 0.7164957523345947 to generate all
Took 0.11740517616271973 to create build distribution matrix
Took 23.161444902420044 to create recover traces from aggregated data
Took 19.42329502105713 to map traces recovered traces to real ones
Overall accuracy: 0.12141203703703703
Overall error: 6.848445793981058
Overall accuracy std: 0.0019675925925925985
Overall error std: 2.069673975155406
Took 43.61615300178528 to complete evaluation


120# Evaluating trace simulator with parameters:
> Users: 256
> Towers: 16
> Velocity: (0.1, 0.1)

Took 0.4782447814941406 to generate all
Took 0.0010881423950195312 to create build distribution matrix
Took 57.46316909790039 to create recover traces from aggregated data
Took 41.386730909347534 to map traces recovered traces to real ones
Overall accuracy: 0.2889322916666667
Overall error: 6.799165574020121
Overall accuracy std: 0.0007161458333333481
Overall error std: 1.6977335471732184
Took 99.36166906356812 to complete evaluation


121# Evaluating trace simulator with parameters:
> Users: 256
> Towers: 64
> Velocity: (0.1, 0.1)

Took 1.135256052017212 to generate all
Took 0.050956010818481445 to create build distribution matrix
Took 98.11053895950317 to create recover traces from aggregated data
Took 46.97506403923035 to map traces recovered traces to real ones
Overall accuracy: 0.16562500000000002
Overall error: 7.179810668562385
Overall accuracy std: 0.0014973958333333258
Overall error std: 1.8239712950816227
Took 146.30459022521973 to complete evaluation


122# Evaluating trace simulator with parameters:
> Users: 256
> Towers: 144
> Velocity: (0.1, 0.1)

Took 1.148716688156128 to generate all
Took 0.05039691925048828 to create build distribution matrix
Took 120.18934893608093 to create recover traces from aggregated data
Took 37.464985847473145 to map traces recovered traces to real ones
Overall accuracy: 0.134375
Overall error: 7.170748955940267
Overall accuracy std: 0.0001953125
Overall error std: 2.018057191768004
Took 158.89063715934753 to complete evaluation


123# Evaluating trace simulator with parameters:
> Users: 256
> Towers: 256
> Velocity: (0.1, 0.1)

Took 1.1015028953552246 to generate all
Took 0.007721900939941406 to create build distribution matrix
Took 89.52278709411621 to create recover traces from aggregated data
Took 28.391257762908936 to map traces recovered traces to real ones
Overall accuracy: 0.10924479166666665
Overall error: 7.218424767561134
Overall accuracy std: 0.000390625
Overall error std: 2.0418626878759896
Took 119.10907793045044 to complete evaluation


124# Evaluating trace simulator with parameters:
> Users: 256
> Towers: 400
> Velocity: (0.1, 0.1)

Took 0.9271810054779053 to generate all
Took 0.03572869300842285 to create build distribution matrix
Took 123.1043450832367 to create recover traces from aggregated data
Took 76.55856013298035 to map traces recovered traces to real ones
Overall accuracy: 0.11201171875
Overall error: 7.229735616747879
Overall accuracy std: 0.0012369791666666686
Overall error std: 2.10672385740002
Took 200.72421002388 to complete evaluation


125# Evaluating trace simulator with parameters:
> Users: 256
> Towers: 576
> Velocity: (0.1, 0.1)

Took 2.216097116470337 to generate all
Took 0.07324910163879395 to create build distribution matrix
Took 155.16493582725525 to create recover traces from aggregated data
Took 67.35300493240356 to map traces recovered traces to real ones
Overall accuracy: 0.094921875
Overall error: 7.191733648471592
Overall accuracy std: 0.001041666666666674
Overall error std: 1.9052250837622848
Took 224.97909212112427 to complete evaluation


126# Evaluating trace simulator with parameters:
> Users: 256
> Towers: 784
> Velocity: (0.1, 0.1)

Took 2.160388231277466 to generate all
Took 0.17844200134277344 to create build distribution matrix
Took 121.73873400688171 to create recover traces from aggregated data
Took 64.36496877670288 to map traces recovered traces to real ones
Overall accuracy: 0.09541015625000002
Overall error: 7.260245636236499
Overall accuracy std: 0.001041666666666663
Overall error std: 2.0400799742095974
Took 188.6664628982544 to complete evaluation


127# Evaluating trace simulator with parameters:
> Users: 256
> Towers: 1024
> Velocity: (0.1, 0.1)

Took 2.322798013687134 to generate all
Took 0.1888561248779297 to create build distribution matrix
Took 121.79844617843628 to create recover traces from aggregated data
Took 106.31038999557495 to map traces recovered traces to real ones
Overall accuracy: 0.09554036458333333
Overall error: 7.132894814921362
Overall accuracy std: 0.0026041666666666687
Overall error std: 2.1002633470974104
Took 230.95961499214172 to complete evaluation


128# Evaluating trace simulator with parameters:
> Users: 400
> Towers: 16
> Velocity: (0.1, 0.1)

Took 2.762855052947998 to generate all
Took 0.002485990524291992 to create build distribution matrix
Took 244.66546726226807 to create recover traces from aggregated data
Took 102.6168601512909 to map traces recovered traces to real ones
Overall accuracy: 0.2960208333333333
Overall error: 6.622562074766252
Overall accuracy std: 0.0012083333333333447
Overall error std: 1.6277172404132525
Took 350.160062789917 to complete evaluation


129# Evaluating trace simulator with parameters:
> Users: 400
> Towers: 64
> Velocity: (0.1, 0.1)

Took 1.4741787910461426 to generate all
Took 0.0035200119018554688 to create build distribution matrix
Took 409.6506221294403 to create recover traces from aggregated data
Took 102.92476296424866 to map traces recovered traces to real ones
Overall accuracy: 0.16933333333333334
Overall error: 7.092777653912527
Overall accuracy std: 0.0007083333333333442
Overall error std: 1.8065519067309526
Took 514.1907732486725 to complete evaluation


130# Evaluating trace simulator with parameters:
> Users: 400
> Towers: 144
> Velocity: (0.1, 0.1)

Took 1.7110178470611572 to generate all
Took 0.04709506034851074 to create build distribution matrix
Took 410.0897271633148 to create recover traces from aggregated data
Took 128.31945395469666 to map traces recovered traces to real ones
Overall accuracy: 0.131625
Overall error: 7.063138855840412
Overall accuracy std: 0.0007499999999999951
Overall error std: 2.0026977041829754
Took 540.2854590415955 to complete evaluation


131# Evaluating trace simulator with parameters:
> Users: 400
> Towers: 256
> Velocity: (0.1, 0.1)

Took 1.641265869140625 to generate all
Took 0.04442000389099121 to create build distribution matrix
Took 423.881450176239 to create recover traces from aggregated data
Took 127.18476796150208 to map traces recovered traces to real ones
Overall accuracy: 0.10533333333333332
Overall error: 7.116182420576954
Overall accuracy std: 0.00016666666666666495
Overall error std: 1.9446765702904782
Took 552.954597234726 to complete evaluation


132# Evaluating trace simulator with parameters:
> Users: 400
> Towers: 400
> Velocity: (0.1, 0.1)

Took 2.171311855316162 to generate all
Took 0.053919076919555664 to create build distribution matrix
Took 371.4152910709381 to create recover traces from aggregated data
Took 210.6878879070282 to map traces recovered traces to real ones
Overall accuracy: 0.09922916666666667
Overall error: 7.220934416914394
Overall accuracy std: 0.0002916666666666734
Overall error std: 2.0638931551268715
Took 584.5230379104614 to complete evaluation


133# Evaluating trace simulator with parameters:
> Users: 400
> Towers: 576
> Velocity: (0.1, 0.1)

Took 2.290616989135742 to generate all
Took 0.09281086921691895 to create build distribution matrix
Took 490.8950181007385 to create recover traces from aggregated data
Took 193.75160670280457 to map traces recovered traces to real ones
Overall accuracy: 0.09120833333333334
Overall error: 7.132299819653943
Overall accuracy std: 0.0009583333333333333
Overall error std: 2.0673848065247897
Took 687.2132408618927 to complete evaluation


134# Evaluating trace simulator with parameters:
> Users: 400
> Towers: 784
> Velocity: (0.1, 0.1)

Took 1.99855375289917 to generate all
Took 0.07619309425354004 to create build distribution matrix
Took 365.31674790382385 to create recover traces from aggregated data
Took 210.354425907135 to map traces recovered traces to real ones
Overall accuracy: 0.08604166666666666
Overall error: 7.334051150764628
Overall accuracy std: 0.0006249999999999978
Overall error std: 2.242764402070579
Took 578.03822016716 to complete evaluation


135# Evaluating trace simulator with parameters:
> Users: 400
> Towers: 1024
> Velocity: (0.1, 0.1)

Took 2.795034170150757 to generate all
Took 0.14595794677734375 to create build distribution matrix
Took 452.76016116142273 to create recover traces from aggregated data
Took 197.59767079353333 to map traces recovered traces to real ones
Overall accuracy: 0.08060416666666666
Overall error: 7.243301551545667
Overall accuracy std: 0.0003750000000000031
Overall error std: 2.109242431514939
Took 653.67400598526 to complete evaluation


136# Evaluating trace simulator with parameters:
> Users: 576
> Towers: 16
> Velocity: (0.1, 0.1)

Took 2.108353853225708 to generate all
Took 0.046140193939208984 to create build distribution matrix
Took 614.0911612510681 to create recover traces from aggregated data
Took 268.6476137638092 to map traces recovered traces to real ones
Overall accuracy: 0.29995659722222223
Overall error: 6.596580224578291
Overall accuracy std: 0.000520833333333326
Overall error std: 1.6789976425055613
Took 885.2631001472473 to complete evaluation


137# Evaluating trace simulator with parameters:
> Users: 576
> Towers: 64
> Velocity: (0.1, 0.1)

Took 1.8270320892333984 to generate all
Took 0.0037131309509277344 to create build distribution matrix
Took 1200.3400099277496 to create recover traces from aggregated data
Took 204.47403979301453 to map traces recovered traces to real ones
Overall accuracy: 0.17298900462962963
Overall error: 7.000651158129729
Overall accuracy std: 0.0013599537037037091
Overall error std: 1.9028958607510613
Took 1406.9401099681854 to complete evaluation


138# Evaluating trace simulator with parameters:
> Users: 576
> Towers: 144
> Velocity: (0.1, 0.1)

Took 1.739886999130249 to generate all
Took 0.005702972412109375 to create build distribution matrix
Took 1272.9658069610596 to create recover traces from aggregated data
Took 242.2024691104889 to map traces recovered traces to real ones
Overall accuracy: 0.13538773148148148
Overall error: 6.925598721234279
Overall accuracy std: 5.787037037037201e-05
Overall error std: 1.9922591067118434
Took 1517.24245595932 to complete evaluation


139# Evaluating trace simulator with parameters:
> Users: 576
> Towers: 256
> Velocity: (0.1, 0.1)

Took 1.7340810298919678 to generate all
Took 0.028116941452026367 to create build distribution matrix
Took 1535.7546439170837 to create recover traces from aggregated data
Took 253.07385396957397 to map traces recovered traces to real ones
Overall accuracy: 0.10934606481481482
Overall error: 7.063099915159877
Overall accuracy std: 0.00034722222222222104
Overall error std: 2.0279890577542985
Took 1790.9999287128448 to complete evaluation


140# Evaluating trace simulator with parameters:
> Users: 576
> Towers: 400
> Velocity: (0.1, 0.1)

Took 2.2822351455688477 to generate all
Took 0.03738999366760254 to create build distribution matrix
Took 1519.3713462352753 to create recover traces from aggregated data
Took 507.4745810031891 to map traces recovered traces to real ones
Overall accuracy: 0.09489293981481481
Overall error: 7.265292332031188
Overall accuracy std: 0.00011574074074073848
Overall error std: 1.971619976668388
Took 2029.6041350364685 to complete evaluation


141# Evaluating trace simulator with parameters:
> Users: 576
> Towers: 576
> Velocity: (0.1, 0.1)

Took 2.581178903579712 to generate all
Took 0.07397699356079102 to create build distribution matrix
Took 1646.2348947525024 to create recover traces from aggregated data
Took 576.0340359210968 to map traces recovered traces to real ones
Overall accuracy: 0.0853298611111111
Overall error: 7.2751667224665
Overall accuracy std: 0.0004918981481481455
Overall error std: 2.214630844634315
Took 2225.794641971588 to complete evaluation


142# Evaluating trace simulator with parameters:
> Users: 576
> Towers: 784
> Velocity: (0.1, 0.1)

Took 4.568150043487549 to generate all
Took 0.1312570571899414 to create build distribution matrix
Took 920.7746341228485 to create recover traces from aggregated data
Took 371.1764838695526 to map traces recovered traces to real ones
Overall accuracy: 0.08119212962962961
Overall error: 7.457064806350033
Overall accuracy std: 0.00023148148148147696
Overall error std: 2.1572367094406717
Took 1297.0681149959564 to complete evaluation


143# Evaluating trace simulator with parameters:
> Users: 576
> Towers: 1024
> Velocity: (0.1, 0.1)

Took 1.698357105255127 to generate all
Took 0.06787514686584473 to create build distribution matrix
Took 672.527764081955 to create recover traces from aggregated data
Took 354.8087639808655 to map traces recovered traces to real ones
Overall accuracy: 0.08002025462962963
Overall error: 7.208584590504595
Overall accuracy std: 0.0005497685185185175
Overall error std: 2.1077792453213284
Took 1029.4346070289612 to complete evaluation


